[0.015s] Invoking command in '/home/host/ros_ws/build/braco_description': CMAKE_PREFIX_PATH=/opt/ros/humble /usr/bin/cmake /home/host/ros_ws/Braço_description -DCMAKE_INSTALL_PREFIX=/home/host/ros_ws/install/braco_description
[0.068s] -- The C compiler identification is GNU 11.4.0
[0.123s] -- The CXX compiler identification is GNU 11.4.0
[0.130s] -- Detecting C compiler ABI info
[0.198s] -- Detecting C compiler ABI info - done
[0.213s] -- Check for working C compiler: /usr/bin/cc - skipped
[0.213s] -- Detecting C compile features
[0.214s] -- Detecting C compile features - done
[0.219s] -- Detecting CXX compiler ABI info
[0.297s] -- Detecting CXX compiler ABI info - done
[0.306s] -- Check for working CXX compiler: /usr/bin/c++ - skipped
[0.306s] -- Detecting CXX compile features
[0.307s] -- Detecting CXX compile features - done
[0.311s] -- Found ament_cmake: 1.3.12 (/opt/ros/humble/share/ament_cmake/cmake)
[0.477s] -- Found Python3: /usr/bin/python3 (found version "3.10.12") found components: Interpreter 
[0.590s] -- Found urdf: 2.6.1 (/opt/ros/humble/share/urdf/cmake)
[0.664s] -- Found xacro: 2.1.1 (/opt/ros/humble/share/xacro/cmake)
[0.667s] -- Found ament_lint_auto: 0.12.14 (/opt/ros/humble/share/ament_lint_auto/cmake)
[0.770s] -- Added test 'copyright' to check source files copyright and LICENSE
[0.772s] -- Added test 'flake8' to check Python code syntax and style conventions
[0.773s] -- Added test 'lint_cmake' to check CMake code style
[0.774s] -- Added test 'pep257' to check Python code against some of the docstring style conventions in PEP 257
[0.775s] -- Added test 'xmllint' to check XML markup files
[0.777s] -- Configuring done
[0.780s] -- Generating done
[0.782s] -- Build files have been written to: /home/host/ros_ws/build/braco_description
[0.787s] Invoked command in '/home/host/ros_ws/build/braco_description' returned '0': CMAKE_PREFIX_PATH=/opt/ros/humble /usr/bin/cmake /home/host/ros_ws/Braço_description -DCMAKE_INSTALL_PREFIX=/home/host/ros_ws/install/braco_description
[0.789s] Invoking command in '/home/host/ros_ws/build/braco_description': CMAKE_PREFIX_PATH=/opt/ros/humble /usr/bin/cmake --build /home/host/ros_ws/build/braco_description -- -j8 -l8
[0.822s] Invoked command in '/home/host/ros_ws/build/braco_description' returned '0': CMAKE_PREFIX_PATH=/opt/ros/humble /usr/bin/cmake --build /home/host/ros_ws/build/braco_description -- -j8 -l8
[0.831s] Invoking command in '/home/host/ros_ws/build/braco_description': CMAKE_PREFIX_PATH=/opt/ros/humble /usr/bin/cmake --install /home/host/ros_ws/build/braco_description
[0.837s] -- Install configuration: ""
[0.838s] -- Installing: /home/host/ros_ws/install/braco_description/share/braco_description//urdf
[0.838s] -- Installing: /home/host/ros_ws/install/braco_description/share/braco_description//urdf/Braço.trans
[0.838s] -- Installing: /home/host/ros_ws/install/braco_description/share/braco_description//urdf/Braço.gazebo
[0.838s] -- Installing: /home/host/ros_ws/install/braco_description/share/braco_description//urdf/Braço.xacro
[0.838s] -- Installing: /home/host/ros_ws/install/braco_description/share/braco_description//urdf/materials.xacro
[0.838s] -- Installing: /home/host/ros_ws/install/braco_description/share/braco_description//meshes
[0.838s] -- Installing: /home/host/ros_ws/install/braco_description/share/braco_description//meshes/rot3_1.stl
[0.839s] -- Installing: /home/host/ros_ws/install/braco_description/share/braco_description//meshes/base_link.stl
[0.839s] -- Installing: /home/host/ros_ws/install/braco_description/share/braco_description//meshes/rot2_1.stl
[0.839s] -- Installing: /home/host/ros_ws/install/braco_description/share/braco_description//meshes/prism1_1.stl
[0.839s] -- Installing: /home/host/ros_ws/install/braco_description/share/braco_description//meshes/rot4_1.stl
[0.839s] -- Installing: /home/host/ros_ws/install/braco_description/share/braco_description//meshes/rot1_1.stl
[0.840s] -- Installing: /home/host/ros_ws/install/braco_description/share/braco_description//launch
[0.840s] -- Installing: /home/host/ros_ws/install/braco_description/share/braco_description//launch/gazebo.launch.py
[0.840s] -- Installing: /home/host/ros_ws/install/braco_description/share/braco_description//launch/display.launch
[0.840s] -- Installing: /home/host/ros_ws/install/braco_description/share/braco_description//launch/urdf.rviz
[0.840s] -- Installing: /home/host/ros_ws/install/braco_description/share/braco_description//launch/controller.launch
[0.841s] -- Installing: /home/host/ros_ws/install/braco_description/share/braco_description//launch/controller.yaml
[0.841s] -- Installing: /home/host/ros_ws/install/braco_description/share/braco_description//launch/gazebo.launch
[0.841s] -- Installing: /home/host/ros_ws/install/braco_description/share/braco_description//launch/display.launch.py
[0.841s] -- Up-to-date: /home/host/ros_ws/install/braco_description/share/braco_description/launch/controller.yaml
[0.841s] -- Up-to-date: /home/host/ros_ws/install/braco_description/share/braco_description/launch/urdf.rviz
[0.841s] -- Installing: /home/host/ros_ws/install/braco_description/share/ament_index/resource_index/package_run_dependencies/braco_description
[0.842s] -- Installing: /home/host/ros_ws/install/braco_description/share/ament_index/resource_index/parent_prefix_path/braco_description
[0.842s] -- Installing: /home/host/ros_ws/install/braco_description/share/braco_description/environment/ament_prefix_path.sh
[0.842s] -- Installing: /home/host/ros_ws/install/braco_description/share/braco_description/environment/ament_prefix_path.dsv
[0.842s] -- Installing: /home/host/ros_ws/install/braco_description/share/braco_description/environment/path.sh
[0.842s] -- Installing: /home/host/ros_ws/install/braco_description/share/braco_description/environment/path.dsv
[0.842s] -- Installing: /home/host/ros_ws/install/braco_description/share/braco_description/local_setup.bash
[0.843s] -- Installing: /home/host/ros_ws/install/braco_description/share/braco_description/local_setup.sh
[0.843s] -- Installing: /home/host/ros_ws/install/braco_description/share/braco_description/local_setup.zsh
[0.843s] -- Installing: /home/host/ros_ws/install/braco_description/share/braco_description/local_setup.dsv
[0.843s] -- Installing: /home/host/ros_ws/install/braco_description/share/braco_description/package.dsv
[0.843s] -- Installing: /home/host/ros_ws/install/braco_description/share/ament_index/resource_index/packages/braco_description
[0.843s] -- Installing: /home/host/ros_ws/install/braco_description/share/braco_description/cmake/braco_descriptionConfig.cmake
[0.843s] -- Installing: /home/host/ros_ws/install/braco_description/share/braco_description/cmake/braco_descriptionConfig-version.cmake
[0.843s] -- Installing: /home/host/ros_ws/install/braco_description/share/braco_description/package.xml
[0.845s] Invoked command in '/home/host/ros_ws/build/braco_description' returned '0': CMAKE_PREFIX_PATH=/opt/ros/humble /usr/bin/cmake --install /home/host/ros_ws/build/braco_description
