[0.022s] Invoking command in '/home/host/ros_ws/build/braco_description': CMAKE_PREFIX_PATH=/opt/ros/humble:${CMAKE_PREFIX_PATH} /usr/bin/cmake /home/host/ros_ws/Braço_description -DCMAKE_INSTALL_PREFIX=/home/host/ros_ws/install/braco_description
[0.071s] -- The C compiler identification is GNU 11.4.0
[0.128s] -- The CXX compiler identification is GNU 11.4.0
[0.135s] -- Detecting C compiler ABI info
[0.195s] -- Detecting C compiler ABI info - done
[0.205s] -- Check for working C compiler: /usr/bin/cc - skipped
[0.206s] -- Detecting C compile features
[0.206s] -- Detecting C compile features - done
[0.211s] -- Detecting CXX compiler ABI info
[0.284s] -- Detecting CXX compiler ABI info - done
[0.291s] -- Check for working CXX compiler: /usr/bin/c++ - skipped
[0.292s] -- Detecting CXX compile features
[0.292s] -- Detecting CXX compile features - done
[0.296s] -- Found ament_cmake: 1.3.12 (/opt/ros/humble/share/ament_cmake/cmake)
[0.475s] -- Found Python3: /usr/bin/python3 (found version "3.10.12") found components: Interpreter 
[0.582s] -- Found urdf: 2.6.1 (/opt/ros/humble/share/urdf/cmake)
[0.654s] -- Found xacro: 2.1.1 (/opt/ros/humble/share/xacro/cmake)
[0.657s] -- Found ament_lint_auto: 0.12.14 (/opt/ros/humble/share/ament_lint_auto/cmake)
[0.751s] -- Added test 'copyright' to check source files copyright and LICENSE
[0.755s] -- Added test 'flake8' to check Python code syntax and style conventions
[0.756s] -- Added test 'lint_cmake' to check CMake code style
[0.757s] -- Added test 'pep257' to check Python code against some of the docstring style conventions in PEP 257
[0.759s] -- Added test 'xmllint' to check XML markup files
[0.760s] -- Configuring done
[0.766s] -- Generating done
[0.769s] -- Build files have been written to: /home/host/ros_ws/build/braco_description
[0.775s] Invoked command in '/home/host/ros_ws/build/braco_description' returned '0': CMAKE_PREFIX_PATH=/opt/ros/humble:${CMAKE_PREFIX_PATH} /usr/bin/cmake /home/host/ros_ws/Braço_description -DCMAKE_INSTALL_PREFIX=/home/host/ros_ws/install/braco_description
[0.777s] Invoking command in '/home/host/ros_ws/build/braco_description': CMAKE_PREFIX_PATH=/opt/ros/humble:${CMAKE_PREFIX_PATH} /usr/bin/cmake --build /home/host/ros_ws/build/braco_description -- -j8 -l8
[0.808s] Invoked command in '/home/host/ros_ws/build/braco_description' returned '0': CMAKE_PREFIX_PATH=/opt/ros/humble:${CMAKE_PREFIX_PATH} /usr/bin/cmake --build /home/host/ros_ws/build/braco_description -- -j8 -l8
[0.819s] Invoking command in '/home/host/ros_ws/build/braco_description': CMAKE_PREFIX_PATH=/opt/ros/humble:${CMAKE_PREFIX_PATH} /usr/bin/cmake --install /home/host/ros_ws/build/braco_description
[0.827s] -- Install configuration: ""
[0.827s] -- Installing: /home/host/ros_ws/install/braco_description/share/braco_description//urdf
[0.827s] -- Installing: /home/host/ros_ws/install/braco_description/share/braco_description//urdf/braco.xacro
[0.828s] -- Installing: /home/host/ros_ws/install/braco_description/share/braco_description//urdf/braco.gazebo
[0.828s] -- Installing: /home/host/ros_ws/install/braco_description/share/braco_description//urdf/braco.trans
[0.828s] -- Installing: /home/host/ros_ws/install/braco_description/share/braco_description//urdf/materials.xacro
[0.828s] -- Installing: /home/host/ros_ws/install/braco_description/share/braco_description//meshes
[0.829s] -- Installing: /home/host/ros_ws/install/braco_description/share/braco_description//meshes/rot3_1.stl
[0.829s] -- Installing: /home/host/ros_ws/install/braco_description/share/braco_description//meshes/base_link.stl
[0.829s] -- Installing: /home/host/ros_ws/install/braco_description/share/braco_description//meshes/rot2_1.stl
[0.829s] -- Installing: /home/host/ros_ws/install/braco_description/share/braco_description//meshes/prism1_1.stl
[0.829s] -- Installing: /home/host/ros_ws/install/braco_description/share/braco_description//meshes/rot4_1.stl
[0.830s] -- Installing: /home/host/ros_ws/install/braco_description/share/braco_description//meshes/rot1_1.stl
[0.830s] -- Installing: /home/host/ros_ws/install/braco_description/share/braco_description//launch
[0.830s] -- Installing: /home/host/ros_ws/install/braco_description/share/braco_description//launch/gazebo.launch.py
[0.830s] -- Installing: /home/host/ros_ws/install/braco_description/share/braco_description//launch/display.launch
[0.830s] -- Installing: /home/host/ros_ws/install/braco_description/share/braco_description//launch/urdf.rviz
[0.831s] -- Installing: /home/host/ros_ws/install/braco_description/share/braco_description//launch/controller.launch
[0.831s] -- Installing: /home/host/ros_ws/install/braco_description/share/braco_description//launch/controller.yaml
[0.831s] -- Installing: /home/host/ros_ws/install/braco_description/share/braco_description//launch/gazebo.launch
[0.831s] -- Installing: /home/host/ros_ws/install/braco_description/share/braco_description//launch/display.launch.py
[0.831s] -- Up-to-date: /home/host/ros_ws/install/braco_description/share/braco_description/launch/controller.yaml
[0.831s] -- Up-to-date: /home/host/ros_ws/install/braco_description/share/braco_description/launch/urdf.rviz
[0.831s] -- Installing: /home/host/ros_ws/install/braco_description/share/ament_index/resource_index/package_run_dependencies/braco_description
[0.831s] -- Installing: /home/host/ros_ws/install/braco_description/share/ament_index/resource_index/parent_prefix_path/braco_description
[0.832s] -- Installing: /home/host/ros_ws/install/braco_description/share/braco_description/environment/ament_prefix_path.sh
[0.832s] -- Installing: /home/host/ros_ws/install/braco_description/share/braco_description/environment/ament_prefix_path.dsv
[0.832s] -- Installing: /home/host/ros_ws/install/braco_description/share/braco_description/environment/path.sh
[0.832s] -- Installing: /home/host/ros_ws/install/braco_description/share/braco_description/environment/path.dsv
[0.832s] -- Installing: /home/host/ros_ws/install/braco_description/share/braco_description/local_setup.bash
[0.832s] -- Installing: /home/host/ros_ws/install/braco_description/share/braco_description/local_setup.sh
[0.833s] -- Installing: /home/host/ros_ws/install/braco_description/share/braco_description/local_setup.zsh
[0.833s] -- Installing: /home/host/ros_ws/install/braco_description/share/braco_description/local_setup.dsv
[0.833s] -- Installing: /home/host/ros_ws/install/braco_description/share/braco_description/package.dsv
[0.833s] -- Installing: /home/host/ros_ws/install/braco_description/share/ament_index/resource_index/packages/braco_description
[0.833s] -- Installing: /home/host/ros_ws/install/braco_description/share/braco_description/cmake/braco_descriptionConfig.cmake
[0.835s] -- Installing: /home/host/ros_ws/install/braco_description/share/braco_description/cmake/braco_descriptionConfig-version.cmake
[0.835s] -- Installing: /home/host/ros_ws/install/braco_description/share/braco_description/package.xml
[0.836s] Invoked command in '/home/host/ros_ws/build/braco_description' returned '0': CMAKE_PREFIX_PATH=/opt/ros/humble:${CMAKE_PREFIX_PATH} /usr/bin/cmake --install /home/host/ros_ws/build/braco_description
