[0.000000] (-) TimerEvent: {}
[0.000170] (-) JobUnselected: {'identifier': 'manipulator_disturbance_control'}
[0.000259] (-) JobUnselected: {'identifier': 'manipulator_gazebo'}
[0.000296] (-) JobUnselected: {'identifier': 'manipulator_msgs'}
[0.000379] (braco_description) JobQueued: {'identifier': 'braco_description', 'dependencies': OrderedDict()}
[0.000437] (braco_description) JobStarted: {'identifier': 'braco_description'}
[0.020043] (braco_description) JobProgress: {'identifier': 'braco_description', 'progress': 'cmake'}
[0.020447] (braco_description) Command: {'cmd': ['/usr/bin/cmake', '/home/host/ros_ws/Braço_description', '-DCMAKE_INSTALL_PREFIX=/home/host/ros_ws/install/braco_description'], 'cwd': '/home/host/ros_ws/build/braco_description', 'env': OrderedDict([('HOSTNAME', 'marcotayar-Nitro-AN515-55'), ('SHLVL', '1'), ('LD_LIBRARY_PATH', '/home/host/ros_ws/install/manipulator_msgs/lib:/usr/lib/x86_64-linux-gnu/gazebo-11/plugins:/opt/ros/humble/opt/rviz_ogre_vendor/lib:/opt/ros/humble/lib/x86_64-linux-gnu:/opt/ros/humble/lib'), ('HOME', '/home/host'), ('OLDPWD', '/home/host/ros_ws'), ('ROS_PYTHON_VERSION', '3'), ('COLCON_PREFIX_PATH', '/home/host/ros_ws/install'), ('ROS_DISTRO', 'humble'), ('_', '/usr/bin/colcon'), ('ROS_VERSION', '2'), ('TERM', 'xterm'), ('ROS_LOCALHOST_ONLY', '0'), ('PATH', '/opt/ros/humble/bin:/usr/local/sbin:/usr/local/bin:/usr/sbin:/usr/bin:/sbin:/bin'), ('DISPLAY', ':1'), ('LANG', 'C.UTF-8'), ('AMENT_PREFIX_PATH', '/home/host/ros_ws/install/manipulator_disturbance_control:/home/host/ros_ws/install/manipulator_msgs:/home/host/ros_ws/install/manipulator_gazebo:/home/host/ros_ws/install/braco_description:/opt/ros/humble'), ('PWD', '/home/host/ros_ws/build/braco_description'), ('LC_ALL', 'C.UTF-8'), ('PYTHONPATH', '/home/host/ros_ws/install/manipulator_msgs/local/lib/python3.10/dist-packages:/opt/ros/humble/lib/python3.10/site-packages:/opt/ros/humble/local/lib/python3.10/dist-packages'), ('TZ', 'America/Sao_Paulo'), ('COLCON', '1'), ('CMAKE_PREFIX_PATH', '/opt/ros/humble:/home/host/ros_ws/install/manipulator_disturbance_control:/home/host/ros_ws/install/manipulator_msgs:/home/host/ros_ws/install/manipulator_gazebo:/home/host/ros_ws/install/braco_description')]), 'shell': False}
[0.073292] (braco_description) StdoutLine: {'line': b'-- The C compiler identification is GNU 11.4.0\n'}
[0.099095] (-) TimerEvent: {}
[0.129446] (braco_description) StdoutLine: {'line': b'-- The CXX compiler identification is GNU 11.4.0\n'}
[0.136732] (braco_description) StdoutLine: {'line': b'-- Detecting C compiler ABI info\n'}
[0.193939] (braco_description) StdoutLine: {'line': b'-- Detecting C compiler ABI info - done\n'}
[0.199160] (-) TimerEvent: {}
[0.202032] (braco_description) StdoutLine: {'line': b'-- Check for working C compiler: /usr/bin/cc - skipped\n'}
[0.202290] (braco_description) StdoutLine: {'line': b'-- Detecting C compile features\n'}
[0.202763] (braco_description) StdoutLine: {'line': b'-- Detecting C compile features - done\n'}
[0.206091] (braco_description) StdoutLine: {'line': b'-- Detecting CXX compiler ABI info\n'}
[0.279455] (braco_description) StdoutLine: {'line': b'-- Detecting CXX compiler ABI info - done\n'}
[0.288303] (braco_description) StdoutLine: {'line': b'-- Check for working CXX compiler: /usr/bin/c++ - skipped\n'}
[0.288560] (braco_description) StdoutLine: {'line': b'-- Detecting CXX compile features\n'}
[0.289331] (braco_description) StdoutLine: {'line': b'-- Detecting CXX compile features - done\n'}
[0.293496] (braco_description) StdoutLine: {'line': b'-- Found ament_cmake: 1.3.12 (/opt/ros/humble/share/ament_cmake/cmake)\n'}
[0.299260] (-) TimerEvent: {}
[0.399524] (-) TimerEvent: {}
[0.451634] (braco_description) StdoutLine: {'line': b'-- Found Python3: /usr/bin/python3 (found version "3.10.12") found components: Interpreter \n'}
[0.499564] (-) TimerEvent: {}
[0.571206] (braco_description) StdoutLine: {'line': b'-- Found urdf: 2.6.1 (/opt/ros/humble/share/urdf/cmake)\n'}
[0.599722] (-) TimerEvent: {}
[0.648306] (braco_description) StdoutLine: {'line': b'-- Found xacro: 2.1.1 (/opt/ros/humble/share/xacro/cmake)\n'}
[0.652428] (braco_description) StdoutLine: {'line': b'-- Found ament_lint_auto: 0.12.14 (/opt/ros/humble/share/ament_lint_auto/cmake)\n'}
[0.699795] (-) TimerEvent: {}
[0.744350] (braco_description) StdoutLine: {'line': b"-- Added test 'copyright' to check source files copyright and LICENSE\n"}
[0.747178] (braco_description) StdoutLine: {'line': b"-- Added test 'flake8' to check Python code syntax and style conventions\n"}
[0.747916] (braco_description) StdoutLine: {'line': b"-- Added test 'lint_cmake' to check CMake code style\n"}
[0.748594] (braco_description) StdoutLine: {'line': b"-- Added test 'pep257' to check Python code against some of the docstring style conventions in PEP 257\n"}
[0.750163] (braco_description) StdoutLine: {'line': b"-- Added test 'xmllint' to check XML markup files\n"}
[0.751325] (braco_description) StdoutLine: {'line': b'-- Configuring done\n'}
[0.754264] (braco_description) StdoutLine: {'line': b'-- Generating done\n'}
[0.756132] (braco_description) StdoutLine: {'line': b'-- Build files have been written to: /home/host/ros_ws/build/braco_description\n'}
[0.761170] (braco_description) CommandEnded: {'returncode': 0}
[0.761803] (braco_description) JobProgress: {'identifier': 'braco_description', 'progress': 'build'}
[0.762890] (braco_description) Command: {'cmd': ['/usr/bin/cmake', '--build', '/home/host/ros_ws/build/braco_description', '--', '-j8', '-l8'], 'cwd': '/home/host/ros_ws/build/braco_description', 'env': OrderedDict([('HOSTNAME', 'marcotayar-Nitro-AN515-55'), ('SHLVL', '1'), ('LD_LIBRARY_PATH', '/home/host/ros_ws/install/manipulator_msgs/lib:/usr/lib/x86_64-linux-gnu/gazebo-11/plugins:/opt/ros/humble/opt/rviz_ogre_vendor/lib:/opt/ros/humble/lib/x86_64-linux-gnu:/opt/ros/humble/lib'), ('HOME', '/home/host'), ('OLDPWD', '/home/host/ros_ws'), ('ROS_PYTHON_VERSION', '3'), ('COLCON_PREFIX_PATH', '/home/host/ros_ws/install'), ('ROS_DISTRO', 'humble'), ('_', '/usr/bin/colcon'), ('ROS_VERSION', '2'), ('TERM', 'xterm'), ('ROS_LOCALHOST_ONLY', '0'), ('PATH', '/opt/ros/humble/bin:/usr/local/sbin:/usr/local/bin:/usr/sbin:/usr/bin:/sbin:/bin'), ('DISPLAY', ':1'), ('LANG', 'C.UTF-8'), ('AMENT_PREFIX_PATH', '/home/host/ros_ws/install/manipulator_disturbance_control:/home/host/ros_ws/install/manipulator_msgs:/home/host/ros_ws/install/manipulator_gazebo:/home/host/ros_ws/install/braco_description:/opt/ros/humble'), ('PWD', '/home/host/ros_ws/build/braco_description'), ('LC_ALL', 'C.UTF-8'), ('PYTHONPATH', '/home/host/ros_ws/install/manipulator_msgs/local/lib/python3.10/dist-packages:/opt/ros/humble/lib/python3.10/site-packages:/opt/ros/humble/local/lib/python3.10/dist-packages'), ('TZ', 'America/Sao_Paulo'), ('COLCON', '1'), ('CMAKE_PREFIX_PATH', '/opt/ros/humble:/home/host/ros_ws/install/manipulator_disturbance_control:/home/host/ros_ws/install/manipulator_msgs:/home/host/ros_ws/install/manipulator_gazebo:/home/host/ros_ws/install/braco_description')]), 'shell': False}
[0.796609] (braco_description) CommandEnded: {'returncode': 0}
[0.797111] (braco_description) JobProgress: {'identifier': 'braco_description', 'progress': 'install'}
[0.799856] (-) TimerEvent: {}
[0.804282] (braco_description) Command: {'cmd': ['/usr/bin/cmake', '--install', '/home/host/ros_ws/build/braco_description'], 'cwd': '/home/host/ros_ws/build/braco_description', 'env': OrderedDict([('HOSTNAME', 'marcotayar-Nitro-AN515-55'), ('SHLVL', '1'), ('LD_LIBRARY_PATH', '/home/host/ros_ws/install/manipulator_msgs/lib:/usr/lib/x86_64-linux-gnu/gazebo-11/plugins:/opt/ros/humble/opt/rviz_ogre_vendor/lib:/opt/ros/humble/lib/x86_64-linux-gnu:/opt/ros/humble/lib'), ('HOME', '/home/host'), ('OLDPWD', '/home/host/ros_ws'), ('ROS_PYTHON_VERSION', '3'), ('COLCON_PREFIX_PATH', '/home/host/ros_ws/install'), ('ROS_DISTRO', 'humble'), ('_', '/usr/bin/colcon'), ('ROS_VERSION', '2'), ('TERM', 'xterm'), ('ROS_LOCALHOST_ONLY', '0'), ('PATH', '/opt/ros/humble/bin:/usr/local/sbin:/usr/local/bin:/usr/sbin:/usr/bin:/sbin:/bin'), ('DISPLAY', ':1'), ('LANG', 'C.UTF-8'), ('AMENT_PREFIX_PATH', '/home/host/ros_ws/install/manipulator_disturbance_control:/home/host/ros_ws/install/manipulator_msgs:/home/host/ros_ws/install/manipulator_gazebo:/home/host/ros_ws/install/braco_description:/opt/ros/humble'), ('PWD', '/home/host/ros_ws/build/braco_description'), ('LC_ALL', 'C.UTF-8'), ('PYTHONPATH', '/home/host/ros_ws/install/manipulator_msgs/local/lib/python3.10/dist-packages:/opt/ros/humble/lib/python3.10/site-packages:/opt/ros/humble/local/lib/python3.10/dist-packages'), ('TZ', 'America/Sao_Paulo'), ('COLCON', '1'), ('CMAKE_PREFIX_PATH', '/opt/ros/humble:/home/host/ros_ws/install/manipulator_disturbance_control:/home/host/ros_ws/install/manipulator_msgs:/home/host/ros_ws/install/manipulator_gazebo:/home/host/ros_ws/install/braco_description')]), 'shell': False}
[0.811741] (braco_description) StdoutLine: {'line': b'-- Install configuration: ""\n'}
[0.811936] (braco_description) StdoutLine: {'line': b'-- Installing: /home/host/ros_ws/install/braco_description/share/braco_description//urdf\n'}
[0.812041] (braco_description) StdoutLine: {'line': b'-- Installing: /home/host/ros_ws/install/braco_description/share/braco_description//urdf/braco.xacro\n'}
[0.812135] (braco_description) StdoutLine: {'line': b'-- Installing: /home/host/ros_ws/install/braco_description/share/braco_description//urdf/braco.gazebo\n'}
[0.812226] (braco_description) StdoutLine: {'line': b'-- Installing: /home/host/ros_ws/install/braco_description/share/braco_description//urdf/braco.trans\n'}
[0.812319] (braco_description) StdoutLine: {'line': b'-- Installing: /home/host/ros_ws/install/braco_description/share/braco_description//urdf/materials.xacro\n'}
[0.812417] (braco_description) StdoutLine: {'line': b'-- Installing: /home/host/ros_ws/install/braco_description/share/braco_description//meshes\n'}
[0.812500] (braco_description) StdoutLine: {'line': b'-- Installing: /home/host/ros_ws/install/braco_description/share/braco_description//meshes/rot3_1.stl\n'}
[0.812782] (braco_description) StdoutLine: {'line': b'-- Installing: /home/host/ros_ws/install/braco_description/share/braco_description//meshes/base_link.stl\n'}
[0.812970] (braco_description) StdoutLine: {'line': b'-- Installing: /home/host/ros_ws/install/braco_description/share/braco_description//meshes/rot2_1.stl\n'}
[0.813294] (braco_description) StdoutLine: {'line': b'-- Installing: /home/host/ros_ws/install/braco_description/share/braco_description//meshes/prism1_1.stl\n'}
[0.813572] (braco_description) StdoutLine: {'line': b'-- Installing: /home/host/ros_ws/install/braco_description/share/braco_description//meshes/rot4_1.stl\n'}
[0.813867] (braco_description) StdoutLine: {'line': b'-- Installing: /home/host/ros_ws/install/braco_description/share/braco_description//meshes/rot1_1.stl\n'}
[0.814181] (braco_description) StdoutLine: {'line': b'-- Installing: /home/host/ros_ws/install/braco_description/share/braco_description//launch\n'}
[0.814284] (braco_description) StdoutLine: {'line': b'-- Installing: /home/host/ros_ws/install/braco_description/share/braco_description//launch/gazebo.launch.py\n'}
[0.814380] (braco_description) StdoutLine: {'line': b'-- Installing: /home/host/ros_ws/install/braco_description/share/braco_description//launch/display.launch\n'}
[0.814474] (braco_description) StdoutLine: {'line': b'-- Installing: /home/host/ros_ws/install/braco_description/share/braco_description//launch/urdf.rviz\n'}
[0.814561] (braco_description) StdoutLine: {'line': b'-- Installing: /home/host/ros_ws/install/braco_description/share/braco_description//launch/controller.launch\n'}
[0.814656] (braco_description) StdoutLine: {'line': b'-- Installing: /home/host/ros_ws/install/braco_description/share/braco_description//launch/controller.yaml\n'}
[0.814744] (braco_description) StdoutLine: {'line': b'-- Installing: /home/host/ros_ws/install/braco_description/share/braco_description//launch/gazebo.launch\n'}
[0.814827] (braco_description) StdoutLine: {'line': b'-- Installing: /home/host/ros_ws/install/braco_description/share/braco_description//launch/display.launch.py\n'}
[0.814947] (braco_description) StdoutLine: {'line': b'-- Up-to-date: /home/host/ros_ws/install/braco_description/share/braco_description/launch/controller.yaml\n'}
[0.815029] (braco_description) StdoutLine: {'line': b'-- Up-to-date: /home/host/ros_ws/install/braco_description/share/braco_description/launch/urdf.rviz\n'}
[0.815117] (braco_description) StdoutLine: {'line': b'-- Installing: /home/host/ros_ws/install/braco_description/share/ament_index/resource_index/package_run_dependencies/braco_description\n'}
[0.815253] (braco_description) StdoutLine: {'line': b'-- Installing: /home/host/ros_ws/install/braco_description/share/ament_index/resource_index/parent_prefix_path/braco_description\n'}
[0.815419] (braco_description) StdoutLine: {'line': b'-- Installing: /home/host/ros_ws/install/braco_description/share/braco_description/environment/ament_prefix_path.sh\n'}
[0.815554] (braco_description) StdoutLine: {'line': b'-- Installing: /home/host/ros_ws/install/braco_description/share/braco_description/environment/ament_prefix_path.dsv\n'}
[0.815690] (braco_description) StdoutLine: {'line': b'-- Installing: /home/host/ros_ws/install/braco_description/share/braco_description/environment/path.sh\n'}
[0.815822] (braco_description) StdoutLine: {'line': b'-- Installing: /home/host/ros_ws/install/braco_description/share/braco_description/environment/path.dsv\n'}
[0.815947] (braco_description) StdoutLine: {'line': b'-- Installing: /home/host/ros_ws/install/braco_description/share/braco_description/local_setup.bash\n'}
[0.816071] (braco_description) StdoutLine: {'line': b'-- Installing: /home/host/ros_ws/install/braco_description/share/braco_description/local_setup.sh\n'}
[0.816198] (braco_description) StdoutLine: {'line': b'-- Installing: /home/host/ros_ws/install/braco_description/share/braco_description/local_setup.zsh\n'}
[0.816321] (braco_description) StdoutLine: {'line': b'-- Installing: /home/host/ros_ws/install/braco_description/share/braco_description/local_setup.dsv\n'}
[0.816444] (braco_description) StdoutLine: {'line': b'-- Installing: /home/host/ros_ws/install/braco_description/share/braco_description/package.dsv\n'}
[0.816602] (braco_description) StdoutLine: {'line': b'-- Installing: /home/host/ros_ws/install/braco_description/share/ament_index/resource_index/packages/braco_description\n'}
[0.816755] (braco_description) StdoutLine: {'line': b'-- Installing: /home/host/ros_ws/install/braco_description/share/braco_description/cmake/braco_descriptionConfig.cmake\n'}
[0.816859] (braco_description) StdoutLine: {'line': b'-- Installing: /home/host/ros_ws/install/braco_description/share/braco_description/cmake/braco_descriptionConfig-version.cmake\n'}
[0.816980] (braco_description) StdoutLine: {'line': b'-- Installing: /home/host/ros_ws/install/braco_description/share/braco_description/package.xml\n'}
[0.819114] (braco_description) CommandEnded: {'returncode': 0}
[0.843419] (braco_description) JobEnded: {'identifier': 'braco_description', 'rc': 0}
[0.844124] (-) EventReactorShutdown: {}
