[0.004s] Invoking command in '/home/host/onda/ros_ws/build/manipulator_disturbance_control': AMENT_PREFIX_PATH=/home/host/onda/ros_ws/install/manipulator_msgs CMAKE_PREFIX_PATH=/home/host/onda/ros_ws/install/manipulator_msgs LD_LIBRARY_PATH=/home/host/onda/ros_ws/install/manipulator_msgs/lib PYTHONPATH=/home/host/onda/ros_ws/install/manipulator_msgs/local/lib/python3.10/dist-packages /usr/bin/cmake --build /home/host/onda/ros_ws/build/manipulator_disturbance_control -- -j20 -l20
[0.033s] [35m[1mConsolidate compiler generated dependencies of target test_disturbance_client[0m
[0.033s] [35m[1mConsolidate compiler generated dependencies of target disturbance_applier_node[0m
[0.049s] [ 75%] Built target disturbance_applier_node
[0.049s] [100%] Built target test_disturbance_client
[0.058s] Invoked command in '/home/host/onda/ros_ws/build/manipulator_disturbance_control' returned '0': AMENT_PREFIX_PATH=/home/host/onda/ros_ws/install/manipulator_msgs CMAKE_PREFIX_PATH=/home/host/onda/ros_ws/install/manipulator_msgs LD_LIBRARY_PATH=/home/host/onda/ros_ws/install/manipulator_msgs/lib PYTHONPATH=/home/host/onda/ros_ws/install/manipulator_msgs/local/lib/python3.10/dist-packages /usr/bin/cmake --build /home/host/onda/ros_ws/build/manipulator_disturbance_control -- -j20 -l20
[0.060s] Invoking command in '/home/host/onda/ros_ws/build/manipulator_disturbance_control': AMENT_PREFIX_PATH=/home/host/onda/ros_ws/install/manipulator_msgs CMAKE_PREFIX_PATH=/home/host/onda/ros_ws/install/manipulator_msgs LD_LIBRARY_PATH=/home/host/onda/ros_ws/install/manipulator_msgs/lib PYTHONPATH=/home/host/onda/ros_ws/install/manipulator_msgs/local/lib/python3.10/dist-packages /usr/bin/cmake --install /home/host/onda/ros_ws/build/manipulator_disturbance_control
[0.066s] -- Install configuration: ""
[0.066s] -- Execute custom install script
[0.067s] -- Up-to-date symlink: /home/host/onda/ros_ws/install/manipulator_disturbance_control/lib/manipulator_disturbance_control/disturbance_applier_node
[0.067s] -- Up-to-date symlink: /home/host/onda/ros_ws/install/manipulator_disturbance_control/lib/manipulator_disturbance_control/test_disturbance_client
[0.067s] -- Up-to-date symlink: /home/host/onda/ros_ws/install/manipulator_disturbance_control/lib/manipulator_disturbance_control/test_disturbance_client.py
[0.067s] -- Up-to-date symlink: /home/host/onda/ros_ws/install/manipulator_disturbance_control/share/manipulator_disturbance_control/launch/disturbance_control.launch
[0.068s] -- Up-to-date symlink: /home/host/onda/ros_ws/install/manipulator_disturbance_control/share/manipulator_disturbance_control/launch/trajectory_control.launch
[0.068s] -- Up-to-date symlink: /home/host/onda/ros_ws/install/manipulator_disturbance_control/share/manipulator_disturbance_control/launch/trajectory_demo.launch
[0.068s] -- Up-to-date symlink: /home/host/onda/ros_ws/install/manipulator_disturbance_control/share/manipulator_disturbance_control/launch/trajectory_disturbance_test.launch
[0.068s] -- Up-to-date symlink: /home/host/onda/ros_ws/install/manipulator_disturbance_control/share/ament_index/resource_index/package_run_dependencies/manipulator_disturbance_control
[0.068s] -- Up-to-date symlink: /home/host/onda/ros_ws/install/manipulator_disturbance_control/share/ament_index/resource_index/parent_prefix_path/manipulator_disturbance_control
[0.068s] -- Up-to-date symlink: /home/host/onda/ros_ws/install/manipulator_disturbance_control/share/manipulator_disturbance_control/environment/ament_prefix_path.sh
[0.069s] -- Up-to-date symlink: /home/host/onda/ros_ws/install/manipulator_disturbance_control/share/manipulator_disturbance_control/environment/ament_prefix_path.dsv
[0.069s] -- Up-to-date symlink: /home/host/onda/ros_ws/install/manipulator_disturbance_control/share/manipulator_disturbance_control/environment/path.sh
[0.069s] -- Up-to-date symlink: /home/host/onda/ros_ws/install/manipulator_disturbance_control/share/manipulator_disturbance_control/environment/path.dsv
[0.069s] -- Up-to-date symlink: /home/host/onda/ros_ws/install/manipulator_disturbance_control/share/manipulator_disturbance_control/local_setup.bash
[0.069s] -- Up-to-date symlink: /home/host/onda/ros_ws/install/manipulator_disturbance_control/share/manipulator_disturbance_control/local_setup.sh
[0.070s] -- Up-to-date symlink: /home/host/onda/ros_ws/install/manipulator_disturbance_control/share/manipulator_disturbance_control/local_setup.zsh
[0.070s] -- Up-to-date symlink: /home/host/onda/ros_ws/install/manipulator_disturbance_control/share/manipulator_disturbance_control/local_setup.dsv
[0.070s] -- Symlinking: /home/host/onda/ros_ws/install/manipulator_disturbance_control/share/manipulator_disturbance_control/package.dsv
[0.076s] -- Up-to-date symlink: /home/host/onda/ros_ws/install/manipulator_disturbance_control/share/ament_index/resource_index/packages/manipulator_disturbance_control
[0.076s] -- Up-to-date symlink: /home/host/onda/ros_ws/install/manipulator_disturbance_control/share/manipulator_disturbance_control/cmake/manipulator_disturbance_controlConfig.cmake
[0.076s] -- Up-to-date symlink: /home/host/onda/ros_ws/install/manipulator_disturbance_control/share/manipulator_disturbance_control/cmake/manipulator_disturbance_controlConfig-version.cmake
[0.076s] -- Up-to-date symlink: /home/host/onda/ros_ws/install/manipulator_disturbance_control/share/manipulator_disturbance_control/package.xml
[0.078s] Invoked command in '/home/host/onda/ros_ws/build/manipulator_disturbance_control' returned '0': AMENT_PREFIX_PATH=/home/host/onda/ros_ws/install/manipulator_msgs CMAKE_PREFIX_PATH=/home/host/onda/ros_ws/install/manipulator_msgs LD_LIBRARY_PATH=/home/host/onda/ros_ws/install/manipulator_msgs/lib PYTHONPATH=/home/host/onda/ros_ws/install/manipulator_msgs/local/lib/python3.10/dist-packages /usr/bin/cmake --install /home/host/onda/ros_ws/build/manipulator_disturbance_control
