[0.021s] Invoking command in '/home/host/ros_ws/build/braco_description': CMAKE_PREFIX_PATH=/opt/ros/humble:${CMAKE_PREFIX_PATH} /usr/bin/cmake /home/host/ros_ws/Braço_description -DCMAKE_INSTALL_PREFIX=/home/host/ros_ws/install/braco_description
[0.073s] -- The C compiler identification is GNU 11.4.0
[0.129s] -- The CXX compiler identification is GNU 11.4.0
[0.136s] -- Detecting C compiler ABI info
[0.194s] -- Detecting C compiler ABI info - done
[0.202s] -- Check for working C compiler: /usr/bin/cc - skipped
[0.202s] -- Detecting C compile features
[0.202s] -- Detecting C compile features - done
[0.206s] -- Detecting CXX compiler ABI info
[0.279s] -- Detecting CXX compiler ABI info - done
[0.288s] -- Check for working CXX compiler: /usr/bin/c++ - skipped
[0.288s] -- Detecting CXX compile features
[0.289s] -- Detecting CXX compile features - done
[0.293s] -- Found ament_cmake: 1.3.12 (/opt/ros/humble/share/ament_cmake/cmake)
[0.451s] -- Found Python3: /usr/bin/python3 (found version "3.10.12") found components: Interpreter 
[0.571s] -- Found urdf: 2.6.1 (/opt/ros/humble/share/urdf/cmake)
[0.648s] -- Found xacro: 2.1.1 (/opt/ros/humble/share/xacro/cmake)
[0.652s] -- Found ament_lint_auto: 0.12.14 (/opt/ros/humble/share/ament_lint_auto/cmake)
[0.744s] -- Added test 'copyright' to check source files copyright and LICENSE
[0.747s] -- Added test 'flake8' to check Python code syntax and style conventions
[0.748s] -- Added test 'lint_cmake' to check CMake code style
[0.748s] -- Added test 'pep257' to check Python code against some of the docstring style conventions in PEP 257
[0.750s] -- Added test 'xmllint' to check XML markup files
[0.751s] -- Configuring done
[0.754s] -- Generating done
[0.756s] -- Build files have been written to: /home/host/ros_ws/build/braco_description
[0.761s] Invoked command in '/home/host/ros_ws/build/braco_description' returned '0': CMAKE_PREFIX_PATH=/opt/ros/humble:${CMAKE_PREFIX_PATH} /usr/bin/cmake /home/host/ros_ws/Braço_description -DCMAKE_INSTALL_PREFIX=/home/host/ros_ws/install/braco_description
[0.763s] Invoking command in '/home/host/ros_ws/build/braco_description': CMAKE_PREFIX_PATH=/opt/ros/humble:${CMAKE_PREFIX_PATH} /usr/bin/cmake --build /home/host/ros_ws/build/braco_description -- -j8 -l8
[0.796s] Invoked command in '/home/host/ros_ws/build/braco_description' returned '0': CMAKE_PREFIX_PATH=/opt/ros/humble:${CMAKE_PREFIX_PATH} /usr/bin/cmake --build /home/host/ros_ws/build/braco_description -- -j8 -l8
[0.804s] Invoking command in '/home/host/ros_ws/build/braco_description': CMAKE_PREFIX_PATH=/opt/ros/humble:${CMAKE_PREFIX_PATH} /usr/bin/cmake --install /home/host/ros_ws/build/braco_description
[0.811s] -- Install configuration: ""
[0.812s] -- Installing: /home/host/ros_ws/install/braco_description/share/braco_description//urdf
[0.812s] -- Installing: /home/host/ros_ws/install/braco_description/share/braco_description//urdf/braco.xacro
[0.812s] -- Installing: /home/host/ros_ws/install/braco_description/share/braco_description//urdf/braco.gazebo
[0.812s] -- Installing: /home/host/ros_ws/install/braco_description/share/braco_description//urdf/braco.trans
[0.812s] -- Installing: /home/host/ros_ws/install/braco_description/share/braco_description//urdf/materials.xacro
[0.812s] -- Installing: /home/host/ros_ws/install/braco_description/share/braco_description//meshes
[0.812s] -- Installing: /home/host/ros_ws/install/braco_description/share/braco_description//meshes/rot3_1.stl
[0.812s] -- Installing: /home/host/ros_ws/install/braco_description/share/braco_description//meshes/base_link.stl
[0.813s] -- Installing: /home/host/ros_ws/install/braco_description/share/braco_description//meshes/rot2_1.stl
[0.813s] -- Installing: /home/host/ros_ws/install/braco_description/share/braco_description//meshes/prism1_1.stl
[0.813s] -- Installing: /home/host/ros_ws/install/braco_description/share/braco_description//meshes/rot4_1.stl
[0.813s] -- Installing: /home/host/ros_ws/install/braco_description/share/braco_description//meshes/rot1_1.stl
[0.814s] -- Installing: /home/host/ros_ws/install/braco_description/share/braco_description//launch
[0.814s] -- Installing: /home/host/ros_ws/install/braco_description/share/braco_description//launch/gazebo.launch.py
[0.814s] -- Installing: /home/host/ros_ws/install/braco_description/share/braco_description//launch/display.launch
[0.814s] -- Installing: /home/host/ros_ws/install/braco_description/share/braco_description//launch/urdf.rviz
[0.814s] -- Installing: /home/host/ros_ws/install/braco_description/share/braco_description//launch/controller.launch
[0.814s] -- Installing: /home/host/ros_ws/install/braco_description/share/braco_description//launch/controller.yaml
[0.814s] -- Installing: /home/host/ros_ws/install/braco_description/share/braco_description//launch/gazebo.launch
[0.814s] -- Installing: /home/host/ros_ws/install/braco_description/share/braco_description//launch/display.launch.py
[0.815s] -- Up-to-date: /home/host/ros_ws/install/braco_description/share/braco_description/launch/controller.yaml
[0.815s] -- Up-to-date: /home/host/ros_ws/install/braco_description/share/braco_description/launch/urdf.rviz
[0.815s] -- Installing: /home/host/ros_ws/install/braco_description/share/ament_index/resource_index/package_run_dependencies/braco_description
[0.815s] -- Installing: /home/host/ros_ws/install/braco_description/share/ament_index/resource_index/parent_prefix_path/braco_description
[0.815s] -- Installing: /home/host/ros_ws/install/braco_description/share/braco_description/environment/ament_prefix_path.sh
[0.815s] -- Installing: /home/host/ros_ws/install/braco_description/share/braco_description/environment/ament_prefix_path.dsv
[0.815s] -- Installing: /home/host/ros_ws/install/braco_description/share/braco_description/environment/path.sh
[0.815s] -- Installing: /home/host/ros_ws/install/braco_description/share/braco_description/environment/path.dsv
[0.816s] -- Installing: /home/host/ros_ws/install/braco_description/share/braco_description/local_setup.bash
[0.816s] -- Installing: /home/host/ros_ws/install/braco_description/share/braco_description/local_setup.sh
[0.816s] -- Installing: /home/host/ros_ws/install/braco_description/share/braco_description/local_setup.zsh
[0.816s] -- Installing: /home/host/ros_ws/install/braco_description/share/braco_description/local_setup.dsv
[0.816s] -- Installing: /home/host/ros_ws/install/braco_description/share/braco_description/package.dsv
[0.816s] -- Installing: /home/host/ros_ws/install/braco_description/share/ament_index/resource_index/packages/braco_description
[0.816s] -- Installing: /home/host/ros_ws/install/braco_description/share/braco_description/cmake/braco_descriptionConfig.cmake
[0.816s] -- Installing: /home/host/ros_ws/install/braco_description/share/braco_description/cmake/braco_descriptionConfig-version.cmake
[0.817s] -- Installing: /home/host/ros_ws/install/braco_description/share/braco_description/package.xml
[0.819s] Invoked command in '/home/host/ros_ws/build/braco_description' returned '0': CMAKE_PREFIX_PATH=/opt/ros/humble:${CMAKE_PREFIX_PATH} /usr/bin/cmake --install /home/host/ros_ws/build/braco_description
