[0.000000] (-) TimerEvent: {}
[0.000358] (-) JobUnselected: {'identifier': 'manipulator_disturbance_control'}
[0.000419] (-) JobUnselected: {'identifier': 'manipulator_gazebo'}
[0.000455] (-) JobUnselected: {'identifier': 'manipulator_msgs'}
[0.000614] (braco_description) JobQueued: {'identifier': 'braco_description', 'dependencies': OrderedDict()}
[0.000816] (braco_description) JobStarted: {'identifier': 'braco_description'}
[0.022245] (braco_description) JobProgress: {'identifier': 'braco_description', 'progress': 'cmake'}
[0.023026] (braco_description) JobProgress: {'identifier': 'braco_description', 'progress': 'build'}
[0.024118] (braco_description) Command: {'cmd': ['/usr/bin/cmake', '--build', '/home/host/ros_ws/build/braco_description', '--', '-j8', '-l8'], 'cwd': '/home/host/ros_ws/build/braco_description', 'env': OrderedDict([('HOSTNAME', 'marcotayar-Nitro-AN515-55'), ('SHLVL', '1'), ('LD_LIBRARY_PATH', '/home/host/ros_ws/install/manipulator_msgs/lib:/usr/lib/x86_64-linux-gnu/gazebo-11/plugins:/opt/ros/humble/opt/rviz_ogre_vendor/lib:/opt/ros/humble/lib/x86_64-linux-gnu:/opt/ros/humble/lib'), ('HOME', '/home/host'), ('ROS_PYTHON_VERSION', '3'), ('COLCON_PREFIX_PATH', '/home/host/ros_ws/install'), ('ROS_DISTRO', 'humble'), ('_', '/usr/bin/colcon'), ('ROS_VERSION', '2'), ('TERM', 'xterm'), ('ROS_LOCALHOST_ONLY', '0'), ('PATH', '/opt/ros/humble/bin:/usr/local/sbin:/usr/local/bin:/usr/sbin:/usr/bin:/sbin:/bin'), ('DISPLAY', ':1'), ('LANG', 'C.UTF-8'), ('AMENT_PREFIX_PATH', '/home/host/ros_ws/install/manipulator_disturbance_control:/home/host/ros_ws/install/manipulator_msgs:/home/host/ros_ws/install/manipulator_gazebo:/home/host/ros_ws/install/braco_description:/opt/ros/humble'), ('PWD', '/home/host/ros_ws/build/braco_description'), ('LC_ALL', 'C.UTF-8'), ('PYTHONPATH', '/home/host/ros_ws/install/manipulator_msgs/local/lib/python3.10/dist-packages:/opt/ros/humble/lib/python3.10/site-packages:/opt/ros/humble/local/lib/python3.10/dist-packages'), ('TZ', 'America/Sao_Paulo'), ('COLCON', '1'), ('CMAKE_PREFIX_PATH', '/home/host/ros_ws/install/manipulator_disturbance_control:/home/host/ros_ws/install/manipulator_msgs:/home/host/ros_ws/install/manipulator_gazebo:/home/host/ros_ws/install/braco_description:/opt/ros/humble')]), 'shell': False}
[0.060397] (braco_description) CommandEnded: {'returncode': 0}
[0.060963] (braco_description) JobProgress: {'identifier': 'braco_description', 'progress': 'install'}
[0.069244] (braco_description) Command: {'cmd': ['/usr/bin/cmake', '--install', '/home/host/ros_ws/build/braco_description'], 'cwd': '/home/host/ros_ws/build/braco_description', 'env': OrderedDict([('HOSTNAME', 'marcotayar-Nitro-AN515-55'), ('SHLVL', '1'), ('LD_LIBRARY_PATH', '/home/host/ros_ws/install/manipulator_msgs/lib:/usr/lib/x86_64-linux-gnu/gazebo-11/plugins:/opt/ros/humble/opt/rviz_ogre_vendor/lib:/opt/ros/humble/lib/x86_64-linux-gnu:/opt/ros/humble/lib'), ('HOME', '/home/host'), ('ROS_PYTHON_VERSION', '3'), ('COLCON_PREFIX_PATH', '/home/host/ros_ws/install'), ('ROS_DISTRO', 'humble'), ('_', '/usr/bin/colcon'), ('ROS_VERSION', '2'), ('TERM', 'xterm'), ('ROS_LOCALHOST_ONLY', '0'), ('PATH', '/opt/ros/humble/bin:/usr/local/sbin:/usr/local/bin:/usr/sbin:/usr/bin:/sbin:/bin'), ('DISPLAY', ':1'), ('LANG', 'C.UTF-8'), ('AMENT_PREFIX_PATH', '/home/host/ros_ws/install/manipulator_disturbance_control:/home/host/ros_ws/install/manipulator_msgs:/home/host/ros_ws/install/manipulator_gazebo:/home/host/ros_ws/install/braco_description:/opt/ros/humble'), ('PWD', '/home/host/ros_ws/build/braco_description'), ('LC_ALL', 'C.UTF-8'), ('PYTHONPATH', '/home/host/ros_ws/install/manipulator_msgs/local/lib/python3.10/dist-packages:/opt/ros/humble/lib/python3.10/site-packages:/opt/ros/humble/local/lib/python3.10/dist-packages'), ('TZ', 'America/Sao_Paulo'), ('COLCON', '1'), ('CMAKE_PREFIX_PATH', '/home/host/ros_ws/install/manipulator_disturbance_control:/home/host/ros_ws/install/manipulator_msgs:/home/host/ros_ws/install/manipulator_gazebo:/home/host/ros_ws/install/braco_description:/opt/ros/humble')]), 'shell': False}
[0.076893] (braco_description) StdoutLine: {'line': b'-- Install configuration: ""\n'}
[0.077250] (braco_description) StdoutLine: {'line': b'-- Execute custom install script\n'}
[0.077638] (braco_description) StdoutLine: {'line': b'-- Up-to-date symlink: /home/host/ros_ws/install/braco_description/share/braco_description//urdf/Bra\xc3\xa7o.gazebo\n'}
[0.077749] (braco_description) StdoutLine: {'line': b'-- Up-to-date symlink: /home/host/ros_ws/install/braco_description/share/braco_description//urdf/Bra\xc3\xa7o.trans\n'}
[0.077854] (braco_description) StdoutLine: {'line': b'-- Up-to-date symlink: /home/host/ros_ws/install/braco_description/share/braco_description//urdf/Bra\xc3\xa7o.xacro\n'}
[0.077958] (braco_description) StdoutLine: {'line': b'-- Up-to-date symlink: /home/host/ros_ws/install/braco_description/share/braco_description//urdf/braco.urdf\n'}
[0.078171] (braco_description) StdoutLine: {'line': b'-- Up-to-date symlink: /home/host/ros_ws/install/braco_description/share/braco_description//urdf/braco_fixed.urdf\n'}
[0.078387] (braco_description) StdoutLine: {'line': b'-- Up-to-date symlink: /home/host/ros_ws/install/braco_description/share/braco_description//urdf/materials.xacro\n'}
[0.078560] (braco_description) StdoutLine: {'line': b'-- Up-to-date symlink: /home/host/ros_ws/install/braco_description/share/braco_description//meshes/base_link.stl\n'}
[0.078690] (braco_description) StdoutLine: {'line': b'-- Up-to-date symlink: /home/host/ros_ws/install/braco_description/share/braco_description//meshes/prism1_1.stl\n'}
[0.078768] (braco_description) StdoutLine: {'line': b'-- Up-to-date symlink: /home/host/ros_ws/install/braco_description/share/braco_description//meshes/rot1_1.stl\n'}
[0.078861] (braco_description) StdoutLine: {'line': b'-- Up-to-date symlink: /home/host/ros_ws/install/braco_description/share/braco_description//meshes/rot2_1.stl\n'}
[0.078962] (braco_description) StdoutLine: {'line': b'-- Up-to-date symlink: /home/host/ros_ws/install/braco_description/share/braco_description//meshes/rot3_1.stl\n'}
[0.079066] (braco_description) StdoutLine: {'line': b'-- Up-to-date symlink: /home/host/ros_ws/install/braco_description/share/braco_description//meshes/rot4_1.stl\n'}
[0.079333] (braco_description) StdoutLine: {'line': b'-- Up-to-date symlink: /home/host/ros_ws/install/braco_description/share/braco_description//launch/controller.launch\n'}
[0.079439] (braco_description) StdoutLine: {'line': b'-- Up-to-date symlink: /home/host/ros_ws/install/braco_description/share/braco_description//launch/controller.yaml\n'}
[0.079542] (braco_description) StdoutLine: {'line': b'-- Up-to-date symlink: /home/host/ros_ws/install/braco_description/share/braco_description//launch/display.launch\n'}
[0.079649] (braco_description) StdoutLine: {'line': b'-- Up-to-date symlink: /home/host/ros_ws/install/braco_description/share/braco_description//launch/display.launch.py\n'}
[0.079750] (braco_description) StdoutLine: {'line': b'-- Up-to-date symlink: /home/host/ros_ws/install/braco_description/share/braco_description//launch/gazebo.launch\n'}
[0.079856] (braco_description) StdoutLine: {'line': b'-- Up-to-date symlink: /home/host/ros_ws/install/braco_description/share/braco_description//launch/gazebo.launch.py\n'}
[0.079959] (braco_description) StdoutLine: {'line': b'-- Up-to-date symlink: /home/host/ros_ws/install/braco_description/share/braco_description//launch/urdf.rviz\n'}
[0.080124] (braco_description) StdoutLine: {'line': b'-- Up-to-date symlink: /home/host/ros_ws/install/braco_description/share/braco_description/launch//controller.yaml\n'}
[0.080232] (braco_description) StdoutLine: {'line': b'-- Up-to-date symlink: /home/host/ros_ws/install/braco_description/share/braco_description/launch//urdf.rviz\n'}
[0.080405] (braco_description) StdoutLine: {'line': b'-- Up-to-date symlink: /home/host/ros_ws/install/braco_description/share/ament_index/resource_index/package_run_dependencies/braco_description\n'}
[0.080570] (braco_description) StdoutLine: {'line': b'-- Up-to-date symlink: /home/host/ros_ws/install/braco_description/share/ament_index/resource_index/parent_prefix_path/braco_description\n'}
[0.080742] (braco_description) StdoutLine: {'line': b'-- Up-to-date symlink: /home/host/ros_ws/install/braco_description/share/braco_description/environment/ament_prefix_path.sh\n'}
[0.080895] (braco_description) StdoutLine: {'line': b'-- Up-to-date symlink: /home/host/ros_ws/install/braco_description/share/braco_description/environment/ament_prefix_path.dsv\n'}
[0.081054] (braco_description) StdoutLine: {'line': b'-- Up-to-date symlink: /home/host/ros_ws/install/braco_description/share/braco_description/environment/path.sh\n'}
[0.081205] (braco_description) StdoutLine: {'line': b'-- Up-to-date symlink: /home/host/ros_ws/install/braco_description/share/braco_description/environment/path.dsv\n'}
[0.081356] (braco_description) StdoutLine: {'line': b'-- Up-to-date symlink: /home/host/ros_ws/install/braco_description/share/braco_description/local_setup.bash\n'}
[0.081510] (braco_description) StdoutLine: {'line': b'-- Up-to-date symlink: /home/host/ros_ws/install/braco_description/share/braco_description/local_setup.sh\n'}
[0.081657] (braco_description) StdoutLine: {'line': b'-- Up-to-date symlink: /home/host/ros_ws/install/braco_description/share/braco_description/local_setup.zsh\n'}
[0.081798] (braco_description) StdoutLine: {'line': b'-- Up-to-date symlink: /home/host/ros_ws/install/braco_description/share/braco_description/local_setup.dsv\n'}
[0.081913] (braco_description) StdoutLine: {'line': b'-- Symlinking: /home/host/ros_ws/install/braco_description/share/braco_description/package.dsv\n'}
[0.089496] (braco_description) StdoutLine: {'line': b'-- Up-to-date symlink: /home/host/ros_ws/install/braco_description/share/ament_index/resource_index/packages/braco_description\n'}
[0.089672] (braco_description) StdoutLine: {'line': b'-- Up-to-date symlink: /home/host/ros_ws/install/braco_description/share/braco_description/cmake/braco_descriptionConfig.cmake\n'}
[0.089772] (braco_description) StdoutLine: {'line': b'-- Up-to-date symlink: /home/host/ros_ws/install/braco_description/share/braco_description/cmake/braco_descriptionConfig-version.cmake\n'}
[0.090093] (braco_description) StdoutLine: {'line': b'-- Up-to-date symlink: /home/host/ros_ws/install/braco_description/share/braco_description/package.xml\n'}
[0.091751] (braco_description) CommandEnded: {'returncode': 0}
[0.100100] (-) TimerEvent: {}
[0.113726] (braco_description) JobEnded: {'identifier': 'braco_description', 'rc': 0}
[0.114627] (-) EventReactorShutdown: {}
