[0.017s] Invoking command in '/home/host/ros_ws/build/manipulator_gazebo': CMAKE_PREFIX_PATH=${CMAKE_PREFIX_PATH}:/opt/ros/humble /usr/bin/cmake --build /home/host/ros_ws/build/manipulator_gazebo -- -j8 -l8
[0.064s] Invoked command in '/home/host/ros_ws/build/manipulator_gazebo' returned '0': CMAKE_PREFIX_PATH=${CMAKE_PREFIX_PATH}:/opt/ros/humble /usr/bin/cmake --build /home/host/ros_ws/build/manipulator_gazebo -- -j8 -l8
[0.065s] Invoking command in '/home/host/ros_ws/build/manipulator_gazebo': CMAKE_PREFIX_PATH=${CMAKE_PREFIX_PATH}:/opt/ros/humble /usr/bin/cmake --install /home/host/ros_ws/build/manipulator_gazebo
[0.074s] -- Install configuration: ""
[0.075s] -- Execute custom install script
[0.075s] -- Up-to-date symlink: /home/host/ros_ws/install/manipulator_gazebo/share/manipulator_gazebo/launch/complete_system.launch
[0.075s] -- Up-to-date symlink: /home/host/ros_ws/install/manipulator_gazebo/share/manipulator_gazebo/launch/spawn_manipulator.launch
[0.076s] -- Up-to-date symlink: /home/host/ros_ws/install/manipulator_gazebo/share/manipulator_gazebo/urdf/simple_manipulator.urdf.xacro
[0.076s] -- Up-to-date symlink: /home/host/ros_ws/install/manipulator_gazebo/share/manipulator_gazebo/worlds/simple_world.world
[0.077s] -- Up-to-date symlink: /home/host/ros_ws/install/manipulator_gazebo/share/manipulator_gazebo/config/joint_controllers.yaml
[0.077s] -- Up-to-date symlink: /home/host/ros_ws/install/manipulator_gazebo/share/manipulator_gazebo/config/joint_controllers_effort.yaml
[0.077s] -- Up-to-date symlink: /home/host/ros_ws/install/manipulator_gazebo/share/manipulator_gazebo/config/pid_gains.yaml
[0.078s] -- Up-to-date symlink: /home/host/ros_ws/install/manipulator_gazebo/share/ament_index/resource_index/package_run_dependencies/manipulator_gazebo
[0.078s] -- Up-to-date symlink: /home/host/ros_ws/install/manipulator_gazebo/share/ament_index/resource_index/parent_prefix_path/manipulator_gazebo
[0.078s] -- Up-to-date symlink: /home/host/ros_ws/install/manipulator_gazebo/share/manipulator_gazebo/environment/ament_prefix_path.sh
[0.079s] -- Up-to-date symlink: /home/host/ros_ws/install/manipulator_gazebo/share/manipulator_gazebo/environment/ament_prefix_path.dsv
[0.079s] -- Up-to-date symlink: /home/host/ros_ws/install/manipulator_gazebo/share/manipulator_gazebo/environment/path.sh
[0.079s] -- Up-to-date symlink: /home/host/ros_ws/install/manipulator_gazebo/share/manipulator_gazebo/environment/path.dsv
[0.080s] -- Up-to-date symlink: /home/host/ros_ws/install/manipulator_gazebo/share/manipulator_gazebo/local_setup.bash
[0.080s] -- Up-to-date symlink: /home/host/ros_ws/install/manipulator_gazebo/share/manipulator_gazebo/local_setup.sh
[0.080s] -- Up-to-date symlink: /home/host/ros_ws/install/manipulator_gazebo/share/manipulator_gazebo/local_setup.zsh
[0.081s] -- Up-to-date symlink: /home/host/ros_ws/install/manipulator_gazebo/share/manipulator_gazebo/local_setup.dsv
[0.081s] -- Symlinking: /home/host/ros_ws/install/manipulator_gazebo/share/manipulator_gazebo/package.dsv
[0.092s] -- Up-to-date symlink: /home/host/ros_ws/install/manipulator_gazebo/share/ament_index/resource_index/packages/manipulator_gazebo
[0.093s] -- Up-to-date symlink: /home/host/ros_ws/install/manipulator_gazebo/share/manipulator_gazebo/cmake/manipulator_gazeboConfig.cmake
[0.093s] -- Up-to-date symlink: /home/host/ros_ws/install/manipulator_gazebo/share/manipulator_gazebo/cmake/manipulator_gazeboConfig-version.cmake
[0.093s] -- Up-to-date symlink: /home/host/ros_ws/install/manipulator_gazebo/share/manipulator_gazebo/package.xml
[0.105s] Invoked command in '/home/host/ros_ws/build/manipulator_gazebo' returned '0': CMAKE_PREFIX_PATH=${CMAKE_PREFIX_PATH}:/opt/ros/humble /usr/bin/cmake --install /home/host/ros_ws/build/manipulator_gazebo
