[0.009s] Invoking command in '/home/host/onda/ros_ws/build/manipulator_msgs': CMAKE_PREFIX_PATH=/opt/ros/humble /usr/bin/cmake /home/host/onda/ros_ws/src/manipulator_msgs -DAMENT_CMAKE_SYMLINK_INSTALL=1 -DCMAKE_INSTALL_PREFIX=/home/host/onda/ros_ws/install/manipulator_msgs
[0.050s] -- The C compiler identification is GNU 11.4.0
[0.092s] -- The CXX compiler identification is GNU 11.4.0
[0.098s] -- Detecting C compiler ABI info
[0.151s] -- Detecting C compiler ABI info - done
[0.156s] -- Check for working C compiler: /usr/bin/cc - skipped
[0.156s] -- Detecting C compile features
[0.156s] -- Detecting C compile features - done
[0.158s] -- Detecting CXX compiler ABI info
[0.217s] -- Detecting CXX compiler ABI info - done
[0.223s] -- Check for working CXX compiler: /usr/bin/c++ - skipped
[0.224s] -- Detecting CXX compile features
[0.224s] -- Detecting CXX compile features - done
[0.226s] -- Found ament_cmake: 1.3.12 (/opt/ros/humble/share/ament_cmake/cmake)
[0.336s] -- Found Python3: /usr/bin/python3 (found version "3.10.12") found components: Interpreter 
[0.379s] -- Override CMake install command with custom implementation using symlinks instead of copying resources
[0.414s] -- Found rosidl_default_generators: 1.2.0 (/opt/ros/humble/share/rosidl_default_generators/cmake)
[0.418s] -- Using all available rosidl_typesupport_c: rosidl_typesupport_fastrtps_c;rosidl_typesupport_introspection_c
[0.424s] -- Found rosidl_adapter: 3.1.7 (/opt/ros/humble/share/rosidl_adapter/cmake)
[0.451s] -- Using all available rosidl_typesupport_cpp: rosidl_typesupport_fastrtps_cpp;rosidl_typesupport_introspection_cpp
[0.474s] -- Found std_msgs: 4.9.0 (/opt/ros/humble/share/std_msgs/cmake)
[0.491s] -- Found geometry_msgs: 4.9.0 (/opt/ros/humble/share/geometry_msgs/cmake)
[0.687s] -- Found ament_cmake_ros: 0.10.0 (/opt/ros/humble/share/ament_cmake_ros/cmake)
[0.890s] -- Using all available rosidl_typesupport_c: rosidl_typesupport_fastrtps_c;rosidl_typesupport_introspection_c
[1.174s] -- Using all available rosidl_typesupport_cpp: rosidl_typesupport_fastrtps_cpp;rosidl_typesupport_introspection_cpp
[1.190s] -- Found PythonInterp: /usr/bin/python3 (found suitable version "3.10.12", minimum required is "3.6") 
[1.191s] -- Found python_cmake_module: 0.10.0 (/opt/ros/humble/share/python_cmake_module/cmake)
[1.208s] -- Found PythonLibs: /usr/lib/x86_64-linux-gnu/libpython3.10.so (found suitable version "3.10.12", minimum required is "3.5") 
[1.208s] -- Using PYTHON_EXECUTABLE: /usr/bin/python3
[1.208s] -- Using PYTHON_INCLUDE_DIRS: /usr/include/python3.10
[1.208s] -- Using PYTHON_LIBRARIES: /usr/lib/x86_64-linux-gnu/libpython3.10.so
[1.223s] -- Found PythonExtra: .so  
[1.268s] -- Found ament_lint_auto: 0.12.14 (/opt/ros/humble/share/ament_lint_auto/cmake)
[1.298s] -- Added test 'copyright' to check source files copyright and LICENSE
[1.299s] -- Added test 'lint_cmake' to check CMake code style
[1.299s] -- Added test 'xmllint' to check XML markup files
[1.301s] -- Configuring done
[1.326s] -- Generating done
[1.335s] -- Build files have been written to: /home/host/onda/ros_ws/build/manipulator_msgs
[1.341s] Invoked command in '/home/host/onda/ros_ws/build/manipulator_msgs' returned '0': CMAKE_PREFIX_PATH=/opt/ros/humble /usr/bin/cmake /home/host/onda/ros_ws/src/manipulator_msgs -DAMENT_CMAKE_SYMLINK_INSTALL=1 -DCMAKE_INSTALL_PREFIX=/home/host/onda/ros_ws/install/manipulator_msgs
[1.342s] Invoking command in '/home/host/onda/ros_ws/build/manipulator_msgs': CMAKE_PREFIX_PATH=/opt/ros/humble /usr/bin/cmake --build /home/host/onda/ros_ws/build/manipulator_msgs -- -j20 -l20
[1.380s] [  3%] [34m[1mGenerating C code for ROS interfaces[0m
[1.401s] [  6%] [34m[1mGenerating C++ code for ROS interfaces[0m
[1.402s] [  6%] Built target ament_cmake_python_symlink_manipulator_msgs
[1.588s] [  6%] Built target manipulator_msgs__cpp
[1.594s] [ 16%] [34m[1mGenerating C++ type support dispatch for ROS interfaces[0m
[1.594s] [ 16%] [34m[1mGenerating C++ introspection for ROS interfaces[0m
[1.594s] [ 16%] [34m[1mGenerating C++ type support for eProsima Fast-RTPS[0m
[1.609s] running egg_info
[1.609s] creating manipulator_msgs.egg-info
[1.609s] writing manipulator_msgs.egg-info/PKG-INFO
[1.609s] writing dependency_links to manipulator_msgs.egg-info/dependency_links.txt
[1.609s] writing top-level names to manipulator_msgs.egg-info/top_level.txt
[1.609s] writing manifest file 'manipulator_msgs.egg-info/SOURCES.txt'
[1.610s] [ 19%] [32mBuilding C object CMakeFiles/manipulator_msgs__rosidl_generator_c.dir/rosidl_generator_c/manipulator_msgs/srv/detail/apply_disturbance__functions.c.o[0m
[1.611s] reading manifest file 'manipulator_msgs.egg-info/SOURCES.txt'
[1.611s] writing manifest file 'manipulator_msgs.egg-info/SOURCES.txt'
[1.631s] [ 19%] Built target ament_cmake_python_build_manipulator_msgs_egg
[1.648s] [ 22%] [32m[1mLinking C shared library libmanipulator_msgs__rosidl_generator_c.so[0m
[1.676s] [ 22%] Built target manipulator_msgs__rosidl_generator_c
[1.684s] [ 25%] [34m[1mGenerating C type support for eProsima Fast-RTPS[0m
[1.684s] [ 29%] [34m[1mGenerating C type support dispatch for ROS interfaces[0m
[1.686s] [ 32%] [34m[1mGenerating C introspection for ROS interfaces[0m
[1.778s] [ 35%] [32mBuilding CXX object CMakeFiles/manipulator_msgs__rosidl_typesupport_fastrtps_cpp.dir/rosidl_typesupport_fastrtps_cpp/manipulator_msgs/srv/detail/dds_fastrtps/apply_disturbance__type_support.cpp.o[0m
[1.782s] [ 38%] [32mBuilding CXX object CMakeFiles/manipulator_msgs__rosidl_typesupport_introspection_cpp.dir/rosidl_typesupport_introspection_cpp/manipulator_msgs/srv/detail/apply_disturbance__type_support.cpp.o[0m
[1.793s] [ 41%] [32mBuilding CXX object CMakeFiles/manipulator_msgs__rosidl_typesupport_cpp.dir/rosidl_typesupport_cpp/manipulator_msgs/srv/apply_disturbance__type_support.cpp.o[0m
[1.871s] [ 45%] [32mBuilding C object CMakeFiles/manipulator_msgs__rosidl_typesupport_introspection_c.dir/rosidl_typesupport_introspection_c/manipulator_msgs/srv/detail/apply_disturbance__type_support.c.o[0m
[1.898s] [ 48%] [32m[1mLinking C shared library libmanipulator_msgs__rosidl_typesupport_introspection_c.so[0m
[1.917s] [ 51%] [32mBuilding CXX object CMakeFiles/manipulator_msgs__rosidl_typesupport_fastrtps_c.dir/rosidl_typesupport_fastrtps_c/manipulator_msgs/srv/detail/apply_disturbance__type_support_c.cpp.o[0m
[1.925s] [ 51%] Built target manipulator_msgs__rosidl_typesupport_introspection_c
[1.927s] [ 54%] [32mBuilding CXX object CMakeFiles/manipulator_msgs__rosidl_typesupport_c.dir/rosidl_typesupport_c/manipulator_msgs/srv/apply_disturbance__type_support.cpp.o[0m
[1.950s] [ 58%] [32m[1mLinking CXX shared library libmanipulator_msgs__rosidl_typesupport_cpp.so[0m
[1.951s] [ 61%] [32m[1mLinking CXX shared library libmanipulator_msgs__rosidl_typesupport_c.so[0m
[1.975s] [ 61%] Built target manipulator_msgs__rosidl_typesupport_cpp
[1.978s] [ 61%] Built target manipulator_msgs__rosidl_typesupport_c
[2.072s] [ 67%] [32m[1mLinking CXX shared library libmanipulator_msgs__rosidl_typesupport_fastrtps_cpp.so[0m
[2.073s] [ 67%] [32m[1mLinking CXX shared library libmanipulator_msgs__rosidl_typesupport_introspection_cpp.so[0m
[2.121s] [ 67%] Built target manipulator_msgs__rosidl_typesupport_introspection_cpp
[2.128s] [ 67%] Built target manipulator_msgs__rosidl_typesupport_fastrtps_cpp
[2.167s] [ 70%] [32m[1mLinking CXX shared library libmanipulator_msgs__rosidl_typesupport_fastrtps_c.so[0m
[2.221s] [ 70%] Built target manipulator_msgs__rosidl_typesupport_fastrtps_c
[2.238s] [ 70%] Built target manipulator_msgs
[2.258s] [ 74%] [34m[1mGenerating Python code for ROS interfaces[0m
[2.529s] [ 74%] Built target manipulator_msgs__py
[2.545s] [ 77%] [32mBuilding C object CMakeFiles/manipulator_msgs__rosidl_generator_py.dir/rosidl_generator_py/manipulator_msgs/srv/_apply_disturbance_s.c.o[0m
[2.616s] [ 80%] [32m[1mLinking C shared library rosidl_generator_py/manipulator_msgs/libmanipulator_msgs__rosidl_generator_py.so[0m
[2.650s] [ 80%] Built target manipulator_msgs__rosidl_generator_py
[2.686s] [ 83%] [32mBuilding C object CMakeFiles/manipulator_msgs__rosidl_typesupport_c__pyext.dir/rosidl_generator_py/manipulator_msgs/_manipulator_msgs_s.ep.rosidl_typesupport_c.c.o[0m
[2.691s] [ 87%] [32mBuilding C object CMakeFiles/manipulator_msgs__rosidl_typesupport_fastrtps_c__pyext.dir/rosidl_generator_py/manipulator_msgs/_manipulator_msgs_s.ep.rosidl_typesupport_fastrtps_c.c.o[0m
[2.692s] [ 90%] [32mBuilding C object CMakeFiles/manipulator_msgs__rosidl_typesupport_introspection_c__pyext.dir/rosidl_generator_py/manipulator_msgs/_manipulator_msgs_s.ep.rosidl_typesupport_introspection_c.c.o[0m
[2.757s] [ 93%] [32m[1mLinking C shared library rosidl_generator_py/manipulator_msgs/manipulator_msgs_s__rosidl_typesupport_c.cpython-310-x86_64-linux-gnu.so[0m
[2.757s] [ 96%] [32m[1mLinking C shared library rosidl_generator_py/manipulator_msgs/manipulator_msgs_s__rosidl_typesupport_introspection_c.cpython-310-x86_64-linux-gnu.so[0m
[2.760s] [100%] [32m[1mLinking C shared library rosidl_generator_py/manipulator_msgs/manipulator_msgs_s__rosidl_typesupport_fastrtps_c.cpython-310-x86_64-linux-gnu.so[0m
[2.785s] [100%] Built target manipulator_msgs__rosidl_typesupport_c__pyext
[2.785s] [100%] Built target manipulator_msgs__rosidl_typesupport_introspection_c__pyext
[2.786s] [100%] Built target manipulator_msgs__rosidl_typesupport_fastrtps_c__pyext
[2.798s] Invoked command in '/home/host/onda/ros_ws/build/manipulator_msgs' returned '0': CMAKE_PREFIX_PATH=/opt/ros/humble /usr/bin/cmake --build /home/host/onda/ros_ws/build/manipulator_msgs -- -j20 -l20
[2.800s] Invoking command in '/home/host/onda/ros_ws/build/manipulator_msgs': CMAKE_PREFIX_PATH=/opt/ros/humble /usr/bin/cmake --install /home/host/onda/ros_ws/build/manipulator_msgs
[2.811s] -- Install configuration: ""
[2.811s] -- Execute custom install script
[2.812s] -- Symlinking: /home/host/onda/ros_ws/install/manipulator_msgs/share/ament_index/resource_index/rosidl_interfaces/manipulator_msgs
[2.824s] -- Symlinking: /home/host/onda/ros_ws/install/manipulator_msgs/include/manipulator_msgs/manipulator_msgs/msg/rosidl_generator_c__visibility_control.h
[2.840s] -- Symlinking: /home/host/onda/ros_ws/install/manipulator_msgs/include/manipulator_msgs/manipulator_msgs/srv/apply_disturbance.h
[2.857s] -- Symlinking: /home/host/onda/ros_ws/install/manipulator_msgs/include/manipulator_msgs/manipulator_msgs/srv/detail/apply_disturbance__functions.h
[2.869s] -- Symlinking: /home/host/onda/ros_ws/install/manipulator_msgs/include/manipulator_msgs/manipulator_msgs/srv/detail/apply_disturbance__struct.h
[2.881s] -- Symlinking: /home/host/onda/ros_ws/install/manipulator_msgs/include/manipulator_msgs/manipulator_msgs/srv/detail/apply_disturbance__type_support.h
[2.889s] -- Symlinking: /home/host/onda/ros_ws/install/manipulator_msgs/share/manipulator_msgs/environment/library_path.sh
[2.897s] -- Symlinking: /home/host/onda/ros_ws/install/manipulator_msgs/share/manipulator_msgs/environment/library_path.dsv
[2.910s] -- Symlinking: /home/host/onda/ros_ws/install/manipulator_msgs/include/manipulator_msgs/manipulator_msgs/msg/rosidl_typesupport_fastrtps_c__visibility_control.h
[2.926s] -- Symlinking: /home/host/onda/ros_ws/install/manipulator_msgs/include/manipulator_msgs/manipulator_msgs/srv/detail/apply_disturbance__rosidl_typesupport_fastrtps_c.h
[2.943s] -- Symlinking: /home/host/onda/ros_ws/install/manipulator_msgs/include/manipulator_msgs/manipulator_msgs/msg/rosidl_typesupport_introspection_c__visibility_control.h
[2.955s] -- Symlinking: /home/host/onda/ros_ws/install/manipulator_msgs/include/manipulator_msgs/manipulator_msgs/srv/detail/apply_disturbance__rosidl_typesupport_introspection_c.h
[2.965s] -- Symlinking: /home/host/onda/ros_ws/install/manipulator_msgs/include/manipulator_msgs/manipulator_msgs/msg/rosidl_generator_cpp__visibility_control.hpp
[2.975s] -- Symlinking: /home/host/onda/ros_ws/install/manipulator_msgs/include/manipulator_msgs/manipulator_msgs/srv/apply_disturbance.hpp
[2.981s] -- Symlinking: /home/host/onda/ros_ws/install/manipulator_msgs/include/manipulator_msgs/manipulator_msgs/srv/detail/apply_disturbance__builder.hpp
[2.996s] -- Symlinking: /home/host/onda/ros_ws/install/manipulator_msgs/include/manipulator_msgs/manipulator_msgs/srv/detail/apply_disturbance__struct.hpp
[3.008s] -- Symlinking: /home/host/onda/ros_ws/install/manipulator_msgs/include/manipulator_msgs/manipulator_msgs/srv/detail/apply_disturbance__traits.hpp
[3.025s] -- Symlinking: /home/host/onda/ros_ws/install/manipulator_msgs/include/manipulator_msgs/manipulator_msgs/srv/detail/apply_disturbance__type_support.hpp
[3.048s] -- Symlinking: /home/host/onda/ros_ws/install/manipulator_msgs/include/manipulator_msgs/manipulator_msgs/msg/rosidl_typesupport_fastrtps_cpp__visibility_control.h
[3.073s] -- Symlinking: /home/host/onda/ros_ws/install/manipulator_msgs/include/manipulator_msgs/manipulator_msgs/srv/detail/apply_disturbance__rosidl_typesupport_fastrtps_cpp.hpp
[3.092s] -- Symlinking: /home/host/onda/ros_ws/install/manipulator_msgs/include/manipulator_msgs/manipulator_msgs/srv/detail/apply_disturbance__rosidl_typesupport_introspection_cpp.hpp
[3.112s] -- Symlinking: /home/host/onda/ros_ws/install/manipulator_msgs/share/manipulator_msgs/environment/pythonpath.sh
[3.126s] -- Symlinking: /home/host/onda/ros_ws/install/manipulator_msgs/share/manipulator_msgs/environment/pythonpath.dsv
[3.133s] -- Symlinking: /home/host/onda/ros_ws/install/manipulator_msgs/local/lib/python3.10/dist-packages/manipulator_msgs-1.0.0-py3.10.egg-info/PKG-INFO
[3.140s] -- Symlinking: /home/host/onda/ros_ws/install/manipulator_msgs/local/lib/python3.10/dist-packages/manipulator_msgs-1.0.0-py3.10.egg-info/SOURCES.txt
[3.144s] -- Symlinking: /home/host/onda/ros_ws/install/manipulator_msgs/local/lib/python3.10/dist-packages/manipulator_msgs-1.0.0-py3.10.egg-info/dependency_links.txt
[3.151s] -- Symlinking: /home/host/onda/ros_ws/install/manipulator_msgs/local/lib/python3.10/dist-packages/manipulator_msgs-1.0.0-py3.10.egg-info/top_level.txt
[3.165s] -- Symlinking: /home/host/onda/ros_ws/install/manipulator_msgs/local/lib/python3.10/dist-packages/manipulator_msgs/__init__.py
[3.174s] -- Symlinking: /home/host/onda/ros_ws/install/manipulator_msgs/local/lib/python3.10/dist-packages/manipulator_msgs/_manipulator_msgs_s.ep.rosidl_typesupport_c.c
[3.187s] -- Symlinking: /home/host/onda/ros_ws/install/manipulator_msgs/local/lib/python3.10/dist-packages/manipulator_msgs/_manipulator_msgs_s.ep.rosidl_typesupport_fastrtps_c.c
[3.193s] -- Symlinking: /home/host/onda/ros_ws/install/manipulator_msgs/local/lib/python3.10/dist-packages/manipulator_msgs/_manipulator_msgs_s.ep.rosidl_typesupport_introspection_c.c
[3.200s] -- Symlinking: /home/host/onda/ros_ws/install/manipulator_msgs/local/lib/python3.10/dist-packages/manipulator_msgs/libmanipulator_msgs__rosidl_generator_py.so
[3.207s] -- Symlinking: /home/host/onda/ros_ws/install/manipulator_msgs/local/lib/python3.10/dist-packages/manipulator_msgs/manipulator_msgs_s__rosidl_typesupport_c.cpython-310-x86_64-linux-gnu.so
[3.218s] -- Symlinking: /home/host/onda/ros_ws/install/manipulator_msgs/local/lib/python3.10/dist-packages/manipulator_msgs/manipulator_msgs_s__rosidl_typesupport_fastrtps_c.cpython-310-x86_64-linux-gnu.so
[3.229s] -- Symlinking: /home/host/onda/ros_ws/install/manipulator_msgs/local/lib/python3.10/dist-packages/manipulator_msgs/manipulator_msgs_s__rosidl_typesupport_introspection_c.cpython-310-x86_64-linux-gnu.so
[3.239s] -- Symlinking: /home/host/onda/ros_ws/install/manipulator_msgs/local/lib/python3.10/dist-packages/manipulator_msgs/srv/__init__.py
[3.249s] -- Symlinking: /home/host/onda/ros_ws/install/manipulator_msgs/local/lib/python3.10/dist-packages/manipulator_msgs/srv/_apply_disturbance.py
[3.256s] -- Symlinking: /home/host/onda/ros_ws/install/manipulator_msgs/local/lib/python3.10/dist-packages/manipulator_msgs/srv/_apply_disturbance_s.c
[3.267s] -- Up-to-date symlink: /home/host/onda/ros_ws/install/manipulator_msgs/local/lib/python3.10/dist-packages/manipulator_msgs/manipulator_msgs_s__rosidl_typesupport_fastrtps_c.cpython-310-x86_64-linux-gnu.so
[3.267s] -- Up-to-date symlink: /home/host/onda/ros_ws/install/manipulator_msgs/local/lib/python3.10/dist-packages/manipulator_msgs/manipulator_msgs_s__rosidl_typesupport_introspection_c.cpython-310-x86_64-linux-gnu.so
[3.268s] -- Up-to-date symlink: /home/host/onda/ros_ws/install/manipulator_msgs/local/lib/python3.10/dist-packages/manipulator_msgs/manipulator_msgs_s__rosidl_typesupport_c.cpython-310-x86_64-linux-gnu.so
[3.268s] -- Symlinking: /home/host/onda/ros_ws/install/manipulator_msgs/share/manipulator_msgs/srv/ApplyDisturbance.idl
[3.276s] -- Symlinking: /home/host/onda/ros_ws/install/manipulator_msgs/share/manipulator_msgs/srv/ApplyDisturbance.srv
[3.284s] -- Symlinking: /home/host/onda/ros_ws/install/manipulator_msgs/share/manipulator_msgs/srv/ApplyDisturbance_Request.msg
[3.291s] -- Symlinking: /home/host/onda/ros_ws/install/manipulator_msgs/share/manipulator_msgs/srv/ApplyDisturbance_Response.msg
[3.299s] -- Symlinking: /home/host/onda/ros_ws/install/manipulator_msgs/share/ament_index/resource_index/package_run_dependencies/manipulator_msgs
[3.307s] -- Symlinking: /home/host/onda/ros_ws/install/manipulator_msgs/share/ament_index/resource_index/parent_prefix_path/manipulator_msgs
[3.321s] -- Symlinking: /home/host/onda/ros_ws/install/manipulator_msgs/share/manipulator_msgs/environment/ament_prefix_path.sh
[3.336s] -- Symlinking: /home/host/onda/ros_ws/install/manipulator_msgs/share/manipulator_msgs/environment/ament_prefix_path.dsv
[3.346s] -- Symlinking: /home/host/onda/ros_ws/install/manipulator_msgs/share/manipulator_msgs/environment/path.sh
[3.353s] -- Symlinking: /home/host/onda/ros_ws/install/manipulator_msgs/share/manipulator_msgs/environment/path.dsv
[3.359s] -- Symlinking: /home/host/onda/ros_ws/install/manipulator_msgs/share/manipulator_msgs/local_setup.bash
[3.370s] -- Symlinking: /home/host/onda/ros_ws/install/manipulator_msgs/share/manipulator_msgs/local_setup.sh
[3.380s] -- Symlinking: /home/host/onda/ros_ws/install/manipulator_msgs/share/manipulator_msgs/local_setup.zsh
[3.392s] -- Symlinking: /home/host/onda/ros_ws/install/manipulator_msgs/share/manipulator_msgs/local_setup.dsv
[3.402s] -- Symlinking: /home/host/onda/ros_ws/install/manipulator_msgs/share/manipulator_msgs/package.dsv
[3.412s] -- Symlinking: /home/host/onda/ros_ws/install/manipulator_msgs/share/ament_index/resource_index/packages/manipulator_msgs
[3.423s] -- Symlinking: /home/host/onda/ros_ws/install/manipulator_msgs/share/manipulator_msgs/cmake/rosidl_cmake-extras.cmake
[3.430s] -- Symlinking: /home/host/onda/ros_ws/install/manipulator_msgs/share/manipulator_msgs/cmake/ament_cmake_export_dependencies-extras.cmake
[3.440s] -- Symlinking: /home/host/onda/ros_ws/install/manipulator_msgs/share/manipulator_msgs/cmake/ament_cmake_export_include_directories-extras.cmake
[3.450s] -- Symlinking: /home/host/onda/ros_ws/install/manipulator_msgs/share/manipulator_msgs/cmake/ament_cmake_export_libraries-extras.cmake
[3.458s] -- Symlinking: /home/host/onda/ros_ws/install/manipulator_msgs/share/manipulator_msgs/cmake/ament_cmake_export_targets-extras.cmake
[3.467s] -- Symlinking: /home/host/onda/ros_ws/install/manipulator_msgs/share/manipulator_msgs/cmake/rosidl_cmake_export_typesupport_targets-extras.cmake
[3.477s] -- Symlinking: /home/host/onda/ros_ws/install/manipulator_msgs/share/manipulator_msgs/cmake/rosidl_cmake_export_typesupport_libraries-extras.cmake
[3.486s] -- Symlinking: /home/host/onda/ros_ws/install/manipulator_msgs/share/manipulator_msgs/cmake/manipulator_msgsConfig.cmake
[3.495s] -- Symlinking: /home/host/onda/ros_ws/install/manipulator_msgs/share/manipulator_msgs/cmake/manipulator_msgsConfig-version.cmake
[3.503s] -- Symlinking: /home/host/onda/ros_ws/install/manipulator_msgs/share/manipulator_msgs/package.xml
[3.511s] -- Installing: /home/host/onda/ros_ws/install/manipulator_msgs/lib/libmanipulator_msgs__rosidl_generator_c.so
[3.512s] -- Set runtime path of "/home/host/onda/ros_ws/install/manipulator_msgs/lib/libmanipulator_msgs__rosidl_generator_c.so" to ""
[3.512s] -- Installing: /home/host/onda/ros_ws/install/manipulator_msgs/lib/libmanipulator_msgs__rosidl_typesupport_fastrtps_c.so
[3.512s] -- Set runtime path of "/home/host/onda/ros_ws/install/manipulator_msgs/lib/libmanipulator_msgs__rosidl_typesupport_fastrtps_c.so" to ""
[3.512s] -- Installing: /home/host/onda/ros_ws/install/manipulator_msgs/lib/libmanipulator_msgs__rosidl_typesupport_introspection_c.so
[3.513s] -- Set runtime path of "/home/host/onda/ros_ws/install/manipulator_msgs/lib/libmanipulator_msgs__rosidl_typesupport_introspection_c.so" to ""
[3.513s] -- Installing: /home/host/onda/ros_ws/install/manipulator_msgs/lib/libmanipulator_msgs__rosidl_typesupport_c.so
[3.513s] -- Set runtime path of "/home/host/onda/ros_ws/install/manipulator_msgs/lib/libmanipulator_msgs__rosidl_typesupport_c.so" to ""
[3.513s] -- Installing: /home/host/onda/ros_ws/install/manipulator_msgs/lib/libmanipulator_msgs__rosidl_typesupport_fastrtps_cpp.so
[3.513s] -- Set runtime path of "/home/host/onda/ros_ws/install/manipulator_msgs/lib/libmanipulator_msgs__rosidl_typesupport_fastrtps_cpp.so" to ""
[3.514s] -- Installing: /home/host/onda/ros_ws/install/manipulator_msgs/lib/libmanipulator_msgs__rosidl_typesupport_introspection_cpp.so
[3.514s] -- Set runtime path of "/home/host/onda/ros_ws/install/manipulator_msgs/lib/libmanipulator_msgs__rosidl_typesupport_introspection_cpp.so" to ""
[3.514s] -- Installing: /home/host/onda/ros_ws/install/manipulator_msgs/lib/libmanipulator_msgs__rosidl_typesupport_cpp.so
[3.515s] -- Set runtime path of "/home/host/onda/ros_ws/install/manipulator_msgs/lib/libmanipulator_msgs__rosidl_typesupport_cpp.so" to ""
[3.541s] Listing '/home/host/onda/ros_ws/install/manipulator_msgs/local/lib/python3.10/dist-packages/manipulator_msgs'...
[3.542s] Compiling '/home/host/onda/ros_ws/install/manipulator_msgs/local/lib/python3.10/dist-packages/manipulator_msgs/__init__.py'...
[3.542s] Listing '/home/host/onda/ros_ws/install/manipulator_msgs/local/lib/python3.10/dist-packages/manipulator_msgs/srv'...
[3.542s] Compiling '/home/host/onda/ros_ws/install/manipulator_msgs/local/lib/python3.10/dist-packages/manipulator_msgs/srv/__init__.py'...
[3.542s] Compiling '/home/host/onda/ros_ws/install/manipulator_msgs/local/lib/python3.10/dist-packages/manipulator_msgs/srv/_apply_disturbance.py'...
[3.544s] -- Installing: /home/host/onda/ros_ws/install/manipulator_msgs/lib/libmanipulator_msgs__rosidl_generator_py.so
[3.544s] -- Set runtime path of "/home/host/onda/ros_ws/install/manipulator_msgs/lib/libmanipulator_msgs__rosidl_generator_py.so" to ""
[3.544s] -- Installing: /home/host/onda/ros_ws/install/manipulator_msgs/share/manipulator_msgs/cmake/export_manipulator_msgs__rosidl_generator_cExport.cmake
[3.544s] -- Installing: /home/host/onda/ros_ws/install/manipulator_msgs/share/manipulator_msgs/cmake/export_manipulator_msgs__rosidl_generator_cExport-noconfig.cmake
[3.544s] -- Installing: /home/host/onda/ros_ws/install/manipulator_msgs/share/manipulator_msgs/cmake/export_manipulator_msgs__rosidl_typesupport_fastrtps_cExport.cmake
[3.544s] -- Installing: /home/host/onda/ros_ws/install/manipulator_msgs/share/manipulator_msgs/cmake/export_manipulator_msgs__rosidl_typesupport_fastrtps_cExport-noconfig.cmake
[3.544s] -- Installing: /home/host/onda/ros_ws/install/manipulator_msgs/share/manipulator_msgs/cmake/manipulator_msgs__rosidl_typesupport_introspection_cExport.cmake
[3.544s] -- Installing: /home/host/onda/ros_ws/install/manipulator_msgs/share/manipulator_msgs/cmake/manipulator_msgs__rosidl_typesupport_introspection_cExport-noconfig.cmake
[3.545s] -- Installing: /home/host/onda/ros_ws/install/manipulator_msgs/share/manipulator_msgs/cmake/manipulator_msgs__rosidl_typesupport_cExport.cmake
[3.545s] -- Installing: /home/host/onda/ros_ws/install/manipulator_msgs/share/manipulator_msgs/cmake/manipulator_msgs__rosidl_typesupport_cExport-noconfig.cmake
[3.545s] -- Installing: /home/host/onda/ros_ws/install/manipulator_msgs/share/manipulator_msgs/cmake/export_manipulator_msgs__rosidl_generator_cppExport.cmake
[3.545s] -- Installing: /home/host/onda/ros_ws/install/manipulator_msgs/share/manipulator_msgs/cmake/export_manipulator_msgs__rosidl_typesupport_fastrtps_cppExport.cmake
[3.545s] -- Installing: /home/host/onda/ros_ws/install/manipulator_msgs/share/manipulator_msgs/cmake/export_manipulator_msgs__rosidl_typesupport_fastrtps_cppExport-noconfig.cmake
[3.545s] -- Installing: /home/host/onda/ros_ws/install/manipulator_msgs/share/manipulator_msgs/cmake/manipulator_msgs__rosidl_typesupport_introspection_cppExport.cmake
[3.545s] -- Installing: /home/host/onda/ros_ws/install/manipulator_msgs/share/manipulator_msgs/cmake/manipulator_msgs__rosidl_typesupport_introspection_cppExport-noconfig.cmake
[3.545s] -- Installing: /home/host/onda/ros_ws/install/manipulator_msgs/share/manipulator_msgs/cmake/manipulator_msgs__rosidl_typesupport_cppExport.cmake
[3.545s] -- Installing: /home/host/onda/ros_ws/install/manipulator_msgs/share/manipulator_msgs/cmake/manipulator_msgs__rosidl_typesupport_cppExport-noconfig.cmake
[3.545s] -- Installing: /home/host/onda/ros_ws/install/manipulator_msgs/share/manipulator_msgs/cmake/export_manipulator_msgs__rosidl_generator_pyExport.cmake
[3.545s] -- Installing: /home/host/onda/ros_ws/install/manipulator_msgs/share/manipulator_msgs/cmake/export_manipulator_msgs__rosidl_generator_pyExport-noconfig.cmake
[3.547s] Invoked command in '/home/host/onda/ros_ws/build/manipulator_msgs' returned '0': CMAKE_PREFIX_PATH=/opt/ros/humble /usr/bin/cmake --install /home/host/onda/ros_ws/build/manipulator_msgs
