-- The C compiler identification is GNU 11.4.0
-- The CXX compiler identification is GNU 11.4.0
-- Detecting C compiler ABI info
-- Detecting C compiler ABI info - done
-- Check for working C compiler: /usr/bin/cc - skipped
-- Detecting C compile features
-- Detecting C compile features - done
-- Detecting CXX compiler ABI info
-- Detecting CXX compiler ABI info - done
-- Check for working CXX compiler: /usr/bin/c++ - skipped
-- Detecting CXX compile features
-- Detecting CXX compile features - done
-- Found ament_cmake: 1.3.12 (/opt/ros/humble/share/ament_cmake/cmake)
-- Found Python3: /usr/bin/python3 (found version "3.10.12") found components: Interpreter 
-- Override CMake install command with custom implementation using symlinks instead of copying resources
-- Found urdf: 2.6.1 (/opt/ros/humble/share/urdf/cmake)
-- Found xacro: 2.1.1 (/opt/ros/humble/share/xacro/cmake)
-- Found ament_lint_auto: 0.12.14 (/opt/ros/humble/share/ament_lint_auto/cmake)
-- Added test 'copyright' to check source files copyright and LICENSE
-- Added test 'flake8' to check Python code syntax and style conventions
-- Added test 'lint_cmake' to check CMake code style
-- Added test 'pep257' to check Python code against some of the docstring style conventions in PEP 257
-- Added test 'xmllint' to check XML markup files
-- Configuring done
-- Generating done
-- Build files have been written to: /home/host/onda/ros_ws/build/braco_description
-- Install configuration: ""
-- Execute custom install script
-- Symlinking: /home/host/onda/ros_ws/install/braco_description/share/braco_description//urdf/Braço.gazebo
-- Symlinking: /home/host/onda/ros_ws/install/braco_description/share/braco_description//urdf/Braço.trans
-- Symlinking: /home/host/onda/ros_ws/install/braco_description/share/braco_description//urdf/Braço.xacro
-- Symlinking: /home/host/onda/ros_ws/install/braco_description/share/braco_description//urdf/braco.urdf
-- Symlinking: /home/host/onda/ros_ws/install/braco_description/share/braco_description//urdf/braco_fixed.urdf
-- Symlinking: /home/host/onda/ros_ws/install/braco_description/share/braco_description//urdf/materials.xacro
-- Symlinking: /home/host/onda/ros_ws/install/braco_description/share/braco_description//meshes/base_link.stl
-- Symlinking: /home/host/onda/ros_ws/install/braco_description/share/braco_description//meshes/prism1_1.stl
-- Symlinking: /home/host/onda/ros_ws/install/braco_description/share/braco_description//meshes/rot1_1.stl
-- Symlinking: /home/host/onda/ros_ws/install/braco_description/share/braco_description//meshes/rot2_1.stl
-- Symlinking: /home/host/onda/ros_ws/install/braco_description/share/braco_description//meshes/rot3_1.stl
-- Symlinking: /home/host/onda/ros_ws/install/braco_description/share/braco_description//meshes/rot4_1.stl
-- Symlinking: /home/host/onda/ros_ws/install/braco_description/share/braco_description//launch/controller.launch
-- Symlinking: /home/host/onda/ros_ws/install/braco_description/share/braco_description//launch/controller.yaml
-- Symlinking: /home/host/onda/ros_ws/install/braco_description/share/braco_description//launch/display.launch
-- Symlinking: /home/host/onda/ros_ws/install/braco_description/share/braco_description//launch/display.launch.py
-- Symlinking: /home/host/onda/ros_ws/install/braco_description/share/braco_description//launch/gazebo.launch
-- Symlinking: /home/host/onda/ros_ws/install/braco_description/share/braco_description//launch/gazebo.launch.py
-- Symlinking: /home/host/onda/ros_ws/install/braco_description/share/braco_description//launch/urdf.rviz
-- Up-to-date symlink: /home/host/onda/ros_ws/install/braco_description/share/braco_description/launch//controller.yaml
-- Up-to-date symlink: /home/host/onda/ros_ws/install/braco_description/share/braco_description/launch//urdf.rviz
-- Symlinking: /home/host/onda/ros_ws/install/braco_description/share/ament_index/resource_index/package_run_dependencies/braco_description
-- Symlinking: /home/host/onda/ros_ws/install/braco_description/share/ament_index/resource_index/parent_prefix_path/braco_description
-- Symlinking: /home/host/onda/ros_ws/install/braco_description/share/braco_description/environment/ament_prefix_path.sh
-- Symlinking: /home/host/onda/ros_ws/install/braco_description/share/braco_description/environment/ament_prefix_path.dsv
-- Symlinking: /home/host/onda/ros_ws/install/braco_description/share/braco_description/environment/path.sh
-- Symlinking: /home/host/onda/ros_ws/install/braco_description/share/braco_description/environment/path.dsv
-- Symlinking: /home/host/onda/ros_ws/install/braco_description/share/braco_description/local_setup.bash
-- Symlinking: /home/host/onda/ros_ws/install/braco_description/share/braco_description/local_setup.sh
-- Symlinking: /home/host/onda/ros_ws/install/braco_description/share/braco_description/local_setup.zsh
-- Symlinking: /home/host/onda/ros_ws/install/braco_description/share/braco_description/local_setup.dsv
-- Symlinking: /home/host/onda/ros_ws/install/braco_description/share/braco_description/package.dsv
-- Symlinking: /home/host/onda/ros_ws/install/braco_description/share/ament_index/resource_index/packages/braco_description
-- Symlinking: /home/host/onda/ros_ws/install/braco_description/share/braco_description/cmake/braco_descriptionConfig.cmake
-- Symlinking: /home/host/onda/ros_ws/install/braco_description/share/braco_description/cmake/braco_descriptionConfig-version.cmake
-- Symlinking: /home/host/onda/ros_ws/install/braco_description/share/braco_description/package.xml
