[0.008s] Invoking command in '/home/host/onda/ros_ws/build/braco_description': CMAKE_PREFIX_PATH=/opt/ros/humble /usr/bin/cmake /home/host/onda/ros_ws/src/braco_description -DAMENT_CMAKE_SYMLINK_INSTALL=1 -DCMAKE_INSTALL_PREFIX=/home/host/onda/ros_ws/install/braco_description
[0.045s] -- The C compiler identification is GNU 11.4.0
[0.087s] -- The CXX compiler identification is GNU 11.4.0
[0.093s] -- Detecting C compiler ABI info
[0.150s] -- Detecting C compiler ABI info - done
[0.154s] -- Check for working C compiler: /usr/bin/cc - skipped
[0.154s] -- Detecting C compile features
[0.155s] -- Detecting C compile features - done
[0.156s] -- Detecting CXX compiler ABI info
[0.208s] -- Detecting CXX compiler ABI info - done
[0.218s] -- Check for working CXX compiler: /usr/bin/c++ - skipped
[0.218s] -- Detecting CXX compile features
[0.218s] -- Detecting CXX compile features - done
[0.220s] -- Found ament_cmake: 1.3.12 (/opt/ros/humble/share/ament_cmake/cmake)
[0.329s] -- Found Python3: /usr/bin/python3 (found version "3.10.12") found components: Interpreter 
[0.388s] -- Override CMake install command with custom implementation using symlinks instead of copying resources
[0.421s] -- Found urdf: 2.6.1 (/opt/ros/humble/share/urdf/cmake)
[0.462s] -- Found xacro: 2.1.1 (/opt/ros/humble/share/xacro/cmake)
[0.463s] -- Found ament_lint_auto: 0.12.14 (/opt/ros/humble/share/ament_lint_auto/cmake)
[0.523s] -- Added test 'copyright' to check source files copyright and LICENSE
[0.525s] -- Added test 'flake8' to check Python code syntax and style conventions
[0.526s] -- Added test 'lint_cmake' to check CMake code style
[0.526s] -- Added test 'pep257' to check Python code against some of the docstring style conventions in PEP 257
[0.527s] -- Added test 'xmllint' to check XML markup files
[0.528s] -- Configuring done
[0.530s] -- Generating done
[0.531s] -- Build files have been written to: /home/host/onda/ros_ws/build/braco_description
[0.535s] Invoked command in '/home/host/onda/ros_ws/build/braco_description' returned '0': CMAKE_PREFIX_PATH=/opt/ros/humble /usr/bin/cmake /home/host/onda/ros_ws/src/braco_description -DAMENT_CMAKE_SYMLINK_INSTALL=1 -DCMAKE_INSTALL_PREFIX=/home/host/onda/ros_ws/install/braco_description
[0.537s] Invoking command in '/home/host/onda/ros_ws/build/braco_description': CMAKE_PREFIX_PATH=/opt/ros/humble /usr/bin/cmake --build /home/host/onda/ros_ws/build/braco_description -- -j20 -l20
[0.566s] Invoked command in '/home/host/onda/ros_ws/build/braco_description' returned '0': CMAKE_PREFIX_PATH=/opt/ros/humble /usr/bin/cmake --build /home/host/onda/ros_ws/build/braco_description -- -j20 -l20
[0.572s] Invoking command in '/home/host/onda/ros_ws/build/braco_description': CMAKE_PREFIX_PATH=/opt/ros/humble /usr/bin/cmake --install /home/host/onda/ros_ws/build/braco_description
[0.578s] -- Install configuration: ""
[0.578s] -- Execute custom install script
[0.578s] -- Symlinking: /home/host/onda/ros_ws/install/braco_description/share/braco_description//urdf/Braço.gazebo
[0.584s] -- Symlinking: /home/host/onda/ros_ws/install/braco_description/share/braco_description//urdf/Braço.trans
[0.590s] -- Symlinking: /home/host/onda/ros_ws/install/braco_description/share/braco_description//urdf/Braço.xacro
[0.595s] -- Symlinking: /home/host/onda/ros_ws/install/braco_description/share/braco_description//urdf/braco.urdf
[0.604s] -- Symlinking: /home/host/onda/ros_ws/install/braco_description/share/braco_description//urdf/braco_fixed.urdf
[0.611s] -- Symlinking: /home/host/onda/ros_ws/install/braco_description/share/braco_description//urdf/materials.xacro
[0.618s] -- Symlinking: /home/host/onda/ros_ws/install/braco_description/share/braco_description//meshes/base_link.stl
[0.625s] -- Symlinking: /home/host/onda/ros_ws/install/braco_description/share/braco_description//meshes/prism1_1.stl
[0.633s] -- Symlinking: /home/host/onda/ros_ws/install/braco_description/share/braco_description//meshes/rot1_1.stl
[0.642s] -- Symlinking: /home/host/onda/ros_ws/install/braco_description/share/braco_description//meshes/rot2_1.stl
[0.648s] -- Symlinking: /home/host/onda/ros_ws/install/braco_description/share/braco_description//meshes/rot3_1.stl
[0.653s] -- Symlinking: /home/host/onda/ros_ws/install/braco_description/share/braco_description//meshes/rot4_1.stl
[0.662s] -- Symlinking: /home/host/onda/ros_ws/install/braco_description/share/braco_description//launch/controller.launch
[0.669s] -- Symlinking: /home/host/onda/ros_ws/install/braco_description/share/braco_description//launch/controller.yaml
[0.676s] -- Symlinking: /home/host/onda/ros_ws/install/braco_description/share/braco_description//launch/display.launch
[0.683s] -- Symlinking: /home/host/onda/ros_ws/install/braco_description/share/braco_description//launch/display.launch.py
[0.690s] -- Symlinking: /home/host/onda/ros_ws/install/braco_description/share/braco_description//launch/gazebo.launch
[0.695s] -- Symlinking: /home/host/onda/ros_ws/install/braco_description/share/braco_description//launch/gazebo.launch.py
[0.702s] -- Symlinking: /home/host/onda/ros_ws/install/braco_description/share/braco_description//launch/urdf.rviz
[0.708s] -- Up-to-date symlink: /home/host/onda/ros_ws/install/braco_description/share/braco_description/launch//controller.yaml
[0.708s] -- Up-to-date symlink: /home/host/onda/ros_ws/install/braco_description/share/braco_description/launch//urdf.rviz
[0.708s] -- Symlinking: /home/host/onda/ros_ws/install/braco_description/share/ament_index/resource_index/package_run_dependencies/braco_description
[0.716s] -- Symlinking: /home/host/onda/ros_ws/install/braco_description/share/ament_index/resource_index/parent_prefix_path/braco_description
[0.724s] -- Symlinking: /home/host/onda/ros_ws/install/braco_description/share/braco_description/environment/ament_prefix_path.sh
[0.730s] -- Symlinking: /home/host/onda/ros_ws/install/braco_description/share/braco_description/environment/ament_prefix_path.dsv
[0.734s] -- Symlinking: /home/host/onda/ros_ws/install/braco_description/share/braco_description/environment/path.sh
[0.740s] -- Symlinking: /home/host/onda/ros_ws/install/braco_description/share/braco_description/environment/path.dsv
[0.747s] -- Symlinking: /home/host/onda/ros_ws/install/braco_description/share/braco_description/local_setup.bash
[0.752s] -- Symlinking: /home/host/onda/ros_ws/install/braco_description/share/braco_description/local_setup.sh
[0.759s] -- Symlinking: /home/host/onda/ros_ws/install/braco_description/share/braco_description/local_setup.zsh
[0.765s] -- Symlinking: /home/host/onda/ros_ws/install/braco_description/share/braco_description/local_setup.dsv
[0.773s] -- Symlinking: /home/host/onda/ros_ws/install/braco_description/share/braco_description/package.dsv
[0.782s] -- Symlinking: /home/host/onda/ros_ws/install/braco_description/share/ament_index/resource_index/packages/braco_description
[0.789s] -- Symlinking: /home/host/onda/ros_ws/install/braco_description/share/braco_description/cmake/braco_descriptionConfig.cmake
[0.797s] -- Symlinking: /home/host/onda/ros_ws/install/braco_description/share/braco_description/cmake/braco_descriptionConfig-version.cmake
[0.806s] -- Symlinking: /home/host/onda/ros_ws/install/braco_description/share/braco_description/package.xml
[0.817s] Invoked command in '/home/host/onda/ros_ws/build/braco_description' returned '0': CMAKE_PREFIX_PATH=/opt/ros/humble /usr/bin/cmake --install /home/host/onda/ros_ws/build/braco_description
