[0.130s] DEBUG:colcon:Command line arguments: ['/usr/bin/colcon', 'build']
[0.130s] DEBUG:colcon:Parsed command line arguments: Namespace(log_base=None, log_level=None, verb_name='build', build_base='build', install_base='install', merge_install=False, symlink_install=False, test_result_base=None, continue_on_error=False, executor='parallel', parallel_workers=8, event_handlers=None, ignore_user_meta=False, metas=['./colcon.meta'], base_paths=['.'], packages_ignore=None, packages_ignore_regex=None, paths=None, packages_up_to=None, packages_up_to_regex=None, packages_above=None, packages_above_and_dependencies=None, packages_above_depth=None, packages_select_by_dep=None, packages_skip_by_dep=None, packages_skip_up_to=None, packages_select_build_failed=False, packages_skip_build_finished=False, packages_select_test_failures=False, packages_skip_test_passed=False, packages_select=None, packages_skip=None, packages_select_regex=None, packages_skip_regex=None, packages_start=None, packages_end=None, cmake_args=None, cmake_target=None, cmake_target_skip_unavailable=False, cmake_clean_cache=False, cmake_clean_first=False, cmake_force_configure=False, ament_cmake_args=None, catkin_cmake_args=None, catkin_skip_building_tests=False, mixin_files=None, mixin=None, verb_parser=<colcon_mixin.mixin.mixin_argument.MixinArgumentDecorator object at 0x7fb0ed9d8160>, verb_extension=<colcon_core.verb.build.BuildVerb object at 0x7fb0edbc9b40>, main=<bound method BuildVerb.main of <colcon_core.verb.build.BuildVerb object at 0x7fb0edbc9b40>>, mixin_verb=('build',))
[0.302s] Level 1:colcon.colcon_core.package_discovery:discover_packages(colcon_meta) check parameters
[0.303s] Level 1:colcon.colcon_core.package_discovery:discover_packages(recursive) check parameters
[0.303s] Level 1:colcon.colcon_core.package_discovery:discover_packages(ignore) check parameters
[0.303s] Level 1:colcon.colcon_core.package_discovery:discover_packages(path) check parameters
[0.303s] Level 1:colcon.colcon_core.package_discovery:discover_packages(colcon_meta) discover
[0.303s] Level 1:colcon.colcon_core.package_discovery:discover_packages(recursive) discover
[0.303s] INFO:colcon.colcon_core.package_discovery:Crawling recursively for packages in '/home/host/ros_ws'
[0.303s] Level 1:colcon.colcon_core.package_identification:_identify(.) by extensions ['ignore', 'ignore_ament_install']
[0.303s] Level 1:colcon.colcon_core.package_identification:_identify(.) by extension 'ignore'
[0.303s] Level 1:colcon.colcon_core.package_identification:_identify(.) by extension 'ignore_ament_install'
[0.303s] Level 1:colcon.colcon_core.package_identification:_identify(.) by extensions ['colcon_pkg']
[0.303s] Level 1:colcon.colcon_core.package_identification:_identify(.) by extension 'colcon_pkg'
[0.303s] Level 1:colcon.colcon_core.package_identification:_identify(.) by extensions ['colcon_meta']
[0.303s] Level 1:colcon.colcon_core.package_identification:_identify(.) by extension 'colcon_meta'
[0.303s] Level 1:colcon.colcon_core.package_identification:_identify(.) by extensions ['ros']
[0.303s] Level 1:colcon.colcon_core.package_identification:_identify(.) by extension 'ros'
[0.316s] Level 1:colcon.colcon_core.package_identification:_identify(.) by extensions ['cmake', 'python']
[0.316s] Level 1:colcon.colcon_core.package_identification:_identify(.) by extension 'cmake'
[0.316s] Level 1:colcon.colcon_core.package_identification:_identify(.) by extension 'python'
[0.316s] Level 1:colcon.colcon_core.package_identification:_identify(.) by extensions ['python_setup_py']
[0.316s] Level 1:colcon.colcon_core.package_identification:_identify(.) by extension 'python_setup_py'
[0.316s] Level 1:colcon.colcon_core.package_identification:_identify(Braço_description) by extensions ['ignore', 'ignore_ament_install']
[0.316s] Level 1:colcon.colcon_core.package_identification:_identify(Braço_description) by extension 'ignore'
[0.316s] Level 1:colcon.colcon_core.package_identification:_identify(Braço_description) by extension 'ignore_ament_install'
[0.316s] Level 1:colcon.colcon_core.package_identification:_identify(Braço_description) by extensions ['colcon_pkg']
[0.316s] Level 1:colcon.colcon_core.package_identification:_identify(Braço_description) by extension 'colcon_pkg'
[0.316s] Level 1:colcon.colcon_core.package_identification:_identify(Braço_description) by extensions ['colcon_meta']
[0.316s] Level 1:colcon.colcon_core.package_identification:_identify(Braço_description) by extension 'colcon_meta'
[0.316s] Level 1:colcon.colcon_core.package_identification:_identify(Braço_description) by extensions ['ros']
[0.316s] Level 1:colcon.colcon_core.package_identification:_identify(Braço_description) by extension 'ros'
[0.317s] Level 1:colcon.colcon_core.package_identification:_identify(Braço_description) by extensions ['cmake', 'python']
[0.317s] Level 1:colcon.colcon_core.package_identification:_identify(Braço_description) by extension 'cmake'
[0.317s] Level 1:colcon.colcon_core.package_identification:_identify(Braço_description) by extension 'python'
[0.317s] Level 1:colcon.colcon_core.package_identification:_identify(Braço_description) by extensions ['python_setup_py']
[0.317s] Level 1:colcon.colcon_core.package_identification:_identify(Braço_description) by extension 'python_setup_py'
[0.317s] Level 1:colcon.colcon_core.package_identification:_identify(Braço_description/urdf) by extensions ['ignore', 'ignore_ament_install']
[0.317s] Level 1:colcon.colcon_core.package_identification:_identify(Braço_description/urdf) by extension 'ignore'
[0.317s] Level 1:colcon.colcon_core.package_identification:_identify(Braço_description/urdf) by extension 'ignore_ament_install'
[0.317s] Level 1:colcon.colcon_core.package_identification:_identify(Braço_description/urdf) by extensions ['colcon_pkg']
[0.317s] Level 1:colcon.colcon_core.package_identification:_identify(Braço_description/urdf) by extension 'colcon_pkg'
[0.317s] Level 1:colcon.colcon_core.package_identification:_identify(Braço_description/urdf) by extensions ['colcon_meta']
[0.317s] Level 1:colcon.colcon_core.package_identification:_identify(Braço_description/urdf) by extension 'colcon_meta'
[0.317s] Level 1:colcon.colcon_core.package_identification:_identify(Braço_description/urdf) by extensions ['ros']
[0.317s] Level 1:colcon.colcon_core.package_identification:_identify(Braço_description/urdf) by extension 'ros'
[0.317s] Level 1:colcon.colcon_core.package_identification:_identify(Braço_description/urdf) by extensions ['cmake', 'python']
[0.317s] Level 1:colcon.colcon_core.package_identification:_identify(Braço_description/urdf) by extension 'cmake'
[0.317s] Level 1:colcon.colcon_core.package_identification:_identify(Braço_description/urdf) by extension 'python'
[0.317s] Level 1:colcon.colcon_core.package_identification:_identify(Braço_description/urdf) by extensions ['python_setup_py']
[0.318s] Level 1:colcon.colcon_core.package_identification:_identify(Braço_description/urdf) by extension 'python_setup_py'
[0.318s] Level 1:colcon.colcon_core.package_identification:_identify(build) by extensions ['ignore', 'ignore_ament_install']
[0.318s] Level 1:colcon.colcon_core.package_identification:_identify(build) by extension 'ignore'
[0.318s] Level 1:colcon.colcon_core.package_identification:_identify(build) ignored
[0.318s] Level 1:colcon.colcon_core.package_identification:_identify(install) by extensions ['ignore', 'ignore_ament_install']
[0.318s] Level 1:colcon.colcon_core.package_identification:_identify(install) by extension 'ignore'
[0.318s] Level 1:colcon.colcon_core.package_identification:_identify(install) ignored
[0.318s] Level 1:colcon.colcon_core.package_identification:_identify(log) by extensions ['ignore', 'ignore_ament_install']
[0.318s] Level 1:colcon.colcon_core.package_identification:_identify(log) by extension 'ignore'
[0.318s] Level 1:colcon.colcon_core.package_identification:_identify(log) ignored
[0.319s] Level 1:colcon.colcon_core.package_identification:_identify(src) by extensions ['ignore', 'ignore_ament_install']
[0.319s] Level 1:colcon.colcon_core.package_identification:_identify(src) by extension 'ignore'
[0.319s] Level 1:colcon.colcon_core.package_identification:_identify(src) by extension 'ignore_ament_install'
[0.319s] Level 1:colcon.colcon_core.package_identification:_identify(src) by extensions ['colcon_pkg']
[0.319s] Level 1:colcon.colcon_core.package_identification:_identify(src) by extension 'colcon_pkg'
[0.319s] Level 1:colcon.colcon_core.package_identification:_identify(src) by extensions ['colcon_meta']
[0.319s] Level 1:colcon.colcon_core.package_identification:_identify(src) by extension 'colcon_meta'
[0.319s] Level 1:colcon.colcon_core.package_identification:_identify(src) by extensions ['ros']
[0.319s] Level 1:colcon.colcon_core.package_identification:_identify(src) by extension 'ros'
[0.319s] Level 1:colcon.colcon_core.package_identification:_identify(src) by extensions ['cmake', 'python']
[0.319s] Level 1:colcon.colcon_core.package_identification:_identify(src) by extension 'cmake'
[0.319s] Level 1:colcon.colcon_core.package_identification:_identify(src) by extension 'python'
[0.319s] Level 1:colcon.colcon_core.package_identification:_identify(src) by extensions ['python_setup_py']
[0.319s] Level 1:colcon.colcon_core.package_identification:_identify(src) by extension 'python_setup_py'
[0.319s] Level 1:colcon.colcon_core.package_identification:_identify(src/braco_description) by extensions ['ignore', 'ignore_ament_install']
[0.319s] Level 1:colcon.colcon_core.package_identification:_identify(src/braco_description) by extension 'ignore'
[0.319s] Level 1:colcon.colcon_core.package_identification:_identify(src/braco_description) by extension 'ignore_ament_install'
[0.319s] Level 1:colcon.colcon_core.package_identification:_identify(src/braco_description) by extensions ['colcon_pkg']
[0.320s] Level 1:colcon.colcon_core.package_identification:_identify(src/braco_description) by extension 'colcon_pkg'
[0.320s] Level 1:colcon.colcon_core.package_identification:_identify(src/braco_description) by extensions ['colcon_meta']
[0.320s] Level 1:colcon.colcon_core.package_identification:_identify(src/braco_description) by extension 'colcon_meta'
[0.320s] Level 1:colcon.colcon_core.package_identification:_identify(src/braco_description) by extensions ['ros']
[0.320s] Level 1:colcon.colcon_core.package_identification:_identify(src/braco_description) by extension 'ros'
[0.322s] DEBUG:colcon.colcon_core.package_identification:Package 'src/braco_description' with type 'ros.ament_cmake' and name 'braco_description'
[0.322s] Level 1:colcon.colcon_core.package_identification:_identify(src/manipulator_disturbance_control) by extensions ['ignore', 'ignore_ament_install']
[0.322s] Level 1:colcon.colcon_core.package_identification:_identify(src/manipulator_disturbance_control) by extension 'ignore'
[0.323s] Level 1:colcon.colcon_core.package_identification:_identify(src/manipulator_disturbance_control) by extension 'ignore_ament_install'
[0.323s] Level 1:colcon.colcon_core.package_identification:_identify(src/manipulator_disturbance_control) by extensions ['colcon_pkg']
[0.323s] Level 1:colcon.colcon_core.package_identification:_identify(src/manipulator_disturbance_control) by extension 'colcon_pkg'
[0.323s] Level 1:colcon.colcon_core.package_identification:_identify(src/manipulator_disturbance_control) by extensions ['colcon_meta']
[0.323s] Level 1:colcon.colcon_core.package_identification:_identify(src/manipulator_disturbance_control) by extension 'colcon_meta'
[0.323s] Level 1:colcon.colcon_core.package_identification:_identify(src/manipulator_disturbance_control) by extensions ['ros']
[0.323s] Level 1:colcon.colcon_core.package_identification:_identify(src/manipulator_disturbance_control) by extension 'ros'
[0.324s] DEBUG:colcon.colcon_core.package_identification:Package 'src/manipulator_disturbance_control' with type 'ros.ament_cmake' and name 'manipulator_disturbance_control'
[0.324s] Level 1:colcon.colcon_core.package_identification:_identify(src/manipulator_gazebo) by extensions ['ignore', 'ignore_ament_install']
[0.324s] Level 1:colcon.colcon_core.package_identification:_identify(src/manipulator_gazebo) by extension 'ignore'
[0.324s] Level 1:colcon.colcon_core.package_identification:_identify(src/manipulator_gazebo) by extension 'ignore_ament_install'
[0.324s] Level 1:colcon.colcon_core.package_identification:_identify(src/manipulator_gazebo) by extensions ['colcon_pkg']
[0.324s] Level 1:colcon.colcon_core.package_identification:_identify(src/manipulator_gazebo) by extension 'colcon_pkg'
[0.324s] Level 1:colcon.colcon_core.package_identification:_identify(src/manipulator_gazebo) by extensions ['colcon_meta']
[0.324s] Level 1:colcon.colcon_core.package_identification:_identify(src/manipulator_gazebo) by extension 'colcon_meta'
[0.324s] Level 1:colcon.colcon_core.package_identification:_identify(src/manipulator_gazebo) by extensions ['ros']
[0.324s] Level 1:colcon.colcon_core.package_identification:_identify(src/manipulator_gazebo) by extension 'ros'
[0.325s] DEBUG:colcon.colcon_core.package_identification:Package 'src/manipulator_gazebo' with type 'ros.ament_cmake' and name 'manipulator_gazebo'
[0.326s] Level 1:colcon.colcon_core.package_identification:_identify(src/manipulator_msgs) by extensions ['ignore', 'ignore_ament_install']
[0.326s] Level 1:colcon.colcon_core.package_identification:_identify(src/manipulator_msgs) by extension 'ignore'
[0.326s] Level 1:colcon.colcon_core.package_identification:_identify(src/manipulator_msgs) by extension 'ignore_ament_install'
[0.326s] Level 1:colcon.colcon_core.package_identification:_identify(src/manipulator_msgs) by extensions ['colcon_pkg']
[0.326s] Level 1:colcon.colcon_core.package_identification:_identify(src/manipulator_msgs) by extension 'colcon_pkg'
[0.326s] Level 1:colcon.colcon_core.package_identification:_identify(src/manipulator_msgs) by extensions ['colcon_meta']
[0.326s] Level 1:colcon.colcon_core.package_identification:_identify(src/manipulator_msgs) by extension 'colcon_meta'
[0.326s] Level 1:colcon.colcon_core.package_identification:_identify(src/manipulator_msgs) by extensions ['ros']
[0.326s] Level 1:colcon.colcon_core.package_identification:_identify(src/manipulator_msgs) by extension 'ros'
[0.327s] DEBUG:colcon.colcon_core.package_identification:Package 'src/manipulator_msgs' with type 'ros.ament_cmake' and name 'manipulator_msgs'
[0.327s] Level 1:colcon.colcon_core.package_discovery:discover_packages(recursive) using defaults
[0.327s] Level 1:colcon.colcon_core.package_discovery:discover_packages(ignore) discover
[0.327s] Level 1:colcon.colcon_core.package_discovery:discover_packages(ignore) using defaults
[0.327s] Level 1:colcon.colcon_core.package_discovery:discover_packages(path) discover
[0.327s] Level 1:colcon.colcon_core.package_discovery:discover_packages(path) using defaults
[0.350s] Level 5:colcon.colcon_core.verb:set package 'braco_description' build argument 'cmake_args' from command line to 'None'
[0.350s] Level 5:colcon.colcon_core.verb:set package 'braco_description' build argument 'cmake_target' from command line to 'None'
[0.350s] Level 5:colcon.colcon_core.verb:set package 'braco_description' build argument 'cmake_target_skip_unavailable' from command line to 'False'
[0.350s] Level 5:colcon.colcon_core.verb:set package 'braco_description' build argument 'cmake_clean_cache' from command line to 'False'
[0.350s] Level 5:colcon.colcon_core.verb:set package 'braco_description' build argument 'cmake_clean_first' from command line to 'False'
[0.350s] Level 5:colcon.colcon_core.verb:set package 'braco_description' build argument 'cmake_force_configure' from command line to 'False'
[0.350s] Level 5:colcon.colcon_core.verb:set package 'braco_description' build argument 'ament_cmake_args' from command line to 'None'
[0.351s] Level 5:colcon.colcon_core.verb:set package 'braco_description' build argument 'catkin_cmake_args' from command line to 'None'
[0.351s] Level 5:colcon.colcon_core.verb:set package 'braco_description' build argument 'catkin_skip_building_tests' from command line to 'False'
[0.351s] DEBUG:colcon.colcon_core.verb:Building package 'braco_description' with the following arguments: {'ament_cmake_args': None, 'build_base': '/home/host/ros_ws/build/braco_description', 'catkin_cmake_args': None, 'catkin_skip_building_tests': False, 'cmake_args': None, 'cmake_clean_cache': False, 'cmake_clean_first': False, 'cmake_force_configure': False, 'cmake_target': None, 'cmake_target_skip_unavailable': False, 'install_base': '/home/host/ros_ws/install/braco_description', 'merge_install': False, 'path': '/home/host/ros_ws/src/braco_description', 'symlink_install': False, 'test_result_base': None}
[0.351s] Level 5:colcon.colcon_core.verb:set package 'manipulator_gazebo' build argument 'cmake_args' from command line to 'None'
[0.351s] Level 5:colcon.colcon_core.verb:set package 'manipulator_gazebo' build argument 'cmake_target' from command line to 'None'
[0.351s] Level 5:colcon.colcon_core.verb:set package 'manipulator_gazebo' build argument 'cmake_target_skip_unavailable' from command line to 'False'
[0.351s] Level 5:colcon.colcon_core.verb:set package 'manipulator_gazebo' build argument 'cmake_clean_cache' from command line to 'False'
[0.351s] Level 5:colcon.colcon_core.verb:set package 'manipulator_gazebo' build argument 'cmake_clean_first' from command line to 'False'
[0.351s] Level 5:colcon.colcon_core.verb:set package 'manipulator_gazebo' build argument 'cmake_force_configure' from command line to 'False'
[0.351s] Level 5:colcon.colcon_core.verb:set package 'manipulator_gazebo' build argument 'ament_cmake_args' from command line to 'None'
[0.351s] Level 5:colcon.colcon_core.verb:set package 'manipulator_gazebo' build argument 'catkin_cmake_args' from command line to 'None'
[0.351s] Level 5:colcon.colcon_core.verb:set package 'manipulator_gazebo' build argument 'catkin_skip_building_tests' from command line to 'False'
[0.351s] DEBUG:colcon.colcon_core.verb:Building package 'manipulator_gazebo' with the following arguments: {'ament_cmake_args': None, 'build_base': '/home/host/ros_ws/build/manipulator_gazebo', 'catkin_cmake_args': None, 'catkin_skip_building_tests': False, 'cmake_args': None, 'cmake_clean_cache': False, 'cmake_clean_first': False, 'cmake_force_configure': False, 'cmake_target': None, 'cmake_target_skip_unavailable': False, 'install_base': '/home/host/ros_ws/install/manipulator_gazebo', 'merge_install': False, 'path': '/home/host/ros_ws/src/manipulator_gazebo', 'symlink_install': False, 'test_result_base': None}
[0.352s] Level 5:colcon.colcon_core.verb:set package 'manipulator_msgs' build argument 'cmake_args' from command line to 'None'
[0.352s] Level 5:colcon.colcon_core.verb:set package 'manipulator_msgs' build argument 'cmake_target' from command line to 'None'
[0.352s] Level 5:colcon.colcon_core.verb:set package 'manipulator_msgs' build argument 'cmake_target_skip_unavailable' from command line to 'False'
[0.352s] Level 5:colcon.colcon_core.verb:set package 'manipulator_msgs' build argument 'cmake_clean_cache' from command line to 'False'
[0.352s] Level 5:colcon.colcon_core.verb:set package 'manipulator_msgs' build argument 'cmake_clean_first' from command line to 'False'
[0.352s] Level 5:colcon.colcon_core.verb:set package 'manipulator_msgs' build argument 'cmake_force_configure' from command line to 'False'
[0.352s] Level 5:colcon.colcon_core.verb:set package 'manipulator_msgs' build argument 'ament_cmake_args' from command line to 'None'
[0.352s] Level 5:colcon.colcon_core.verb:set package 'manipulator_msgs' build argument 'catkin_cmake_args' from command line to 'None'
[0.352s] Level 5:colcon.colcon_core.verb:set package 'manipulator_msgs' build argument 'catkin_skip_building_tests' from command line to 'False'
[0.352s] DEBUG:colcon.colcon_core.verb:Building package 'manipulator_msgs' with the following arguments: {'ament_cmake_args': None, 'build_base': '/home/host/ros_ws/build/manipulator_msgs', 'catkin_cmake_args': None, 'catkin_skip_building_tests': False, 'cmake_args': None, 'cmake_clean_cache': False, 'cmake_clean_first': False, 'cmake_force_configure': False, 'cmake_target': None, 'cmake_target_skip_unavailable': False, 'install_base': '/home/host/ros_ws/install/manipulator_msgs', 'merge_install': False, 'path': '/home/host/ros_ws/src/manipulator_msgs', 'symlink_install': False, 'test_result_base': None}
[0.353s] Level 5:colcon.colcon_core.verb:set package 'manipulator_disturbance_control' build argument 'cmake_args' from command line to 'None'
[0.353s] Level 5:colcon.colcon_core.verb:set package 'manipulator_disturbance_control' build argument 'cmake_target' from command line to 'None'
[0.353s] Level 5:colcon.colcon_core.verb:set package 'manipulator_disturbance_control' build argument 'cmake_target_skip_unavailable' from command line to 'False'
[0.353s] Level 5:colcon.colcon_core.verb:set package 'manipulator_disturbance_control' build argument 'cmake_clean_cache' from command line to 'False'
[0.354s] Level 5:colcon.colcon_core.verb:set package 'manipulator_disturbance_control' build argument 'cmake_clean_first' from command line to 'False'
[0.354s] Level 5:colcon.colcon_core.verb:set package 'manipulator_disturbance_control' build argument 'cmake_force_configure' from command line to 'False'
[0.354s] Level 5:colcon.colcon_core.verb:set package 'manipulator_disturbance_control' build argument 'ament_cmake_args' from command line to 'None'
[0.354s] Level 5:colcon.colcon_core.verb:set package 'manipulator_disturbance_control' build argument 'catkin_cmake_args' from command line to 'None'
[0.354s] Level 5:colcon.colcon_core.verb:set package 'manipulator_disturbance_control' build argument 'catkin_skip_building_tests' from command line to 'False'
[0.354s] DEBUG:colcon.colcon_core.verb:Building package 'manipulator_disturbance_control' with the following arguments: {'ament_cmake_args': None, 'build_base': '/home/host/ros_ws/build/manipulator_disturbance_control', 'catkin_cmake_args': None, 'catkin_skip_building_tests': False, 'cmake_args': None, 'cmake_clean_cache': False, 'cmake_clean_first': False, 'cmake_force_configure': False, 'cmake_target': None, 'cmake_target_skip_unavailable': False, 'install_base': '/home/host/ros_ws/install/manipulator_disturbance_control', 'merge_install': False, 'path': '/home/host/ros_ws/src/manipulator_disturbance_control', 'symlink_install': False, 'test_result_base': None}
[0.354s] INFO:colcon.colcon_core.executor:Executing jobs using 'parallel' executor
[0.355s] DEBUG:colcon.colcon_parallel_executor.executor.parallel:run_until_complete
[0.355s] INFO:colcon.colcon_ros.task.ament_cmake.build:Building ROS package in '/home/host/ros_ws/src/manipulator_msgs' with build type 'ament_cmake'
[0.355s] INFO:colcon.colcon_cmake.task.cmake.build:Building CMake package in '/home/host/ros_ws/src/manipulator_msgs'
[0.357s] INFO:colcon.colcon_core.plugin_system:Skipping extension 'colcon_core.shell.bat': Not used on non-Windows systems
[0.358s] INFO:colcon.colcon_core.shell:Skip shell extension 'powershell' for command environment: Not usable outside of PowerShell
[0.358s] DEBUG:colcon.colcon_core.shell:Skip shell extension 'dsv' for command environment
[0.376s] INFO:colcon.colcon_ros.task.ament_cmake.build:Building ROS package in '/home/host/ros_ws/src/braco_description' with build type 'ament_cmake'
[0.376s] INFO:colcon.colcon_cmake.task.cmake.build:Building CMake package in '/home/host/ros_ws/src/braco_description'
[0.376s] INFO:colcon.colcon_core.shell:Skip shell extension 'powershell' for command environment: Not usable outside of PowerShell
[0.376s] DEBUG:colcon.colcon_core.shell:Skip shell extension 'dsv' for command environment
[0.383s] INFO:colcon.colcon_ros.task.ament_cmake.build:Building ROS package in '/home/host/ros_ws/src/manipulator_gazebo' with build type 'ament_cmake'
[0.383s] INFO:colcon.colcon_cmake.task.cmake.build:Building CMake package in '/home/host/ros_ws/src/manipulator_gazebo'
[0.384s] INFO:colcon.colcon_core.shell:Skip shell extension 'powershell' for command environment: Not usable outside of PowerShell
[0.384s] DEBUG:colcon.colcon_core.shell:Skip shell extension 'dsv' for command environment
[0.392s] DEBUG:colcon.colcon_core.event_handler.log_command:Invoking command in '/home/host/ros_ws/build/manipulator_msgs': CMAKE_PREFIX_PATH=${CMAKE_PREFIX_PATH}:/opt/ros/humble /usr/bin/cmake --build /home/host/ros_ws/build/manipulator_msgs -- -j8 -l8
[0.400s] DEBUG:colcon.colcon_core.event_handler.log_command:Invoking command in '/home/host/ros_ws/build/braco_description': CMAKE_PREFIX_PATH=${CMAKE_PREFIX_PATH}:/opt/ros/humble /usr/bin/cmake --build /home/host/ros_ws/build/braco_description -- -j8 -l8
[0.402s] DEBUG:colcon.colcon_core.event_handler.log_command:Invoking command in '/home/host/ros_ws/build/manipulator_gazebo': CMAKE_PREFIX_PATH=${CMAKE_PREFIX_PATH}:/opt/ros/humble /usr/bin/cmake --build /home/host/ros_ws/build/manipulator_gazebo -- -j8 -l8
[0.436s] DEBUG:colcon.colcon_core.event_handler.log_command:Invoked command in '/home/host/ros_ws/build/braco_description' returned '0': CMAKE_PREFIX_PATH=${CMAKE_PREFIX_PATH}:/opt/ros/humble /usr/bin/cmake --build /home/host/ros_ws/build/braco_description -- -j8 -l8
[0.451s] DEBUG:colcon.colcon_core.event_handler.log_command:Invoking command in '/home/host/ros_ws/build/braco_description': CMAKE_PREFIX_PATH=${CMAKE_PREFIX_PATH}:/opt/ros/humble /usr/bin/cmake --install /home/host/ros_ws/build/braco_description
[0.452s] DEBUG:colcon.colcon_core.event_handler.log_command:Invoked command in '/home/host/ros_ws/build/manipulator_gazebo' returned '0': CMAKE_PREFIX_PATH=${CMAKE_PREFIX_PATH}:/opt/ros/humble /usr/bin/cmake --build /home/host/ros_ws/build/manipulator_gazebo -- -j8 -l8
[0.454s] DEBUG:colcon.colcon_core.event_handler.log_command:Invoking command in '/home/host/ros_ws/build/manipulator_gazebo': CMAKE_PREFIX_PATH=${CMAKE_PREFIX_PATH}:/opt/ros/humble /usr/bin/cmake --install /home/host/ros_ws/build/manipulator_gazebo
[0.500s] Level 1:colcon.colcon_core.environment:create_environment_scripts_only(braco_description)
[0.504s] Level 1:colcon.colcon_core.environment:checking '/home/host/ros_ws/install/braco_description' for CMake module files
[0.505s] Level 1:colcon.colcon_core.environment:checking '/home/host/ros_ws/install/braco_description' for CMake config files
[0.505s] Level 1:colcon.colcon_core.shell:create_environment_hook('braco_description', 'cmake_prefix_path')
[0.506s] INFO:colcon.colcon_core.shell:Creating environment hook '/home/host/ros_ws/install/braco_description/share/braco_description/hook/cmake_prefix_path.ps1'
[0.506s] INFO:colcon.colcon_core.shell:Creating environment descriptor '/home/host/ros_ws/install/braco_description/share/braco_description/hook/cmake_prefix_path.dsv'
[0.507s] INFO:colcon.colcon_core.shell:Creating environment hook '/home/host/ros_ws/install/braco_description/share/braco_description/hook/cmake_prefix_path.sh'
[0.508s] Level 1:colcon.colcon_core.environment:checking '/home/host/ros_ws/install/braco_description/bin'
[0.508s] Level 1:colcon.colcon_core.environment:checking '/home/host/ros_ws/install/braco_description/lib/pkgconfig/braco_description.pc'
[0.510s] Level 1:colcon.colcon_core.environment:checking '/home/host/ros_ws/install/braco_description/lib/python3.10/site-packages'
[0.510s] DEBUG:colcon.colcon_core.event_handler.log_command:Invoked command in '/home/host/ros_ws/build/braco_description' returned '0': CMAKE_PREFIX_PATH=${CMAKE_PREFIX_PATH}:/opt/ros/humble /usr/bin/cmake --install /home/host/ros_ws/build/braco_description
[0.511s] Level 1:colcon.colcon_core.environment:checking '/home/host/ros_ws/install/braco_description/bin'
[0.512s] INFO:colcon.colcon_core.shell:Creating package script '/home/host/ros_ws/install/braco_description/share/braco_description/package.ps1'
[0.513s] INFO:colcon.colcon_core.shell:Creating package descriptor '/home/host/ros_ws/install/braco_description/share/braco_description/package.dsv'
[0.514s] INFO:colcon.colcon_core.shell:Creating package script '/home/host/ros_ws/install/braco_description/share/braco_description/package.sh'
[0.516s] INFO:colcon.colcon_core.shell:Creating package script '/home/host/ros_ws/install/braco_description/share/braco_description/package.bash'
[0.517s] INFO:colcon.colcon_core.shell:Creating package script '/home/host/ros_ws/install/braco_description/share/braco_description/package.zsh'
[0.518s] Level 1:colcon.colcon_core.environment:create_file_with_runtime_dependencies(/home/host/ros_ws/install/braco_description/share/colcon-core/packages/braco_description)
[0.518s] Level 1:colcon.colcon_core.environment:create_environment_scripts_only(braco_description)
[0.519s] Level 1:colcon.colcon_core.environment:checking '/home/host/ros_ws/install/braco_description' for CMake module files
[0.519s] Level 1:colcon.colcon_core.environment:checking '/home/host/ros_ws/install/braco_description' for CMake config files
[0.520s] Level 1:colcon.colcon_core.shell:create_environment_hook('braco_description', 'cmake_prefix_path')
[0.520s] INFO:colcon.colcon_core.shell:Creating environment hook '/home/host/ros_ws/install/braco_description/share/braco_description/hook/cmake_prefix_path.ps1'
[0.521s] INFO:colcon.colcon_core.shell:Creating environment descriptor '/home/host/ros_ws/install/braco_description/share/braco_description/hook/cmake_prefix_path.dsv'
[0.521s] INFO:colcon.colcon_core.shell:Creating environment hook '/home/host/ros_ws/install/braco_description/share/braco_description/hook/cmake_prefix_path.sh'
[0.522s] Level 1:colcon.colcon_core.environment:checking '/home/host/ros_ws/install/braco_description/bin'
[0.522s] Level 1:colcon.colcon_core.environment:checking '/home/host/ros_ws/install/braco_description/lib/pkgconfig/braco_description.pc'
[0.522s] Level 1:colcon.colcon_core.environment:checking '/home/host/ros_ws/install/braco_description/lib/python3.10/site-packages'
[0.522s] Level 1:colcon.colcon_core.environment:checking '/home/host/ros_ws/install/braco_description/bin'
[0.523s] INFO:colcon.colcon_core.shell:Creating package script '/home/host/ros_ws/install/braco_description/share/braco_description/package.ps1'
[0.523s] INFO:colcon.colcon_core.shell:Creating package descriptor '/home/host/ros_ws/install/braco_description/share/braco_description/package.dsv'
[0.524s] INFO:colcon.colcon_core.shell:Creating package script '/home/host/ros_ws/install/braco_description/share/braco_description/package.sh'
[0.524s] INFO:colcon.colcon_core.shell:Creating package script '/home/host/ros_ws/install/braco_description/share/braco_description/package.bash'
[0.525s] INFO:colcon.colcon_core.shell:Creating package script '/home/host/ros_ws/install/braco_description/share/braco_description/package.zsh'
[0.525s] Level 1:colcon.colcon_core.environment:create_file_with_runtime_dependencies(/home/host/ros_ws/install/braco_description/share/colcon-core/packages/braco_description)
[0.526s] Level 1:colcon.colcon_core.environment:create_environment_scripts_only(manipulator_gazebo)
[0.527s] Level 1:colcon.colcon_core.environment:checking '/home/host/ros_ws/install/manipulator_gazebo' for CMake module files
[0.528s] DEBUG:colcon.colcon_core.event_handler.log_command:Invoked command in '/home/host/ros_ws/build/manipulator_gazebo' returned '0': CMAKE_PREFIX_PATH=${CMAKE_PREFIX_PATH}:/opt/ros/humble /usr/bin/cmake --install /home/host/ros_ws/build/manipulator_gazebo
[0.529s] Level 1:colcon.colcon_core.environment:checking '/home/host/ros_ws/install/manipulator_gazebo' for CMake config files
[0.529s] Level 1:colcon.colcon_core.shell:create_environment_hook('manipulator_gazebo', 'cmake_prefix_path')
[0.530s] INFO:colcon.colcon_core.shell:Creating environment hook '/home/host/ros_ws/install/manipulator_gazebo/share/manipulator_gazebo/hook/cmake_prefix_path.ps1'
[0.531s] INFO:colcon.colcon_core.shell:Creating environment descriptor '/home/host/ros_ws/install/manipulator_gazebo/share/manipulator_gazebo/hook/cmake_prefix_path.dsv'
[0.531s] INFO:colcon.colcon_core.shell:Creating environment hook '/home/host/ros_ws/install/manipulator_gazebo/share/manipulator_gazebo/hook/cmake_prefix_path.sh'
[0.532s] Level 1:colcon.colcon_core.environment:checking '/home/host/ros_ws/install/manipulator_gazebo/bin'
[0.532s] Level 1:colcon.colcon_core.environment:checking '/home/host/ros_ws/install/manipulator_gazebo/lib/pkgconfig/manipulator_gazebo.pc'
[0.533s] Level 1:colcon.colcon_core.environment:checking '/home/host/ros_ws/install/manipulator_gazebo/lib/python3.10/site-packages'
[0.534s] Level 1:colcon.colcon_core.environment:checking '/home/host/ros_ws/install/manipulator_gazebo/bin'
[0.534s] INFO:colcon.colcon_core.shell:Creating package script '/home/host/ros_ws/install/manipulator_gazebo/share/manipulator_gazebo/package.ps1'
[0.535s] INFO:colcon.colcon_core.shell:Creating package descriptor '/home/host/ros_ws/install/manipulator_gazebo/share/manipulator_gazebo/package.dsv'
[0.536s] INFO:colcon.colcon_core.shell:Creating package script '/home/host/ros_ws/install/manipulator_gazebo/share/manipulator_gazebo/package.sh'
[0.537s] INFO:colcon.colcon_core.shell:Creating package script '/home/host/ros_ws/install/manipulator_gazebo/share/manipulator_gazebo/package.bash'
[0.537s] INFO:colcon.colcon_core.shell:Creating package script '/home/host/ros_ws/install/manipulator_gazebo/share/manipulator_gazebo/package.zsh'
[0.538s] Level 1:colcon.colcon_core.environment:create_file_with_runtime_dependencies(/home/host/ros_ws/install/manipulator_gazebo/share/colcon-core/packages/manipulator_gazebo)
[0.539s] Level 1:colcon.colcon_core.environment:create_environment_scripts_only(manipulator_gazebo)
[0.539s] Level 1:colcon.colcon_core.environment:checking '/home/host/ros_ws/install/manipulator_gazebo' for CMake module files
[0.540s] Level 1:colcon.colcon_core.environment:checking '/home/host/ros_ws/install/manipulator_gazebo' for CMake config files
[0.541s] Level 1:colcon.colcon_core.shell:create_environment_hook('manipulator_gazebo', 'cmake_prefix_path')
[0.541s] INFO:colcon.colcon_core.shell:Creating environment hook '/home/host/ros_ws/install/manipulator_gazebo/share/manipulator_gazebo/hook/cmake_prefix_path.ps1'
[0.542s] INFO:colcon.colcon_core.shell:Creating environment descriptor '/home/host/ros_ws/install/manipulator_gazebo/share/manipulator_gazebo/hook/cmake_prefix_path.dsv'
[0.542s] INFO:colcon.colcon_core.shell:Creating environment hook '/home/host/ros_ws/install/manipulator_gazebo/share/manipulator_gazebo/hook/cmake_prefix_path.sh'
[0.543s] Level 1:colcon.colcon_core.environment:checking '/home/host/ros_ws/install/manipulator_gazebo/bin'
[0.543s] Level 1:colcon.colcon_core.environment:checking '/home/host/ros_ws/install/manipulator_gazebo/lib/pkgconfig/manipulator_gazebo.pc'
[0.543s] Level 1:colcon.colcon_core.environment:checking '/home/host/ros_ws/install/manipulator_gazebo/lib/python3.10/site-packages'
[0.544s] Level 1:colcon.colcon_core.environment:checking '/home/host/ros_ws/install/manipulator_gazebo/bin'
[0.545s] INFO:colcon.colcon_core.shell:Creating package script '/home/host/ros_ws/install/manipulator_gazebo/share/manipulator_gazebo/package.ps1'
[0.546s] INFO:colcon.colcon_core.shell:Creating package descriptor '/home/host/ros_ws/install/manipulator_gazebo/share/manipulator_gazebo/package.dsv'
[0.547s] INFO:colcon.colcon_core.shell:Creating package script '/home/host/ros_ws/install/manipulator_gazebo/share/manipulator_gazebo/package.sh'
[0.548s] INFO:colcon.colcon_core.shell:Creating package script '/home/host/ros_ws/install/manipulator_gazebo/share/manipulator_gazebo/package.bash'
[0.548s] INFO:colcon.colcon_core.shell:Creating package script '/home/host/ros_ws/install/manipulator_gazebo/share/manipulator_gazebo/package.zsh'
[0.549s] Level 1:colcon.colcon_core.environment:create_file_with_runtime_dependencies(/home/host/ros_ws/install/manipulator_gazebo/share/colcon-core/packages/manipulator_gazebo)
[0.814s] DEBUG:colcon.colcon_core.event_handler.log_command:Invoked command in '/home/host/ros_ws/build/manipulator_msgs' returned '0': CMAKE_PREFIX_PATH=${CMAKE_PREFIX_PATH}:/opt/ros/humble /usr/bin/cmake --build /home/host/ros_ws/build/manipulator_msgs -- -j8 -l8
[0.816s] DEBUG:colcon.colcon_core.event_handler.log_command:Invoking command in '/home/host/ros_ws/build/manipulator_msgs': CMAKE_PREFIX_PATH=${CMAKE_PREFIX_PATH}:/opt/ros/humble /usr/bin/cmake --install /home/host/ros_ws/build/manipulator_msgs
[0.891s] Level 1:colcon.colcon_core.environment:create_environment_scripts_only(manipulator_msgs)
[0.891s] Level 1:colcon.colcon_core.environment:checking '/home/host/ros_ws/install/manipulator_msgs' for CMake module files
[0.891s] DEBUG:colcon.colcon_core.event_handler.log_command:Invoked command in '/home/host/ros_ws/build/manipulator_msgs' returned '0': CMAKE_PREFIX_PATH=${CMAKE_PREFIX_PATH}:/opt/ros/humble /usr/bin/cmake --install /home/host/ros_ws/build/manipulator_msgs
[0.892s] Level 1:colcon.colcon_core.environment:checking '/home/host/ros_ws/install/manipulator_msgs' for CMake config files
[0.892s] Level 1:colcon.colcon_core.shell:create_environment_hook('manipulator_msgs', 'cmake_prefix_path')
[0.893s] INFO:colcon.colcon_core.shell:Creating environment hook '/home/host/ros_ws/install/manipulator_msgs/share/manipulator_msgs/hook/cmake_prefix_path.ps1'
[0.893s] INFO:colcon.colcon_core.shell:Creating environment descriptor '/home/host/ros_ws/install/manipulator_msgs/share/manipulator_msgs/hook/cmake_prefix_path.dsv'
[0.893s] INFO:colcon.colcon_core.shell:Creating environment hook '/home/host/ros_ws/install/manipulator_msgs/share/manipulator_msgs/hook/cmake_prefix_path.sh'
[0.894s] Level 1:colcon.colcon_core.environment:checking '/home/host/ros_ws/install/manipulator_msgs/lib'
[0.894s] Level 1:colcon.colcon_core.shell:create_environment_hook('manipulator_msgs', 'ld_library_path_lib')
[0.895s] INFO:colcon.colcon_core.shell:Creating environment hook '/home/host/ros_ws/install/manipulator_msgs/share/manipulator_msgs/hook/ld_library_path_lib.ps1'
[0.895s] INFO:colcon.colcon_core.shell:Creating environment descriptor '/home/host/ros_ws/install/manipulator_msgs/share/manipulator_msgs/hook/ld_library_path_lib.dsv'
[0.896s] INFO:colcon.colcon_core.shell:Creating environment hook '/home/host/ros_ws/install/manipulator_msgs/share/manipulator_msgs/hook/ld_library_path_lib.sh'
[0.896s] Level 1:colcon.colcon_core.environment:checking '/home/host/ros_ws/install/manipulator_msgs/bin'
[0.896s] Level 1:colcon.colcon_core.environment:checking '/home/host/ros_ws/install/manipulator_msgs/lib/pkgconfig/manipulator_msgs.pc'
[0.897s] Level 1:colcon.colcon_core.environment:checking '/home/host/ros_ws/install/manipulator_msgs/lib/python3.10/site-packages'
[0.897s] Level 1:colcon.colcon_core.environment:checking '/home/host/ros_ws/install/manipulator_msgs/bin'
[0.898s] INFO:colcon.colcon_core.shell:Creating package script '/home/host/ros_ws/install/manipulator_msgs/share/manipulator_msgs/package.ps1'
[0.898s] INFO:colcon.colcon_core.shell:Creating package descriptor '/home/host/ros_ws/install/manipulator_msgs/share/manipulator_msgs/package.dsv'
[0.899s] INFO:colcon.colcon_core.shell:Creating package script '/home/host/ros_ws/install/manipulator_msgs/share/manipulator_msgs/package.sh'
[0.899s] INFO:colcon.colcon_core.shell:Creating package script '/home/host/ros_ws/install/manipulator_msgs/share/manipulator_msgs/package.bash'
[0.900s] INFO:colcon.colcon_core.shell:Creating package script '/home/host/ros_ws/install/manipulator_msgs/share/manipulator_msgs/package.zsh'
[0.900s] Level 1:colcon.colcon_core.environment:create_file_with_runtime_dependencies(/home/host/ros_ws/install/manipulator_msgs/share/colcon-core/packages/manipulator_msgs)
[0.901s] Level 1:colcon.colcon_core.environment:create_environment_scripts_only(manipulator_msgs)
[0.901s] Level 1:colcon.colcon_core.environment:checking '/home/host/ros_ws/install/manipulator_msgs' for CMake module files
[0.902s] Level 1:colcon.colcon_core.environment:checking '/home/host/ros_ws/install/manipulator_msgs' for CMake config files
[0.902s] Level 1:colcon.colcon_core.shell:create_environment_hook('manipulator_msgs', 'cmake_prefix_path')
[0.902s] INFO:colcon.colcon_core.shell:Creating environment hook '/home/host/ros_ws/install/manipulator_msgs/share/manipulator_msgs/hook/cmake_prefix_path.ps1'
[0.903s] INFO:colcon.colcon_core.shell:Creating environment descriptor '/home/host/ros_ws/install/manipulator_msgs/share/manipulator_msgs/hook/cmake_prefix_path.dsv'
[0.903s] INFO:colcon.colcon_core.shell:Creating environment hook '/home/host/ros_ws/install/manipulator_msgs/share/manipulator_msgs/hook/cmake_prefix_path.sh'
[0.903s] Level 1:colcon.colcon_core.environment:checking '/home/host/ros_ws/install/manipulator_msgs/lib'
[0.904s] Level 1:colcon.colcon_core.shell:create_environment_hook('manipulator_msgs', 'ld_library_path_lib')
[0.904s] INFO:colcon.colcon_core.shell:Creating environment hook '/home/host/ros_ws/install/manipulator_msgs/share/manipulator_msgs/hook/ld_library_path_lib.ps1'
[0.904s] INFO:colcon.colcon_core.shell:Creating environment descriptor '/home/host/ros_ws/install/manipulator_msgs/share/manipulator_msgs/hook/ld_library_path_lib.dsv'
[0.904s] INFO:colcon.colcon_core.shell:Creating environment hook '/home/host/ros_ws/install/manipulator_msgs/share/manipulator_msgs/hook/ld_library_path_lib.sh'
[0.905s] Level 1:colcon.colcon_core.environment:checking '/home/host/ros_ws/install/manipulator_msgs/bin'
[0.905s] Level 1:colcon.colcon_core.environment:checking '/home/host/ros_ws/install/manipulator_msgs/lib/pkgconfig/manipulator_msgs.pc'
[0.905s] Level 1:colcon.colcon_core.environment:checking '/home/host/ros_ws/install/manipulator_msgs/lib/python3.10/site-packages'
[0.906s] Level 1:colcon.colcon_core.environment:checking '/home/host/ros_ws/install/manipulator_msgs/bin'
[0.906s] INFO:colcon.colcon_core.shell:Creating package script '/home/host/ros_ws/install/manipulator_msgs/share/manipulator_msgs/package.ps1'
[0.907s] INFO:colcon.colcon_core.shell:Creating package descriptor '/home/host/ros_ws/install/manipulator_msgs/share/manipulator_msgs/package.dsv'
[0.907s] INFO:colcon.colcon_core.shell:Creating package script '/home/host/ros_ws/install/manipulator_msgs/share/manipulator_msgs/package.sh'
[0.908s] INFO:colcon.colcon_core.shell:Creating package script '/home/host/ros_ws/install/manipulator_msgs/share/manipulator_msgs/package.bash'
[0.908s] INFO:colcon.colcon_core.shell:Creating package script '/home/host/ros_ws/install/manipulator_msgs/share/manipulator_msgs/package.zsh'
[0.909s] Level 1:colcon.colcon_core.environment:create_file_with_runtime_dependencies(/home/host/ros_ws/install/manipulator_msgs/share/colcon-core/packages/manipulator_msgs)
[0.909s] INFO:colcon.colcon_ros.task.ament_cmake.build:Building ROS package in '/home/host/ros_ws/src/manipulator_disturbance_control' with build type 'ament_cmake'
[0.909s] INFO:colcon.colcon_cmake.task.cmake.build:Building CMake package in '/home/host/ros_ws/src/manipulator_disturbance_control'
[0.909s] INFO:colcon.colcon_core.shell:Skip shell extension 'powershell' for command environment: Not usable outside of PowerShell
[0.909s] DEBUG:colcon.colcon_core.shell:Skip shell extension 'dsv' for command environment
[0.922s] DEBUG:colcon.colcon_core.event_handler.log_command:Invoking command in '/home/host/ros_ws/build/manipulator_disturbance_control': CMAKE_PREFIX_PATH=/home/host/ros_ws/install/manipulator_msgs:/home/host/ros_ws/install/manipulator_disturbance_control:/home/host/ros_ws/install/manipulator_gazebo:/home/host/ros_ws/install/braco_description:/opt/ros/humble /usr/bin/cmake --build /home/host/ros_ws/build/manipulator_disturbance_control -- -j8 -l8
[1.794s] DEBUG:colcon.colcon_core.event_handler.log_command:Invoked command in '/home/host/ros_ws/build/manipulator_disturbance_control' returned '0': CMAKE_PREFIX_PATH=/home/host/ros_ws/install/manipulator_msgs:/home/host/ros_ws/install/manipulator_disturbance_control:/home/host/ros_ws/install/manipulator_gazebo:/home/host/ros_ws/install/braco_description:/opt/ros/humble /usr/bin/cmake --build /home/host/ros_ws/build/manipulator_disturbance_control -- -j8 -l8
[1.796s] DEBUG:colcon.colcon_core.event_handler.log_command:Invoking command in '/home/host/ros_ws/build/manipulator_disturbance_control': CMAKE_PREFIX_PATH=/home/host/ros_ws/install/manipulator_msgs:/home/host/ros_ws/install/manipulator_disturbance_control:/home/host/ros_ws/install/manipulator_gazebo:/home/host/ros_ws/install/braco_description:/opt/ros/humble /usr/bin/cmake --install /home/host/ros_ws/build/manipulator_disturbance_control
[1.825s] Level 1:colcon.colcon_core.environment:create_environment_scripts_only(manipulator_disturbance_control)
[1.825s] Level 1:colcon.colcon_core.environment:checking '/home/host/ros_ws/install/manipulator_disturbance_control' for CMake module files
[1.826s] DEBUG:colcon.colcon_core.event_handler.log_command:Invoked command in '/home/host/ros_ws/build/manipulator_disturbance_control' returned '0': CMAKE_PREFIX_PATH=/home/host/ros_ws/install/manipulator_msgs:/home/host/ros_ws/install/manipulator_disturbance_control:/home/host/ros_ws/install/manipulator_gazebo:/home/host/ros_ws/install/braco_description:/opt/ros/humble /usr/bin/cmake --install /home/host/ros_ws/build/manipulator_disturbance_control
[1.826s] Level 1:colcon.colcon_core.environment:checking '/home/host/ros_ws/install/manipulator_disturbance_control' for CMake config files
[1.827s] Level 1:colcon.colcon_core.shell:create_environment_hook('manipulator_disturbance_control', 'cmake_prefix_path')
[1.827s] INFO:colcon.colcon_core.shell:Creating environment hook '/home/host/ros_ws/install/manipulator_disturbance_control/share/manipulator_disturbance_control/hook/cmake_prefix_path.ps1'
[1.827s] INFO:colcon.colcon_core.shell:Creating environment descriptor '/home/host/ros_ws/install/manipulator_disturbance_control/share/manipulator_disturbance_control/hook/cmake_prefix_path.dsv'
[1.828s] INFO:colcon.colcon_core.shell:Creating environment hook '/home/host/ros_ws/install/manipulator_disturbance_control/share/manipulator_disturbance_control/hook/cmake_prefix_path.sh'
[1.829s] Level 1:colcon.colcon_core.environment:checking '/home/host/ros_ws/install/manipulator_disturbance_control/lib'
[1.829s] Level 1:colcon.colcon_core.environment:checking '/home/host/ros_ws/install/manipulator_disturbance_control/bin'
[1.829s] Level 1:colcon.colcon_core.environment:checking '/home/host/ros_ws/install/manipulator_disturbance_control/lib/pkgconfig/manipulator_disturbance_control.pc'
[1.829s] Level 1:colcon.colcon_core.environment:checking '/home/host/ros_ws/install/manipulator_disturbance_control/lib/python3.10/site-packages'
[1.830s] Level 1:colcon.colcon_core.environment:checking '/home/host/ros_ws/install/manipulator_disturbance_control/bin'
[1.830s] INFO:colcon.colcon_core.shell:Creating package script '/home/host/ros_ws/install/manipulator_disturbance_control/share/manipulator_disturbance_control/package.ps1'
[1.831s] INFO:colcon.colcon_core.shell:Creating package descriptor '/home/host/ros_ws/install/manipulator_disturbance_control/share/manipulator_disturbance_control/package.dsv'
[1.831s] INFO:colcon.colcon_core.shell:Creating package script '/home/host/ros_ws/install/manipulator_disturbance_control/share/manipulator_disturbance_control/package.sh'
[1.832s] INFO:colcon.colcon_core.shell:Creating package script '/home/host/ros_ws/install/manipulator_disturbance_control/share/manipulator_disturbance_control/package.bash'
[1.832s] INFO:colcon.colcon_core.shell:Creating package script '/home/host/ros_ws/install/manipulator_disturbance_control/share/manipulator_disturbance_control/package.zsh'
[1.833s] Level 1:colcon.colcon_core.environment:create_file_with_runtime_dependencies(/home/host/ros_ws/install/manipulator_disturbance_control/share/colcon-core/packages/manipulator_disturbance_control)
[1.834s] Level 1:colcon.colcon_core.environment:create_environment_scripts_only(manipulator_disturbance_control)
[1.834s] Level 1:colcon.colcon_core.environment:checking '/home/host/ros_ws/install/manipulator_disturbance_control' for CMake module files
[1.834s] Level 1:colcon.colcon_core.environment:checking '/home/host/ros_ws/install/manipulator_disturbance_control' for CMake config files
[1.835s] Level 1:colcon.colcon_core.shell:create_environment_hook('manipulator_disturbance_control', 'cmake_prefix_path')
[1.835s] INFO:colcon.colcon_core.shell:Creating environment hook '/home/host/ros_ws/install/manipulator_disturbance_control/share/manipulator_disturbance_control/hook/cmake_prefix_path.ps1'
[1.836s] INFO:colcon.colcon_core.shell:Creating environment descriptor '/home/host/ros_ws/install/manipulator_disturbance_control/share/manipulator_disturbance_control/hook/cmake_prefix_path.dsv'
[1.836s] INFO:colcon.colcon_core.shell:Creating environment hook '/home/host/ros_ws/install/manipulator_disturbance_control/share/manipulator_disturbance_control/hook/cmake_prefix_path.sh'
[1.836s] Level 1:colcon.colcon_core.environment:checking '/home/host/ros_ws/install/manipulator_disturbance_control/lib'
[1.836s] Level 1:colcon.colcon_core.environment:checking '/home/host/ros_ws/install/manipulator_disturbance_control/bin'
[1.837s] Level 1:colcon.colcon_core.environment:checking '/home/host/ros_ws/install/manipulator_disturbance_control/lib/pkgconfig/manipulator_disturbance_control.pc'
[1.837s] Level 1:colcon.colcon_core.environment:checking '/home/host/ros_ws/install/manipulator_disturbance_control/lib/python3.10/site-packages'
[1.837s] Level 1:colcon.colcon_core.environment:checking '/home/host/ros_ws/install/manipulator_disturbance_control/bin'
[1.837s] INFO:colcon.colcon_core.shell:Creating package script '/home/host/ros_ws/install/manipulator_disturbance_control/share/manipulator_disturbance_control/package.ps1'
[1.838s] INFO:colcon.colcon_core.shell:Creating package descriptor '/home/host/ros_ws/install/manipulator_disturbance_control/share/manipulator_disturbance_control/package.dsv'
[1.838s] INFO:colcon.colcon_core.shell:Creating package script '/home/host/ros_ws/install/manipulator_disturbance_control/share/manipulator_disturbance_control/package.sh'
[1.839s] INFO:colcon.colcon_core.shell:Creating package script '/home/host/ros_ws/install/manipulator_disturbance_control/share/manipulator_disturbance_control/package.bash'
[1.839s] INFO:colcon.colcon_core.shell:Creating package script '/home/host/ros_ws/install/manipulator_disturbance_control/share/manipulator_disturbance_control/package.zsh'
[1.840s] Level 1:colcon.colcon_core.environment:create_file_with_runtime_dependencies(/home/host/ros_ws/install/manipulator_disturbance_control/share/colcon-core/packages/manipulator_disturbance_control)
[1.840s] DEBUG:colcon.colcon_parallel_executor.executor.parallel:closing loop
[1.840s] DEBUG:colcon.colcon_parallel_executor.executor.parallel:loop closed
[1.840s] DEBUG:colcon.colcon_parallel_executor.executor.parallel:run_until_complete finished with '0'
[1.840s] DEBUG:colcon.colcon_core.event_reactor:joining thread
[1.847s] INFO:colcon.colcon_core.plugin_system:Skipping extension 'colcon_notification.desktop_notification.notify_send': Could not find 'notify-send'
[1.847s] INFO:colcon.colcon_core.plugin_system:Skipping extension 'colcon_notification.desktop_notification.terminal_notifier': Not used on non-Darwin systems
[1.847s] INFO:colcon.colcon_core.plugin_system:Skipping extension 'colcon_notification.desktop_notification.win32': Not used on non-Windows systems
[1.847s] INFO:colcon.colcon_notification.desktop_notification:Sending desktop notification using 'notify2'
[1.850s] DEBUG:colcon.colcon_notification.desktop_notification.notify2:Failed to initialize notify2: org.freedesktop.DBus.Error.Spawn.ExecFailed: /usr/bin/dbus-launch terminated abnormally without any error message
[1.850s] DEBUG:colcon.colcon_core.event_reactor:joined thread
[1.851s] INFO:colcon.colcon_core.shell:Creating prefix script '/home/host/ros_ws/install/local_setup.ps1'
[1.852s] INFO:colcon.colcon_core.shell:Creating prefix util module '/home/host/ros_ws/install/_local_setup_util_ps1.py'
[1.854s] INFO:colcon.colcon_core.shell:Creating prefix chain script '/home/host/ros_ws/install/setup.ps1'
[1.855s] INFO:colcon.colcon_core.shell:Creating prefix script '/home/host/ros_ws/install/local_setup.sh'
[1.856s] INFO:colcon.colcon_core.shell:Creating prefix util module '/home/host/ros_ws/install/_local_setup_util_sh.py'
[1.856s] INFO:colcon.colcon_core.shell:Creating prefix chain script '/home/host/ros_ws/install/setup.sh'
[1.857s] INFO:colcon.colcon_core.shell:Creating prefix script '/home/host/ros_ws/install/local_setup.bash'
[1.858s] INFO:colcon.colcon_core.shell:Creating prefix chain script '/home/host/ros_ws/install/setup.bash'
[1.859s] INFO:colcon.colcon_core.shell:Creating prefix script '/home/host/ros_ws/install/local_setup.zsh'
[1.859s] INFO:colcon.colcon_core.shell:Creating prefix chain script '/home/host/ros_ws/install/setup.zsh'
