[0.037s] Invoking command in '/home/host/onda/ros_ws/build/manipulator_gazebo': CMAKE_PREFIX_PATH=${CMAKE_PREFIX_PATH}:/opt/ros/humble /usr/bin/cmake --build /home/host/onda/ros_ws/build/manipulator_gazebo -- -j20 -l20
[0.141s] Invoked command in '/home/host/onda/ros_ws/build/manipulator_gazebo' returned '0': CMAKE_PREFIX_PATH=${CMAKE_PREFIX_PATH}:/opt/ros/humble /usr/bin/cmake --build /home/host/onda/ros_ws/build/manipulator_gazebo -- -j20 -l20
[0.144s] Invoking command in '/home/host/onda/ros_ws/build/manipulator_gazebo': CMAKE_PREFIX_PATH=${CMAKE_PREFIX_PATH}:/opt/ros/humble /usr/bin/cmake --install /home/host/onda/ros_ws/build/manipulator_gazebo
[0.160s] -- Install configuration: ""
[0.161s] -- Execute custom install script
[0.161s] -- Up-to-date symlink: /home/host/onda/ros_ws/install/manipulator_gazebo/share/manipulator_gazebo/launch/complete_system.launch
[0.162s] -- Up-to-date symlink: /home/host/onda/ros_ws/install/manipulator_gazebo/share/manipulator_gazebo/launch/spawn_manipulator.launch
[0.162s] -- Up-to-date symlink: /home/host/onda/ros_ws/install/manipulator_gazebo/share/manipulator_gazebo/urdf/simple_manipulator.urdf.xacro
[0.162s] -- Up-to-date symlink: /home/host/onda/ros_ws/install/manipulator_gazebo/share/manipulator_gazebo/worlds/simple_world.world
[0.163s] -- Up-to-date symlink: /home/host/onda/ros_ws/install/manipulator_gazebo/share/manipulator_gazebo/config/joint_controllers.yaml
[0.164s] -- Up-to-date symlink: /home/host/onda/ros_ws/install/manipulator_gazebo/share/manipulator_gazebo/config/joint_controllers_effort.yaml
[0.164s] -- Up-to-date symlink: /home/host/onda/ros_ws/install/manipulator_gazebo/share/manipulator_gazebo/config/pid_gains.yaml
[0.164s] -- Up-to-date symlink: /home/host/onda/ros_ws/install/manipulator_gazebo/share/ament_index/resource_index/package_run_dependencies/manipulator_gazebo
[0.164s] -- Up-to-date symlink: /home/host/onda/ros_ws/install/manipulator_gazebo/share/ament_index/resource_index/parent_prefix_path/manipulator_gazebo
[0.165s] -- Up-to-date symlink: /home/host/onda/ros_ws/install/manipulator_gazebo/share/manipulator_gazebo/environment/ament_prefix_path.sh
[0.165s] -- Up-to-date symlink: /home/host/onda/ros_ws/install/manipulator_gazebo/share/manipulator_gazebo/environment/ament_prefix_path.dsv
[0.165s] -- Up-to-date symlink: /home/host/onda/ros_ws/install/manipulator_gazebo/share/manipulator_gazebo/environment/path.sh
[0.166s] -- Up-to-date symlink: /home/host/onda/ros_ws/install/manipulator_gazebo/share/manipulator_gazebo/environment/path.dsv
[0.166s] -- Up-to-date symlink: /home/host/onda/ros_ws/install/manipulator_gazebo/share/manipulator_gazebo/local_setup.bash
[0.167s] -- Up-to-date symlink: /home/host/onda/ros_ws/install/manipulator_gazebo/share/manipulator_gazebo/local_setup.sh
[0.167s] -- Up-to-date symlink: /home/host/onda/ros_ws/install/manipulator_gazebo/share/manipulator_gazebo/local_setup.zsh
[0.167s] -- Up-to-date symlink: /home/host/onda/ros_ws/install/manipulator_gazebo/share/manipulator_gazebo/local_setup.dsv
[0.167s] -- Symlinking: /home/host/onda/ros_ws/install/manipulator_gazebo/share/manipulator_gazebo/package.dsv
[0.175s] -- Up-to-date symlink: /home/host/onda/ros_ws/install/manipulator_gazebo/share/ament_index/resource_index/packages/manipulator_gazebo
[0.175s] -- Up-to-date symlink: /home/host/onda/ros_ws/install/manipulator_gazebo/share/manipulator_gazebo/cmake/manipulator_gazeboConfig.cmake
[0.176s] -- Up-to-date symlink: /home/host/onda/ros_ws/install/manipulator_gazebo/share/manipulator_gazebo/cmake/manipulator_gazeboConfig-version.cmake
[0.176s] -- Up-to-date symlink: /home/host/onda/ros_ws/install/manipulator_gazebo/share/manipulator_gazebo/package.xml
[0.192s] Invoked command in '/home/host/onda/ros_ws/build/manipulator_gazebo' returned '0': CMAKE_PREFIX_PATH=${CMAKE_PREFIX_PATH}:/opt/ros/humble /usr/bin/cmake --install /home/host/onda/ros_ws/build/manipulator_gazebo
