[0.056s] DEBUG:colcon:Command line arguments: ['/usr/bin/colcon', 'build', '--symlink-install']
[0.056s] DEBUG:colcon:Parsed command line arguments: Namespace(log_base=None, log_level=None, verb_name='build', build_base='build', install_base='install', merge_install=False, symlink_install=True, test_result_base=None, continue_on_error=False, executor='parallel', parallel_workers=20, event_handlers=None, ignore_user_meta=False, metas=['./colcon.meta'], base_paths=['.'], packages_ignore=None, packages_ignore_regex=None, paths=None, packages_up_to=None, packages_up_to_regex=None, packages_above=None, packages_above_and_dependencies=None, packages_above_depth=None, packages_select_by_dep=None, packages_skip_by_dep=None, packages_skip_up_to=None, packages_select_build_failed=False, packages_skip_build_finished=False, packages_select_test_failures=False, packages_skip_test_passed=False, packages_select=None, packages_skip=None, packages_select_regex=None, packages_skip_regex=None, packages_start=None, packages_end=None, cmake_args=None, cmake_target=None, cmake_target_skip_unavailable=False, cmake_clean_cache=False, cmake_clean_first=False, cmake_force_configure=False, ament_cmake_args=None, catkin_cmake_args=None, catkin_skip_building_tests=False, mixin_files=None, mixin=None, verb_parser=<colcon_mixin.mixin.mixin_argument.MixinArgumentDecorator object at 0x730cd3afa6b0>, verb_extension=<colcon_core.verb.build.BuildVerb object at 0x730cd3af9ea0>, main=<bound method BuildVerb.main of <colcon_core.verb.build.BuildVerb object at 0x730cd3af9ea0>>, mixin_verb=('build',))
[0.143s] Level 1:colcon.colcon_core.package_discovery:discover_packages(colcon_meta) check parameters
[0.143s] Level 1:colcon.colcon_core.package_discovery:discover_packages(recursive) check parameters
[0.143s] Level 1:colcon.colcon_core.package_discovery:discover_packages(ignore) check parameters
[0.143s] Level 1:colcon.colcon_core.package_discovery:discover_packages(path) check parameters
[0.143s] Level 1:colcon.colcon_core.package_discovery:discover_packages(colcon_meta) discover
[0.143s] Level 1:colcon.colcon_core.package_discovery:discover_packages(recursive) discover
[0.143s] INFO:colcon.colcon_core.package_discovery:Crawling recursively for packages in '/home/host/onda/ros_ws'
[0.143s] Level 1:colcon.colcon_core.package_identification:_identify(.) by extensions ['ignore', 'ignore_ament_install']
[0.143s] Level 1:colcon.colcon_core.package_identification:_identify(.) by extension 'ignore'
[0.143s] Level 1:colcon.colcon_core.package_identification:_identify(.) by extension 'ignore_ament_install'
[0.143s] Level 1:colcon.colcon_core.package_identification:_identify(.) by extensions ['colcon_pkg']
[0.143s] Level 1:colcon.colcon_core.package_identification:_identify(.) by extension 'colcon_pkg'
[0.143s] Level 1:colcon.colcon_core.package_identification:_identify(.) by extensions ['colcon_meta']
[0.143s] Level 1:colcon.colcon_core.package_identification:_identify(.) by extension 'colcon_meta'
[0.143s] Level 1:colcon.colcon_core.package_identification:_identify(.) by extensions ['ros']
[0.143s] Level 1:colcon.colcon_core.package_identification:_identify(.) by extension 'ros'
[0.149s] Level 1:colcon.colcon_core.package_identification:_identify(.) by extensions ['cmake', 'python']
[0.149s] Level 1:colcon.colcon_core.package_identification:_identify(.) by extension 'cmake'
[0.149s] Level 1:colcon.colcon_core.package_identification:_identify(.) by extension 'python'
[0.149s] Level 1:colcon.colcon_core.package_identification:_identify(.) by extensions ['python_setup_py']
[0.149s] Level 1:colcon.colcon_core.package_identification:_identify(.) by extension 'python_setup_py'
[0.149s] Level 1:colcon.colcon_core.package_identification:_identify(build) by extensions ['ignore', 'ignore_ament_install']
[0.149s] Level 1:colcon.colcon_core.package_identification:_identify(build) by extension 'ignore'
[0.149s] Level 1:colcon.colcon_core.package_identification:_identify(build) ignored
[0.149s] Level 1:colcon.colcon_core.package_identification:_identify(install) by extensions ['ignore', 'ignore_ament_install']
[0.149s] Level 1:colcon.colcon_core.package_identification:_identify(install) by extension 'ignore'
[0.149s] Level 1:colcon.colcon_core.package_identification:_identify(install) ignored
[0.150s] Level 1:colcon.colcon_core.package_identification:_identify(log) by extensions ['ignore', 'ignore_ament_install']
[0.150s] Level 1:colcon.colcon_core.package_identification:_identify(log) by extension 'ignore'
[0.150s] Level 1:colcon.colcon_core.package_identification:_identify(log) ignored
[0.150s] Level 1:colcon.colcon_core.package_identification:_identify(src) by extensions ['ignore', 'ignore_ament_install']
[0.150s] Level 1:colcon.colcon_core.package_identification:_identify(src) by extension 'ignore'
[0.150s] Level 1:colcon.colcon_core.package_identification:_identify(src) by extension 'ignore_ament_install'
[0.150s] Level 1:colcon.colcon_core.package_identification:_identify(src) by extensions ['colcon_pkg']
[0.150s] Level 1:colcon.colcon_core.package_identification:_identify(src) by extension 'colcon_pkg'
[0.150s] Level 1:colcon.colcon_core.package_identification:_identify(src) by extensions ['colcon_meta']
[0.150s] Level 1:colcon.colcon_core.package_identification:_identify(src) by extension 'colcon_meta'
[0.150s] Level 1:colcon.colcon_core.package_identification:_identify(src) by extensions ['ros']
[0.150s] Level 1:colcon.colcon_core.package_identification:_identify(src) by extension 'ros'
[0.150s] Level 1:colcon.colcon_core.package_identification:_identify(src) by extensions ['cmake', 'python']
[0.150s] Level 1:colcon.colcon_core.package_identification:_identify(src) by extension 'cmake'
[0.150s] Level 1:colcon.colcon_core.package_identification:_identify(src) by extension 'python'
[0.150s] Level 1:colcon.colcon_core.package_identification:_identify(src) by extensions ['python_setup_py']
[0.150s] Level 1:colcon.colcon_core.package_identification:_identify(src) by extension 'python_setup_py'
[0.150s] Level 1:colcon.colcon_core.package_identification:_identify(src/braco_description) by extensions ['ignore', 'ignore_ament_install']
[0.150s] Level 1:colcon.colcon_core.package_identification:_identify(src/braco_description) by extension 'ignore'
[0.150s] Level 1:colcon.colcon_core.package_identification:_identify(src/braco_description) by extension 'ignore_ament_install'
[0.150s] Level 1:colcon.colcon_core.package_identification:_identify(src/braco_description) by extensions ['colcon_pkg']
[0.150s] Level 1:colcon.colcon_core.package_identification:_identify(src/braco_description) by extension 'colcon_pkg'
[0.150s] Level 1:colcon.colcon_core.package_identification:_identify(src/braco_description) by extensions ['colcon_meta']
[0.150s] Level 1:colcon.colcon_core.package_identification:_identify(src/braco_description) by extension 'colcon_meta'
[0.150s] Level 1:colcon.colcon_core.package_identification:_identify(src/braco_description) by extensions ['ros']
[0.150s] Level 1:colcon.colcon_core.package_identification:_identify(src/braco_description) by extension 'ros'
[0.152s] DEBUG:colcon.colcon_core.package_identification:Package 'src/braco_description' with type 'ros.ament_cmake' and name 'braco_description'
[0.152s] Level 1:colcon.colcon_core.package_identification:_identify(src/manipulator_disturbance_control) by extensions ['ignore', 'ignore_ament_install']
[0.152s] Level 1:colcon.colcon_core.package_identification:_identify(src/manipulator_disturbance_control) by extension 'ignore'
[0.152s] Level 1:colcon.colcon_core.package_identification:_identify(src/manipulator_disturbance_control) by extension 'ignore_ament_install'
[0.152s] Level 1:colcon.colcon_core.package_identification:_identify(src/manipulator_disturbance_control) by extensions ['colcon_pkg']
[0.152s] Level 1:colcon.colcon_core.package_identification:_identify(src/manipulator_disturbance_control) by extension 'colcon_pkg'
[0.152s] Level 1:colcon.colcon_core.package_identification:_identify(src/manipulator_disturbance_control) by extensions ['colcon_meta']
[0.152s] Level 1:colcon.colcon_core.package_identification:_identify(src/manipulator_disturbance_control) by extension 'colcon_meta'
[0.152s] Level 1:colcon.colcon_core.package_identification:_identify(src/manipulator_disturbance_control) by extensions ['ros']
[0.152s] Level 1:colcon.colcon_core.package_identification:_identify(src/manipulator_disturbance_control) by extension 'ros'
[0.153s] DEBUG:colcon.colcon_core.package_identification:Package 'src/manipulator_disturbance_control' with type 'ros.ament_cmake' and name 'manipulator_disturbance_control'
[0.153s] Level 1:colcon.colcon_core.package_identification:_identify(src/manipulator_gazebo) by extensions ['ignore', 'ignore_ament_install']
[0.153s] Level 1:colcon.colcon_core.package_identification:_identify(src/manipulator_gazebo) by extension 'ignore'
[0.153s] Level 1:colcon.colcon_core.package_identification:_identify(src/manipulator_gazebo) by extension 'ignore_ament_install'
[0.153s] Level 1:colcon.colcon_core.package_identification:_identify(src/manipulator_gazebo) by extensions ['colcon_pkg']
[0.153s] Level 1:colcon.colcon_core.package_identification:_identify(src/manipulator_gazebo) by extension 'colcon_pkg'
[0.153s] Level 1:colcon.colcon_core.package_identification:_identify(src/manipulator_gazebo) by extensions ['colcon_meta']
[0.153s] Level 1:colcon.colcon_core.package_identification:_identify(src/manipulator_gazebo) by extension 'colcon_meta'
[0.153s] Level 1:colcon.colcon_core.package_identification:_identify(src/manipulator_gazebo) by extensions ['ros']
[0.153s] Level 1:colcon.colcon_core.package_identification:_identify(src/manipulator_gazebo) by extension 'ros'
[0.153s] DEBUG:colcon.colcon_core.package_identification:Package 'src/manipulator_gazebo' with type 'ros.ament_cmake' and name 'manipulator_gazebo'
[0.153s] Level 1:colcon.colcon_core.package_identification:_identify(src/manipulator_msgs) by extensions ['ignore', 'ignore_ament_install']
[0.154s] Level 1:colcon.colcon_core.package_identification:_identify(src/manipulator_msgs) by extension 'ignore'
[0.154s] Level 1:colcon.colcon_core.package_identification:_identify(src/manipulator_msgs) by extension 'ignore_ament_install'
[0.154s] Level 1:colcon.colcon_core.package_identification:_identify(src/manipulator_msgs) by extensions ['colcon_pkg']
[0.154s] Level 1:colcon.colcon_core.package_identification:_identify(src/manipulator_msgs) by extension 'colcon_pkg'
[0.154s] Level 1:colcon.colcon_core.package_identification:_identify(src/manipulator_msgs) by extensions ['colcon_meta']
[0.154s] Level 1:colcon.colcon_core.package_identification:_identify(src/manipulator_msgs) by extension 'colcon_meta'
[0.154s] Level 1:colcon.colcon_core.package_identification:_identify(src/manipulator_msgs) by extensions ['ros']
[0.154s] Level 1:colcon.colcon_core.package_identification:_identify(src/manipulator_msgs) by extension 'ros'
[0.154s] DEBUG:colcon.colcon_core.package_identification:Package 'src/manipulator_msgs' with type 'ros.ament_cmake' and name 'manipulator_msgs'
[0.154s] Level 1:colcon.colcon_core.package_discovery:discover_packages(recursive) using defaults
[0.154s] Level 1:colcon.colcon_core.package_discovery:discover_packages(ignore) discover
[0.154s] Level 1:colcon.colcon_core.package_discovery:discover_packages(ignore) using defaults
[0.154s] Level 1:colcon.colcon_core.package_discovery:discover_packages(path) discover
[0.154s] Level 1:colcon.colcon_core.package_discovery:discover_packages(path) using defaults
[0.170s] Level 5:colcon.colcon_core.verb:set package 'braco_description' build argument 'cmake_args' from command line to 'None'
[0.170s] Level 5:colcon.colcon_core.verb:set package 'braco_description' build argument 'cmake_target' from command line to 'None'
[0.170s] Level 5:colcon.colcon_core.verb:set package 'braco_description' build argument 'cmake_target_skip_unavailable' from command line to 'False'
[0.170s] Level 5:colcon.colcon_core.verb:set package 'braco_description' build argument 'cmake_clean_cache' from command line to 'False'
[0.170s] Level 5:colcon.colcon_core.verb:set package 'braco_description' build argument 'cmake_clean_first' from command line to 'False'
[0.170s] Level 5:colcon.colcon_core.verb:set package 'braco_description' build argument 'cmake_force_configure' from command line to 'False'
[0.170s] Level 5:colcon.colcon_core.verb:set package 'braco_description' build argument 'ament_cmake_args' from command line to 'None'
[0.170s] Level 5:colcon.colcon_core.verb:set package 'braco_description' build argument 'catkin_cmake_args' from command line to 'None'
[0.170s] Level 5:colcon.colcon_core.verb:set package 'braco_description' build argument 'catkin_skip_building_tests' from command line to 'False'
[0.170s] DEBUG:colcon.colcon_core.verb:Building package 'braco_description' with the following arguments: {'ament_cmake_args': None, 'build_base': '/home/host/onda/ros_ws/build/braco_description', 'catkin_cmake_args': None, 'catkin_skip_building_tests': False, 'cmake_args': None, 'cmake_clean_cache': False, 'cmake_clean_first': False, 'cmake_force_configure': False, 'cmake_target': None, 'cmake_target_skip_unavailable': False, 'install_base': '/home/host/onda/ros_ws/install/braco_description', 'merge_install': False, 'path': '/home/host/onda/ros_ws/src/braco_description', 'symlink_install': True, 'test_result_base': None}
[0.170s] Level 5:colcon.colcon_core.verb:set package 'manipulator_gazebo' build argument 'cmake_args' from command line to 'None'
[0.170s] Level 5:colcon.colcon_core.verb:set package 'manipulator_gazebo' build argument 'cmake_target' from command line to 'None'
[0.170s] Level 5:colcon.colcon_core.verb:set package 'manipulator_gazebo' build argument 'cmake_target_skip_unavailable' from command line to 'False'
[0.170s] Level 5:colcon.colcon_core.verb:set package 'manipulator_gazebo' build argument 'cmake_clean_cache' from command line to 'False'
[0.170s] Level 5:colcon.colcon_core.verb:set package 'manipulator_gazebo' build argument 'cmake_clean_first' from command line to 'False'
[0.170s] Level 5:colcon.colcon_core.verb:set package 'manipulator_gazebo' build argument 'cmake_force_configure' from command line to 'False'
[0.170s] Level 5:colcon.colcon_core.verb:set package 'manipulator_gazebo' build argument 'ament_cmake_args' from command line to 'None'
[0.170s] Level 5:colcon.colcon_core.verb:set package 'manipulator_gazebo' build argument 'catkin_cmake_args' from command line to 'None'
[0.170s] Level 5:colcon.colcon_core.verb:set package 'manipulator_gazebo' build argument 'catkin_skip_building_tests' from command line to 'False'
[0.170s] DEBUG:colcon.colcon_core.verb:Building package 'manipulator_gazebo' with the following arguments: {'ament_cmake_args': None, 'build_base': '/home/host/onda/ros_ws/build/manipulator_gazebo', 'catkin_cmake_args': None, 'catkin_skip_building_tests': False, 'cmake_args': None, 'cmake_clean_cache': False, 'cmake_clean_first': False, 'cmake_force_configure': False, 'cmake_target': None, 'cmake_target_skip_unavailable': False, 'install_base': '/home/host/onda/ros_ws/install/manipulator_gazebo', 'merge_install': False, 'path': '/home/host/onda/ros_ws/src/manipulator_gazebo', 'symlink_install': True, 'test_result_base': None}
[0.170s] Level 5:colcon.colcon_core.verb:set package 'manipulator_msgs' build argument 'cmake_args' from command line to 'None'
[0.171s] Level 5:colcon.colcon_core.verb:set package 'manipulator_msgs' build argument 'cmake_target' from command line to 'None'
[0.171s] Level 5:colcon.colcon_core.verb:set package 'manipulator_msgs' build argument 'cmake_target_skip_unavailable' from command line to 'False'
[0.171s] Level 5:colcon.colcon_core.verb:set package 'manipulator_msgs' build argument 'cmake_clean_cache' from command line to 'False'
[0.171s] Level 5:colcon.colcon_core.verb:set package 'manipulator_msgs' build argument 'cmake_clean_first' from command line to 'False'
[0.171s] Level 5:colcon.colcon_core.verb:set package 'manipulator_msgs' build argument 'cmake_force_configure' from command line to 'False'
[0.171s] Level 5:colcon.colcon_core.verb:set package 'manipulator_msgs' build argument 'ament_cmake_args' from command line to 'None'
[0.171s] Level 5:colcon.colcon_core.verb:set package 'manipulator_msgs' build argument 'catkin_cmake_args' from command line to 'None'
[0.171s] Level 5:colcon.colcon_core.verb:set package 'manipulator_msgs' build argument 'catkin_skip_building_tests' from command line to 'False'
[0.171s] DEBUG:colcon.colcon_core.verb:Building package 'manipulator_msgs' with the following arguments: {'ament_cmake_args': None, 'build_base': '/home/host/onda/ros_ws/build/manipulator_msgs', 'catkin_cmake_args': None, 'catkin_skip_building_tests': False, 'cmake_args': None, 'cmake_clean_cache': False, 'cmake_clean_first': False, 'cmake_force_configure': False, 'cmake_target': None, 'cmake_target_skip_unavailable': False, 'install_base': '/home/host/onda/ros_ws/install/manipulator_msgs', 'merge_install': False, 'path': '/home/host/onda/ros_ws/src/manipulator_msgs', 'symlink_install': True, 'test_result_base': None}
[0.171s] Level 5:colcon.colcon_core.verb:set package 'manipulator_disturbance_control' build argument 'cmake_args' from command line to 'None'
[0.171s] Level 5:colcon.colcon_core.verb:set package 'manipulator_disturbance_control' build argument 'cmake_target' from command line to 'None'
[0.171s] Level 5:colcon.colcon_core.verb:set package 'manipulator_disturbance_control' build argument 'cmake_target_skip_unavailable' from command line to 'False'
[0.171s] Level 5:colcon.colcon_core.verb:set package 'manipulator_disturbance_control' build argument 'cmake_clean_cache' from command line to 'False'
[0.171s] Level 5:colcon.colcon_core.verb:set package 'manipulator_disturbance_control' build argument 'cmake_clean_first' from command line to 'False'
[0.171s] Level 5:colcon.colcon_core.verb:set package 'manipulator_disturbance_control' build argument 'cmake_force_configure' from command line to 'False'
[0.171s] Level 5:colcon.colcon_core.verb:set package 'manipulator_disturbance_control' build argument 'ament_cmake_args' from command line to 'None'
[0.171s] Level 5:colcon.colcon_core.verb:set package 'manipulator_disturbance_control' build argument 'catkin_cmake_args' from command line to 'None'
[0.171s] Level 5:colcon.colcon_core.verb:set package 'manipulator_disturbance_control' build argument 'catkin_skip_building_tests' from command line to 'False'
[0.171s] DEBUG:colcon.colcon_core.verb:Building package 'manipulator_disturbance_control' with the following arguments: {'ament_cmake_args': None, 'build_base': '/home/host/onda/ros_ws/build/manipulator_disturbance_control', 'catkin_cmake_args': None, 'catkin_skip_building_tests': False, 'cmake_args': None, 'cmake_clean_cache': False, 'cmake_clean_first': False, 'cmake_force_configure': False, 'cmake_target': None, 'cmake_target_skip_unavailable': False, 'install_base': '/home/host/onda/ros_ws/install/manipulator_disturbance_control', 'merge_install': False, 'path': '/home/host/onda/ros_ws/src/manipulator_disturbance_control', 'symlink_install': True, 'test_result_base': None}
[0.171s] INFO:colcon.colcon_core.executor:Executing jobs using 'parallel' executor
[0.172s] DEBUG:colcon.colcon_parallel_executor.executor.parallel:run_until_complete
[0.172s] INFO:colcon.colcon_ros.task.ament_cmake.build:Building ROS package in '/home/host/onda/ros_ws/src/manipulator_msgs' with build type 'ament_cmake'
[0.172s] INFO:colcon.colcon_cmake.task.cmake.build:Building CMake package in '/home/host/onda/ros_ws/src/manipulator_msgs'
[0.173s] INFO:colcon.colcon_core.plugin_system:Skipping extension 'colcon_core.shell.bat': Not used on non-Windows systems
[0.173s] INFO:colcon.colcon_core.shell:Skip shell extension 'powershell' for command environment: Not usable outside of PowerShell
[0.173s] DEBUG:colcon.colcon_core.shell:Skip shell extension 'dsv' for command environment
[0.176s] INFO:colcon.colcon_ros.task.ament_cmake.build:Building ROS package in '/home/host/onda/ros_ws/src/braco_description' with build type 'ament_cmake'
[0.176s] INFO:colcon.colcon_cmake.task.cmake.build:Building CMake package in '/home/host/onda/ros_ws/src/braco_description'
[0.176s] INFO:colcon.colcon_core.shell:Skip shell extension 'powershell' for command environment: Not usable outside of PowerShell
[0.176s] DEBUG:colcon.colcon_core.shell:Skip shell extension 'dsv' for command environment
[0.178s] INFO:colcon.colcon_ros.task.ament_cmake.build:Building ROS package in '/home/host/onda/ros_ws/src/manipulator_gazebo' with build type 'ament_cmake'
[0.179s] INFO:colcon.colcon_cmake.task.cmake.build:Building CMake package in '/home/host/onda/ros_ws/src/manipulator_gazebo'
[0.179s] INFO:colcon.colcon_core.shell:Skip shell extension 'powershell' for command environment: Not usable outside of PowerShell
[0.179s] DEBUG:colcon.colcon_core.shell:Skip shell extension 'dsv' for command environment
[0.183s] DEBUG:colcon.colcon_core.event_handler.log_command:Invoking command in '/home/host/onda/ros_ws/build/manipulator_msgs': CMAKE_PREFIX_PATH=${CMAKE_PREFIX_PATH}:/opt/ros/humble /usr/bin/cmake --build /home/host/onda/ros_ws/build/manipulator_msgs -- -j20 -l20
[0.186s] DEBUG:colcon.colcon_core.event_handler.log_command:Invoking command in '/home/host/onda/ros_ws/build/braco_description': CMAKE_PREFIX_PATH=${CMAKE_PREFIX_PATH}:/opt/ros/humble /usr/bin/cmake --build /home/host/onda/ros_ws/build/braco_description -- -j20 -l20
[0.190s] DEBUG:colcon.colcon_core.event_handler.log_command:Invoking command in '/home/host/onda/ros_ws/build/manipulator_gazebo': CMAKE_PREFIX_PATH=${CMAKE_PREFIX_PATH}:/opt/ros/humble /usr/bin/cmake --build /home/host/onda/ros_ws/build/manipulator_gazebo -- -j20 -l20
[0.213s] DEBUG:colcon.colcon_core.event_handler.log_command:Invoked command in '/home/host/onda/ros_ws/build/braco_description' returned '0': CMAKE_PREFIX_PATH=${CMAKE_PREFIX_PATH}:/opt/ros/humble /usr/bin/cmake --build /home/host/onda/ros_ws/build/braco_description -- -j20 -l20
[0.223s] DEBUG:colcon.colcon_core.event_handler.log_command:Invoking command in '/home/host/onda/ros_ws/build/braco_description': CMAKE_PREFIX_PATH=${CMAKE_PREFIX_PATH}:/opt/ros/humble /usr/bin/cmake --install /home/host/onda/ros_ws/build/braco_description
[0.226s] DEBUG:colcon.colcon_core.event_handler.log_command:Invoked command in '/home/host/onda/ros_ws/build/manipulator_gazebo' returned '0': CMAKE_PREFIX_PATH=${CMAKE_PREFIX_PATH}:/opt/ros/humble /usr/bin/cmake --build /home/host/onda/ros_ws/build/manipulator_gazebo -- -j20 -l20
[0.231s] DEBUG:colcon.colcon_core.event_handler.log_command:Invoking command in '/home/host/onda/ros_ws/build/manipulator_gazebo': CMAKE_PREFIX_PATH=${CMAKE_PREFIX_PATH}:/opt/ros/humble /usr/bin/cmake --install /home/host/onda/ros_ws/build/manipulator_gazebo
[0.261s] Level 1:colcon.colcon_core.environment:create_environment_scripts_only(braco_description)
[0.262s] DEBUG:colcon.colcon_core.event_handler.log_command:Invoked command in '/home/host/onda/ros_ws/build/braco_description' returned '0': CMAKE_PREFIX_PATH=${CMAKE_PREFIX_PATH}:/opt/ros/humble /usr/bin/cmake --install /home/host/onda/ros_ws/build/braco_description
[0.268s] Level 1:colcon.colcon_core.environment:checking '/home/host/onda/ros_ws/install/braco_description' for CMake module files
[0.270s] Level 1:colcon.colcon_core.environment:checking '/home/host/onda/ros_ws/install/braco_description' for CMake config files
[0.270s] Level 1:colcon.colcon_core.shell:create_environment_hook('braco_description', 'cmake_prefix_path')
[0.270s] INFO:colcon.colcon_core.shell:Creating environment hook '/home/host/onda/ros_ws/install/braco_description/share/braco_description/hook/cmake_prefix_path.ps1'
[0.271s] INFO:colcon.colcon_core.shell:Creating environment descriptor '/home/host/onda/ros_ws/install/braco_description/share/braco_description/hook/cmake_prefix_path.dsv'
[0.272s] INFO:colcon.colcon_core.shell:Creating environment hook '/home/host/onda/ros_ws/install/braco_description/share/braco_description/hook/cmake_prefix_path.sh'
[0.272s] Level 1:colcon.colcon_core.environment:checking '/home/host/onda/ros_ws/install/braco_description/bin'
[0.273s] Level 1:colcon.colcon_core.environment:checking '/home/host/onda/ros_ws/install/braco_description/lib/pkgconfig/braco_description.pc'
[0.274s] Level 1:colcon.colcon_core.environment:checking '/home/host/onda/ros_ws/install/braco_description/lib/python3.10/site-packages'
[0.274s] Level 1:colcon.colcon_core.environment:checking '/home/host/onda/ros_ws/install/braco_description/bin'
[0.274s] INFO:colcon.colcon_core.shell:Creating package script '/home/host/onda/ros_ws/install/braco_description/share/braco_description/package.ps1'
[0.274s] INFO:colcon.colcon_core.shell:Creating package descriptor '/home/host/onda/ros_ws/install/braco_description/share/braco_description/package.dsv'
[0.275s] INFO:colcon.colcon_core.shell:Creating package script '/home/host/onda/ros_ws/install/braco_description/share/braco_description/package.sh'
[0.275s] INFO:colcon.colcon_core.shell:Creating package script '/home/host/onda/ros_ws/install/braco_description/share/braco_description/package.bash'
[0.275s] INFO:colcon.colcon_core.shell:Creating package script '/home/host/onda/ros_ws/install/braco_description/share/braco_description/package.zsh'
[0.276s] Level 1:colcon.colcon_core.environment:create_file_with_runtime_dependencies(/home/host/onda/ros_ws/install/braco_description/share/colcon-core/packages/braco_description)
[0.276s] Level 1:colcon.colcon_core.environment:create_environment_scripts_only(braco_description)
[0.276s] Level 1:colcon.colcon_core.environment:checking '/home/host/onda/ros_ws/install/braco_description' for CMake module files
[0.276s] Level 1:colcon.colcon_core.environment:checking '/home/host/onda/ros_ws/install/braco_description' for CMake config files
[0.277s] Level 1:colcon.colcon_core.shell:create_environment_hook('braco_description', 'cmake_prefix_path')
[0.277s] INFO:colcon.colcon_core.shell:Creating environment hook '/home/host/onda/ros_ws/install/braco_description/share/braco_description/hook/cmake_prefix_path.ps1'
[0.277s] INFO:colcon.colcon_core.shell:Creating environment descriptor '/home/host/onda/ros_ws/install/braco_description/share/braco_description/hook/cmake_prefix_path.dsv'
[0.277s] INFO:colcon.colcon_core.shell:Creating environment hook '/home/host/onda/ros_ws/install/braco_description/share/braco_description/hook/cmake_prefix_path.sh'
[0.277s] Level 1:colcon.colcon_core.environment:checking '/home/host/onda/ros_ws/install/braco_description/bin'
[0.277s] Level 1:colcon.colcon_core.environment:checking '/home/host/onda/ros_ws/install/braco_description/lib/pkgconfig/braco_description.pc'
[0.278s] Level 1:colcon.colcon_core.environment:checking '/home/host/onda/ros_ws/install/braco_description/lib/python3.10/site-packages'
[0.278s] Level 1:colcon.colcon_core.environment:checking '/home/host/onda/ros_ws/install/braco_description/bin'
[0.278s] INFO:colcon.colcon_core.shell:Creating package script '/home/host/onda/ros_ws/install/braco_description/share/braco_description/package.ps1'
[0.278s] INFO:colcon.colcon_core.shell:Creating package descriptor '/home/host/onda/ros_ws/install/braco_description/share/braco_description/package.dsv'
[0.278s] INFO:colcon.colcon_core.shell:Creating package script '/home/host/onda/ros_ws/install/braco_description/share/braco_description/package.sh'
[0.279s] INFO:colcon.colcon_core.shell:Creating package script '/home/host/onda/ros_ws/install/braco_description/share/braco_description/package.bash'
[0.279s] INFO:colcon.colcon_core.shell:Creating package script '/home/host/onda/ros_ws/install/braco_description/share/braco_description/package.zsh'
[0.279s] Level 1:colcon.colcon_core.environment:create_file_with_runtime_dependencies(/home/host/onda/ros_ws/install/braco_description/share/colcon-core/packages/braco_description)
[0.280s] Level 1:colcon.colcon_core.environment:create_environment_scripts_only(manipulator_gazebo)
[0.280s] Level 1:colcon.colcon_core.environment:checking '/home/host/onda/ros_ws/install/manipulator_gazebo' for CMake module files
[0.280s] DEBUG:colcon.colcon_core.event_handler.log_command:Invoked command in '/home/host/onda/ros_ws/build/manipulator_gazebo' returned '0': CMAKE_PREFIX_PATH=${CMAKE_PREFIX_PATH}:/opt/ros/humble /usr/bin/cmake --install /home/host/onda/ros_ws/build/manipulator_gazebo
[0.280s] Level 1:colcon.colcon_core.environment:checking '/home/host/onda/ros_ws/install/manipulator_gazebo' for CMake config files
[0.281s] Level 1:colcon.colcon_core.shell:create_environment_hook('manipulator_gazebo', 'cmake_prefix_path')
[0.281s] INFO:colcon.colcon_core.shell:Creating environment hook '/home/host/onda/ros_ws/install/manipulator_gazebo/share/manipulator_gazebo/hook/cmake_prefix_path.ps1'
[0.281s] INFO:colcon.colcon_core.shell:Creating environment descriptor '/home/host/onda/ros_ws/install/manipulator_gazebo/share/manipulator_gazebo/hook/cmake_prefix_path.dsv'
[0.281s] INFO:colcon.colcon_core.shell:Creating environment hook '/home/host/onda/ros_ws/install/manipulator_gazebo/share/manipulator_gazebo/hook/cmake_prefix_path.sh'
[0.282s] Level 1:colcon.colcon_core.environment:checking '/home/host/onda/ros_ws/install/manipulator_gazebo/bin'
[0.282s] Level 1:colcon.colcon_core.environment:checking '/home/host/onda/ros_ws/install/manipulator_gazebo/lib/pkgconfig/manipulator_gazebo.pc'
[0.282s] Level 1:colcon.colcon_core.environment:checking '/home/host/onda/ros_ws/install/manipulator_gazebo/lib/python3.10/site-packages'
[0.282s] Level 1:colcon.colcon_core.environment:checking '/home/host/onda/ros_ws/install/manipulator_gazebo/bin'
[0.282s] INFO:colcon.colcon_core.shell:Creating package script '/home/host/onda/ros_ws/install/manipulator_gazebo/share/manipulator_gazebo/package.ps1'
[0.282s] INFO:colcon.colcon_core.shell:Creating package descriptor '/home/host/onda/ros_ws/install/manipulator_gazebo/share/manipulator_gazebo/package.dsv'
[0.283s] INFO:colcon.colcon_core.shell:Creating package script '/home/host/onda/ros_ws/install/manipulator_gazebo/share/manipulator_gazebo/package.sh'
[0.283s] INFO:colcon.colcon_core.shell:Creating package script '/home/host/onda/ros_ws/install/manipulator_gazebo/share/manipulator_gazebo/package.bash'
[0.283s] INFO:colcon.colcon_core.shell:Creating package script '/home/host/onda/ros_ws/install/manipulator_gazebo/share/manipulator_gazebo/package.zsh'
[0.283s] Level 1:colcon.colcon_core.environment:create_file_with_runtime_dependencies(/home/host/onda/ros_ws/install/manipulator_gazebo/share/colcon-core/packages/manipulator_gazebo)
[0.283s] Level 1:colcon.colcon_core.environment:create_environment_scripts_only(manipulator_gazebo)
[0.284s] Level 1:colcon.colcon_core.environment:checking '/home/host/onda/ros_ws/install/manipulator_gazebo' for CMake module files
[0.284s] Level 1:colcon.colcon_core.environment:checking '/home/host/onda/ros_ws/install/manipulator_gazebo' for CMake config files
[0.284s] Level 1:colcon.colcon_core.shell:create_environment_hook('manipulator_gazebo', 'cmake_prefix_path')
[0.284s] INFO:colcon.colcon_core.shell:Creating environment hook '/home/host/onda/ros_ws/install/manipulator_gazebo/share/manipulator_gazebo/hook/cmake_prefix_path.ps1'
[0.284s] INFO:colcon.colcon_core.shell:Creating environment descriptor '/home/host/onda/ros_ws/install/manipulator_gazebo/share/manipulator_gazebo/hook/cmake_prefix_path.dsv'
[0.285s] INFO:colcon.colcon_core.shell:Creating environment hook '/home/host/onda/ros_ws/install/manipulator_gazebo/share/manipulator_gazebo/hook/cmake_prefix_path.sh'
[0.285s] Level 1:colcon.colcon_core.environment:checking '/home/host/onda/ros_ws/install/manipulator_gazebo/bin'
[0.285s] Level 1:colcon.colcon_core.environment:checking '/home/host/onda/ros_ws/install/manipulator_gazebo/lib/pkgconfig/manipulator_gazebo.pc'
[0.285s] Level 1:colcon.colcon_core.environment:checking '/home/host/onda/ros_ws/install/manipulator_gazebo/lib/python3.10/site-packages'
[0.285s] Level 1:colcon.colcon_core.environment:checking '/home/host/onda/ros_ws/install/manipulator_gazebo/bin'
[0.285s] INFO:colcon.colcon_core.shell:Creating package script '/home/host/onda/ros_ws/install/manipulator_gazebo/share/manipulator_gazebo/package.ps1'
[0.286s] INFO:colcon.colcon_core.shell:Creating package descriptor '/home/host/onda/ros_ws/install/manipulator_gazebo/share/manipulator_gazebo/package.dsv'
[0.286s] INFO:colcon.colcon_core.shell:Creating package script '/home/host/onda/ros_ws/install/manipulator_gazebo/share/manipulator_gazebo/package.sh'
[0.286s] INFO:colcon.colcon_core.shell:Creating package script '/home/host/onda/ros_ws/install/manipulator_gazebo/share/manipulator_gazebo/package.bash'
[0.286s] INFO:colcon.colcon_core.shell:Creating package script '/home/host/onda/ros_ws/install/manipulator_gazebo/share/manipulator_gazebo/package.zsh'
[0.287s] Level 1:colcon.colcon_core.environment:create_file_with_runtime_dependencies(/home/host/onda/ros_ws/install/manipulator_gazebo/share/colcon-core/packages/manipulator_gazebo)
[0.424s] DEBUG:colcon.colcon_core.event_handler.log_command:Invoked command in '/home/host/onda/ros_ws/build/manipulator_msgs' returned '0': CMAKE_PREFIX_PATH=${CMAKE_PREFIX_PATH}:/opt/ros/humble /usr/bin/cmake --build /home/host/onda/ros_ws/build/manipulator_msgs -- -j20 -l20
[0.425s] DEBUG:colcon.colcon_core.event_handler.log_command:Invoking command in '/home/host/onda/ros_ws/build/manipulator_msgs': CMAKE_PREFIX_PATH=${CMAKE_PREFIX_PATH}:/opt/ros/humble /usr/bin/cmake --install /home/host/onda/ros_ws/build/manipulator_msgs
[0.478s] Level 1:colcon.colcon_core.environment:create_environment_scripts_only(manipulator_msgs)
[0.478s] Level 1:colcon.colcon_core.environment:checking '/home/host/onda/ros_ws/install/manipulator_msgs' for CMake module files
[0.478s] DEBUG:colcon.colcon_core.event_handler.log_command:Invoked command in '/home/host/onda/ros_ws/build/manipulator_msgs' returned '0': CMAKE_PREFIX_PATH=${CMAKE_PREFIX_PATH}:/opt/ros/humble /usr/bin/cmake --install /home/host/onda/ros_ws/build/manipulator_msgs
[0.478s] Level 1:colcon.colcon_core.environment:checking '/home/host/onda/ros_ws/install/manipulator_msgs' for CMake config files
[0.479s] Level 1:colcon.colcon_core.shell:create_environment_hook('manipulator_msgs', 'cmake_prefix_path')
[0.479s] INFO:colcon.colcon_core.shell:Creating environment hook '/home/host/onda/ros_ws/install/manipulator_msgs/share/manipulator_msgs/hook/cmake_prefix_path.ps1'
[0.479s] INFO:colcon.colcon_core.shell:Creating environment descriptor '/home/host/onda/ros_ws/install/manipulator_msgs/share/manipulator_msgs/hook/cmake_prefix_path.dsv'
[0.480s] INFO:colcon.colcon_core.shell:Creating environment hook '/home/host/onda/ros_ws/install/manipulator_msgs/share/manipulator_msgs/hook/cmake_prefix_path.sh'
[0.480s] Level 1:colcon.colcon_core.environment:checking '/home/host/onda/ros_ws/install/manipulator_msgs/lib'
[0.480s] Level 1:colcon.colcon_core.shell:create_environment_hook('manipulator_msgs', 'ld_library_path_lib')
[0.480s] INFO:colcon.colcon_core.shell:Creating environment hook '/home/host/onda/ros_ws/install/manipulator_msgs/share/manipulator_msgs/hook/ld_library_path_lib.ps1'
[0.480s] INFO:colcon.colcon_core.shell:Creating environment descriptor '/home/host/onda/ros_ws/install/manipulator_msgs/share/manipulator_msgs/hook/ld_library_path_lib.dsv'
[0.481s] INFO:colcon.colcon_core.shell:Creating environment hook '/home/host/onda/ros_ws/install/manipulator_msgs/share/manipulator_msgs/hook/ld_library_path_lib.sh'
[0.481s] Level 1:colcon.colcon_core.environment:checking '/home/host/onda/ros_ws/install/manipulator_msgs/bin'
[0.481s] Level 1:colcon.colcon_core.environment:checking '/home/host/onda/ros_ws/install/manipulator_msgs/lib/pkgconfig/manipulator_msgs.pc'
[0.481s] Level 1:colcon.colcon_core.environment:checking '/home/host/onda/ros_ws/install/manipulator_msgs/lib/python3.10/site-packages'
[0.481s] Level 1:colcon.colcon_core.environment:checking '/home/host/onda/ros_ws/install/manipulator_msgs/bin'
[0.481s] INFO:colcon.colcon_core.shell:Creating package script '/home/host/onda/ros_ws/install/manipulator_msgs/share/manipulator_msgs/package.ps1'
[0.481s] INFO:colcon.colcon_core.shell:Creating package descriptor '/home/host/onda/ros_ws/install/manipulator_msgs/share/manipulator_msgs/package.dsv'
[0.482s] INFO:colcon.colcon_core.shell:Creating package script '/home/host/onda/ros_ws/install/manipulator_msgs/share/manipulator_msgs/package.sh'
[0.482s] INFO:colcon.colcon_core.shell:Creating package script '/home/host/onda/ros_ws/install/manipulator_msgs/share/manipulator_msgs/package.bash'
[0.482s] INFO:colcon.colcon_core.shell:Creating package script '/home/host/onda/ros_ws/install/manipulator_msgs/share/manipulator_msgs/package.zsh'
[0.482s] Level 1:colcon.colcon_core.environment:create_file_with_runtime_dependencies(/home/host/onda/ros_ws/install/manipulator_msgs/share/colcon-core/packages/manipulator_msgs)
[0.483s] Level 1:colcon.colcon_core.environment:create_environment_scripts_only(manipulator_msgs)
[0.483s] Level 1:colcon.colcon_core.environment:checking '/home/host/onda/ros_ws/install/manipulator_msgs' for CMake module files
[0.483s] Level 1:colcon.colcon_core.environment:checking '/home/host/onda/ros_ws/install/manipulator_msgs' for CMake config files
[0.484s] Level 1:colcon.colcon_core.shell:create_environment_hook('manipulator_msgs', 'cmake_prefix_path')
[0.484s] INFO:colcon.colcon_core.shell:Creating environment hook '/home/host/onda/ros_ws/install/manipulator_msgs/share/manipulator_msgs/hook/cmake_prefix_path.ps1'
[0.484s] INFO:colcon.colcon_core.shell:Creating environment descriptor '/home/host/onda/ros_ws/install/manipulator_msgs/share/manipulator_msgs/hook/cmake_prefix_path.dsv'
[0.484s] INFO:colcon.colcon_core.shell:Creating environment hook '/home/host/onda/ros_ws/install/manipulator_msgs/share/manipulator_msgs/hook/cmake_prefix_path.sh'
[0.484s] Level 1:colcon.colcon_core.environment:checking '/home/host/onda/ros_ws/install/manipulator_msgs/lib'
[0.484s] Level 1:colcon.colcon_core.shell:create_environment_hook('manipulator_msgs', 'ld_library_path_lib')
[0.484s] INFO:colcon.colcon_core.shell:Creating environment hook '/home/host/onda/ros_ws/install/manipulator_msgs/share/manipulator_msgs/hook/ld_library_path_lib.ps1'
[0.485s] INFO:colcon.colcon_core.shell:Creating environment descriptor '/home/host/onda/ros_ws/install/manipulator_msgs/share/manipulator_msgs/hook/ld_library_path_lib.dsv'
[0.485s] INFO:colcon.colcon_core.shell:Creating environment hook '/home/host/onda/ros_ws/install/manipulator_msgs/share/manipulator_msgs/hook/ld_library_path_lib.sh'
[0.485s] Level 1:colcon.colcon_core.environment:checking '/home/host/onda/ros_ws/install/manipulator_msgs/bin'
[0.485s] Level 1:colcon.colcon_core.environment:checking '/home/host/onda/ros_ws/install/manipulator_msgs/lib/pkgconfig/manipulator_msgs.pc'
[0.485s] Level 1:colcon.colcon_core.environment:checking '/home/host/onda/ros_ws/install/manipulator_msgs/lib/python3.10/site-packages'
[0.485s] Level 1:colcon.colcon_core.environment:checking '/home/host/onda/ros_ws/install/manipulator_msgs/bin'
[0.486s] INFO:colcon.colcon_core.shell:Creating package script '/home/host/onda/ros_ws/install/manipulator_msgs/share/manipulator_msgs/package.ps1'
[0.486s] INFO:colcon.colcon_core.shell:Creating package descriptor '/home/host/onda/ros_ws/install/manipulator_msgs/share/manipulator_msgs/package.dsv'
[0.486s] INFO:colcon.colcon_core.shell:Creating package script '/home/host/onda/ros_ws/install/manipulator_msgs/share/manipulator_msgs/package.sh'
[0.486s] INFO:colcon.colcon_core.shell:Creating package script '/home/host/onda/ros_ws/install/manipulator_msgs/share/manipulator_msgs/package.bash'
[0.487s] INFO:colcon.colcon_core.shell:Creating package script '/home/host/onda/ros_ws/install/manipulator_msgs/share/manipulator_msgs/package.zsh'
[0.487s] Level 1:colcon.colcon_core.environment:create_file_with_runtime_dependencies(/home/host/onda/ros_ws/install/manipulator_msgs/share/colcon-core/packages/manipulator_msgs)
[0.487s] INFO:colcon.colcon_ros.task.ament_cmake.build:Building ROS package in '/home/host/onda/ros_ws/src/manipulator_disturbance_control' with build type 'ament_cmake'
[0.487s] INFO:colcon.colcon_cmake.task.cmake.build:Building CMake package in '/home/host/onda/ros_ws/src/manipulator_disturbance_control'
[0.487s] INFO:colcon.colcon_core.shell:Skip shell extension 'powershell' for command environment: Not usable outside of PowerShell
[0.487s] DEBUG:colcon.colcon_core.shell:Skip shell extension 'dsv' for command environment
[0.496s] DEBUG:colcon.colcon_core.event_handler.log_command:Invoking command in '/home/host/onda/ros_ws/build/manipulator_disturbance_control': CMAKE_PREFIX_PATH=/home/host/onda/ros_ws/install/manipulator_msgs:/home/host/onda/ros_ws/install/manipulator_disturbance_control:/home/host/onda/ros_ws/install/manipulator_gazebo:/home/host/onda/ros_ws/install/braco_description:/opt/ros/humble /usr/bin/cmake --build /home/host/onda/ros_ws/build/manipulator_disturbance_control -- -j20 -l20
[0.588s] DEBUG:colcon.colcon_core.event_handler.log_command:Invoked command in '/home/host/onda/ros_ws/build/manipulator_disturbance_control' returned '0': CMAKE_PREFIX_PATH=/home/host/onda/ros_ws/install/manipulator_msgs:/home/host/onda/ros_ws/install/manipulator_disturbance_control:/home/host/onda/ros_ws/install/manipulator_gazebo:/home/host/onda/ros_ws/install/braco_description:/opt/ros/humble /usr/bin/cmake --build /home/host/onda/ros_ws/build/manipulator_disturbance_control -- -j20 -l20
[0.591s] DEBUG:colcon.colcon_core.event_handler.log_command:Invoking command in '/home/host/onda/ros_ws/build/manipulator_disturbance_control': CMAKE_PREFIX_PATH=/home/host/onda/ros_ws/install/manipulator_msgs:/home/host/onda/ros_ws/install/manipulator_disturbance_control:/home/host/onda/ros_ws/install/manipulator_gazebo:/home/host/onda/ros_ws/install/braco_description:/opt/ros/humble /usr/bin/cmake --install /home/host/onda/ros_ws/build/manipulator_disturbance_control
[0.618s] Level 1:colcon.colcon_core.environment:create_environment_scripts_only(manipulator_disturbance_control)
[0.618s] Level 1:colcon.colcon_core.environment:checking '/home/host/onda/ros_ws/install/manipulator_disturbance_control' for CMake module files
[0.618s] DEBUG:colcon.colcon_core.event_handler.log_command:Invoked command in '/home/host/onda/ros_ws/build/manipulator_disturbance_control' returned '0': CMAKE_PREFIX_PATH=/home/host/onda/ros_ws/install/manipulator_msgs:/home/host/onda/ros_ws/install/manipulator_disturbance_control:/home/host/onda/ros_ws/install/manipulator_gazebo:/home/host/onda/ros_ws/install/braco_description:/opt/ros/humble /usr/bin/cmake --install /home/host/onda/ros_ws/build/manipulator_disturbance_control
[0.618s] Level 1:colcon.colcon_core.environment:checking '/home/host/onda/ros_ws/install/manipulator_disturbance_control' for CMake config files
[0.618s] Level 1:colcon.colcon_core.shell:create_environment_hook('manipulator_disturbance_control', 'cmake_prefix_path')
[0.619s] INFO:colcon.colcon_core.shell:Creating environment hook '/home/host/onda/ros_ws/install/manipulator_disturbance_control/share/manipulator_disturbance_control/hook/cmake_prefix_path.ps1'
[0.619s] INFO:colcon.colcon_core.shell:Creating environment descriptor '/home/host/onda/ros_ws/install/manipulator_disturbance_control/share/manipulator_disturbance_control/hook/cmake_prefix_path.dsv'
[0.619s] INFO:colcon.colcon_core.shell:Creating environment hook '/home/host/onda/ros_ws/install/manipulator_disturbance_control/share/manipulator_disturbance_control/hook/cmake_prefix_path.sh'
[0.619s] Level 1:colcon.colcon_core.environment:checking '/home/host/onda/ros_ws/install/manipulator_disturbance_control/lib'
[0.620s] Level 1:colcon.colcon_core.environment:checking '/home/host/onda/ros_ws/install/manipulator_disturbance_control/bin'
[0.620s] Level 1:colcon.colcon_core.environment:checking '/home/host/onda/ros_ws/install/manipulator_disturbance_control/lib/pkgconfig/manipulator_disturbance_control.pc'
[0.620s] Level 1:colcon.colcon_core.environment:checking '/home/host/onda/ros_ws/install/manipulator_disturbance_control/lib/python3.10/site-packages'
[0.620s] Level 1:colcon.colcon_core.environment:checking '/home/host/onda/ros_ws/install/manipulator_disturbance_control/bin'
[0.620s] INFO:colcon.colcon_core.shell:Creating package script '/home/host/onda/ros_ws/install/manipulator_disturbance_control/share/manipulator_disturbance_control/package.ps1'
[0.620s] INFO:colcon.colcon_core.shell:Creating package descriptor '/home/host/onda/ros_ws/install/manipulator_disturbance_control/share/manipulator_disturbance_control/package.dsv'
[0.621s] INFO:colcon.colcon_core.shell:Creating package script '/home/host/onda/ros_ws/install/manipulator_disturbance_control/share/manipulator_disturbance_control/package.sh'
[0.621s] INFO:colcon.colcon_core.shell:Creating package script '/home/host/onda/ros_ws/install/manipulator_disturbance_control/share/manipulator_disturbance_control/package.bash'
[0.621s] INFO:colcon.colcon_core.shell:Creating package script '/home/host/onda/ros_ws/install/manipulator_disturbance_control/share/manipulator_disturbance_control/package.zsh'
[0.621s] Level 1:colcon.colcon_core.environment:create_file_with_runtime_dependencies(/home/host/onda/ros_ws/install/manipulator_disturbance_control/share/colcon-core/packages/manipulator_disturbance_control)
[0.622s] Level 1:colcon.colcon_core.environment:create_environment_scripts_only(manipulator_disturbance_control)
[0.622s] Level 1:colcon.colcon_core.environment:checking '/home/host/onda/ros_ws/install/manipulator_disturbance_control' for CMake module files
[0.622s] Level 1:colcon.colcon_core.environment:checking '/home/host/onda/ros_ws/install/manipulator_disturbance_control' for CMake config files
[0.623s] Level 1:colcon.colcon_core.shell:create_environment_hook('manipulator_disturbance_control', 'cmake_prefix_path')
[0.623s] INFO:colcon.colcon_core.shell:Creating environment hook '/home/host/onda/ros_ws/install/manipulator_disturbance_control/share/manipulator_disturbance_control/hook/cmake_prefix_path.ps1'
[0.628s] INFO:colcon.colcon_core.shell:Creating environment descriptor '/home/host/onda/ros_ws/install/manipulator_disturbance_control/share/manipulator_disturbance_control/hook/cmake_prefix_path.dsv'
[0.628s] INFO:colcon.colcon_core.shell:Creating environment hook '/home/host/onda/ros_ws/install/manipulator_disturbance_control/share/manipulator_disturbance_control/hook/cmake_prefix_path.sh'
[0.629s] Level 1:colcon.colcon_core.environment:checking '/home/host/onda/ros_ws/install/manipulator_disturbance_control/lib'
[0.629s] Level 1:colcon.colcon_core.environment:checking '/home/host/onda/ros_ws/install/manipulator_disturbance_control/bin'
[0.629s] Level 1:colcon.colcon_core.environment:checking '/home/host/onda/ros_ws/install/manipulator_disturbance_control/lib/pkgconfig/manipulator_disturbance_control.pc'
[0.629s] Level 1:colcon.colcon_core.environment:checking '/home/host/onda/ros_ws/install/manipulator_disturbance_control/lib/python3.10/site-packages'
[0.630s] Level 1:colcon.colcon_core.environment:checking '/home/host/onda/ros_ws/install/manipulator_disturbance_control/bin'
[0.630s] INFO:colcon.colcon_core.shell:Creating package script '/home/host/onda/ros_ws/install/manipulator_disturbance_control/share/manipulator_disturbance_control/package.ps1'
[0.631s] INFO:colcon.colcon_core.shell:Creating package descriptor '/home/host/onda/ros_ws/install/manipulator_disturbance_control/share/manipulator_disturbance_control/package.dsv'
[0.632s] INFO:colcon.colcon_core.shell:Creating package script '/home/host/onda/ros_ws/install/manipulator_disturbance_control/share/manipulator_disturbance_control/package.sh'
[0.632s] INFO:colcon.colcon_core.shell:Creating package script '/home/host/onda/ros_ws/install/manipulator_disturbance_control/share/manipulator_disturbance_control/package.bash'
[0.633s] INFO:colcon.colcon_core.shell:Creating package script '/home/host/onda/ros_ws/install/manipulator_disturbance_control/share/manipulator_disturbance_control/package.zsh'
[0.633s] Level 1:colcon.colcon_core.environment:create_file_with_runtime_dependencies(/home/host/onda/ros_ws/install/manipulator_disturbance_control/share/colcon-core/packages/manipulator_disturbance_control)
[0.634s] DEBUG:colcon.colcon_parallel_executor.executor.parallel:closing loop
[0.634s] DEBUG:colcon.colcon_parallel_executor.executor.parallel:loop closed
[0.634s] DEBUG:colcon.colcon_parallel_executor.executor.parallel:run_until_complete finished with '0'
[0.634s] DEBUG:colcon.colcon_core.event_reactor:joining thread
[0.642s] INFO:colcon.colcon_core.plugin_system:Skipping extension 'colcon_notification.desktop_notification.notify_send': Could not find 'notify-send'
[0.642s] INFO:colcon.colcon_core.plugin_system:Skipping extension 'colcon_notification.desktop_notification.terminal_notifier': Not used on non-Darwin systems
[0.642s] INFO:colcon.colcon_core.plugin_system:Skipping extension 'colcon_notification.desktop_notification.win32': Not used on non-Windows systems
[0.642s] INFO:colcon.colcon_notification.desktop_notification:Sending desktop notification using 'notify2'
[0.645s] DEBUG:colcon.colcon_notification.desktop_notification.notify2:Failed to initialize notify2: org.freedesktop.DBus.Error.Spawn.ExecFailed: /usr/bin/dbus-launch terminated abnormally without any error message
[0.646s] DEBUG:colcon.colcon_core.event_reactor:joined thread
[0.646s] INFO:colcon.colcon_core.shell:Creating prefix script '/home/host/onda/ros_ws/install/local_setup.ps1'
[0.648s] INFO:colcon.colcon_core.shell:Creating prefix util module '/home/host/onda/ros_ws/install/_local_setup_util_ps1.py'
[0.649s] INFO:colcon.colcon_core.shell:Creating prefix chain script '/home/host/onda/ros_ws/install/setup.ps1'
[0.651s] INFO:colcon.colcon_core.shell:Creating prefix script '/home/host/onda/ros_ws/install/local_setup.sh'
[0.651s] INFO:colcon.colcon_core.shell:Creating prefix util module '/home/host/onda/ros_ws/install/_local_setup_util_sh.py'
[0.653s] INFO:colcon.colcon_core.shell:Creating prefix chain script '/home/host/onda/ros_ws/install/setup.sh'
[0.655s] INFO:colcon.colcon_core.shell:Creating prefix script '/home/host/onda/ros_ws/install/local_setup.bash'
[0.656s] INFO:colcon.colcon_core.shell:Creating prefix chain script '/home/host/onda/ros_ws/install/setup.bash'
[0.657s] INFO:colcon.colcon_core.shell:Creating prefix script '/home/host/onda/ros_ws/install/local_setup.zsh'
[0.658s] INFO:colcon.colcon_core.shell:Creating prefix chain script '/home/host/onda/ros_ws/install/setup.zsh'
