[0.035s] Invoking command in '/home/host/ros_ws/build/manipulator_msgs': CMAKE_PREFIX_PATH=${CMAKE_PREFIX_PATH}:/opt/ros/humble /usr/bin/cmake /home/host/ros_ws/src/manipulator_msgs -DCMAKE_INSTALL_PREFIX=/home/host/ros_ws/install/manipulator_msgs
[0.073s] -- Found ament_cmake: 1.3.12 (/opt/ros/humble/share/ament_cmake/cmake)
[0.215s] -- Override CMake install command with custom implementation using symlinks instead of copying resources
[0.233s] -- Found rosidl_default_generators: 1.2.0 (/opt/ros/humble/share/rosidl_default_generators/cmake)
[0.236s] -- Using all available rosidl_typesupport_c: rosidl_typesupport_fastrtps_c;rosidl_typesupport_introspection_c
[0.241s] -- Found rosidl_adapter: 3.1.7 (/opt/ros/humble/share/rosidl_adapter/cmake)
[0.281s] -- Using all available rosidl_typesupport_cpp: rosidl_typesupport_fastrtps_cpp;rosidl_typesupport_introspection_cpp
[0.312s] -- Found std_msgs: 4.9.0 (/opt/ros/humble/share/std_msgs/cmake)
[0.340s] -- Found geometry_msgs: 4.9.0 (/opt/ros/humble/share/geometry_msgs/cmake)
[0.715s] -- Found ament_cmake_ros: 0.10.0 (/opt/ros/humble/share/ament_cmake_ros/cmake)
[0.982s] -- Using all available rosidl_typesupport_c: rosidl_typesupport_fastrtps_c;rosidl_typesupport_introspection_c
[1.330s] -- Using all available rosidl_typesupport_cpp: rosidl_typesupport_fastrtps_cpp;rosidl_typesupport_introspection_cpp
[1.351s] -- Found python_cmake_module: 0.10.0 (/opt/ros/humble/share/python_cmake_module/cmake)
[1.372s] -- Using PYTHON_EXECUTABLE: /usr/bin/python3
[1.372s] -- Using PYTHON_INCLUDE_DIRS: /usr/include/python3.10
[1.372s] -- Using PYTHON_LIBRARIES: /usr/lib/x86_64-linux-gnu/libpython3.10.so
[1.417s] -- Found ament_lint_auto: 0.12.14 (/opt/ros/humble/share/ament_lint_auto/cmake)
[1.430s] -- Added test 'copyright' to check source files copyright and LICENSE
[1.432s] -- Added test 'lint_cmake' to check CMake code style
[1.433s] -- Added test 'xmllint' to check XML markup files
[1.436s] -- Configuring done
[1.471s] -- Generating done
[1.484s] -- Build files have been written to: /home/host/ros_ws/build/manipulator_msgs
[1.492s] Invoked command in '/home/host/ros_ws/build/manipulator_msgs' returned '0': CMAKE_PREFIX_PATH=${CMAKE_PREFIX_PATH}:/opt/ros/humble /usr/bin/cmake /home/host/ros_ws/src/manipulator_msgs -DCMAKE_INSTALL_PREFIX=/home/host/ros_ws/install/manipulator_msgs
[1.493s] Invoking command in '/home/host/ros_ws/build/manipulator_msgs': CMAKE_PREFIX_PATH=${CMAKE_PREFIX_PATH}:/opt/ros/humble /usr/bin/cmake --build /home/host/ros_ws/build/manipulator_msgs -- -j8 -l8
[1.533s] [  3%] [34m[1mGenerating C code for ROS interfaces[0m
[1.541s] [  6%] [34m[1mGenerating C++ code for ROS interfaces[0m
[1.553s] [  6%] Built target ament_cmake_python_symlink_manipulator_msgs
[1.882s] [  6%] Built target manipulator_msgs__cpp
[1.891s] [ 12%] [34m[1mGenerating C++ introspection for ROS interfaces[0m
[1.891s] [ 12%] [34m[1mGenerating C++ type support dispatch for ROS interfaces[0m
[1.891s] [ 16%] [34m[1mGenerating C++ type support for eProsima Fast-RTPS[0m
[1.950s] running egg_info
[1.951s] writing manipulator_msgs.egg-info/PKG-INFO
[1.952s] writing dependency_links to manipulator_msgs.egg-info/dependency_links.txt
[1.952s] writing top-level names to manipulator_msgs.egg-info/top_level.txt
[1.955s] reading manifest file 'manipulator_msgs.egg-info/SOURCES.txt'
[1.956s] writing manifest file 'manipulator_msgs.egg-info/SOURCES.txt'
[1.984s] [ 16%] Built target ament_cmake_python_build_manipulator_msgs_egg
[2.049s] [35m[1mConsolidate compiler generated dependencies of target manipulator_msgs__rosidl_generator_c[0m
[2.104s] [ 19%] [32mBuilding C object CMakeFiles/manipulator_msgs__rosidl_generator_c.dir/rosidl_generator_c/manipulator_msgs/srv/detail/apply_disturbance__functions.c.o[0m
[2.207s] [ 22%] [32m[1mLinking C shared library libmanipulator_msgs__rosidl_generator_c.so[0m
[2.231s] [35m[1mConsolidate compiler generated dependencies of target manipulator_msgs__rosidl_typesupport_cpp[0m
[2.246s] [ 25%] [32mBuilding CXX object CMakeFiles/manipulator_msgs__rosidl_typesupport_cpp.dir/rosidl_typesupport_cpp/manipulator_msgs/srv/apply_disturbance__type_support.cpp.o[0m
[2.249s] [ 25%] Built target manipulator_msgs__rosidl_generator_c
[2.258s] [ 32%] [34m[1mGenerating C type support dispatch for ROS interfaces[0m
[2.258s] [ 32%] [34m[1mGenerating C introspection for ROS interfaces[0m
[2.258s] [ 35%] [34m[1mGenerating C type support for eProsima Fast-RTPS[0m
[2.371s] [35m[1mConsolidate compiler generated dependencies of target manipulator_msgs__rosidl_typesupport_introspection_cpp[0m
[2.382s] [35m[1mConsolidate compiler generated dependencies of target manipulator_msgs__rosidl_typesupport_fastrtps_cpp[0m
[2.388s] [ 38%] [32mBuilding CXX object CMakeFiles/manipulator_msgs__rosidl_typesupport_introspection_cpp.dir/rosidl_typesupport_introspection_cpp/manipulator_msgs/srv/detail/apply_disturbance__type_support.cpp.o[0m
[2.394s] [ 41%] [32mBuilding CXX object CMakeFiles/manipulator_msgs__rosidl_typesupport_fastrtps_cpp.dir/rosidl_typesupport_fastrtps_cpp/manipulator_msgs/srv/detail/dds_fastrtps/apply_disturbance__type_support.cpp.o[0m
[2.598s] [35m[1mConsolidate compiler generated dependencies of target manipulator_msgs__rosidl_typesupport_introspection_c[0m
[2.613s] [ 45%] [32mBuilding C object CMakeFiles/manipulator_msgs__rosidl_typesupport_introspection_c.dir/rosidl_typesupport_introspection_c/manipulator_msgs/srv/detail/apply_disturbance__type_support.c.o[0m
[2.624s] [35m[1mConsolidate compiler generated dependencies of target manipulator_msgs__rosidl_typesupport_fastrtps_c[0m
[2.651s] [ 48%] [32mBuilding CXX object CMakeFiles/manipulator_msgs__rosidl_typesupport_fastrtps_c.dir/rosidl_typesupport_fastrtps_c/manipulator_msgs/srv/detail/apply_disturbance__type_support_c.cpp.o[0m
[2.671s] [ 51%] [32m[1mLinking C shared library libmanipulator_msgs__rosidl_typesupport_introspection_c.so[0m
[2.674s] [35m[1mConsolidate compiler generated dependencies of target manipulator_msgs__rosidl_typesupport_c[0m
[2.679s] [ 54%] [32m[1mLinking CXX shared library libmanipulator_msgs__rosidl_typesupport_cpp.so[0m
[2.689s] [ 58%] [32mBuilding CXX object CMakeFiles/manipulator_msgs__rosidl_typesupport_c.dir/rosidl_typesupport_c/manipulator_msgs/srv/apply_disturbance__type_support.cpp.o[0m
[2.728s] [ 58%] Built target manipulator_msgs__rosidl_typesupport_introspection_c
[2.731s] [ 58%] Built target manipulator_msgs__rosidl_typesupport_cpp
[2.739s] [ 61%] [32m[1mLinking CXX shared library libmanipulator_msgs__rosidl_typesupport_c.so[0m
[2.783s] [ 61%] Built target manipulator_msgs__rosidl_typesupport_c
[2.904s] [ 64%] [32m[1mLinking CXX shared library libmanipulator_msgs__rosidl_typesupport_fastrtps_cpp.so[0m
[2.912s] [ 67%] [32m[1mLinking CXX shared library libmanipulator_msgs__rosidl_typesupport_introspection_cpp.so[0m
[2.987s] [ 67%] Built target manipulator_msgs__rosidl_typesupport_introspection_cpp
[2.990s] [ 67%] Built target manipulator_msgs__rosidl_typesupport_fastrtps_cpp
[3.048s] [ 70%] [32m[1mLinking CXX shared library libmanipulator_msgs__rosidl_typesupport_fastrtps_c.so[0m
[3.118s] [ 70%] Built target manipulator_msgs__rosidl_typesupport_fastrtps_c
[3.136s] [ 70%] Built target manipulator_msgs
[3.154s] [ 74%] [34m[1mGenerating Python code for ROS interfaces[0m
[3.543s] [ 74%] Built target manipulator_msgs__py
[3.553s] [35m[1mConsolidate compiler generated dependencies of target manipulator_msgs__rosidl_generator_py[0m
[3.565s] [ 77%] [32mBuilding C object CMakeFiles/manipulator_msgs__rosidl_generator_py.dir/rosidl_generator_py/manipulator_msgs/srv/_apply_disturbance_s.c.o[0m
[3.683s] [ 80%] [32m[1mLinking C shared library rosidl_generator_py/manipulator_msgs/libmanipulator_msgs__rosidl_generator_py.so[0m
[3.719s] [ 80%] Built target manipulator_msgs__rosidl_generator_py
[3.728s] [35m[1mConsolidate compiler generated dependencies of target manipulator_msgs__rosidl_typesupport_c__pyext[0m
[3.728s] [35m[1mConsolidate compiler generated dependencies of target manipulator_msgs__rosidl_typesupport_fastrtps_c__pyext[0m
[3.728s] [35m[1mConsolidate compiler generated dependencies of target manipulator_msgs__rosidl_typesupport_introspection_c__pyext[0m
[3.741s] [ 87%] [32mBuilding C object CMakeFiles/manipulator_msgs__rosidl_typesupport_fastrtps_c__pyext.dir/rosidl_generator_py/manipulator_msgs/_manipulator_msgs_s.ep.rosidl_typesupport_fastrtps_c.c.o[0m
[3.741s] [ 87%] [32mBuilding C object CMakeFiles/manipulator_msgs__rosidl_typesupport_introspection_c__pyext.dir/rosidl_generator_py/manipulator_msgs/_manipulator_msgs_s.ep.rosidl_typesupport_introspection_c.c.o[0m
[3.741s] [ 90%] [32mBuilding C object CMakeFiles/manipulator_msgs__rosidl_typesupport_c__pyext.dir/rosidl_generator_py/manipulator_msgs/_manipulator_msgs_s.ep.rosidl_typesupport_c.c.o[0m
[3.841s] [100%] [32m[1mLinking C shared library rosidl_generator_py/manipulator_msgs/manipulator_msgs_s__rosidl_typesupport_introspection_c.cpython-310-x86_64-linux-gnu.so[0m
[3.841s] [100%] [32m[1mLinking C shared library rosidl_generator_py/manipulator_msgs/manipulator_msgs_s__rosidl_typesupport_fastrtps_c.cpython-310-x86_64-linux-gnu.so[0m
[3.841s] [100%] [32m[1mLinking C shared library rosidl_generator_py/manipulator_msgs/manipulator_msgs_s__rosidl_typesupport_c.cpython-310-x86_64-linux-gnu.so[0m
[3.877s] [100%] Built target manipulator_msgs__rosidl_typesupport_c__pyext
[3.877s] [100%] Built target manipulator_msgs__rosidl_typesupport_introspection_c__pyext
[3.877s] [100%] Built target manipulator_msgs__rosidl_typesupport_fastrtps_c__pyext
[3.887s] Invoked command in '/home/host/ros_ws/build/manipulator_msgs' returned '0': CMAKE_PREFIX_PATH=${CMAKE_PREFIX_PATH}:/opt/ros/humble /usr/bin/cmake --build /home/host/ros_ws/build/manipulator_msgs -- -j8 -l8
[3.889s] Invoking command in '/home/host/ros_ws/build/manipulator_msgs': CMAKE_PREFIX_PATH=${CMAKE_PREFIX_PATH}:/opt/ros/humble /usr/bin/cmake --install /home/host/ros_ws/build/manipulator_msgs
[3.894s] -- Install configuration: ""
[3.895s] -- Execute custom install script
[3.895s] -- Symlinking: /home/host/ros_ws/install/manipulator_msgs/share/ament_index/resource_index/rosidl_interfaces/manipulator_msgs
[3.903s] -- Symlinking: /home/host/ros_ws/install/manipulator_msgs/include/manipulator_msgs/manipulator_msgs/msg/rosidl_generator_c__visibility_control.h
[3.910s] -- Symlinking: /home/host/ros_ws/install/manipulator_msgs/include/manipulator_msgs/manipulator_msgs/srv/apply_disturbance.h
[3.917s] -- Symlinking: /home/host/ros_ws/install/manipulator_msgs/include/manipulator_msgs/manipulator_msgs/srv/detail/apply_disturbance__functions.h
[3.924s] -- Symlinking: /home/host/ros_ws/install/manipulator_msgs/include/manipulator_msgs/manipulator_msgs/srv/detail/apply_disturbance__struct.h
[3.932s] -- Symlinking: /home/host/ros_ws/install/manipulator_msgs/include/manipulator_msgs/manipulator_msgs/srv/detail/apply_disturbance__type_support.h
[3.938s] -- Up-to-date symlink: /home/host/ros_ws/install/manipulator_msgs/share/manipulator_msgs/environment/library_path.sh
[3.939s] -- Symlinking: /home/host/ros_ws/install/manipulator_msgs/share/manipulator_msgs/environment/library_path.dsv
[3.946s] -- Symlinking: /home/host/ros_ws/install/manipulator_msgs/include/manipulator_msgs/manipulator_msgs/msg/rosidl_typesupport_fastrtps_c__visibility_control.h
[3.953s] -- Symlinking: /home/host/ros_ws/install/manipulator_msgs/include/manipulator_msgs/manipulator_msgs/srv/detail/apply_disturbance__rosidl_typesupport_fastrtps_c.h
[3.960s] -- Symlinking: /home/host/ros_ws/install/manipulator_msgs/include/manipulator_msgs/manipulator_msgs/msg/rosidl_typesupport_introspection_c__visibility_control.h
[3.966s] -- Symlinking: /home/host/ros_ws/install/manipulator_msgs/include/manipulator_msgs/manipulator_msgs/srv/detail/apply_disturbance__rosidl_typesupport_introspection_c.h
[3.973s] -- Symlinking: /home/host/ros_ws/install/manipulator_msgs/include/manipulator_msgs/manipulator_msgs/msg/rosidl_generator_cpp__visibility_control.hpp
[3.980s] -- Symlinking: /home/host/ros_ws/install/manipulator_msgs/include/manipulator_msgs/manipulator_msgs/srv/apply_disturbance.hpp
[3.987s] -- Symlinking: /home/host/ros_ws/install/manipulator_msgs/include/manipulator_msgs/manipulator_msgs/srv/detail/apply_disturbance__builder.hpp
[3.994s] -- Symlinking: /home/host/ros_ws/install/manipulator_msgs/include/manipulator_msgs/manipulator_msgs/srv/detail/apply_disturbance__struct.hpp
[4.000s] -- Symlinking: /home/host/ros_ws/install/manipulator_msgs/include/manipulator_msgs/manipulator_msgs/srv/detail/apply_disturbance__traits.hpp
[4.006s] -- Symlinking: /home/host/ros_ws/install/manipulator_msgs/include/manipulator_msgs/manipulator_msgs/srv/detail/apply_disturbance__type_support.hpp
[4.014s] -- Symlinking: /home/host/ros_ws/install/manipulator_msgs/include/manipulator_msgs/manipulator_msgs/msg/rosidl_typesupport_fastrtps_cpp__visibility_control.h
[4.021s] -- Symlinking: /home/host/ros_ws/install/manipulator_msgs/include/manipulator_msgs/manipulator_msgs/srv/detail/apply_disturbance__rosidl_typesupport_fastrtps_cpp.hpp
[4.028s] -- Symlinking: /home/host/ros_ws/install/manipulator_msgs/include/manipulator_msgs/manipulator_msgs/srv/detail/apply_disturbance__rosidl_typesupport_introspection_cpp.hpp
[4.036s] -- Symlinking: /home/host/ros_ws/install/manipulator_msgs/share/manipulator_msgs/environment/pythonpath.sh
[4.043s] -- Symlinking: /home/host/ros_ws/install/manipulator_msgs/share/manipulator_msgs/environment/pythonpath.dsv
[4.052s] -- Symlinking: /home/host/ros_ws/install/manipulator_msgs/local/lib/python3.10/dist-packages/manipulator_msgs-1.0.0-py3.10.egg-info/PKG-INFO
[4.060s] -- Symlinking: /home/host/ros_ws/install/manipulator_msgs/local/lib/python3.10/dist-packages/manipulator_msgs-1.0.0-py3.10.egg-info/SOURCES.txt
[4.067s] -- Symlinking: /home/host/ros_ws/install/manipulator_msgs/local/lib/python3.10/dist-packages/manipulator_msgs-1.0.0-py3.10.egg-info/dependency_links.txt
[4.075s] -- Symlinking: /home/host/ros_ws/install/manipulator_msgs/local/lib/python3.10/dist-packages/manipulator_msgs-1.0.0-py3.10.egg-info/top_level.txt
[4.083s] -- Symlinking: /home/host/ros_ws/install/manipulator_msgs/local/lib/python3.10/dist-packages/manipulator_msgs/__init__.py
[4.090s] -- Symlinking: /home/host/ros_ws/install/manipulator_msgs/local/lib/python3.10/dist-packages/manipulator_msgs/_manipulator_msgs_s.ep.rosidl_typesupport_c.c
[4.097s] -- Symlinking: /home/host/ros_ws/install/manipulator_msgs/local/lib/python3.10/dist-packages/manipulator_msgs/_manipulator_msgs_s.ep.rosidl_typesupport_fastrtps_c.c
[4.104s] -- Symlinking: /home/host/ros_ws/install/manipulator_msgs/local/lib/python3.10/dist-packages/manipulator_msgs/_manipulator_msgs_s.ep.rosidl_typesupport_introspection_c.c
[4.111s] -- Symlinking: /home/host/ros_ws/install/manipulator_msgs/local/lib/python3.10/dist-packages/manipulator_msgs/libmanipulator_msgs__rosidl_generator_py.so
[4.119s] -- Symlinking: /home/host/ros_ws/install/manipulator_msgs/local/lib/python3.10/dist-packages/manipulator_msgs/manipulator_msgs_s__rosidl_typesupport_c.cpython-310-x86_64-linux-gnu.so
[4.126s] -- Symlinking: /home/host/ros_ws/install/manipulator_msgs/local/lib/python3.10/dist-packages/manipulator_msgs/manipulator_msgs_s__rosidl_typesupport_fastrtps_c.cpython-310-x86_64-linux-gnu.so
[4.135s] -- Symlinking: /home/host/ros_ws/install/manipulator_msgs/local/lib/python3.10/dist-packages/manipulator_msgs/manipulator_msgs_s__rosidl_typesupport_introspection_c.cpython-310-x86_64-linux-gnu.so
[4.142s] -- Symlinking: /home/host/ros_ws/install/manipulator_msgs/local/lib/python3.10/dist-packages/manipulator_msgs/srv/__init__.py
[4.150s] -- Symlinking: /home/host/ros_ws/install/manipulator_msgs/local/lib/python3.10/dist-packages/manipulator_msgs/srv/_apply_disturbance.py
[4.158s] -- Symlinking: /home/host/ros_ws/install/manipulator_msgs/local/lib/python3.10/dist-packages/manipulator_msgs/srv/_apply_disturbance_s.c
[4.166s] -- Up-to-date symlink: /home/host/ros_ws/install/manipulator_msgs/local/lib/python3.10/dist-packages/manipulator_msgs/manipulator_msgs_s__rosidl_typesupport_fastrtps_c.cpython-310-x86_64-linux-gnu.so
[4.166s] -- Up-to-date symlink: /home/host/ros_ws/install/manipulator_msgs/local/lib/python3.10/dist-packages/manipulator_msgs/manipulator_msgs_s__rosidl_typesupport_introspection_c.cpython-310-x86_64-linux-gnu.so
[4.167s] -- Up-to-date symlink: /home/host/ros_ws/install/manipulator_msgs/local/lib/python3.10/dist-packages/manipulator_msgs/manipulator_msgs_s__rosidl_typesupport_c.cpython-310-x86_64-linux-gnu.so
[4.167s] -- Symlinking: /home/host/ros_ws/install/manipulator_msgs/share/manipulator_msgs/srv/ApplyDisturbance.idl
[4.174s] -- Symlinking: /home/host/ros_ws/install/manipulator_msgs/share/manipulator_msgs/srv/ApplyDisturbance.srv
[4.181s] -- Symlinking: /home/host/ros_ws/install/manipulator_msgs/share/manipulator_msgs/srv/ApplyDisturbance_Request.msg
[4.188s] -- Symlinking: /home/host/ros_ws/install/manipulator_msgs/share/manipulator_msgs/srv/ApplyDisturbance_Response.msg
[4.196s] -- Symlinking: /home/host/ros_ws/install/manipulator_msgs/share/ament_index/resource_index/package_run_dependencies/manipulator_msgs
[4.203s] -- Symlinking: /home/host/ros_ws/install/manipulator_msgs/share/ament_index/resource_index/parent_prefix_path/manipulator_msgs
[4.210s] -- Up-to-date symlink: /home/host/ros_ws/install/manipulator_msgs/share/manipulator_msgs/environment/ament_prefix_path.sh
[4.210s] -- Symlinking: /home/host/ros_ws/install/manipulator_msgs/share/manipulator_msgs/environment/ament_prefix_path.dsv
[4.219s] -- Up-to-date symlink: /home/host/ros_ws/install/manipulator_msgs/share/manipulator_msgs/environment/path.sh
[4.219s] -- Symlinking: /home/host/ros_ws/install/manipulator_msgs/share/manipulator_msgs/environment/path.dsv
[4.226s] -- Symlinking: /home/host/ros_ws/install/manipulator_msgs/share/manipulator_msgs/local_setup.bash
[4.235s] -- Symlinking: /home/host/ros_ws/install/manipulator_msgs/share/manipulator_msgs/local_setup.sh
[4.242s] -- Symlinking: /home/host/ros_ws/install/manipulator_msgs/share/manipulator_msgs/local_setup.zsh
[4.250s] -- Symlinking: /home/host/ros_ws/install/manipulator_msgs/share/manipulator_msgs/local_setup.dsv
[4.258s] -- Symlinking: /home/host/ros_ws/install/manipulator_msgs/share/manipulator_msgs/package.dsv
[4.265s] -- Symlinking: /home/host/ros_ws/install/manipulator_msgs/share/ament_index/resource_index/packages/manipulator_msgs
[4.272s] -- Symlinking: /home/host/ros_ws/install/manipulator_msgs/share/manipulator_msgs/cmake/rosidl_cmake-extras.cmake
[4.279s] -- Symlinking: /home/host/ros_ws/install/manipulator_msgs/share/manipulator_msgs/cmake/ament_cmake_export_dependencies-extras.cmake
[4.287s] -- Symlinking: /home/host/ros_ws/install/manipulator_msgs/share/manipulator_msgs/cmake/ament_cmake_export_include_directories-extras.cmake
[4.294s] -- Symlinking: /home/host/ros_ws/install/manipulator_msgs/share/manipulator_msgs/cmake/ament_cmake_export_libraries-extras.cmake
[4.301s] -- Symlinking: /home/host/ros_ws/install/manipulator_msgs/share/manipulator_msgs/cmake/ament_cmake_export_targets-extras.cmake
[4.308s] -- Symlinking: /home/host/ros_ws/install/manipulator_msgs/share/manipulator_msgs/cmake/rosidl_cmake_export_typesupport_targets-extras.cmake
[4.316s] -- Symlinking: /home/host/ros_ws/install/manipulator_msgs/share/manipulator_msgs/cmake/rosidl_cmake_export_typesupport_libraries-extras.cmake
[4.324s] -- Symlinking: /home/host/ros_ws/install/manipulator_msgs/share/manipulator_msgs/cmake/manipulator_msgsConfig.cmake
[4.332s] -- Symlinking: /home/host/ros_ws/install/manipulator_msgs/share/manipulator_msgs/cmake/manipulator_msgsConfig-version.cmake
[4.339s] -- Symlinking: /home/host/ros_ws/install/manipulator_msgs/share/manipulator_msgs/package.xml
[4.347s] -- Installing: /home/host/ros_ws/install/manipulator_msgs/lib/libmanipulator_msgs__rosidl_generator_c.so
[4.347s] -- Set runtime path of "/home/host/ros_ws/install/manipulator_msgs/lib/libmanipulator_msgs__rosidl_generator_c.so" to ""
[4.347s] -- Installing: /home/host/ros_ws/install/manipulator_msgs/lib/libmanipulator_msgs__rosidl_typesupport_fastrtps_c.so
[4.348s] -- Set runtime path of "/home/host/ros_ws/install/manipulator_msgs/lib/libmanipulator_msgs__rosidl_typesupport_fastrtps_c.so" to ""
[4.348s] -- Installing: /home/host/ros_ws/install/manipulator_msgs/lib/libmanipulator_msgs__rosidl_typesupport_introspection_c.so
[4.348s] -- Set runtime path of "/home/host/ros_ws/install/manipulator_msgs/lib/libmanipulator_msgs__rosidl_typesupport_introspection_c.so" to ""
[4.348s] -- Installing: /home/host/ros_ws/install/manipulator_msgs/lib/libmanipulator_msgs__rosidl_typesupport_c.so
[4.348s] -- Set runtime path of "/home/host/ros_ws/install/manipulator_msgs/lib/libmanipulator_msgs__rosidl_typesupport_c.so" to ""
[4.349s] -- Installing: /home/host/ros_ws/install/manipulator_msgs/lib/libmanipulator_msgs__rosidl_typesupport_fastrtps_cpp.so
[4.349s] -- Set runtime path of "/home/host/ros_ws/install/manipulator_msgs/lib/libmanipulator_msgs__rosidl_typesupport_fastrtps_cpp.so" to ""
[4.349s] -- Installing: /home/host/ros_ws/install/manipulator_msgs/lib/libmanipulator_msgs__rosidl_typesupport_introspection_cpp.so
[4.349s] -- Set runtime path of "/home/host/ros_ws/install/manipulator_msgs/lib/libmanipulator_msgs__rosidl_typesupport_introspection_cpp.so" to ""
[4.350s] -- Installing: /home/host/ros_ws/install/manipulator_msgs/lib/libmanipulator_msgs__rosidl_typesupport_cpp.so
[4.350s] -- Set runtime path of "/home/host/ros_ws/install/manipulator_msgs/lib/libmanipulator_msgs__rosidl_typesupport_cpp.so" to ""
[4.397s] Listing '/home/host/ros_ws/install/manipulator_msgs/local/lib/python3.10/dist-packages/manipulator_msgs'...
[4.397s] Compiling '/home/host/ros_ws/install/manipulator_msgs/local/lib/python3.10/dist-packages/manipulator_msgs/__init__.py'...
[4.397s] Listing '/home/host/ros_ws/install/manipulator_msgs/local/lib/python3.10/dist-packages/manipulator_msgs/srv'...
[4.397s] Compiling '/home/host/ros_ws/install/manipulator_msgs/local/lib/python3.10/dist-packages/manipulator_msgs/srv/__init__.py'...
[4.397s] Compiling '/home/host/ros_ws/install/manipulator_msgs/local/lib/python3.10/dist-packages/manipulator_msgs/srv/_apply_disturbance.py'...
[4.401s] -- Installing: /home/host/ros_ws/install/manipulator_msgs/lib/libmanipulator_msgs__rosidl_generator_py.so
[4.402s] -- Set runtime path of "/home/host/ros_ws/install/manipulator_msgs/lib/libmanipulator_msgs__rosidl_generator_py.so" to ""
[4.402s] -- Up-to-date: /home/host/ros_ws/install/manipulator_msgs/share/manipulator_msgs/cmake/export_manipulator_msgs__rosidl_generator_cExport.cmake
[4.402s] -- Up-to-date: /home/host/ros_ws/install/manipulator_msgs/share/manipulator_msgs/cmake/export_manipulator_msgs__rosidl_generator_cExport-noconfig.cmake
[4.402s] -- Up-to-date: /home/host/ros_ws/install/manipulator_msgs/share/manipulator_msgs/cmake/export_manipulator_msgs__rosidl_typesupport_fastrtps_cExport.cmake
[4.402s] -- Up-to-date: /home/host/ros_ws/install/manipulator_msgs/share/manipulator_msgs/cmake/export_manipulator_msgs__rosidl_typesupport_fastrtps_cExport-noconfig.cmake
[4.402s] -- Up-to-date: /home/host/ros_ws/install/manipulator_msgs/share/manipulator_msgs/cmake/manipulator_msgs__rosidl_typesupport_introspection_cExport.cmake
[4.402s] -- Up-to-date: /home/host/ros_ws/install/manipulator_msgs/share/manipulator_msgs/cmake/manipulator_msgs__rosidl_typesupport_introspection_cExport-noconfig.cmake
[4.403s] -- Up-to-date: /home/host/ros_ws/install/manipulator_msgs/share/manipulator_msgs/cmake/manipulator_msgs__rosidl_typesupport_cExport.cmake
[4.403s] -- Up-to-date: /home/host/ros_ws/install/manipulator_msgs/share/manipulator_msgs/cmake/manipulator_msgs__rosidl_typesupport_cExport-noconfig.cmake
[4.403s] -- Up-to-date: /home/host/ros_ws/install/manipulator_msgs/share/manipulator_msgs/cmake/export_manipulator_msgs__rosidl_generator_cppExport.cmake
[4.403s] -- Up-to-date: /home/host/ros_ws/install/manipulator_msgs/share/manipulator_msgs/cmake/export_manipulator_msgs__rosidl_typesupport_fastrtps_cppExport.cmake
[4.403s] -- Up-to-date: /home/host/ros_ws/install/manipulator_msgs/share/manipulator_msgs/cmake/export_manipulator_msgs__rosidl_typesupport_fastrtps_cppExport-noconfig.cmake
[4.403s] -- Up-to-date: /home/host/ros_ws/install/manipulator_msgs/share/manipulator_msgs/cmake/manipulator_msgs__rosidl_typesupport_introspection_cppExport.cmake
[4.403s] -- Up-to-date: /home/host/ros_ws/install/manipulator_msgs/share/manipulator_msgs/cmake/manipulator_msgs__rosidl_typesupport_introspection_cppExport-noconfig.cmake
[4.403s] -- Up-to-date: /home/host/ros_ws/install/manipulator_msgs/share/manipulator_msgs/cmake/manipulator_msgs__rosidl_typesupport_cppExport.cmake
[4.403s] -- Up-to-date: /home/host/ros_ws/install/manipulator_msgs/share/manipulator_msgs/cmake/manipulator_msgs__rosidl_typesupport_cppExport-noconfig.cmake
[4.403s] -- Up-to-date: /home/host/ros_ws/install/manipulator_msgs/share/manipulator_msgs/cmake/export_manipulator_msgs__rosidl_generator_pyExport.cmake
[4.403s] -- Up-to-date: /home/host/ros_ws/install/manipulator_msgs/share/manipulator_msgs/cmake/export_manipulator_msgs__rosidl_generator_pyExport-noconfig.cmake
[4.405s] Invoked command in '/home/host/ros_ws/build/manipulator_msgs' returned '0': CMAKE_PREFIX_PATH=${CMAKE_PREFIX_PATH}:/opt/ros/humble /usr/bin/cmake --install /home/host/ros_ws/build/manipulator_msgs
