[0.060s] DEBUG:colcon:Command line arguments: ['/usr/bin/colcon', 'build', '--symlink-install']
[0.060s] DEBUG:colcon:Parsed command line arguments: Namespace(log_base=None, log_level=None, verb_name='build', build_base='build', install_base='install', merge_install=False, symlink_install=True, test_result_base=None, continue_on_error=False, executor='parallel', parallel_workers=20, event_handlers=None, ignore_user_meta=False, metas=['./colcon.meta'], base_paths=['.'], packages_ignore=None, packages_ignore_regex=None, paths=None, packages_up_to=None, packages_up_to_regex=None, packages_above=None, packages_above_and_dependencies=None, packages_above_depth=None, packages_select_by_dep=None, packages_skip_by_dep=None, packages_skip_up_to=None, packages_select_build_failed=False, packages_skip_build_finished=False, packages_select_test_failures=False, packages_skip_test_passed=False, packages_select=None, packages_skip=None, packages_select_regex=None, packages_skip_regex=None, packages_start=None, packages_end=None, cmake_args=None, cmake_target=None, cmake_target_skip_unavailable=False, cmake_clean_cache=False, cmake_clean_first=False, cmake_force_configure=False, ament_cmake_args=None, catkin_cmake_args=None, catkin_skip_building_tests=False, mixin_files=None, mixin=None, verb_parser=<colcon_mixin.mixin.mixin_argument.MixinArgumentDecorator object at 0x773b1a402710>, verb_extension=<colcon_core.verb.build.BuildVerb object at 0x773b1a401f00>, main=<bound method BuildVerb.main of <colcon_core.verb.build.BuildVerb object at 0x773b1a401f00>>, mixin_verb=('build',))
[0.151s] Level 1:colcon.colcon_core.package_discovery:discover_packages(colcon_meta) check parameters
[0.152s] Level 1:colcon.colcon_core.package_discovery:discover_packages(recursive) check parameters
[0.152s] Level 1:colcon.colcon_core.package_discovery:discover_packages(ignore) check parameters
[0.152s] Level 1:colcon.colcon_core.package_discovery:discover_packages(path) check parameters
[0.152s] Level 1:colcon.colcon_core.package_discovery:discover_packages(colcon_meta) discover
[0.152s] Level 1:colcon.colcon_core.package_discovery:discover_packages(recursive) discover
[0.152s] INFO:colcon.colcon_core.package_discovery:Crawling recursively for packages in '/home/host/onda/ros_ws'
[0.152s] Level 1:colcon.colcon_core.package_identification:_identify(.) by extensions ['ignore', 'ignore_ament_install']
[0.152s] Level 1:colcon.colcon_core.package_identification:_identify(.) by extension 'ignore'
[0.152s] Level 1:colcon.colcon_core.package_identification:_identify(.) by extension 'ignore_ament_install'
[0.152s] Level 1:colcon.colcon_core.package_identification:_identify(.) by extensions ['colcon_pkg']
[0.152s] Level 1:colcon.colcon_core.package_identification:_identify(.) by extension 'colcon_pkg'
[0.152s] Level 1:colcon.colcon_core.package_identification:_identify(.) by extensions ['colcon_meta']
[0.152s] Level 1:colcon.colcon_core.package_identification:_identify(.) by extension 'colcon_meta'
[0.152s] Level 1:colcon.colcon_core.package_identification:_identify(.) by extensions ['ros']
[0.152s] Level 1:colcon.colcon_core.package_identification:_identify(.) by extension 'ros'
[0.159s] Level 1:colcon.colcon_core.package_identification:_identify(.) by extensions ['cmake', 'python']
[0.159s] Level 1:colcon.colcon_core.package_identification:_identify(.) by extension 'cmake'
[0.159s] Level 1:colcon.colcon_core.package_identification:_identify(.) by extension 'python'
[0.159s] Level 1:colcon.colcon_core.package_identification:_identify(.) by extensions ['python_setup_py']
[0.159s] Level 1:colcon.colcon_core.package_identification:_identify(.) by extension 'python_setup_py'
[0.159s] Level 1:colcon.colcon_core.package_identification:_identify(build) by extensions ['ignore', 'ignore_ament_install']
[0.159s] Level 1:colcon.colcon_core.package_identification:_identify(build) by extension 'ignore'
[0.159s] Level 1:colcon.colcon_core.package_identification:_identify(build) ignored
[0.159s] Level 1:colcon.colcon_core.package_identification:_identify(install) by extensions ['ignore', 'ignore_ament_install']
[0.159s] Level 1:colcon.colcon_core.package_identification:_identify(install) by extension 'ignore'
[0.159s] Level 1:colcon.colcon_core.package_identification:_identify(install) ignored
[0.159s] Level 1:colcon.colcon_core.package_identification:_identify(log) by extensions ['ignore', 'ignore_ament_install']
[0.159s] Level 1:colcon.colcon_core.package_identification:_identify(log) by extension 'ignore'
[0.159s] Level 1:colcon.colcon_core.package_identification:_identify(log) ignored
[0.159s] Level 1:colcon.colcon_core.package_identification:_identify(src) by extensions ['ignore', 'ignore_ament_install']
[0.159s] Level 1:colcon.colcon_core.package_identification:_identify(src) by extension 'ignore'
[0.159s] Level 1:colcon.colcon_core.package_identification:_identify(src) by extension 'ignore_ament_install'
[0.159s] Level 1:colcon.colcon_core.package_identification:_identify(src) by extensions ['colcon_pkg']
[0.159s] Level 1:colcon.colcon_core.package_identification:_identify(src) by extension 'colcon_pkg'
[0.159s] Level 1:colcon.colcon_core.package_identification:_identify(src) by extensions ['colcon_meta']
[0.159s] Level 1:colcon.colcon_core.package_identification:_identify(src) by extension 'colcon_meta'
[0.159s] Level 1:colcon.colcon_core.package_identification:_identify(src) by extensions ['ros']
[0.159s] Level 1:colcon.colcon_core.package_identification:_identify(src) by extension 'ros'
[0.160s] Level 1:colcon.colcon_core.package_identification:_identify(src) by extensions ['cmake', 'python']
[0.160s] Level 1:colcon.colcon_core.package_identification:_identify(src) by extension 'cmake'
[0.160s] Level 1:colcon.colcon_core.package_identification:_identify(src) by extension 'python'
[0.160s] Level 1:colcon.colcon_core.package_identification:_identify(src) by extensions ['python_setup_py']
[0.160s] Level 1:colcon.colcon_core.package_identification:_identify(src) by extension 'python_setup_py'
[0.160s] Level 1:colcon.colcon_core.package_identification:_identify(src/braco_description) by extensions ['ignore', 'ignore_ament_install']
[0.160s] Level 1:colcon.colcon_core.package_identification:_identify(src/braco_description) by extension 'ignore'
[0.160s] Level 1:colcon.colcon_core.package_identification:_identify(src/braco_description) by extension 'ignore_ament_install'
[0.160s] Level 1:colcon.colcon_core.package_identification:_identify(src/braco_description) by extensions ['colcon_pkg']
[0.160s] Level 1:colcon.colcon_core.package_identification:_identify(src/braco_description) by extension 'colcon_pkg'
[0.160s] Level 1:colcon.colcon_core.package_identification:_identify(src/braco_description) by extensions ['colcon_meta']
[0.160s] Level 1:colcon.colcon_core.package_identification:_identify(src/braco_description) by extension 'colcon_meta'
[0.160s] Level 1:colcon.colcon_core.package_identification:_identify(src/braco_description) by extensions ['ros']
[0.160s] Level 1:colcon.colcon_core.package_identification:_identify(src/braco_description) by extension 'ros'
[0.161s] DEBUG:colcon.colcon_core.package_identification:Package 'src/braco_description' with type 'ros.ament_cmake' and name 'braco_description'
[0.162s] Level 1:colcon.colcon_core.package_identification:_identify(src/manipulator_disturbance_control) by extensions ['ignore', 'ignore_ament_install']
[0.162s] Level 1:colcon.colcon_core.package_identification:_identify(src/manipulator_disturbance_control) by extension 'ignore'
[0.162s] Level 1:colcon.colcon_core.package_identification:_identify(src/manipulator_disturbance_control) by extension 'ignore_ament_install'
[0.162s] Level 1:colcon.colcon_core.package_identification:_identify(src/manipulator_disturbance_control) by extensions ['colcon_pkg']
[0.162s] Level 1:colcon.colcon_core.package_identification:_identify(src/manipulator_disturbance_control) by extension 'colcon_pkg'
[0.162s] Level 1:colcon.colcon_core.package_identification:_identify(src/manipulator_disturbance_control) by extensions ['colcon_meta']
[0.162s] Level 1:colcon.colcon_core.package_identification:_identify(src/manipulator_disturbance_control) by extension 'colcon_meta'
[0.162s] Level 1:colcon.colcon_core.package_identification:_identify(src/manipulator_disturbance_control) by extensions ['ros']
[0.162s] Level 1:colcon.colcon_core.package_identification:_identify(src/manipulator_disturbance_control) by extension 'ros'
[0.162s] DEBUG:colcon.colcon_core.package_identification:Package 'src/manipulator_disturbance_control' with type 'ros.ament_cmake' and name 'manipulator_disturbance_control'
[0.163s] Level 1:colcon.colcon_core.package_identification:_identify(src/manipulator_gazebo) by extensions ['ignore', 'ignore_ament_install']
[0.163s] Level 1:colcon.colcon_core.package_identification:_identify(src/manipulator_gazebo) by extension 'ignore'
[0.163s] Level 1:colcon.colcon_core.package_identification:_identify(src/manipulator_gazebo) by extension 'ignore_ament_install'
[0.163s] Level 1:colcon.colcon_core.package_identification:_identify(src/manipulator_gazebo) by extensions ['colcon_pkg']
[0.163s] Level 1:colcon.colcon_core.package_identification:_identify(src/manipulator_gazebo) by extension 'colcon_pkg'
[0.163s] Level 1:colcon.colcon_core.package_identification:_identify(src/manipulator_gazebo) by extensions ['colcon_meta']
[0.163s] Level 1:colcon.colcon_core.package_identification:_identify(src/manipulator_gazebo) by extension 'colcon_meta'
[0.163s] Level 1:colcon.colcon_core.package_identification:_identify(src/manipulator_gazebo) by extensions ['ros']
[0.163s] Level 1:colcon.colcon_core.package_identification:_identify(src/manipulator_gazebo) by extension 'ros'
[0.163s] DEBUG:colcon.colcon_core.package_identification:Package 'src/manipulator_gazebo' with type 'ros.ament_cmake' and name 'manipulator_gazebo'
[0.163s] Level 1:colcon.colcon_core.package_identification:_identify(src/manipulator_msgs) by extensions ['ignore', 'ignore_ament_install']
[0.163s] Level 1:colcon.colcon_core.package_identification:_identify(src/manipulator_msgs) by extension 'ignore'
[0.163s] Level 1:colcon.colcon_core.package_identification:_identify(src/manipulator_msgs) by extension 'ignore_ament_install'
[0.164s] Level 1:colcon.colcon_core.package_identification:_identify(src/manipulator_msgs) by extensions ['colcon_pkg']
[0.164s] Level 1:colcon.colcon_core.package_identification:_identify(src/manipulator_msgs) by extension 'colcon_pkg'
[0.164s] Level 1:colcon.colcon_core.package_identification:_identify(src/manipulator_msgs) by extensions ['colcon_meta']
[0.164s] Level 1:colcon.colcon_core.package_identification:_identify(src/manipulator_msgs) by extension 'colcon_meta'
[0.164s] Level 1:colcon.colcon_core.package_identification:_identify(src/manipulator_msgs) by extensions ['ros']
[0.164s] Level 1:colcon.colcon_core.package_identification:_identify(src/manipulator_msgs) by extension 'ros'
[0.164s] DEBUG:colcon.colcon_core.package_identification:Package 'src/manipulator_msgs' with type 'ros.ament_cmake' and name 'manipulator_msgs'
[0.164s] Level 1:colcon.colcon_core.package_discovery:discover_packages(recursive) using defaults
[0.164s] Level 1:colcon.colcon_core.package_discovery:discover_packages(ignore) discover
[0.164s] Level 1:colcon.colcon_core.package_discovery:discover_packages(ignore) using defaults
[0.164s] Level 1:colcon.colcon_core.package_discovery:discover_packages(path) discover
[0.164s] Level 1:colcon.colcon_core.package_discovery:discover_packages(path) using defaults
[0.183s] Level 5:colcon.colcon_core.verb:set package 'braco_description' build argument 'cmake_args' from command line to 'None'
[0.183s] Level 5:colcon.colcon_core.verb:set package 'braco_description' build argument 'cmake_target' from command line to 'None'
[0.183s] Level 5:colcon.colcon_core.verb:set package 'braco_description' build argument 'cmake_target_skip_unavailable' from command line to 'False'
[0.183s] Level 5:colcon.colcon_core.verb:set package 'braco_description' build argument 'cmake_clean_cache' from command line to 'False'
[0.183s] Level 5:colcon.colcon_core.verb:set package 'braco_description' build argument 'cmake_clean_first' from command line to 'False'
[0.183s] Level 5:colcon.colcon_core.verb:set package 'braco_description' build argument 'cmake_force_configure' from command line to 'False'
[0.183s] Level 5:colcon.colcon_core.verb:set package 'braco_description' build argument 'ament_cmake_args' from command line to 'None'
[0.183s] Level 5:colcon.colcon_core.verb:set package 'braco_description' build argument 'catkin_cmake_args' from command line to 'None'
[0.183s] Level 5:colcon.colcon_core.verb:set package 'braco_description' build argument 'catkin_skip_building_tests' from command line to 'False'
[0.183s] DEBUG:colcon.colcon_core.verb:Building package 'braco_description' with the following arguments: {'ament_cmake_args': None, 'build_base': '/home/host/onda/ros_ws/build/braco_description', 'catkin_cmake_args': None, 'catkin_skip_building_tests': False, 'cmake_args': None, 'cmake_clean_cache': False, 'cmake_clean_first': False, 'cmake_force_configure': False, 'cmake_target': None, 'cmake_target_skip_unavailable': False, 'install_base': '/home/host/onda/ros_ws/install/braco_description', 'merge_install': False, 'path': '/home/host/onda/ros_ws/src/braco_description', 'symlink_install': True, 'test_result_base': None}
[0.183s] Level 5:colcon.colcon_core.verb:set package 'manipulator_gazebo' build argument 'cmake_args' from command line to 'None'
[0.183s] Level 5:colcon.colcon_core.verb:set package 'manipulator_gazebo' build argument 'cmake_target' from command line to 'None'
[0.183s] Level 5:colcon.colcon_core.verb:set package 'manipulator_gazebo' build argument 'cmake_target_skip_unavailable' from command line to 'False'
[0.183s] Level 5:colcon.colcon_core.verb:set package 'manipulator_gazebo' build argument 'cmake_clean_cache' from command line to 'False'
[0.183s] Level 5:colcon.colcon_core.verb:set package 'manipulator_gazebo' build argument 'cmake_clean_first' from command line to 'False'
[0.183s] Level 5:colcon.colcon_core.verb:set package 'manipulator_gazebo' build argument 'cmake_force_configure' from command line to 'False'
[0.183s] Level 5:colcon.colcon_core.verb:set package 'manipulator_gazebo' build argument 'ament_cmake_args' from command line to 'None'
[0.183s] Level 5:colcon.colcon_core.verb:set package 'manipulator_gazebo' build argument 'catkin_cmake_args' from command line to 'None'
[0.183s] Level 5:colcon.colcon_core.verb:set package 'manipulator_gazebo' build argument 'catkin_skip_building_tests' from command line to 'False'
[0.183s] DEBUG:colcon.colcon_core.verb:Building package 'manipulator_gazebo' with the following arguments: {'ament_cmake_args': None, 'build_base': '/home/host/onda/ros_ws/build/manipulator_gazebo', 'catkin_cmake_args': None, 'catkin_skip_building_tests': False, 'cmake_args': None, 'cmake_clean_cache': False, 'cmake_clean_first': False, 'cmake_force_configure': False, 'cmake_target': None, 'cmake_target_skip_unavailable': False, 'install_base': '/home/host/onda/ros_ws/install/manipulator_gazebo', 'merge_install': False, 'path': '/home/host/onda/ros_ws/src/manipulator_gazebo', 'symlink_install': True, 'test_result_base': None}
[0.183s] Level 5:colcon.colcon_core.verb:set package 'manipulator_msgs' build argument 'cmake_args' from command line to 'None'
[0.183s] Level 5:colcon.colcon_core.verb:set package 'manipulator_msgs' build argument 'cmake_target' from command line to 'None'
[0.183s] Level 5:colcon.colcon_core.verb:set package 'manipulator_msgs' build argument 'cmake_target_skip_unavailable' from command line to 'False'
[0.183s] Level 5:colcon.colcon_core.verb:set package 'manipulator_msgs' build argument 'cmake_clean_cache' from command line to 'False'
[0.183s] Level 5:colcon.colcon_core.verb:set package 'manipulator_msgs' build argument 'cmake_clean_first' from command line to 'False'
[0.183s] Level 5:colcon.colcon_core.verb:set package 'manipulator_msgs' build argument 'cmake_force_configure' from command line to 'False'
[0.183s] Level 5:colcon.colcon_core.verb:set package 'manipulator_msgs' build argument 'ament_cmake_args' from command line to 'None'
[0.183s] Level 5:colcon.colcon_core.verb:set package 'manipulator_msgs' build argument 'catkin_cmake_args' from command line to 'None'
[0.183s] Level 5:colcon.colcon_core.verb:set package 'manipulator_msgs' build argument 'catkin_skip_building_tests' from command line to 'False'
[0.183s] DEBUG:colcon.colcon_core.verb:Building package 'manipulator_msgs' with the following arguments: {'ament_cmake_args': None, 'build_base': '/home/host/onda/ros_ws/build/manipulator_msgs', 'catkin_cmake_args': None, 'catkin_skip_building_tests': False, 'cmake_args': None, 'cmake_clean_cache': False, 'cmake_clean_first': False, 'cmake_force_configure': False, 'cmake_target': None, 'cmake_target_skip_unavailable': False, 'install_base': '/home/host/onda/ros_ws/install/manipulator_msgs', 'merge_install': False, 'path': '/home/host/onda/ros_ws/src/manipulator_msgs', 'symlink_install': True, 'test_result_base': None}
[0.184s] Level 5:colcon.colcon_core.verb:set package 'manipulator_disturbance_control' build argument 'cmake_args' from command line to 'None'
[0.184s] Level 5:colcon.colcon_core.verb:set package 'manipulator_disturbance_control' build argument 'cmake_target' from command line to 'None'
[0.184s] Level 5:colcon.colcon_core.verb:set package 'manipulator_disturbance_control' build argument 'cmake_target_skip_unavailable' from command line to 'False'
[0.184s] Level 5:colcon.colcon_core.verb:set package 'manipulator_disturbance_control' build argument 'cmake_clean_cache' from command line to 'False'
[0.184s] Level 5:colcon.colcon_core.verb:set package 'manipulator_disturbance_control' build argument 'cmake_clean_first' from command line to 'False'
[0.184s] Level 5:colcon.colcon_core.verb:set package 'manipulator_disturbance_control' build argument 'cmake_force_configure' from command line to 'False'
[0.184s] Level 5:colcon.colcon_core.verb:set package 'manipulator_disturbance_control' build argument 'ament_cmake_args' from command line to 'None'
[0.184s] Level 5:colcon.colcon_core.verb:set package 'manipulator_disturbance_control' build argument 'catkin_cmake_args' from command line to 'None'
[0.184s] Level 5:colcon.colcon_core.verb:set package 'manipulator_disturbance_control' build argument 'catkin_skip_building_tests' from command line to 'False'
[0.184s] DEBUG:colcon.colcon_core.verb:Building package 'manipulator_disturbance_control' with the following arguments: {'ament_cmake_args': None, 'build_base': '/home/host/onda/ros_ws/build/manipulator_disturbance_control', 'catkin_cmake_args': None, 'catkin_skip_building_tests': False, 'cmake_args': None, 'cmake_clean_cache': False, 'cmake_clean_first': False, 'cmake_force_configure': False, 'cmake_target': None, 'cmake_target_skip_unavailable': False, 'install_base': '/home/host/onda/ros_ws/install/manipulator_disturbance_control', 'merge_install': False, 'path': '/home/host/onda/ros_ws/src/manipulator_disturbance_control', 'symlink_install': True, 'test_result_base': None}
[0.184s] INFO:colcon.colcon_core.executor:Executing jobs using 'parallel' executor
[0.185s] DEBUG:colcon.colcon_parallel_executor.executor.parallel:run_until_complete
[0.185s] INFO:colcon.colcon_ros.task.ament_cmake.build:Building ROS package in '/home/host/onda/ros_ws/src/manipulator_msgs' with build type 'ament_cmake'
[0.185s] INFO:colcon.colcon_cmake.task.cmake.build:Building CMake package in '/home/host/onda/ros_ws/src/manipulator_msgs'
[0.186s] INFO:colcon.colcon_core.plugin_system:Skipping extension 'colcon_core.shell.bat': Not used on non-Windows systems
[0.186s] INFO:colcon.colcon_core.shell:Skip shell extension 'powershell' for command environment: Not usable outside of PowerShell
[0.187s] DEBUG:colcon.colcon_core.shell:Skip shell extension 'dsv' for command environment
[0.190s] INFO:colcon.colcon_ros.task.ament_cmake.build:Building ROS package in '/home/host/onda/ros_ws/src/braco_description' with build type 'ament_cmake'
[0.190s] INFO:colcon.colcon_cmake.task.cmake.build:Building CMake package in '/home/host/onda/ros_ws/src/braco_description'
[0.190s] INFO:colcon.colcon_core.shell:Skip shell extension 'powershell' for command environment: Not usable outside of PowerShell
[0.191s] DEBUG:colcon.colcon_core.shell:Skip shell extension 'dsv' for command environment
[0.195s] INFO:colcon.colcon_ros.task.ament_cmake.build:Building ROS package in '/home/host/onda/ros_ws/src/manipulator_gazebo' with build type 'ament_cmake'
[0.195s] INFO:colcon.colcon_cmake.task.cmake.build:Building CMake package in '/home/host/onda/ros_ws/src/manipulator_gazebo'
[0.196s] INFO:colcon.colcon_core.shell:Skip shell extension 'powershell' for command environment: Not usable outside of PowerShell
[0.196s] DEBUG:colcon.colcon_core.shell:Skip shell extension 'dsv' for command environment
[0.206s] DEBUG:colcon.colcon_core.event_handler.log_command:Invoking command in '/home/host/onda/ros_ws/build/manipulator_msgs': CMAKE_PREFIX_PATH=${CMAKE_PREFIX_PATH}:/opt/ros/humble /usr/bin/cmake --build /home/host/onda/ros_ws/build/manipulator_msgs -- -j20 -l20
[0.220s] DEBUG:colcon.colcon_core.event_handler.log_command:Invoking command in '/home/host/onda/ros_ws/build/braco_description': CMAKE_PREFIX_PATH=${CMAKE_PREFIX_PATH}:/opt/ros/humble /usr/bin/cmake --build /home/host/onda/ros_ws/build/braco_description -- -j20 -l20
[0.233s] DEBUG:colcon.colcon_core.event_handler.log_command:Invoking command in '/home/host/onda/ros_ws/build/manipulator_gazebo': CMAKE_PREFIX_PATH=${CMAKE_PREFIX_PATH}:/opt/ros/humble /usr/bin/cmake --build /home/host/onda/ros_ws/build/manipulator_gazebo -- -j20 -l20
[0.312s] DEBUG:colcon.colcon_core.event_handler.log_command:Invoked command in '/home/host/onda/ros_ws/build/braco_description' returned '0': CMAKE_PREFIX_PATH=${CMAKE_PREFIX_PATH}:/opt/ros/humble /usr/bin/cmake --build /home/host/onda/ros_ws/build/braco_description -- -j20 -l20
[0.331s] DEBUG:colcon.colcon_core.event_handler.log_command:Invoking command in '/home/host/onda/ros_ws/build/braco_description': CMAKE_PREFIX_PATH=${CMAKE_PREFIX_PATH}:/opt/ros/humble /usr/bin/cmake --install /home/host/onda/ros_ws/build/braco_description
[0.337s] DEBUG:colcon.colcon_core.event_handler.log_command:Invoked command in '/home/host/onda/ros_ws/build/manipulator_gazebo' returned '0': CMAKE_PREFIX_PATH=${CMAKE_PREFIX_PATH}:/opt/ros/humble /usr/bin/cmake --build /home/host/onda/ros_ws/build/manipulator_gazebo -- -j20 -l20
[0.340s] DEBUG:colcon.colcon_core.event_handler.log_command:Invoking command in '/home/host/onda/ros_ws/build/manipulator_gazebo': CMAKE_PREFIX_PATH=${CMAKE_PREFIX_PATH}:/opt/ros/humble /usr/bin/cmake --install /home/host/onda/ros_ws/build/manipulator_gazebo
[0.368s] Level 1:colcon.colcon_core.environment:create_environment_scripts_only(braco_description)
[0.369s] DEBUG:colcon.colcon_core.event_handler.log_command:Invoked command in '/home/host/onda/ros_ws/build/braco_description' returned '0': CMAKE_PREFIX_PATH=${CMAKE_PREFIX_PATH}:/opt/ros/humble /usr/bin/cmake --install /home/host/onda/ros_ws/build/braco_description
[0.371s] Level 1:colcon.colcon_core.environment:checking '/home/host/onda/ros_ws/install/braco_description' for CMake module files
[0.371s] Level 1:colcon.colcon_core.environment:checking '/home/host/onda/ros_ws/install/braco_description' for CMake config files
[0.372s] Level 1:colcon.colcon_core.shell:create_environment_hook('braco_description', 'cmake_prefix_path')
[0.372s] INFO:colcon.colcon_core.shell:Creating environment hook '/home/host/onda/ros_ws/install/braco_description/share/braco_description/hook/cmake_prefix_path.ps1'
[0.372s] INFO:colcon.colcon_core.shell:Creating environment descriptor '/home/host/onda/ros_ws/install/braco_description/share/braco_description/hook/cmake_prefix_path.dsv'
[0.373s] INFO:colcon.colcon_core.shell:Creating environment hook '/home/host/onda/ros_ws/install/braco_description/share/braco_description/hook/cmake_prefix_path.sh'
[0.373s] Level 1:colcon.colcon_core.environment:checking '/home/host/onda/ros_ws/install/braco_description/bin'
[0.373s] Level 1:colcon.colcon_core.environment:checking '/home/host/onda/ros_ws/install/braco_description/lib/pkgconfig/braco_description.pc'
[0.374s] Level 1:colcon.colcon_core.environment:checking '/home/host/onda/ros_ws/install/braco_description/lib/python3.10/site-packages'
[0.375s] Level 1:colcon.colcon_core.environment:checking '/home/host/onda/ros_ws/install/braco_description/bin'
[0.375s] INFO:colcon.colcon_core.shell:Creating package script '/home/host/onda/ros_ws/install/braco_description/share/braco_description/package.ps1'
[0.376s] INFO:colcon.colcon_core.shell:Creating package descriptor '/home/host/onda/ros_ws/install/braco_description/share/braco_description/package.dsv'
[0.376s] INFO:colcon.colcon_core.shell:Creating package script '/home/host/onda/ros_ws/install/braco_description/share/braco_description/package.sh'
[0.376s] INFO:colcon.colcon_core.shell:Creating package script '/home/host/onda/ros_ws/install/braco_description/share/braco_description/package.bash'
[0.377s] INFO:colcon.colcon_core.shell:Creating package script '/home/host/onda/ros_ws/install/braco_description/share/braco_description/package.zsh'
[0.377s] Level 1:colcon.colcon_core.environment:create_file_with_runtime_dependencies(/home/host/onda/ros_ws/install/braco_description/share/colcon-core/packages/braco_description)
[0.377s] Level 1:colcon.colcon_core.environment:create_environment_scripts_only(braco_description)
[0.378s] Level 1:colcon.colcon_core.environment:checking '/home/host/onda/ros_ws/install/braco_description' for CMake module files
[0.378s] Level 1:colcon.colcon_core.environment:checking '/home/host/onda/ros_ws/install/braco_description' for CMake config files
[0.378s] Level 1:colcon.colcon_core.shell:create_environment_hook('braco_description', 'cmake_prefix_path')
[0.378s] INFO:colcon.colcon_core.shell:Creating environment hook '/home/host/onda/ros_ws/install/braco_description/share/braco_description/hook/cmake_prefix_path.ps1'
[0.383s] INFO:colcon.colcon_core.shell:Creating environment descriptor '/home/host/onda/ros_ws/install/braco_description/share/braco_description/hook/cmake_prefix_path.dsv'
[0.383s] INFO:colcon.colcon_core.shell:Creating environment hook '/home/host/onda/ros_ws/install/braco_description/share/braco_description/hook/cmake_prefix_path.sh'
[0.384s] Level 1:colcon.colcon_core.environment:checking '/home/host/onda/ros_ws/install/braco_description/bin'
[0.384s] Level 1:colcon.colcon_core.environment:checking '/home/host/onda/ros_ws/install/braco_description/lib/pkgconfig/braco_description.pc'
[0.384s] Level 1:colcon.colcon_core.environment:checking '/home/host/onda/ros_ws/install/braco_description/lib/python3.10/site-packages'
[0.384s] Level 1:colcon.colcon_core.environment:checking '/home/host/onda/ros_ws/install/braco_description/bin'
[0.385s] INFO:colcon.colcon_core.shell:Creating package script '/home/host/onda/ros_ws/install/braco_description/share/braco_description/package.ps1'
[0.385s] INFO:colcon.colcon_core.shell:Creating package descriptor '/home/host/onda/ros_ws/install/braco_description/share/braco_description/package.dsv'
[0.385s] INFO:colcon.colcon_core.shell:Creating package script '/home/host/onda/ros_ws/install/braco_description/share/braco_description/package.sh'
[0.385s] INFO:colcon.colcon_core.shell:Creating package script '/home/host/onda/ros_ws/install/braco_description/share/braco_description/package.bash'
[0.386s] INFO:colcon.colcon_core.shell:Creating package script '/home/host/onda/ros_ws/install/braco_description/share/braco_description/package.zsh'
[0.386s] Level 1:colcon.colcon_core.environment:create_file_with_runtime_dependencies(/home/host/onda/ros_ws/install/braco_description/share/colcon-core/packages/braco_description)
[0.387s] Level 1:colcon.colcon_core.environment:create_environment_scripts_only(manipulator_gazebo)
[0.387s] Level 1:colcon.colcon_core.environment:checking '/home/host/onda/ros_ws/install/manipulator_gazebo' for CMake module files
[0.387s] DEBUG:colcon.colcon_core.event_handler.log_command:Invoked command in '/home/host/onda/ros_ws/build/manipulator_gazebo' returned '0': CMAKE_PREFIX_PATH=${CMAKE_PREFIX_PATH}:/opt/ros/humble /usr/bin/cmake --install /home/host/onda/ros_ws/build/manipulator_gazebo
[0.388s] Level 1:colcon.colcon_core.environment:checking '/home/host/onda/ros_ws/install/manipulator_gazebo' for CMake config files
[0.388s] Level 1:colcon.colcon_core.shell:create_environment_hook('manipulator_gazebo', 'cmake_prefix_path')
[0.389s] INFO:colcon.colcon_core.shell:Creating environment hook '/home/host/onda/ros_ws/install/manipulator_gazebo/share/manipulator_gazebo/hook/cmake_prefix_path.ps1'
[0.389s] INFO:colcon.colcon_core.shell:Creating environment descriptor '/home/host/onda/ros_ws/install/manipulator_gazebo/share/manipulator_gazebo/hook/cmake_prefix_path.dsv'
[0.389s] INFO:colcon.colcon_core.shell:Creating environment hook '/home/host/onda/ros_ws/install/manipulator_gazebo/share/manipulator_gazebo/hook/cmake_prefix_path.sh'
[0.390s] Level 1:colcon.colcon_core.environment:checking '/home/host/onda/ros_ws/install/manipulator_gazebo/bin'
[0.390s] Level 1:colcon.colcon_core.environment:checking '/home/host/onda/ros_ws/install/manipulator_gazebo/lib/pkgconfig/manipulator_gazebo.pc'
[0.390s] Level 1:colcon.colcon_core.environment:checking '/home/host/onda/ros_ws/install/manipulator_gazebo/lib/python3.10/site-packages'
[0.390s] Level 1:colcon.colcon_core.environment:checking '/home/host/onda/ros_ws/install/manipulator_gazebo/bin'
[0.390s] INFO:colcon.colcon_core.shell:Creating package script '/home/host/onda/ros_ws/install/manipulator_gazebo/share/manipulator_gazebo/package.ps1'
[0.391s] INFO:colcon.colcon_core.shell:Creating package descriptor '/home/host/onda/ros_ws/install/manipulator_gazebo/share/manipulator_gazebo/package.dsv'
[0.391s] INFO:colcon.colcon_core.shell:Creating package script '/home/host/onda/ros_ws/install/manipulator_gazebo/share/manipulator_gazebo/package.sh'
[0.391s] INFO:colcon.colcon_core.shell:Creating package script '/home/host/onda/ros_ws/install/manipulator_gazebo/share/manipulator_gazebo/package.bash'
[0.391s] INFO:colcon.colcon_core.shell:Creating package script '/home/host/onda/ros_ws/install/manipulator_gazebo/share/manipulator_gazebo/package.zsh'
[0.392s] Level 1:colcon.colcon_core.environment:create_file_with_runtime_dependencies(/home/host/onda/ros_ws/install/manipulator_gazebo/share/colcon-core/packages/manipulator_gazebo)
[0.392s] Level 1:colcon.colcon_core.environment:create_environment_scripts_only(manipulator_gazebo)
[0.392s] Level 1:colcon.colcon_core.environment:checking '/home/host/onda/ros_ws/install/manipulator_gazebo' for CMake module files
[0.392s] Level 1:colcon.colcon_core.environment:checking '/home/host/onda/ros_ws/install/manipulator_gazebo' for CMake config files
[0.393s] Level 1:colcon.colcon_core.shell:create_environment_hook('manipulator_gazebo', 'cmake_prefix_path')
[0.393s] INFO:colcon.colcon_core.shell:Creating environment hook '/home/host/onda/ros_ws/install/manipulator_gazebo/share/manipulator_gazebo/hook/cmake_prefix_path.ps1'
[0.393s] INFO:colcon.colcon_core.shell:Creating environment descriptor '/home/host/onda/ros_ws/install/manipulator_gazebo/share/manipulator_gazebo/hook/cmake_prefix_path.dsv'
[0.393s] INFO:colcon.colcon_core.shell:Creating environment hook '/home/host/onda/ros_ws/install/manipulator_gazebo/share/manipulator_gazebo/hook/cmake_prefix_path.sh'
[0.393s] Level 1:colcon.colcon_core.environment:checking '/home/host/onda/ros_ws/install/manipulator_gazebo/bin'
[0.394s] Level 1:colcon.colcon_core.environment:checking '/home/host/onda/ros_ws/install/manipulator_gazebo/lib/pkgconfig/manipulator_gazebo.pc'
[0.394s] Level 1:colcon.colcon_core.environment:checking '/home/host/onda/ros_ws/install/manipulator_gazebo/lib/python3.10/site-packages'
[0.394s] Level 1:colcon.colcon_core.environment:checking '/home/host/onda/ros_ws/install/manipulator_gazebo/bin'
[0.394s] INFO:colcon.colcon_core.shell:Creating package script '/home/host/onda/ros_ws/install/manipulator_gazebo/share/manipulator_gazebo/package.ps1'
[0.394s] INFO:colcon.colcon_core.shell:Creating package descriptor '/home/host/onda/ros_ws/install/manipulator_gazebo/share/manipulator_gazebo/package.dsv'
[0.395s] INFO:colcon.colcon_core.shell:Creating package script '/home/host/onda/ros_ws/install/manipulator_gazebo/share/manipulator_gazebo/package.sh'
[0.395s] INFO:colcon.colcon_core.shell:Creating package script '/home/host/onda/ros_ws/install/manipulator_gazebo/share/manipulator_gazebo/package.bash'
[0.395s] INFO:colcon.colcon_core.shell:Creating package script '/home/host/onda/ros_ws/install/manipulator_gazebo/share/manipulator_gazebo/package.zsh'
[0.395s] Level 1:colcon.colcon_core.environment:create_file_with_runtime_dependencies(/home/host/onda/ros_ws/install/manipulator_gazebo/share/colcon-core/packages/manipulator_gazebo)
[0.535s] DEBUG:colcon.colcon_core.event_handler.log_command:Invoked command in '/home/host/onda/ros_ws/build/manipulator_msgs' returned '0': CMAKE_PREFIX_PATH=${CMAKE_PREFIX_PATH}:/opt/ros/humble /usr/bin/cmake --build /home/host/onda/ros_ws/build/manipulator_msgs -- -j20 -l20
[0.536s] DEBUG:colcon.colcon_core.event_handler.log_command:Invoking command in '/home/host/onda/ros_ws/build/manipulator_msgs': CMAKE_PREFIX_PATH=${CMAKE_PREFIX_PATH}:/opt/ros/humble /usr/bin/cmake --install /home/host/onda/ros_ws/build/manipulator_msgs
[0.636s] Level 1:colcon.colcon_core.environment:create_environment_scripts_only(manipulator_msgs)
[0.636s] Level 1:colcon.colcon_core.environment:checking '/home/host/onda/ros_ws/install/manipulator_msgs' for CMake module files
[0.637s] DEBUG:colcon.colcon_core.event_handler.log_command:Invoked command in '/home/host/onda/ros_ws/build/manipulator_msgs' returned '0': CMAKE_PREFIX_PATH=${CMAKE_PREFIX_PATH}:/opt/ros/humble /usr/bin/cmake --install /home/host/onda/ros_ws/build/manipulator_msgs
[0.637s] Level 1:colcon.colcon_core.environment:checking '/home/host/onda/ros_ws/install/manipulator_msgs' for CMake config files
[0.638s] Level 1:colcon.colcon_core.shell:create_environment_hook('manipulator_msgs', 'cmake_prefix_path')
[0.638s] INFO:colcon.colcon_core.shell:Creating environment hook '/home/host/onda/ros_ws/install/manipulator_msgs/share/manipulator_msgs/hook/cmake_prefix_path.ps1'
[0.638s] INFO:colcon.colcon_core.shell:Creating environment descriptor '/home/host/onda/ros_ws/install/manipulator_msgs/share/manipulator_msgs/hook/cmake_prefix_path.dsv'
[0.638s] INFO:colcon.colcon_core.shell:Creating environment hook '/home/host/onda/ros_ws/install/manipulator_msgs/share/manipulator_msgs/hook/cmake_prefix_path.sh'
[0.639s] Level 1:colcon.colcon_core.environment:checking '/home/host/onda/ros_ws/install/manipulator_msgs/lib'
[0.639s] Level 1:colcon.colcon_core.shell:create_environment_hook('manipulator_msgs', 'ld_library_path_lib')
[0.639s] INFO:colcon.colcon_core.shell:Creating environment hook '/home/host/onda/ros_ws/install/manipulator_msgs/share/manipulator_msgs/hook/ld_library_path_lib.ps1'
[0.639s] INFO:colcon.colcon_core.shell:Creating environment descriptor '/home/host/onda/ros_ws/install/manipulator_msgs/share/manipulator_msgs/hook/ld_library_path_lib.dsv'
[0.640s] INFO:colcon.colcon_core.shell:Creating environment hook '/home/host/onda/ros_ws/install/manipulator_msgs/share/manipulator_msgs/hook/ld_library_path_lib.sh'
[0.640s] Level 1:colcon.colcon_core.environment:checking '/home/host/onda/ros_ws/install/manipulator_msgs/bin'
[0.640s] Level 1:colcon.colcon_core.environment:checking '/home/host/onda/ros_ws/install/manipulator_msgs/lib/pkgconfig/manipulator_msgs.pc'
[0.640s] Level 1:colcon.colcon_core.environment:checking '/home/host/onda/ros_ws/install/manipulator_msgs/lib/python3.10/site-packages'
[0.641s] Level 1:colcon.colcon_core.environment:checking '/home/host/onda/ros_ws/install/manipulator_msgs/bin'
[0.641s] INFO:colcon.colcon_core.shell:Creating package script '/home/host/onda/ros_ws/install/manipulator_msgs/share/manipulator_msgs/package.ps1'
[0.642s] INFO:colcon.colcon_core.shell:Creating package descriptor '/home/host/onda/ros_ws/install/manipulator_msgs/share/manipulator_msgs/package.dsv'
[0.643s] INFO:colcon.colcon_core.shell:Creating package script '/home/host/onda/ros_ws/install/manipulator_msgs/share/manipulator_msgs/package.sh'
[0.644s] INFO:colcon.colcon_core.shell:Creating package script '/home/host/onda/ros_ws/install/manipulator_msgs/share/manipulator_msgs/package.bash'
[0.645s] INFO:colcon.colcon_core.shell:Creating package script '/home/host/onda/ros_ws/install/manipulator_msgs/share/manipulator_msgs/package.zsh'
[0.645s] Level 1:colcon.colcon_core.environment:create_file_with_runtime_dependencies(/home/host/onda/ros_ws/install/manipulator_msgs/share/colcon-core/packages/manipulator_msgs)
[0.646s] Level 1:colcon.colcon_core.environment:create_environment_scripts_only(manipulator_msgs)
[0.647s] Level 1:colcon.colcon_core.environment:checking '/home/host/onda/ros_ws/install/manipulator_msgs' for CMake module files
[0.648s] Level 1:colcon.colcon_core.environment:checking '/home/host/onda/ros_ws/install/manipulator_msgs' for CMake config files
[0.649s] Level 1:colcon.colcon_core.shell:create_environment_hook('manipulator_msgs', 'cmake_prefix_path')
[0.650s] INFO:colcon.colcon_core.shell:Creating environment hook '/home/host/onda/ros_ws/install/manipulator_msgs/share/manipulator_msgs/hook/cmake_prefix_path.ps1'
[0.651s] INFO:colcon.colcon_core.shell:Creating environment descriptor '/home/host/onda/ros_ws/install/manipulator_msgs/share/manipulator_msgs/hook/cmake_prefix_path.dsv'
[0.651s] INFO:colcon.colcon_core.shell:Creating environment hook '/home/host/onda/ros_ws/install/manipulator_msgs/share/manipulator_msgs/hook/cmake_prefix_path.sh'
[0.652s] Level 1:colcon.colcon_core.environment:checking '/home/host/onda/ros_ws/install/manipulator_msgs/lib'
[0.652s] Level 1:colcon.colcon_core.shell:create_environment_hook('manipulator_msgs', 'ld_library_path_lib')
[0.652s] INFO:colcon.colcon_core.shell:Creating environment hook '/home/host/onda/ros_ws/install/manipulator_msgs/share/manipulator_msgs/hook/ld_library_path_lib.ps1'
[0.653s] INFO:colcon.colcon_core.shell:Creating environment descriptor '/home/host/onda/ros_ws/install/manipulator_msgs/share/manipulator_msgs/hook/ld_library_path_lib.dsv'
[0.654s] INFO:colcon.colcon_core.shell:Creating environment hook '/home/host/onda/ros_ws/install/manipulator_msgs/share/manipulator_msgs/hook/ld_library_path_lib.sh'
[0.654s] Level 1:colcon.colcon_core.environment:checking '/home/host/onda/ros_ws/install/manipulator_msgs/bin'
[0.655s] Level 1:colcon.colcon_core.environment:checking '/home/host/onda/ros_ws/install/manipulator_msgs/lib/pkgconfig/manipulator_msgs.pc'
[0.655s] Level 1:colcon.colcon_core.environment:checking '/home/host/onda/ros_ws/install/manipulator_msgs/lib/python3.10/site-packages'
[0.655s] Level 1:colcon.colcon_core.environment:checking '/home/host/onda/ros_ws/install/manipulator_msgs/bin'
[0.656s] INFO:colcon.colcon_core.shell:Creating package script '/home/host/onda/ros_ws/install/manipulator_msgs/share/manipulator_msgs/package.ps1'
[0.657s] INFO:colcon.colcon_core.shell:Creating package descriptor '/home/host/onda/ros_ws/install/manipulator_msgs/share/manipulator_msgs/package.dsv'
[0.657s] INFO:colcon.colcon_core.shell:Creating package script '/home/host/onda/ros_ws/install/manipulator_msgs/share/manipulator_msgs/package.sh'
[0.658s] INFO:colcon.colcon_core.shell:Creating package script '/home/host/onda/ros_ws/install/manipulator_msgs/share/manipulator_msgs/package.bash'
[0.659s] INFO:colcon.colcon_core.shell:Creating package script '/home/host/onda/ros_ws/install/manipulator_msgs/share/manipulator_msgs/package.zsh'
[0.659s] Level 1:colcon.colcon_core.environment:create_file_with_runtime_dependencies(/home/host/onda/ros_ws/install/manipulator_msgs/share/colcon-core/packages/manipulator_msgs)
[0.660s] INFO:colcon.colcon_ros.task.ament_cmake.build:Building ROS package in '/home/host/onda/ros_ws/src/manipulator_disturbance_control' with build type 'ament_cmake'
[0.660s] INFO:colcon.colcon_cmake.task.cmake.build:Building CMake package in '/home/host/onda/ros_ws/src/manipulator_disturbance_control'
[0.661s] INFO:colcon.colcon_core.shell:Skip shell extension 'powershell' for command environment: Not usable outside of PowerShell
[0.661s] DEBUG:colcon.colcon_core.shell:Skip shell extension 'dsv' for command environment
[0.674s] DEBUG:colcon.colcon_core.event_handler.log_command:Invoking command in '/home/host/onda/ros_ws/build/manipulator_disturbance_control': CMAKE_PREFIX_PATH=/home/host/onda/ros_ws/install/manipulator_msgs:/home/host/onda/ros_ws/install/manipulator_disturbance_control:/home/host/onda/ros_ws/install/manipulator_gazebo:/home/host/onda/ros_ws/install/braco_description:/opt/ros/humble LD_LIBRARY_PATH=/home/host/onda/ros_ws/install/manipulator_msgs/lib:/usr/lib/x86_64-linux-gnu/gazebo-11/plugins:/opt/ros/humble/opt/rviz_ogre_vendor/lib:/opt/ros/humble/lib/x86_64-linux-gnu:/opt/ros/humble/lib /usr/bin/cmake --build /home/host/onda/ros_ws/build/manipulator_disturbance_control -- -j20 -l20
[0.747s] DEBUG:colcon.colcon_core.event_handler.log_command:Invoked command in '/home/host/onda/ros_ws/build/manipulator_disturbance_control' returned '0': CMAKE_PREFIX_PATH=/home/host/onda/ros_ws/install/manipulator_msgs:/home/host/onda/ros_ws/install/manipulator_disturbance_control:/home/host/onda/ros_ws/install/manipulator_gazebo:/home/host/onda/ros_ws/install/braco_description:/opt/ros/humble LD_LIBRARY_PATH=/home/host/onda/ros_ws/install/manipulator_msgs/lib:/usr/lib/x86_64-linux-gnu/gazebo-11/plugins:/opt/ros/humble/opt/rviz_ogre_vendor/lib:/opt/ros/humble/lib/x86_64-linux-gnu:/opt/ros/humble/lib /usr/bin/cmake --build /home/host/onda/ros_ws/build/manipulator_disturbance_control -- -j20 -l20
[0.749s] DEBUG:colcon.colcon_core.event_handler.log_command:Invoking command in '/home/host/onda/ros_ws/build/manipulator_disturbance_control': CMAKE_PREFIX_PATH=/home/host/onda/ros_ws/install/manipulator_msgs:/home/host/onda/ros_ws/install/manipulator_disturbance_control:/home/host/onda/ros_ws/install/manipulator_gazebo:/home/host/onda/ros_ws/install/braco_description:/opt/ros/humble LD_LIBRARY_PATH=/home/host/onda/ros_ws/install/manipulator_msgs/lib:/usr/lib/x86_64-linux-gnu/gazebo-11/plugins:/opt/ros/humble/opt/rviz_ogre_vendor/lib:/opt/ros/humble/lib/x86_64-linux-gnu:/opt/ros/humble/lib /usr/bin/cmake --install /home/host/onda/ros_ws/build/manipulator_disturbance_control
[0.768s] Level 1:colcon.colcon_core.environment:create_environment_scripts_only(manipulator_disturbance_control)
[0.769s] Level 1:colcon.colcon_core.environment:checking '/home/host/onda/ros_ws/install/manipulator_disturbance_control' for CMake module files
[0.769s] DEBUG:colcon.colcon_core.event_handler.log_command:Invoked command in '/home/host/onda/ros_ws/build/manipulator_disturbance_control' returned '0': CMAKE_PREFIX_PATH=/home/host/onda/ros_ws/install/manipulator_msgs:/home/host/onda/ros_ws/install/manipulator_disturbance_control:/home/host/onda/ros_ws/install/manipulator_gazebo:/home/host/onda/ros_ws/install/braco_description:/opt/ros/humble LD_LIBRARY_PATH=/home/host/onda/ros_ws/install/manipulator_msgs/lib:/usr/lib/x86_64-linux-gnu/gazebo-11/plugins:/opt/ros/humble/opt/rviz_ogre_vendor/lib:/opt/ros/humble/lib/x86_64-linux-gnu:/opt/ros/humble/lib /usr/bin/cmake --install /home/host/onda/ros_ws/build/manipulator_disturbance_control
[0.770s] Level 1:colcon.colcon_core.environment:checking '/home/host/onda/ros_ws/install/manipulator_disturbance_control' for CMake config files
[0.770s] Level 1:colcon.colcon_core.shell:create_environment_hook('manipulator_disturbance_control', 'cmake_prefix_path')
[0.770s] INFO:colcon.colcon_core.shell:Creating environment hook '/home/host/onda/ros_ws/install/manipulator_disturbance_control/share/manipulator_disturbance_control/hook/cmake_prefix_path.ps1'
[0.771s] INFO:colcon.colcon_core.shell:Creating environment descriptor '/home/host/onda/ros_ws/install/manipulator_disturbance_control/share/manipulator_disturbance_control/hook/cmake_prefix_path.dsv'
[0.771s] INFO:colcon.colcon_core.shell:Creating environment hook '/home/host/onda/ros_ws/install/manipulator_disturbance_control/share/manipulator_disturbance_control/hook/cmake_prefix_path.sh'
[0.772s] Level 1:colcon.colcon_core.environment:checking '/home/host/onda/ros_ws/install/manipulator_disturbance_control/lib'
[0.772s] Level 1:colcon.colcon_core.environment:checking '/home/host/onda/ros_ws/install/manipulator_disturbance_control/bin'
[0.772s] Level 1:colcon.colcon_core.environment:checking '/home/host/onda/ros_ws/install/manipulator_disturbance_control/lib/pkgconfig/manipulator_disturbance_control.pc'
[0.772s] Level 1:colcon.colcon_core.environment:checking '/home/host/onda/ros_ws/install/manipulator_disturbance_control/lib/python3.10/site-packages'
[0.772s] Level 1:colcon.colcon_core.environment:checking '/home/host/onda/ros_ws/install/manipulator_disturbance_control/bin'
[0.772s] INFO:colcon.colcon_core.shell:Creating package script '/home/host/onda/ros_ws/install/manipulator_disturbance_control/share/manipulator_disturbance_control/package.ps1'
[0.773s] INFO:colcon.colcon_core.shell:Creating package descriptor '/home/host/onda/ros_ws/install/manipulator_disturbance_control/share/manipulator_disturbance_control/package.dsv'
[0.773s] INFO:colcon.colcon_core.shell:Creating package script '/home/host/onda/ros_ws/install/manipulator_disturbance_control/share/manipulator_disturbance_control/package.sh'
[0.773s] INFO:colcon.colcon_core.shell:Creating package script '/home/host/onda/ros_ws/install/manipulator_disturbance_control/share/manipulator_disturbance_control/package.bash'
[0.773s] INFO:colcon.colcon_core.shell:Creating package script '/home/host/onda/ros_ws/install/manipulator_disturbance_control/share/manipulator_disturbance_control/package.zsh'
[0.773s] Level 1:colcon.colcon_core.environment:create_file_with_runtime_dependencies(/home/host/onda/ros_ws/install/manipulator_disturbance_control/share/colcon-core/packages/manipulator_disturbance_control)
[0.774s] Level 1:colcon.colcon_core.environment:create_environment_scripts_only(manipulator_disturbance_control)
[0.774s] Level 1:colcon.colcon_core.environment:checking '/home/host/onda/ros_ws/install/manipulator_disturbance_control' for CMake module files
[0.774s] Level 1:colcon.colcon_core.environment:checking '/home/host/onda/ros_ws/install/manipulator_disturbance_control' for CMake config files
[0.774s] Level 1:colcon.colcon_core.shell:create_environment_hook('manipulator_disturbance_control', 'cmake_prefix_path')
[0.775s] INFO:colcon.colcon_core.shell:Creating environment hook '/home/host/onda/ros_ws/install/manipulator_disturbance_control/share/manipulator_disturbance_control/hook/cmake_prefix_path.ps1'
[0.775s] INFO:colcon.colcon_core.shell:Creating environment descriptor '/home/host/onda/ros_ws/install/manipulator_disturbance_control/share/manipulator_disturbance_control/hook/cmake_prefix_path.dsv'
[0.775s] INFO:colcon.colcon_core.shell:Creating environment hook '/home/host/onda/ros_ws/install/manipulator_disturbance_control/share/manipulator_disturbance_control/hook/cmake_prefix_path.sh'
[0.775s] Level 1:colcon.colcon_core.environment:checking '/home/host/onda/ros_ws/install/manipulator_disturbance_control/lib'
[0.775s] Level 1:colcon.colcon_core.environment:checking '/home/host/onda/ros_ws/install/manipulator_disturbance_control/bin'
[0.775s] Level 1:colcon.colcon_core.environment:checking '/home/host/onda/ros_ws/install/manipulator_disturbance_control/lib/pkgconfig/manipulator_disturbance_control.pc'
[0.775s] Level 1:colcon.colcon_core.environment:checking '/home/host/onda/ros_ws/install/manipulator_disturbance_control/lib/python3.10/site-packages'
[0.776s] Level 1:colcon.colcon_core.environment:checking '/home/host/onda/ros_ws/install/manipulator_disturbance_control/bin'
[0.776s] INFO:colcon.colcon_core.shell:Creating package script '/home/host/onda/ros_ws/install/manipulator_disturbance_control/share/manipulator_disturbance_control/package.ps1'
[0.776s] INFO:colcon.colcon_core.shell:Creating package descriptor '/home/host/onda/ros_ws/install/manipulator_disturbance_control/share/manipulator_disturbance_control/package.dsv'
[0.776s] INFO:colcon.colcon_core.shell:Creating package script '/home/host/onda/ros_ws/install/manipulator_disturbance_control/share/manipulator_disturbance_control/package.sh'
[0.776s] INFO:colcon.colcon_core.shell:Creating package script '/home/host/onda/ros_ws/install/manipulator_disturbance_control/share/manipulator_disturbance_control/package.bash'
[0.777s] INFO:colcon.colcon_core.shell:Creating package script '/home/host/onda/ros_ws/install/manipulator_disturbance_control/share/manipulator_disturbance_control/package.zsh'
[0.777s] Level 1:colcon.colcon_core.environment:create_file_with_runtime_dependencies(/home/host/onda/ros_ws/install/manipulator_disturbance_control/share/colcon-core/packages/manipulator_disturbance_control)
[0.777s] DEBUG:colcon.colcon_parallel_executor.executor.parallel:closing loop
[0.777s] DEBUG:colcon.colcon_parallel_executor.executor.parallel:loop closed
[0.777s] DEBUG:colcon.colcon_parallel_executor.executor.parallel:run_until_complete finished with '0'
[0.777s] DEBUG:colcon.colcon_core.event_reactor:joining thread
[0.781s] INFO:colcon.colcon_core.plugin_system:Skipping extension 'colcon_notification.desktop_notification.notify_send': Could not find 'notify-send'
[0.781s] INFO:colcon.colcon_core.plugin_system:Skipping extension 'colcon_notification.desktop_notification.terminal_notifier': Not used on non-Darwin systems
[0.782s] INFO:colcon.colcon_core.plugin_system:Skipping extension 'colcon_notification.desktop_notification.win32': Not used on non-Windows systems
[0.782s] INFO:colcon.colcon_notification.desktop_notification:Sending desktop notification using 'notify2'
[0.784s] DEBUG:colcon.colcon_notification.desktop_notification.notify2:Failed to initialize notify2: org.freedesktop.DBus.Error.Spawn.ExecFailed: /usr/bin/dbus-launch terminated abnormally without any error message
[0.784s] DEBUG:colcon.colcon_core.event_reactor:joined thread
[0.785s] INFO:colcon.colcon_core.shell:Creating prefix script '/home/host/onda/ros_ws/install/local_setup.ps1'
[0.786s] INFO:colcon.colcon_core.shell:Creating prefix util module '/home/host/onda/ros_ws/install/_local_setup_util_ps1.py'
[0.787s] INFO:colcon.colcon_core.shell:Creating prefix chain script '/home/host/onda/ros_ws/install/setup.ps1'
[0.788s] INFO:colcon.colcon_core.shell:Creating prefix script '/home/host/onda/ros_ws/install/local_setup.sh'
[0.788s] INFO:colcon.colcon_core.shell:Creating prefix util module '/home/host/onda/ros_ws/install/_local_setup_util_sh.py'
[0.790s] INFO:colcon.colcon_core.shell:Creating prefix chain script '/home/host/onda/ros_ws/install/setup.sh'
[0.791s] INFO:colcon.colcon_core.shell:Creating prefix script '/home/host/onda/ros_ws/install/local_setup.bash'
[0.792s] INFO:colcon.colcon_core.shell:Creating prefix chain script '/home/host/onda/ros_ws/install/setup.bash'
[0.793s] INFO:colcon.colcon_core.shell:Creating prefix script '/home/host/onda/ros_ws/install/local_setup.zsh'
[0.793s] INFO:colcon.colcon_core.shell:Creating prefix chain script '/home/host/onda/ros_ws/install/setup.zsh'
