[0.022s] Invoking command in '/home/host/ros_ws/build/braco_description': CMAKE_PREFIX_PATH=${CMAKE_PREFIX_PATH}:/opt/ros/humble /usr/bin/cmake /home/host/ros_ws/src/braco_description -DCMAKE_INSTALL_PREFIX=/home/host/ros_ws/install/braco_description
[0.054s] -- Found ament_cmake: 1.3.12 (/opt/ros/humble/share/ament_cmake/cmake)
[0.219s] -- Override CMake install command with custom implementation using symlinks instead of copying resources
[0.227s] -- Found urdf: 2.6.1 (/opt/ros/humble/share/urdf/cmake)
[0.274s] -- Found xacro: 2.1.1 (/opt/ros/humble/share/xacro/cmake)
[0.275s] -- Found ament_lint_auto: 0.12.14 (/opt/ros/humble/share/ament_lint_auto/cmake)
[0.350s] -- Added test 'copyright' to check source files copyright and LICENSE
[0.353s] -- Added test 'flake8' to check Python code syntax and style conventions
[0.354s] -- Added test 'lint_cmake' to check CMake code style
[0.354s] -- Added test 'pep257' to check Python code against some of the docstring style conventions in PEP 257
[0.356s] -- Added test 'xmllint' to check XML markup files
[0.357s] -- Configuring done
[0.362s] -- Generating done
[0.364s] -- Build files have been written to: /home/host/ros_ws/build/braco_description
[0.370s] Invoked command in '/home/host/ros_ws/build/braco_description' returned '0': CMAKE_PREFIX_PATH=${CMAKE_PREFIX_PATH}:/opt/ros/humble /usr/bin/cmake /home/host/ros_ws/src/braco_description -DCMAKE_INSTALL_PREFIX=/home/host/ros_ws/install/braco_description
[0.371s] Invoking command in '/home/host/ros_ws/build/braco_description': CMAKE_PREFIX_PATH=${CMAKE_PREFIX_PATH}:/opt/ros/humble /usr/bin/cmake --build /home/host/ros_ws/build/braco_description -- -j8 -l8
[0.407s] Invoked command in '/home/host/ros_ws/build/braco_description' returned '0': CMAKE_PREFIX_PATH=${CMAKE_PREFIX_PATH}:/opt/ros/humble /usr/bin/cmake --build /home/host/ros_ws/build/braco_description -- -j8 -l8
[0.417s] Invoking command in '/home/host/ros_ws/build/braco_description': CMAKE_PREFIX_PATH=${CMAKE_PREFIX_PATH}:/opt/ros/humble /usr/bin/cmake --install /home/host/ros_ws/build/braco_description
[0.424s] -- Install configuration: ""
[0.424s] -- Execute custom install script
[0.425s] -- Symlinking: /home/host/ros_ws/install/braco_description/share/braco_description//urdf/Braço.gazebo
[0.433s] -- Symlinking: /home/host/ros_ws/install/braco_description/share/braco_description//urdf/Braço.trans
[0.441s] -- Symlinking: /home/host/ros_ws/install/braco_description/share/braco_description//urdf/Braço.xacro
[0.450s] -- Symlinking: /home/host/ros_ws/install/braco_description/share/braco_description//urdf/braco.urdf
[0.457s] -- Symlinking: /home/host/ros_ws/install/braco_description/share/braco_description//urdf/braco_fixed.urdf
[0.468s] -- Symlinking: /home/host/ros_ws/install/braco_description/share/braco_description//urdf/materials.xacro
[0.476s] -- Symlinking: /home/host/ros_ws/install/braco_description/share/braco_description//meshes/base_link.stl
[0.485s] -- Symlinking: /home/host/ros_ws/install/braco_description/share/braco_description//meshes/prism1_1.stl
[0.493s] -- Symlinking: /home/host/ros_ws/install/braco_description/share/braco_description//meshes/rot1_1.stl
[0.501s] -- Symlinking: /home/host/ros_ws/install/braco_description/share/braco_description//meshes/rot2_1.stl
[0.513s] -- Symlinking: /home/host/ros_ws/install/braco_description/share/braco_description//meshes/rot3_1.stl
[0.522s] -- Symlinking: /home/host/ros_ws/install/braco_description/share/braco_description//meshes/rot4_1.stl
[0.531s] -- Symlinking: /home/host/ros_ws/install/braco_description/share/braco_description//launch/controller.launch
[0.540s] -- Symlinking: /home/host/ros_ws/install/braco_description/share/braco_description//launch/controller.yaml
[0.548s] -- Symlinking: /home/host/ros_ws/install/braco_description/share/braco_description//launch/display.launch
[0.556s] -- Symlinking: /home/host/ros_ws/install/braco_description/share/braco_description//launch/display.launch.py
[0.564s] -- Symlinking: /home/host/ros_ws/install/braco_description/share/braco_description//launch/gazebo.launch
[0.571s] -- Symlinking: /home/host/ros_ws/install/braco_description/share/braco_description//launch/gazebo.launch.py
[0.578s] -- Symlinking: /home/host/ros_ws/install/braco_description/share/braco_description//launch/urdf.rviz
[0.587s] -- Up-to-date symlink: /home/host/ros_ws/install/braco_description/share/braco_description/launch//controller.yaml
[0.587s] -- Up-to-date symlink: /home/host/ros_ws/install/braco_description/share/braco_description/launch//urdf.rviz
[0.588s] -- Symlinking: /home/host/ros_ws/install/braco_description/share/ament_index/resource_index/package_run_dependencies/braco_description
[0.596s] -- Symlinking: /home/host/ros_ws/install/braco_description/share/ament_index/resource_index/parent_prefix_path/braco_description
[0.604s] -- Up-to-date symlink: /home/host/ros_ws/install/braco_description/share/braco_description/environment/ament_prefix_path.sh
[0.604s] -- Symlinking: /home/host/ros_ws/install/braco_description/share/braco_description/environment/ament_prefix_path.dsv
[0.613s] -- Up-to-date symlink: /home/host/ros_ws/install/braco_description/share/braco_description/environment/path.sh
[0.613s] -- Symlinking: /home/host/ros_ws/install/braco_description/share/braco_description/environment/path.dsv
[0.621s] -- Symlinking: /home/host/ros_ws/install/braco_description/share/braco_description/local_setup.bash
[0.628s] -- Symlinking: /home/host/ros_ws/install/braco_description/share/braco_description/local_setup.sh
[0.637s] -- Symlinking: /home/host/ros_ws/install/braco_description/share/braco_description/local_setup.zsh
[0.647s] -- Symlinking: /home/host/ros_ws/install/braco_description/share/braco_description/local_setup.dsv
[0.656s] -- Symlinking: /home/host/ros_ws/install/braco_description/share/braco_description/package.dsv
[0.667s] -- Symlinking: /home/host/ros_ws/install/braco_description/share/ament_index/resource_index/packages/braco_description
[0.674s] -- Symlinking: /home/host/ros_ws/install/braco_description/share/braco_description/cmake/braco_descriptionConfig.cmake
[0.683s] -- Symlinking: /home/host/ros_ws/install/braco_description/share/braco_description/cmake/braco_descriptionConfig-version.cmake
[0.692s] -- Symlinking: /home/host/ros_ws/install/braco_description/share/braco_description/package.xml
[0.703s] Invoked command in '/home/host/ros_ws/build/braco_description' returned '0': CMAKE_PREFIX_PATH=${CMAKE_PREFIX_PATH}:/opt/ros/humble /usr/bin/cmake --install /home/host/ros_ws/build/braco_description
