[0.000000] (-) TimerEvent: {}
[0.000193] (braco_description) JobQueued: {'identifier': 'braco_description', 'dependencies': OrderedDict()}
[0.000326] (manipulator_gazebo) JobQueued: {'identifier': 'manipulator_gazebo', 'dependencies': OrderedDict()}
[0.000396] (manipulator_msgs) JobQueued: {'identifier': 'manipulator_msgs', 'dependencies': OrderedDict()}
[0.000510] (manipulator_disturbance_control) JobQueued: {'identifier': 'manipulator_disturbance_control', 'dependencies': OrderedDict([('manipulator_msgs', '/home/host/ros_ws/install/manipulator_msgs')])}
[0.000561] (manipulator_msgs) JobStarted: {'identifier': 'manipulator_msgs'}
[0.019318] (braco_description) JobStarted: {'identifier': 'braco_description'}
[0.024355] (manipulator_gazebo) JobStarted: {'identifier': 'manipulator_gazebo'}
[0.031564] (manipulator_msgs) JobProgress: {'identifier': 'manipulator_msgs', 'progress': 'cmake'}
[0.032485] (manipulator_msgs) JobProgress: {'identifier': 'manipulator_msgs', 'progress': 'build'}
[0.033451] (manipulator_msgs) Command: {'cmd': ['/usr/bin/cmake', '--build', '/home/host/ros_ws/build/manipulator_msgs', '--', '-j8', '-l8'], 'cwd': '/home/host/ros_ws/build/manipulator_msgs', 'env': OrderedDict([('HOSTNAME', 'marcotayar-Nitro-AN515-55'), ('SHLVL', '1'), ('LD_LIBRARY_PATH', '/home/host/ros_ws/install/manipulator_msgs/lib:/usr/lib/x86_64-linux-gnu/gazebo-11/plugins:/opt/ros/humble/opt/rviz_ogre_vendor/lib:/opt/ros/humble/lib/x86_64-linux-gnu:/opt/ros/humble/lib'), ('HOME', '/home/host'), ('ROS_PYTHON_VERSION', '3'), ('COLCON_PREFIX_PATH', '/home/host/ros_ws/install'), ('ROS_DISTRO', 'humble'), ('_', '/usr/bin/colcon'), ('ROS_VERSION', '2'), ('TERM', 'xterm'), ('ROS_LOCALHOST_ONLY', '0'), ('PATH', '/opt/ros/humble/bin:/usr/local/sbin:/usr/local/bin:/usr/sbin:/usr/bin:/sbin:/bin'), ('DISPLAY', ':1'), ('LANG', 'C.UTF-8'), ('AMENT_PREFIX_PATH', '/home/host/ros_ws/install/manipulator_disturbance_control:/home/host/ros_ws/install/manipulator_msgs:/home/host/ros_ws/install/manipulator_gazebo:/home/host/ros_ws/install/braco_description:/opt/ros/humble'), ('PWD', '/home/host/ros_ws/build/manipulator_msgs'), ('LC_ALL', 'C.UTF-8'), ('PYTHONPATH', '/home/host/ros_ws/install/manipulator_msgs/local/lib/python3.10/dist-packages:/opt/ros/humble/lib/python3.10/site-packages:/opt/ros/humble/local/lib/python3.10/dist-packages'), ('TZ', 'America/Sao_Paulo'), ('COLCON', '1'), ('CMAKE_PREFIX_PATH', '/home/host/ros_ws/install/manipulator_disturbance_control:/home/host/ros_ws/install/manipulator_msgs:/home/host/ros_ws/install/manipulator_gazebo:/home/host/ros_ws/install/braco_description:/opt/ros/humble')]), 'shell': False}
[0.036032] (braco_description) JobProgress: {'identifier': 'braco_description', 'progress': 'cmake'}
[0.036626] (braco_description) JobProgress: {'identifier': 'braco_description', 'progress': 'build'}
[0.036876] (braco_description) Command: {'cmd': ['/usr/bin/cmake', '--build', '/home/host/ros_ws/build/braco_description', '--', '-j8', '-l8'], 'cwd': '/home/host/ros_ws/build/braco_description', 'env': OrderedDict([('HOSTNAME', 'marcotayar-Nitro-AN515-55'), ('SHLVL', '1'), ('LD_LIBRARY_PATH', '/home/host/ros_ws/install/manipulator_msgs/lib:/usr/lib/x86_64-linux-gnu/gazebo-11/plugins:/opt/ros/humble/opt/rviz_ogre_vendor/lib:/opt/ros/humble/lib/x86_64-linux-gnu:/opt/ros/humble/lib'), ('HOME', '/home/host'), ('ROS_PYTHON_VERSION', '3'), ('COLCON_PREFIX_PATH', '/home/host/ros_ws/install'), ('ROS_DISTRO', 'humble'), ('_', '/usr/bin/colcon'), ('ROS_VERSION', '2'), ('TERM', 'xterm'), ('ROS_LOCALHOST_ONLY', '0'), ('PATH', '/opt/ros/humble/bin:/usr/local/sbin:/usr/local/bin:/usr/sbin:/usr/bin:/sbin:/bin'), ('DISPLAY', ':1'), ('LANG', 'C.UTF-8'), ('AMENT_PREFIX_PATH', '/home/host/ros_ws/install/manipulator_disturbance_control:/home/host/ros_ws/install/manipulator_msgs:/home/host/ros_ws/install/manipulator_gazebo:/home/host/ros_ws/install/braco_description:/opt/ros/humble'), ('PWD', '/home/host/ros_ws/build/braco_description'), ('LC_ALL', 'C.UTF-8'), ('PYTHONPATH', '/home/host/ros_ws/install/manipulator_msgs/local/lib/python3.10/dist-packages:/opt/ros/humble/lib/python3.10/site-packages:/opt/ros/humble/local/lib/python3.10/dist-packages'), ('TZ', 'America/Sao_Paulo'), ('COLCON', '1'), ('CMAKE_PREFIX_PATH', '/home/host/ros_ws/install/manipulator_disturbance_control:/home/host/ros_ws/install/manipulator_msgs:/home/host/ros_ws/install/manipulator_gazebo:/home/host/ros_ws/install/braco_description:/opt/ros/humble')]), 'shell': False}
[0.039711] (manipulator_gazebo) JobProgress: {'identifier': 'manipulator_gazebo', 'progress': 'cmake'}
[0.041091] (manipulator_gazebo) JobProgress: {'identifier': 'manipulator_gazebo', 'progress': 'build'}
[0.041755] (manipulator_gazebo) Command: {'cmd': ['/usr/bin/cmake', '--build', '/home/host/ros_ws/build/manipulator_gazebo', '--', '-j8', '-l8'], 'cwd': '/home/host/ros_ws/build/manipulator_gazebo', 'env': OrderedDict([('HOSTNAME', 'marcotayar-Nitro-AN515-55'), ('SHLVL', '1'), ('LD_LIBRARY_PATH', '/home/host/ros_ws/install/manipulator_msgs/lib:/usr/lib/x86_64-linux-gnu/gazebo-11/plugins:/opt/ros/humble/opt/rviz_ogre_vendor/lib:/opt/ros/humble/lib/x86_64-linux-gnu:/opt/ros/humble/lib'), ('HOME', '/home/host'), ('ROS_PYTHON_VERSION', '3'), ('COLCON_PREFIX_PATH', '/home/host/ros_ws/install'), ('ROS_DISTRO', 'humble'), ('_', '/usr/bin/colcon'), ('ROS_VERSION', '2'), ('TERM', 'xterm'), ('ROS_LOCALHOST_ONLY', '0'), ('PATH', '/opt/ros/humble/bin:/usr/local/sbin:/usr/local/bin:/usr/sbin:/usr/bin:/sbin:/bin'), ('DISPLAY', ':1'), ('LANG', 'C.UTF-8'), ('AMENT_PREFIX_PATH', '/home/host/ros_ws/install/manipulator_disturbance_control:/home/host/ros_ws/install/manipulator_msgs:/home/host/ros_ws/install/manipulator_gazebo:/home/host/ros_ws/install/braco_description:/opt/ros/humble'), ('PWD', '/home/host/ros_ws/build/manipulator_gazebo'), ('LC_ALL', 'C.UTF-8'), ('PYTHONPATH', '/home/host/ros_ws/install/manipulator_msgs/local/lib/python3.10/dist-packages:/opt/ros/humble/lib/python3.10/site-packages:/opt/ros/humble/local/lib/python3.10/dist-packages'), ('TZ', 'America/Sao_Paulo'), ('COLCON', '1'), ('CMAKE_PREFIX_PATH', '/home/host/ros_ws/install/manipulator_disturbance_control:/home/host/ros_ws/install/manipulator_msgs:/home/host/ros_ws/install/manipulator_gazebo:/home/host/ros_ws/install/braco_description:/opt/ros/humble')]), 'shell': False}
[0.078773] (braco_description) CommandEnded: {'returncode': 0}
[0.079672] (braco_description) JobProgress: {'identifier': 'braco_description', 'progress': 'install'}
[0.086661] (manipulator_msgs) StdoutLine: {'line': b'[  3%] Built target manipulator_msgs__cpp\n'}
[0.090363] (braco_description) Command: {'cmd': ['/usr/bin/cmake', '--install', '/home/host/ros_ws/build/braco_description'], 'cwd': '/home/host/ros_ws/build/braco_description', 'env': OrderedDict([('HOSTNAME', 'marcotayar-Nitro-AN515-55'), ('SHLVL', '1'), ('LD_LIBRARY_PATH', '/home/host/ros_ws/install/manipulator_msgs/lib:/usr/lib/x86_64-linux-gnu/gazebo-11/plugins:/opt/ros/humble/opt/rviz_ogre_vendor/lib:/opt/ros/humble/lib/x86_64-linux-gnu:/opt/ros/humble/lib'), ('HOME', '/home/host'), ('ROS_PYTHON_VERSION', '3'), ('COLCON_PREFIX_PATH', '/home/host/ros_ws/install'), ('ROS_DISTRO', 'humble'), ('_', '/usr/bin/colcon'), ('ROS_VERSION', '2'), ('TERM', 'xterm'), ('ROS_LOCALHOST_ONLY', '0'), ('PATH', '/opt/ros/humble/bin:/usr/local/sbin:/usr/local/bin:/usr/sbin:/usr/bin:/sbin:/bin'), ('DISPLAY', ':1'), ('LANG', 'C.UTF-8'), ('AMENT_PREFIX_PATH', '/home/host/ros_ws/install/manipulator_disturbance_control:/home/host/ros_ws/install/manipulator_msgs:/home/host/ros_ws/install/manipulator_gazebo:/home/host/ros_ws/install/braco_description:/opt/ros/humble'), ('PWD', '/home/host/ros_ws/build/braco_description'), ('LC_ALL', 'C.UTF-8'), ('PYTHONPATH', '/home/host/ros_ws/install/manipulator_msgs/local/lib/python3.10/dist-packages:/opt/ros/humble/lib/python3.10/site-packages:/opt/ros/humble/local/lib/python3.10/dist-packages'), ('TZ', 'America/Sao_Paulo'), ('COLCON', '1'), ('CMAKE_PREFIX_PATH', '/home/host/ros_ws/install/manipulator_disturbance_control:/home/host/ros_ws/install/manipulator_msgs:/home/host/ros_ws/install/manipulator_gazebo:/home/host/ros_ws/install/braco_description:/opt/ros/humble')]), 'shell': False}
[0.091680] (manipulator_msgs) StdoutLine: {'line': b'[ 12%] Built target manipulator_msgs__rosidl_generator_c\n'}
[0.092321] (manipulator_gazebo) CommandEnded: {'returncode': 0}
[0.093075] (manipulator_gazebo) JobProgress: {'identifier': 'manipulator_gazebo', 'progress': 'install'}
[0.095034] (manipulator_gazebo) Command: {'cmd': ['/usr/bin/cmake', '--install', '/home/host/ros_ws/build/manipulator_gazebo'], 'cwd': '/home/host/ros_ws/build/manipulator_gazebo', 'env': OrderedDict([('HOSTNAME', 'marcotayar-Nitro-AN515-55'), ('SHLVL', '1'), ('LD_LIBRARY_PATH', '/home/host/ros_ws/install/manipulator_msgs/lib:/usr/lib/x86_64-linux-gnu/gazebo-11/plugins:/opt/ros/humble/opt/rviz_ogre_vendor/lib:/opt/ros/humble/lib/x86_64-linux-gnu:/opt/ros/humble/lib'), ('HOME', '/home/host'), ('ROS_PYTHON_VERSION', '3'), ('COLCON_PREFIX_PATH', '/home/host/ros_ws/install'), ('ROS_DISTRO', 'humble'), ('_', '/usr/bin/colcon'), ('ROS_VERSION', '2'), ('TERM', 'xterm'), ('ROS_LOCALHOST_ONLY', '0'), ('PATH', '/opt/ros/humble/bin:/usr/local/sbin:/usr/local/bin:/usr/sbin:/usr/bin:/sbin:/bin'), ('DISPLAY', ':1'), ('LANG', 'C.UTF-8'), ('AMENT_PREFIX_PATH', '/home/host/ros_ws/install/manipulator_disturbance_control:/home/host/ros_ws/install/manipulator_msgs:/home/host/ros_ws/install/manipulator_gazebo:/home/host/ros_ws/install/braco_description:/opt/ros/humble'), ('PWD', '/home/host/ros_ws/build/manipulator_gazebo'), ('LC_ALL', 'C.UTF-8'), ('PYTHONPATH', '/home/host/ros_ws/install/manipulator_msgs/local/lib/python3.10/dist-packages:/opt/ros/humble/lib/python3.10/site-packages:/opt/ros/humble/local/lib/python3.10/dist-packages'), ('TZ', 'America/Sao_Paulo'), ('COLCON', '1'), ('CMAKE_PREFIX_PATH', '/home/host/ros_ws/install/manipulator_disturbance_control:/home/host/ros_ws/install/manipulator_msgs:/home/host/ros_ws/install/manipulator_gazebo:/home/host/ros_ws/install/braco_description:/opt/ros/humble')]), 'shell': False}
[0.099519] (-) TimerEvent: {}
[0.100544] (manipulator_msgs) StdoutLine: {'line': b'[ 12%] Built target ament_cmake_python_symlink_manipulator_msgs\n'}
[0.100892] (braco_description) StdoutLine: {'line': b'-- Install configuration: ""\n'}
[0.101840] (braco_description) StdoutLine: {'line': b'-- Execute custom install script\n'}
[0.102729] (braco_description) StdoutLine: {'line': b'-- Up-to-date symlink: /home/host/ros_ws/install/braco_description/share/braco_description//urdf/Bra\xc3\xa7o.gazebo\n'}
[0.103193] (braco_description) StdoutLine: {'line': b'-- Up-to-date symlink: /home/host/ros_ws/install/braco_description/share/braco_description//urdf/Bra\xc3\xa7o.trans\n'}
[0.103613] (braco_description) StdoutLine: {'line': b'-- Up-to-date symlink: /home/host/ros_ws/install/braco_description/share/braco_description//urdf/Bra\xc3\xa7o.xacro\n'}
[0.104025] (braco_description) StdoutLine: {'line': b'-- Up-to-date symlink: /home/host/ros_ws/install/braco_description/share/braco_description//urdf/braco.urdf\n'}
[0.104430] (braco_description) StdoutLine: {'line': b'-- Up-to-date symlink: /home/host/ros_ws/install/braco_description/share/braco_description//urdf/braco_fixed.urdf\n'}
[0.104833] (braco_description) StdoutLine: {'line': b'-- Up-to-date symlink: /home/host/ros_ws/install/braco_description/share/braco_description//urdf/materials.xacro\n'}
[0.105487] (braco_description) StdoutLine: {'line': b'-- Up-to-date symlink: /home/host/ros_ws/install/braco_description/share/braco_description//meshes/base_link.stl\n'}
[0.105889] (braco_description) StdoutLine: {'line': b'-- Up-to-date symlink: /home/host/ros_ws/install/braco_description/share/braco_description//meshes/prism1_1.stl\n'}
[0.106891] (braco_description) StdoutLine: {'line': b'-- Up-to-date symlink: /home/host/ros_ws/install/braco_description/share/braco_description//meshes/rot1_1.stl\n'}
[0.107136] (manipulator_gazebo) StdoutLine: {'line': b'-- Install configuration: ""\n'}
[0.107338] (braco_description) StdoutLine: {'line': b'-- Up-to-date symlink: /home/host/ros_ws/install/braco_description/share/braco_description//meshes/rot2_1.stl\n'}
[0.107457] (braco_description) StdoutLine: {'line': b'-- Up-to-date symlink: /home/host/ros_ws/install/braco_description/share/braco_description//meshes/rot3_1.stl\n'}
[0.107645] (braco_description) StdoutLine: {'line': b'-- Up-to-date symlink: /home/host/ros_ws/install/braco_description/share/braco_description//meshes/rot4_1.stl\n'}
[0.107766] (manipulator_gazebo) StdoutLine: {'line': b'-- Execute custom install script\n'}
[0.108115] (manipulator_gazebo) StdoutLine: {'line': b'-- Up-to-date symlink: /home/host/ros_ws/install/manipulator_gazebo/share/manipulator_gazebo/launch/complete_system.launch\n'}
[0.108260] (braco_description) StdoutLine: {'line': b'-- Up-to-date symlink: /home/host/ros_ws/install/braco_description/share/braco_description//launch/controller.launch\n'}
[0.108430] (braco_description) StdoutLine: {'line': b'-- Up-to-date symlink: /home/host/ros_ws/install/braco_description/share/braco_description//launch/controller.yaml\n'}
[0.108634] (manipulator_gazebo) StdoutLine: {'line': b'-- Up-to-date symlink: /home/host/ros_ws/install/manipulator_gazebo/share/manipulator_gazebo/launch/spawn_manipulator.launch\n'}
[0.108764] (braco_description) StdoutLine: {'line': b'-- Up-to-date symlink: /home/host/ros_ws/install/braco_description/share/braco_description//launch/display.launch\n'}
[0.108923] (braco_description) StdoutLine: {'line': b'-- Up-to-date symlink: /home/host/ros_ws/install/braco_description/share/braco_description//launch/display.launch.py\n'}
[0.109074] (manipulator_gazebo) StdoutLine: {'line': b'-- Up-to-date symlink: /home/host/ros_ws/install/manipulator_gazebo/share/manipulator_gazebo/urdf/simple_manipulator.urdf.xacro\n'}
[0.109227] (braco_description) StdoutLine: {'line': b'-- Up-to-date symlink: /home/host/ros_ws/install/braco_description/share/braco_description//launch/gazebo.launch\n'}
[0.109410] (braco_description) StdoutLine: {'line': b'-- Up-to-date symlink: /home/host/ros_ws/install/braco_description/share/braco_description//launch/gazebo.launch.py\n'}
[0.109525] (manipulator_gazebo) StdoutLine: {'line': b'-- Up-to-date symlink: /home/host/ros_ws/install/manipulator_gazebo/share/manipulator_gazebo/worlds/simple_world.world\n'}
[0.109672] (braco_description) StdoutLine: {'line': b'-- Up-to-date symlink: /home/host/ros_ws/install/braco_description/share/braco_description//launch/urdf.rviz\n'}
[0.109844] (manipulator_gazebo) StdoutLine: {'line': b'-- Up-to-date symlink: /home/host/ros_ws/install/manipulator_gazebo/share/manipulator_gazebo/config/joint_controllers.yaml\n'}
[0.110013] (braco_description) StdoutLine: {'line': b'-- Up-to-date symlink: /home/host/ros_ws/install/braco_description/share/braco_description/launch//controller.yaml\n'}
[0.110392] (manipulator_gazebo) StdoutLine: {'line': b'-- Up-to-date symlink: /home/host/ros_ws/install/manipulator_gazebo/share/manipulator_gazebo/config/joint_controllers_effort.yaml\n'}
[0.110507] (manipulator_gazebo) StdoutLine: {'line': b'-- Up-to-date symlink: /home/host/ros_ws/install/manipulator_gazebo/share/manipulator_gazebo/config/pid_gains.yaml\n'}
[0.110663] (braco_description) StdoutLine: {'line': b'-- Up-to-date symlink: /home/host/ros_ws/install/braco_description/share/braco_description/launch//urdf.rviz\n'}
[0.110821] (braco_description) StdoutLine: {'line': b'-- Up-to-date symlink: /home/host/ros_ws/install/braco_description/share/ament_index/resource_index/package_run_dependencies/braco_description\n'}
[0.110985] (manipulator_gazebo) StdoutLine: {'line': b'-- Up-to-date symlink: /home/host/ros_ws/install/manipulator_gazebo/share/ament_index/resource_index/package_run_dependencies/manipulator_gazebo\n'}
[0.111148] (braco_description) StdoutLine: {'line': b'-- Up-to-date symlink: /home/host/ros_ws/install/braco_description/share/ament_index/resource_index/parent_prefix_path/braco_description\n'}
[0.111358] (manipulator_gazebo) StdoutLine: {'line': b'-- Up-to-date symlink: /home/host/ros_ws/install/manipulator_gazebo/share/ament_index/resource_index/parent_prefix_path/manipulator_gazebo\n'}
[0.111532] (braco_description) StdoutLine: {'line': b'-- Up-to-date symlink: /home/host/ros_ws/install/braco_description/share/braco_description/environment/ament_prefix_path.sh\n'}
[0.111705] (manipulator_gazebo) StdoutLine: {'line': b'-- Up-to-date symlink: /home/host/ros_ws/install/manipulator_gazebo/share/manipulator_gazebo/environment/ament_prefix_path.sh\n'}
[0.111864] (braco_description) StdoutLine: {'line': b'-- Up-to-date symlink: /home/host/ros_ws/install/braco_description/share/braco_description/environment/ament_prefix_path.dsv\n'}
[0.112016] (manipulator_gazebo) StdoutLine: {'line': b'-- Up-to-date symlink: /home/host/ros_ws/install/manipulator_gazebo/share/manipulator_gazebo/environment/ament_prefix_path.dsv\n'}
[0.112214] (braco_description) StdoutLine: {'line': b'-- Up-to-date symlink: /home/host/ros_ws/install/braco_description/share/braco_description/environment/path.sh\n'}
[0.112333] (manipulator_gazebo) StdoutLine: {'line': b'-- Up-to-date symlink: /home/host/ros_ws/install/manipulator_gazebo/share/manipulator_gazebo/environment/path.sh\n'}
[0.112532] (braco_description) StdoutLine: {'line': b'-- Up-to-date symlink: /home/host/ros_ws/install/braco_description/share/braco_description/environment/path.dsv\n'}
[0.112647] (manipulator_gazebo) StdoutLine: {'line': b'-- Up-to-date symlink: /home/host/ros_ws/install/manipulator_gazebo/share/manipulator_gazebo/environment/path.dsv\n'}
[0.112801] (manipulator_gazebo) StdoutLine: {'line': b'-- Up-to-date symlink: /home/host/ros_ws/install/manipulator_gazebo/share/manipulator_gazebo/local_setup.bash\n'}
[0.112955] (braco_description) StdoutLine: {'line': b'-- Up-to-date symlink: /home/host/ros_ws/install/braco_description/share/braco_description/local_setup.bash\n'}
[0.113219] (manipulator_gazebo) StdoutLine: {'line': b'-- Up-to-date symlink: /home/host/ros_ws/install/manipulator_gazebo/share/manipulator_gazebo/local_setup.sh\n'}
[0.113550] (braco_description) StdoutLine: {'line': b'-- Up-to-date symlink: /home/host/ros_ws/install/braco_description/share/braco_description/local_setup.sh\n'}
[0.113740] (manipulator_gazebo) StdoutLine: {'line': b'-- Up-to-date symlink: /home/host/ros_ws/install/manipulator_gazebo/share/manipulator_gazebo/local_setup.zsh\n'}
[0.113918] (braco_description) StdoutLine: {'line': b'-- Up-to-date symlink: /home/host/ros_ws/install/braco_description/share/braco_description/local_setup.zsh\n'}
[0.114034] (manipulator_gazebo) StdoutLine: {'line': b'-- Up-to-date symlink: /home/host/ros_ws/install/manipulator_gazebo/share/manipulator_gazebo/local_setup.dsv\n'}
[0.114144] (braco_description) StdoutLine: {'line': b'-- Up-to-date symlink: /home/host/ros_ws/install/braco_description/share/braco_description/local_setup.dsv\n'}
[0.114251] (manipulator_gazebo) StdoutLine: {'line': b'-- Symlinking: /home/host/ros_ws/install/manipulator_gazebo/share/manipulator_gazebo/package.dsv\n'}
[0.114353] (braco_description) StdoutLine: {'line': b'-- Symlinking: /home/host/ros_ws/install/braco_description/share/braco_description/package.dsv\n'}
[0.124304] (braco_description) StdoutLine: {'line': b'-- Up-to-date symlink: /home/host/ros_ws/install/braco_description/share/ament_index/resource_index/packages/braco_description\n'}
[0.124704] (braco_description) StdoutLine: {'line': b'-- Up-to-date symlink: /home/host/ros_ws/install/braco_description/share/braco_description/cmake/braco_descriptionConfig.cmake\n'}
[0.124848] (braco_description) StdoutLine: {'line': b'-- Up-to-date symlink: /home/host/ros_ws/install/braco_description/share/braco_description/cmake/braco_descriptionConfig-version.cmake\n'}
[0.125024] (braco_description) StdoutLine: {'line': b'-- Up-to-date symlink: /home/host/ros_ws/install/braco_description/share/braco_description/package.xml\n'}
[0.129547] (braco_description) CommandEnded: {'returncode': 0}
[0.129974] (manipulator_msgs) StdoutLine: {'line': b'[ 22%] Built target manipulator_msgs__rosidl_typesupport_introspection_cpp\n'}
[0.132618] (manipulator_msgs) StdoutLine: {'line': b'[ 32%] Built target manipulator_msgs__rosidl_typesupport_fastrtps_cpp\n'}
[0.135965] (manipulator_gazebo) StdoutLine: {'line': b'-- Up-to-date symlink: /home/host/ros_ws/install/manipulator_gazebo/share/ament_index/resource_index/packages/manipulator_gazebo\n'}
[0.136231] (manipulator_msgs) StdoutLine: {'line': b'[ 41%] Built target manipulator_msgs__rosidl_typesupport_introspection_c\n'}
[0.136355] (manipulator_gazebo) StdoutLine: {'line': b'-- Up-to-date symlink: /home/host/ros_ws/install/manipulator_gazebo/share/manipulator_gazebo/cmake/manipulator_gazeboConfig.cmake\n'}
[0.136657] (manipulator_gazebo) StdoutLine: {'line': b'-- Up-to-date symlink: /home/host/ros_ws/install/manipulator_gazebo/share/manipulator_gazebo/cmake/manipulator_gazeboConfig-version.cmake\n'}
[0.136809] (manipulator_gazebo) StdoutLine: {'line': b'-- Up-to-date symlink: /home/host/ros_ws/install/manipulator_gazebo/share/manipulator_gazebo/package.xml\n'}
[0.137589] (manipulator_msgs) StdoutLine: {'line': b'[ 51%] Built target manipulator_msgs__rosidl_typesupport_c\n'}
[0.142605] (manipulator_msgs) StdoutLine: {'line': b'[ 70%] Built target manipulator_msgs__rosidl_typesupport_cpp\n'}
[0.142841] (manipulator_msgs) StdoutLine: {'line': b'[ 70%] Built target manipulator_msgs__rosidl_typesupport_fastrtps_c\n'}
[0.155947] (braco_description) JobEnded: {'identifier': 'braco_description', 'rc': 0}
[0.158108] (manipulator_gazebo) CommandEnded: {'returncode': 0}
[0.162882] (manipulator_msgs) StdoutLine: {'line': b'[ 70%] Built target manipulator_msgs\n'}
[0.173138] (manipulator_gazebo) JobEnded: {'identifier': 'manipulator_gazebo', 'rc': 0}
[0.183741] (manipulator_msgs) StdoutLine: {'line': b'[ 74%] Built target manipulator_msgs__py\n'}
[0.199634] (-) TimerEvent: {}
[0.205749] (manipulator_msgs) StdoutLine: {'line': b'[ 80%] Built target manipulator_msgs__rosidl_generator_py\n'}
[0.229108] (manipulator_msgs) StdoutLine: {'line': b'[ 96%] Built target manipulator_msgs__rosidl_typesupport_introspection_c__pyext\n'}
[0.229391] (manipulator_msgs) StdoutLine: {'line': b'[ 96%] Built target manipulator_msgs__rosidl_typesupport_fastrtps_c__pyext\n'}
[0.234926] (manipulator_msgs) StdoutLine: {'line': b'[100%] Built target manipulator_msgs__rosidl_typesupport_c__pyext\n'}
[0.299745] (-) TimerEvent: {}
[0.400063] (-) TimerEvent: {}
[0.404887] (manipulator_msgs) StdoutLine: {'line': b'running egg_info\n'}
[0.405684] (manipulator_msgs) StdoutLine: {'line': b'writing manipulator_msgs.egg-info/PKG-INFO\n'}
[0.405885] (manipulator_msgs) StdoutLine: {'line': b'writing dependency_links to manipulator_msgs.egg-info/dependency_links.txt\n'}
[0.406086] (manipulator_msgs) StdoutLine: {'line': b'writing top-level names to manipulator_msgs.egg-info/top_level.txt\n'}
[0.408411] (manipulator_msgs) StdoutLine: {'line': b"reading manifest file 'manipulator_msgs.egg-info/SOURCES.txt'\n"}
[0.409004] (manipulator_msgs) StdoutLine: {'line': b"writing manifest file 'manipulator_msgs.egg-info/SOURCES.txt'\n"}
[0.441325] (manipulator_msgs) StdoutLine: {'line': b'[100%] Built target ament_cmake_python_build_manipulator_msgs_egg\n'}
[0.453472] (manipulator_msgs) CommandEnded: {'returncode': 0}
[0.454132] (manipulator_msgs) JobProgress: {'identifier': 'manipulator_msgs', 'progress': 'install'}
[0.454394] (manipulator_msgs) Command: {'cmd': ['/usr/bin/cmake', '--install', '/home/host/ros_ws/build/manipulator_msgs'], 'cwd': '/home/host/ros_ws/build/manipulator_msgs', 'env': OrderedDict([('HOSTNAME', 'marcotayar-Nitro-AN515-55'), ('SHLVL', '1'), ('LD_LIBRARY_PATH', '/home/host/ros_ws/install/manipulator_msgs/lib:/usr/lib/x86_64-linux-gnu/gazebo-11/plugins:/opt/ros/humble/opt/rviz_ogre_vendor/lib:/opt/ros/humble/lib/x86_64-linux-gnu:/opt/ros/humble/lib'), ('HOME', '/home/host'), ('ROS_PYTHON_VERSION', '3'), ('COLCON_PREFIX_PATH', '/home/host/ros_ws/install'), ('ROS_DISTRO', 'humble'), ('_', '/usr/bin/colcon'), ('ROS_VERSION', '2'), ('TERM', 'xterm'), ('ROS_LOCALHOST_ONLY', '0'), ('PATH', '/opt/ros/humble/bin:/usr/local/sbin:/usr/local/bin:/usr/sbin:/usr/bin:/sbin:/bin'), ('DISPLAY', ':1'), ('LANG', 'C.UTF-8'), ('AMENT_PREFIX_PATH', '/home/host/ros_ws/install/manipulator_disturbance_control:/home/host/ros_ws/install/manipulator_msgs:/home/host/ros_ws/install/manipulator_gazebo:/home/host/ros_ws/install/braco_description:/opt/ros/humble'), ('PWD', '/home/host/ros_ws/build/manipulator_msgs'), ('LC_ALL', 'C.UTF-8'), ('PYTHONPATH', '/home/host/ros_ws/install/manipulator_msgs/local/lib/python3.10/dist-packages:/opt/ros/humble/lib/python3.10/site-packages:/opt/ros/humble/local/lib/python3.10/dist-packages'), ('TZ', 'America/Sao_Paulo'), ('COLCON', '1'), ('CMAKE_PREFIX_PATH', '/home/host/ros_ws/install/manipulator_disturbance_control:/home/host/ros_ws/install/manipulator_msgs:/home/host/ros_ws/install/manipulator_gazebo:/home/host/ros_ws/install/braco_description:/opt/ros/humble')]), 'shell': False}
[0.462122] (manipulator_msgs) StdoutLine: {'line': b'-- Install configuration: ""\n'}
[0.462681] (manipulator_msgs) StdoutLine: {'line': b'-- Execute custom install script\n'}
[0.463007] (manipulator_msgs) StdoutLine: {'line': b'-- Up-to-date symlink: /home/host/ros_ws/install/manipulator_msgs/share/ament_index/resource_index/rosidl_interfaces/manipulator_msgs\n'}
[0.463476] (manipulator_msgs) StdoutLine: {'line': b'-- Up-to-date symlink: /home/host/ros_ws/install/manipulator_msgs/include/manipulator_msgs/manipulator_msgs/msg/rosidl_generator_c__visibility_control.h\n'}
[0.463655] (manipulator_msgs) StdoutLine: {'line': b'-- Up-to-date symlink: /home/host/ros_ws/install/manipulator_msgs/include/manipulator_msgs/manipulator_msgs/srv/apply_disturbance.h\n'}
[0.463889] (manipulator_msgs) StdoutLine: {'line': b'-- Up-to-date symlink: /home/host/ros_ws/install/manipulator_msgs/include/manipulator_msgs/manipulator_msgs/srv/detail/apply_disturbance__functions.h\n'}
[0.464084] (manipulator_msgs) StdoutLine: {'line': b'-- Up-to-date symlink: /home/host/ros_ws/install/manipulator_msgs/include/manipulator_msgs/manipulator_msgs/srv/detail/apply_disturbance__struct.h\n'}
[0.464223] (manipulator_msgs) StdoutLine: {'line': b'-- Up-to-date symlink: /home/host/ros_ws/install/manipulator_msgs/include/manipulator_msgs/manipulator_msgs/srv/detail/apply_disturbance__type_support.h\n'}
[0.464400] (manipulator_msgs) StdoutLine: {'line': b'-- Up-to-date symlink: /home/host/ros_ws/install/manipulator_msgs/share/manipulator_msgs/environment/library_path.sh\n'}
[0.464622] (manipulator_msgs) StdoutLine: {'line': b'-- Up-to-date symlink: /home/host/ros_ws/install/manipulator_msgs/share/manipulator_msgs/environment/library_path.dsv\n'}
[0.465118] (manipulator_msgs) StdoutLine: {'line': b'-- Up-to-date symlink: /home/host/ros_ws/install/manipulator_msgs/include/manipulator_msgs/manipulator_msgs/msg/rosidl_typesupport_fastrtps_c__visibility_control.h\n'}
[0.465282] (manipulator_msgs) StdoutLine: {'line': b'-- Up-to-date symlink: /home/host/ros_ws/install/manipulator_msgs/include/manipulator_msgs/manipulator_msgs/srv/detail/apply_disturbance__rosidl_typesupport_fastrtps_c.h\n'}
[0.465621] (manipulator_msgs) StdoutLine: {'line': b'-- Up-to-date symlink: /home/host/ros_ws/install/manipulator_msgs/include/manipulator_msgs/manipulator_msgs/msg/rosidl_typesupport_introspection_c__visibility_control.h\n'}
[0.465812] (manipulator_msgs) StdoutLine: {'line': b'-- Up-to-date symlink: /home/host/ros_ws/install/manipulator_msgs/include/manipulator_msgs/manipulator_msgs/srv/detail/apply_disturbance__rosidl_typesupport_introspection_c.h\n'}
[0.466247] (manipulator_msgs) StdoutLine: {'line': b'-- Up-to-date symlink: /home/host/ros_ws/install/manipulator_msgs/include/manipulator_msgs/manipulator_msgs/msg/rosidl_generator_cpp__visibility_control.hpp\n'}
[0.467199] (manipulator_msgs) StdoutLine: {'line': b'-- Up-to-date symlink: /home/host/ros_ws/install/manipulator_msgs/include/manipulator_msgs/manipulator_msgs/srv/apply_disturbance.hpp\n'}
[0.467359] (manipulator_msgs) StdoutLine: {'line': b'-- Up-to-date symlink: /home/host/ros_ws/install/manipulator_msgs/include/manipulator_msgs/manipulator_msgs/srv/detail/apply_disturbance__builder.hpp\n'}
[0.467440] (manipulator_msgs) StdoutLine: {'line': b'-- Up-to-date symlink: /home/host/ros_ws/install/manipulator_msgs/include/manipulator_msgs/manipulator_msgs/srv/detail/apply_disturbance__struct.hpp\n'}
[0.467526] (manipulator_msgs) StdoutLine: {'line': b'-- Up-to-date symlink: /home/host/ros_ws/install/manipulator_msgs/include/manipulator_msgs/manipulator_msgs/srv/detail/apply_disturbance__traits.hpp\n'}
[0.467598] (manipulator_msgs) StdoutLine: {'line': b'-- Up-to-date symlink: /home/host/ros_ws/install/manipulator_msgs/include/manipulator_msgs/manipulator_msgs/srv/detail/apply_disturbance__type_support.hpp\n'}
[0.467719] (manipulator_msgs) StdoutLine: {'line': b'-- Up-to-date symlink: /home/host/ros_ws/install/manipulator_msgs/include/manipulator_msgs/manipulator_msgs/msg/rosidl_typesupport_fastrtps_cpp__visibility_control.h\n'}
[0.467828] (manipulator_msgs) StdoutLine: {'line': b'-- Up-to-date symlink: /home/host/ros_ws/install/manipulator_msgs/include/manipulator_msgs/manipulator_msgs/srv/detail/apply_disturbance__rosidl_typesupport_fastrtps_cpp.hpp\n'}
[0.468133] (manipulator_msgs) StdoutLine: {'line': b'-- Up-to-date symlink: /home/host/ros_ws/install/manipulator_msgs/include/manipulator_msgs/manipulator_msgs/srv/detail/apply_disturbance__rosidl_typesupport_introspection_cpp.hpp\n'}
[0.468314] (manipulator_msgs) StdoutLine: {'line': b'-- Up-to-date symlink: /home/host/ros_ws/install/manipulator_msgs/share/manipulator_msgs/environment/pythonpath.sh\n'}
[0.468477] (manipulator_msgs) StdoutLine: {'line': b'-- Up-to-date symlink: /home/host/ros_ws/install/manipulator_msgs/share/manipulator_msgs/environment/pythonpath.dsv\n'}
[0.468809] (manipulator_msgs) StdoutLine: {'line': b'-- Up-to-date symlink: /home/host/ros_ws/install/manipulator_msgs/local/lib/python3.10/dist-packages/manipulator_msgs-1.0.0-py3.10.egg-info/PKG-INFO\n'}
[0.468933] (manipulator_msgs) StdoutLine: {'line': b'-- Up-to-date symlink: /home/host/ros_ws/install/manipulator_msgs/local/lib/python3.10/dist-packages/manipulator_msgs-1.0.0-py3.10.egg-info/SOURCES.txt\n'}
[0.469058] (manipulator_msgs) StdoutLine: {'line': b'-- Up-to-date symlink: /home/host/ros_ws/install/manipulator_msgs/local/lib/python3.10/dist-packages/manipulator_msgs-1.0.0-py3.10.egg-info/dependency_links.txt\n'}
[0.469182] (manipulator_msgs) StdoutLine: {'line': b'-- Up-to-date symlink: /home/host/ros_ws/install/manipulator_msgs/local/lib/python3.10/dist-packages/manipulator_msgs-1.0.0-py3.10.egg-info/top_level.txt\n'}
[0.469855] (manipulator_msgs) StdoutLine: {'line': b'-- Up-to-date symlink: /home/host/ros_ws/install/manipulator_msgs/local/lib/python3.10/dist-packages/manipulator_msgs/__init__.py\n'}
[0.470046] (manipulator_msgs) StdoutLine: {'line': b'-- Up-to-date symlink: /home/host/ros_ws/install/manipulator_msgs/local/lib/python3.10/dist-packages/manipulator_msgs/_manipulator_msgs_s.ep.rosidl_typesupport_c.c\n'}
[0.470205] (manipulator_msgs) StdoutLine: {'line': b'-- Up-to-date symlink: /home/host/ros_ws/install/manipulator_msgs/local/lib/python3.10/dist-packages/manipulator_msgs/_manipulator_msgs_s.ep.rosidl_typesupport_fastrtps_c.c\n'}
[0.470371] (manipulator_msgs) StdoutLine: {'line': b'-- Up-to-date symlink: /home/host/ros_ws/install/manipulator_msgs/local/lib/python3.10/dist-packages/manipulator_msgs/_manipulator_msgs_s.ep.rosidl_typesupport_introspection_c.c\n'}
[0.470527] (manipulator_msgs) StdoutLine: {'line': b'-- Up-to-date symlink: /home/host/ros_ws/install/manipulator_msgs/local/lib/python3.10/dist-packages/manipulator_msgs/libmanipulator_msgs__rosidl_generator_py.so\n'}
[0.470657] (manipulator_msgs) StdoutLine: {'line': b'-- Up-to-date symlink: /home/host/ros_ws/install/manipulator_msgs/local/lib/python3.10/dist-packages/manipulator_msgs/manipulator_msgs_s__rosidl_typesupport_c.cpython-310-x86_64-linux-gnu.so\n'}
[0.470733] (manipulator_msgs) StdoutLine: {'line': b'-- Up-to-date symlink: /home/host/ros_ws/install/manipulator_msgs/local/lib/python3.10/dist-packages/manipulator_msgs/manipulator_msgs_s__rosidl_typesupport_fastrtps_c.cpython-310-x86_64-linux-gnu.so\n'}
[0.470842] (manipulator_msgs) StdoutLine: {'line': b'-- Up-to-date symlink: /home/host/ros_ws/install/manipulator_msgs/local/lib/python3.10/dist-packages/manipulator_msgs/manipulator_msgs_s__rosidl_typesupport_introspection_c.cpython-310-x86_64-linux-gnu.so\n'}
[0.470982] (manipulator_msgs) StdoutLine: {'line': b'-- Up-to-date symlink: /home/host/ros_ws/install/manipulator_msgs/local/lib/python3.10/dist-packages/manipulator_msgs/srv/__init__.py\n'}
[0.471172] (manipulator_msgs) StdoutLine: {'line': b'-- Up-to-date symlink: /home/host/ros_ws/install/manipulator_msgs/local/lib/python3.10/dist-packages/manipulator_msgs/srv/_apply_disturbance.py\n'}
[0.471363] (manipulator_msgs) StdoutLine: {'line': b'-- Up-to-date symlink: /home/host/ros_ws/install/manipulator_msgs/local/lib/python3.10/dist-packages/manipulator_msgs/srv/_apply_disturbance_s.c\n'}
[0.471937] (manipulator_msgs) StdoutLine: {'line': b'-- Up-to-date symlink: /home/host/ros_ws/install/manipulator_msgs/local/lib/python3.10/dist-packages/manipulator_msgs/manipulator_msgs_s__rosidl_typesupport_fastrtps_c.cpython-310-x86_64-linux-gnu.so\n'}
[0.472182] (manipulator_msgs) StdoutLine: {'line': b'-- Up-to-date symlink: /home/host/ros_ws/install/manipulator_msgs/local/lib/python3.10/dist-packages/manipulator_msgs/manipulator_msgs_s__rosidl_typesupport_introspection_c.cpython-310-x86_64-linux-gnu.so\n'}
[0.472440] (manipulator_msgs) StdoutLine: {'line': b'-- Up-to-date symlink: /home/host/ros_ws/install/manipulator_msgs/local/lib/python3.10/dist-packages/manipulator_msgs/manipulator_msgs_s__rosidl_typesupport_c.cpython-310-x86_64-linux-gnu.so\n'}
[0.472613] (manipulator_msgs) StdoutLine: {'line': b'-- Up-to-date symlink: /home/host/ros_ws/install/manipulator_msgs/share/manipulator_msgs/srv/ApplyDisturbance.idl\n'}
[0.472778] (manipulator_msgs) StdoutLine: {'line': b'-- Up-to-date symlink: /home/host/ros_ws/install/manipulator_msgs/share/manipulator_msgs/srv/ApplyDisturbance.srv\n'}
[0.472929] (manipulator_msgs) StdoutLine: {'line': b'-- Up-to-date symlink: /home/host/ros_ws/install/manipulator_msgs/share/manipulator_msgs/srv/ApplyDisturbance_Request.msg\n'}
[0.473081] (manipulator_msgs) StdoutLine: {'line': b'-- Up-to-date symlink: /home/host/ros_ws/install/manipulator_msgs/share/manipulator_msgs/srv/ApplyDisturbance_Response.msg\n'}
[0.473248] (manipulator_msgs) StdoutLine: {'line': b'-- Up-to-date symlink: /home/host/ros_ws/install/manipulator_msgs/share/ament_index/resource_index/package_run_dependencies/manipulator_msgs\n'}
[0.473444] (manipulator_msgs) StdoutLine: {'line': b'-- Up-to-date symlink: /home/host/ros_ws/install/manipulator_msgs/share/ament_index/resource_index/parent_prefix_path/manipulator_msgs\n'}
[0.473695] (manipulator_msgs) StdoutLine: {'line': b'-- Up-to-date symlink: /home/host/ros_ws/install/manipulator_msgs/share/manipulator_msgs/environment/ament_prefix_path.sh\n'}
[0.473932] (manipulator_msgs) StdoutLine: {'line': b'-- Up-to-date symlink: /home/host/ros_ws/install/manipulator_msgs/share/manipulator_msgs/environment/ament_prefix_path.dsv\n'}
[0.474171] (manipulator_msgs) StdoutLine: {'line': b'-- Up-to-date symlink: /home/host/ros_ws/install/manipulator_msgs/share/manipulator_msgs/environment/path.sh\n'}
[0.474434] (manipulator_msgs) StdoutLine: {'line': b'-- Up-to-date symlink: /home/host/ros_ws/install/manipulator_msgs/share/manipulator_msgs/environment/path.dsv\n'}
[0.474698] (manipulator_msgs) StdoutLine: {'line': b'-- Up-to-date symlink: /home/host/ros_ws/install/manipulator_msgs/share/manipulator_msgs/local_setup.bash\n'}
[0.475000] (manipulator_msgs) StdoutLine: {'line': b'-- Up-to-date symlink: /home/host/ros_ws/install/manipulator_msgs/share/manipulator_msgs/local_setup.sh\n'}
[0.475220] (manipulator_msgs) StdoutLine: {'line': b'-- Up-to-date symlink: /home/host/ros_ws/install/manipulator_msgs/share/manipulator_msgs/local_setup.zsh\n'}
[0.475397] (manipulator_msgs) StdoutLine: {'line': b'-- Up-to-date symlink: /home/host/ros_ws/install/manipulator_msgs/share/manipulator_msgs/local_setup.dsv\n'}
[0.475608] (manipulator_msgs) StdoutLine: {'line': b'-- Symlinking: /home/host/ros_ws/install/manipulator_msgs/share/manipulator_msgs/package.dsv\n'}
[0.484421] (manipulator_msgs) StdoutLine: {'line': b'-- Up-to-date symlink: /home/host/ros_ws/install/manipulator_msgs/share/ament_index/resource_index/packages/manipulator_msgs\n'}
[0.484633] (manipulator_msgs) StdoutLine: {'line': b'-- Up-to-date symlink: /home/host/ros_ws/install/manipulator_msgs/share/manipulator_msgs/cmake/rosidl_cmake-extras.cmake\n'}
[0.484750] (manipulator_msgs) StdoutLine: {'line': b'-- Up-to-date symlink: /home/host/ros_ws/install/manipulator_msgs/share/manipulator_msgs/cmake/ament_cmake_export_dependencies-extras.cmake\n'}
[0.484853] (manipulator_msgs) StdoutLine: {'line': b'-- Up-to-date symlink: /home/host/ros_ws/install/manipulator_msgs/share/manipulator_msgs/cmake/ament_cmake_export_include_directories-extras.cmake\n'}
[0.485004] (manipulator_msgs) StdoutLine: {'line': b'-- Up-to-date symlink: /home/host/ros_ws/install/manipulator_msgs/share/manipulator_msgs/cmake/ament_cmake_export_libraries-extras.cmake\n'}
[0.485158] (manipulator_msgs) StdoutLine: {'line': b'-- Up-to-date symlink: /home/host/ros_ws/install/manipulator_msgs/share/manipulator_msgs/cmake/ament_cmake_export_targets-extras.cmake\n'}
[0.485310] (manipulator_msgs) StdoutLine: {'line': b'-- Up-to-date symlink: /home/host/ros_ws/install/manipulator_msgs/share/manipulator_msgs/cmake/rosidl_cmake_export_typesupport_targets-extras.cmake\n'}
[0.485464] (manipulator_msgs) StdoutLine: {'line': b'-- Up-to-date symlink: /home/host/ros_ws/install/manipulator_msgs/share/manipulator_msgs/cmake/rosidl_cmake_export_typesupport_libraries-extras.cmake\n'}
[0.485617] (manipulator_msgs) StdoutLine: {'line': b'-- Up-to-date symlink: /home/host/ros_ws/install/manipulator_msgs/share/manipulator_msgs/cmake/manipulator_msgsConfig.cmake\n'}
[0.485725] (manipulator_msgs) StdoutLine: {'line': b'-- Up-to-date symlink: /home/host/ros_ws/install/manipulator_msgs/share/manipulator_msgs/cmake/manipulator_msgsConfig-version.cmake\n'}
[0.485881] (manipulator_msgs) StdoutLine: {'line': b'-- Up-to-date symlink: /home/host/ros_ws/install/manipulator_msgs/share/manipulator_msgs/package.xml\n'}
[0.486101] (manipulator_msgs) StdoutLine: {'line': b'-- Up-to-date: /home/host/ros_ws/install/manipulator_msgs/lib/libmanipulator_msgs__rosidl_generator_c.so\n'}
[0.486435] (manipulator_msgs) StdoutLine: {'line': b'-- Up-to-date: /home/host/ros_ws/install/manipulator_msgs/lib/libmanipulator_msgs__rosidl_typesupport_fastrtps_c.so\n'}
[0.486810] (manipulator_msgs) StdoutLine: {'line': b'-- Up-to-date: /home/host/ros_ws/install/manipulator_msgs/lib/libmanipulator_msgs__rosidl_typesupport_introspection_c.so\n'}
[0.487167] (manipulator_msgs) StdoutLine: {'line': b'-- Up-to-date: /home/host/ros_ws/install/manipulator_msgs/lib/libmanipulator_msgs__rosidl_typesupport_c.so\n'}
[0.487495] (manipulator_msgs) StdoutLine: {'line': b'-- Up-to-date: /home/host/ros_ws/install/manipulator_msgs/lib/libmanipulator_msgs__rosidl_typesupport_fastrtps_cpp.so\n'}
[0.487751] (manipulator_msgs) StdoutLine: {'line': b'-- Up-to-date: /home/host/ros_ws/install/manipulator_msgs/lib/libmanipulator_msgs__rosidl_typesupport_introspection_cpp.so\n'}
[0.487989] (manipulator_msgs) StdoutLine: {'line': b'-- Up-to-date: /home/host/ros_ws/install/manipulator_msgs/lib/libmanipulator_msgs__rosidl_typesupport_cpp.so\n'}
[0.500155] (-) TimerEvent: {}
[0.523858] (manipulator_msgs) StdoutLine: {'line': b"Listing '/home/host/ros_ws/install/manipulator_msgs/local/lib/python3.10/dist-packages/manipulator_msgs'...\n"}
[0.524098] (manipulator_msgs) StdoutLine: {'line': b"Listing '/home/host/ros_ws/install/manipulator_msgs/local/lib/python3.10/dist-packages/manipulator_msgs/srv'...\n"}
[0.528872] (manipulator_msgs) StdoutLine: {'line': b'-- Up-to-date: /home/host/ros_ws/install/manipulator_msgs/lib/libmanipulator_msgs__rosidl_generator_py.so\n'}
[0.529091] (manipulator_msgs) StdoutLine: {'line': b'-- Up-to-date: /home/host/ros_ws/install/manipulator_msgs/share/manipulator_msgs/cmake/export_manipulator_msgs__rosidl_generator_cExport.cmake\n'}
[0.529220] (manipulator_msgs) StdoutLine: {'line': b'-- Up-to-date: /home/host/ros_ws/install/manipulator_msgs/share/manipulator_msgs/cmake/export_manipulator_msgs__rosidl_generator_cExport-noconfig.cmake\n'}
[0.529337] (manipulator_msgs) StdoutLine: {'line': b'-- Up-to-date: /home/host/ros_ws/install/manipulator_msgs/share/manipulator_msgs/cmake/export_manipulator_msgs__rosidl_typesupport_fastrtps_cExport.cmake\n'}
[0.529450] (manipulator_msgs) StdoutLine: {'line': b'-- Up-to-date: /home/host/ros_ws/install/manipulator_msgs/share/manipulator_msgs/cmake/export_manipulator_msgs__rosidl_typesupport_fastrtps_cExport-noconfig.cmake\n'}
[0.529528] (manipulator_msgs) StdoutLine: {'line': b'-- Up-to-date: /home/host/ros_ws/install/manipulator_msgs/share/manipulator_msgs/cmake/manipulator_msgs__rosidl_typesupport_introspection_cExport.cmake\n'}
[0.529645] (manipulator_msgs) StdoutLine: {'line': b'-- Up-to-date: /home/host/ros_ws/install/manipulator_msgs/share/manipulator_msgs/cmake/manipulator_msgs__rosidl_typesupport_introspection_cExport-noconfig.cmake\n'}
[0.529719] (manipulator_msgs) StdoutLine: {'line': b'-- Up-to-date: /home/host/ros_ws/install/manipulator_msgs/share/manipulator_msgs/cmake/manipulator_msgs__rosidl_typesupport_cExport.cmake\n'}
[0.529794] (manipulator_msgs) StdoutLine: {'line': b'-- Up-to-date: /home/host/ros_ws/install/manipulator_msgs/share/manipulator_msgs/cmake/manipulator_msgs__rosidl_typesupport_cExport-noconfig.cmake\n'}
[0.529908] (manipulator_msgs) StdoutLine: {'line': b'-- Up-to-date: /home/host/ros_ws/install/manipulator_msgs/share/manipulator_msgs/cmake/export_manipulator_msgs__rosidl_generator_cppExport.cmake\n'}
[0.530019] (manipulator_msgs) StdoutLine: {'line': b'-- Up-to-date: /home/host/ros_ws/install/manipulator_msgs/share/manipulator_msgs/cmake/export_manipulator_msgs__rosidl_typesupport_fastrtps_cppExport.cmake\n'}
[0.530126] (manipulator_msgs) StdoutLine: {'line': b'-- Up-to-date: /home/host/ros_ws/install/manipulator_msgs/share/manipulator_msgs/cmake/export_manipulator_msgs__rosidl_typesupport_fastrtps_cppExport-noconfig.cmake\n'}
[0.530249] (manipulator_msgs) StdoutLine: {'line': b'-- Up-to-date: /home/host/ros_ws/install/manipulator_msgs/share/manipulator_msgs/cmake/manipulator_msgs__rosidl_typesupport_introspection_cppExport.cmake\n'}
[0.530348] (manipulator_msgs) StdoutLine: {'line': b'-- Up-to-date: /home/host/ros_ws/install/manipulator_msgs/share/manipulator_msgs/cmake/manipulator_msgs__rosidl_typesupport_introspection_cppExport-noconfig.cmake\n'}
[0.530475] (manipulator_msgs) StdoutLine: {'line': b'-- Up-to-date: /home/host/ros_ws/install/manipulator_msgs/share/manipulator_msgs/cmake/manipulator_msgs__rosidl_typesupport_cppExport.cmake\n'}
[0.530549] (manipulator_msgs) StdoutLine: {'line': b'-- Up-to-date: /home/host/ros_ws/install/manipulator_msgs/share/manipulator_msgs/cmake/manipulator_msgs__rosidl_typesupport_cppExport-noconfig.cmake\n'}
[0.530618] (manipulator_msgs) StdoutLine: {'line': b'-- Up-to-date: /home/host/ros_ws/install/manipulator_msgs/share/manipulator_msgs/cmake/export_manipulator_msgs__rosidl_generator_pyExport.cmake\n'}
[0.530688] (manipulator_msgs) StdoutLine: {'line': b'-- Up-to-date: /home/host/ros_ws/install/manipulator_msgs/share/manipulator_msgs/cmake/export_manipulator_msgs__rosidl_generator_pyExport-noconfig.cmake\n'}
[0.532943] (manipulator_msgs) CommandEnded: {'returncode': 0}
[0.552341] (manipulator_msgs) JobEnded: {'identifier': 'manipulator_msgs', 'rc': 0}
[0.553342] (manipulator_disturbance_control) JobStarted: {'identifier': 'manipulator_disturbance_control'}
[0.561318] (manipulator_disturbance_control) JobProgress: {'identifier': 'manipulator_disturbance_control', 'progress': 'cmake'}
[0.562034] (manipulator_disturbance_control) JobProgress: {'identifier': 'manipulator_disturbance_control', 'progress': 'build'}
[0.562394] (manipulator_disturbance_control) Command: {'cmd': ['/usr/bin/cmake', '--build', '/home/host/ros_ws/build/manipulator_disturbance_control', '--', '-j8', '-l8'], 'cwd': '/home/host/ros_ws/build/manipulator_disturbance_control', 'env': OrderedDict([('HOSTNAME', 'marcotayar-Nitro-AN515-55'), ('SHLVL', '1'), ('LD_LIBRARY_PATH', '/home/host/ros_ws/install/manipulator_msgs/lib:/usr/lib/x86_64-linux-gnu/gazebo-11/plugins:/opt/ros/humble/opt/rviz_ogre_vendor/lib:/opt/ros/humble/lib/x86_64-linux-gnu:/opt/ros/humble/lib'), ('HOME', '/home/host'), ('ROS_PYTHON_VERSION', '3'), ('COLCON_PREFIX_PATH', '/home/host/ros_ws/install'), ('ROS_DISTRO', 'humble'), ('_', '/usr/bin/colcon'), ('ROS_VERSION', '2'), ('TERM', 'xterm'), ('ROS_LOCALHOST_ONLY', '0'), ('PATH', '/opt/ros/humble/bin:/usr/local/sbin:/usr/local/bin:/usr/sbin:/usr/bin:/sbin:/bin'), ('DISPLAY', ':1'), ('LANG', 'C.UTF-8'), ('AMENT_PREFIX_PATH', '/home/host/ros_ws/install/manipulator_disturbance_control:/home/host/ros_ws/install/manipulator_msgs:/home/host/ros_ws/install/manipulator_gazebo:/home/host/ros_ws/install/braco_description:/opt/ros/humble'), ('PWD', '/home/host/ros_ws/build/manipulator_disturbance_control'), ('LC_ALL', 'C.UTF-8'), ('PYTHONPATH', '/home/host/ros_ws/install/manipulator_msgs/local/lib/python3.10/dist-packages:/opt/ros/humble/lib/python3.10/site-packages:/opt/ros/humble/local/lib/python3.10/dist-packages'), ('TZ', 'America/Sao_Paulo'), ('COLCON', '1'), ('CMAKE_PREFIX_PATH', '/home/host/ros_ws/install/manipulator_msgs:/home/host/ros_ws/install/manipulator_disturbance_control:/home/host/ros_ws/install/manipulator_gazebo:/home/host/ros_ws/install/braco_description:/opt/ros/humble')]), 'shell': False}
[0.600258] (-) TimerEvent: {}
[0.622481] (manipulator_disturbance_control) StdoutLine: {'line': b'[ 50%] Built target disturbance_applier_node\n'}
[0.623238] (manipulator_disturbance_control) StdoutLine: {'line': b'[100%] Built target test_disturbance_client\n'}
[0.634775] (manipulator_disturbance_control) CommandEnded: {'returncode': 0}
[0.635454] (manipulator_disturbance_control) JobProgress: {'identifier': 'manipulator_disturbance_control', 'progress': 'install'}
[0.636184] (manipulator_disturbance_control) Command: {'cmd': ['/usr/bin/cmake', '--install', '/home/host/ros_ws/build/manipulator_disturbance_control'], 'cwd': '/home/host/ros_ws/build/manipulator_disturbance_control', 'env': OrderedDict([('HOSTNAME', 'marcotayar-Nitro-AN515-55'), ('SHLVL', '1'), ('LD_LIBRARY_PATH', '/home/host/ros_ws/install/manipulator_msgs/lib:/usr/lib/x86_64-linux-gnu/gazebo-11/plugins:/opt/ros/humble/opt/rviz_ogre_vendor/lib:/opt/ros/humble/lib/x86_64-linux-gnu:/opt/ros/humble/lib'), ('HOME', '/home/host'), ('ROS_PYTHON_VERSION', '3'), ('COLCON_PREFIX_PATH', '/home/host/ros_ws/install'), ('ROS_DISTRO', 'humble'), ('_', '/usr/bin/colcon'), ('ROS_VERSION', '2'), ('TERM', 'xterm'), ('ROS_LOCALHOST_ONLY', '0'), ('PATH', '/opt/ros/humble/bin:/usr/local/sbin:/usr/local/bin:/usr/sbin:/usr/bin:/sbin:/bin'), ('DISPLAY', ':1'), ('LANG', 'C.UTF-8'), ('AMENT_PREFIX_PATH', '/home/host/ros_ws/install/manipulator_disturbance_control:/home/host/ros_ws/install/manipulator_msgs:/home/host/ros_ws/install/manipulator_gazebo:/home/host/ros_ws/install/braco_description:/opt/ros/humble'), ('PWD', '/home/host/ros_ws/build/manipulator_disturbance_control'), ('LC_ALL', 'C.UTF-8'), ('PYTHONPATH', '/home/host/ros_ws/install/manipulator_msgs/local/lib/python3.10/dist-packages:/opt/ros/humble/lib/python3.10/site-packages:/opt/ros/humble/local/lib/python3.10/dist-packages'), ('TZ', 'America/Sao_Paulo'), ('COLCON', '1'), ('CMAKE_PREFIX_PATH', '/home/host/ros_ws/install/manipulator_msgs:/home/host/ros_ws/install/manipulator_disturbance_control:/home/host/ros_ws/install/manipulator_gazebo:/home/host/ros_ws/install/braco_description:/opt/ros/humble')]), 'shell': False}
[0.643711] (manipulator_disturbance_control) StdoutLine: {'line': b'-- Install configuration: ""\n'}
[0.644171] (manipulator_disturbance_control) StdoutLine: {'line': b'-- Execute custom install script\n'}
[0.644469] (manipulator_disturbance_control) StdoutLine: {'line': b'-- Up-to-date symlink: /home/host/ros_ws/install/manipulator_disturbance_control/lib/manipulator_disturbance_control/disturbance_applier_node\n'}
[0.644653] (manipulator_disturbance_control) StdoutLine: {'line': b'-- Up-to-date symlink: /home/host/ros_ws/install/manipulator_disturbance_control/lib/manipulator_disturbance_control/test_disturbance_client\n'}
[0.644787] (manipulator_disturbance_control) StdoutLine: {'line': b'-- Up-to-date symlink: /home/host/ros_ws/install/manipulator_disturbance_control/lib/manipulator_disturbance_control/test_disturbance_client.py\n'}
[0.645093] (manipulator_disturbance_control) StdoutLine: {'line': b'-- Up-to-date symlink: /home/host/ros_ws/install/manipulator_disturbance_control/share/manipulator_disturbance_control/launch/disturbance_control.launch\n'}
[0.645211] (manipulator_disturbance_control) StdoutLine: {'line': b'-- Up-to-date symlink: /home/host/ros_ws/install/manipulator_disturbance_control/share/manipulator_disturbance_control/launch/trajectory_control.launch\n'}
[0.645324] (manipulator_disturbance_control) StdoutLine: {'line': b'-- Up-to-date symlink: /home/host/ros_ws/install/manipulator_disturbance_control/share/manipulator_disturbance_control/launch/trajectory_demo.launch\n'}
[0.645437] (manipulator_disturbance_control) StdoutLine: {'line': b'-- Up-to-date symlink: /home/host/ros_ws/install/manipulator_disturbance_control/share/manipulator_disturbance_control/launch/trajectory_disturbance_test.launch\n'}
[0.645549] (manipulator_disturbance_control) StdoutLine: {'line': b'-- Symlinking: /home/host/ros_ws/install/manipulator_disturbance_control/share/manipulator_disturbance_control/launch/trajectory_maker.launch\n'}
[0.654363] (manipulator_disturbance_control) StdoutLine: {'line': b'-- Up-to-date symlink: /home/host/ros_ws/install/manipulator_disturbance_control/share/ament_index/resource_index/package_run_dependencies/manipulator_disturbance_control\n'}
[0.654556] (manipulator_disturbance_control) StdoutLine: {'line': b'-- Up-to-date symlink: /home/host/ros_ws/install/manipulator_disturbance_control/share/ament_index/resource_index/parent_prefix_path/manipulator_disturbance_control\n'}
[0.654676] (manipulator_disturbance_control) StdoutLine: {'line': b'-- Up-to-date symlink: /home/host/ros_ws/install/manipulator_disturbance_control/share/manipulator_disturbance_control/environment/ament_prefix_path.sh\n'}
[0.654860] (manipulator_disturbance_control) StdoutLine: {'line': b'-- Up-to-date symlink: /home/host/ros_ws/install/manipulator_disturbance_control/share/manipulator_disturbance_control/environment/ament_prefix_path.dsv\n'}
[0.655073] (manipulator_disturbance_control) StdoutLine: {'line': b'-- Up-to-date symlink: /home/host/ros_ws/install/manipulator_disturbance_control/share/manipulator_disturbance_control/environment/path.sh\n'}
[0.655219] (manipulator_disturbance_control) StdoutLine: {'line': b'-- Up-to-date symlink: /home/host/ros_ws/install/manipulator_disturbance_control/share/manipulator_disturbance_control/environment/path.dsv\n'}
[0.655355] (manipulator_disturbance_control) StdoutLine: {'line': b'-- Up-to-date symlink: /home/host/ros_ws/install/manipulator_disturbance_control/share/manipulator_disturbance_control/local_setup.bash\n'}
[0.655513] (manipulator_disturbance_control) StdoutLine: {'line': b'-- Up-to-date symlink: /home/host/ros_ws/install/manipulator_disturbance_control/share/manipulator_disturbance_control/local_setup.sh\n'}
[0.655670] (manipulator_disturbance_control) StdoutLine: {'line': b'-- Up-to-date symlink: /home/host/ros_ws/install/manipulator_disturbance_control/share/manipulator_disturbance_control/local_setup.zsh\n'}
[0.655826] (manipulator_disturbance_control) StdoutLine: {'line': b'-- Up-to-date symlink: /home/host/ros_ws/install/manipulator_disturbance_control/share/manipulator_disturbance_control/local_setup.dsv\n'}
[0.655947] (manipulator_disturbance_control) StdoutLine: {'line': b'-- Symlinking: /home/host/ros_ws/install/manipulator_disturbance_control/share/manipulator_disturbance_control/package.dsv\n'}
[0.664643] (manipulator_disturbance_control) StdoutLine: {'line': b'-- Up-to-date symlink: /home/host/ros_ws/install/manipulator_disturbance_control/share/ament_index/resource_index/packages/manipulator_disturbance_control\n'}
[0.664846] (manipulator_disturbance_control) StdoutLine: {'line': b'-- Up-to-date symlink: /home/host/ros_ws/install/manipulator_disturbance_control/share/manipulator_disturbance_control/cmake/manipulator_disturbance_controlConfig.cmake\n'}
[0.664983] (manipulator_disturbance_control) StdoutLine: {'line': b'-- Up-to-date symlink: /home/host/ros_ws/install/manipulator_disturbance_control/share/manipulator_disturbance_control/cmake/manipulator_disturbance_controlConfig-version.cmake\n'}
[0.665100] (manipulator_disturbance_control) StdoutLine: {'line': b'-- Up-to-date symlink: /home/host/ros_ws/install/manipulator_disturbance_control/share/manipulator_disturbance_control/package.xml\n'}
[0.666897] (manipulator_disturbance_control) CommandEnded: {'returncode': 0}
[0.682033] (manipulator_disturbance_control) JobEnded: {'identifier': 'manipulator_disturbance_control', 'rc': 0}
[0.682745] (-) EventReactorShutdown: {}
