[0.007s] Invoking command in '/home/host/onda/ros_ws/build/manipulator_msgs': /usr/bin/cmake --build /home/host/onda/ros_ws/build/manipulator_msgs -- -j20 -l20
[0.040s] [35m[1mConsolidate compiler generated dependencies of target manipulator_msgs__rosidl_generator_c[0m
[0.052s] [  3%] Built target manipulator_msgs__cpp
[0.059s] [ 12%] Built target manipulator_msgs__rosidl_generator_c
[0.063s] [ 12%] Built target ament_cmake_python_symlink_manipulator_msgs
[0.068s] [35m[1mConsolidate compiler generated dependencies of target manipulator_msgs__rosidl_typesupport_cpp[0m
[0.070s] [35m[1mConsolidate compiler generated dependencies of target manipulator_msgs__rosidl_typesupport_introspection_cpp[0m
[0.077s] [35m[1mConsolidate compiler generated dependencies of target manipulator_msgs__rosidl_typesupport_introspection_c[0m
[0.080s] [35m[1mConsolidate compiler generated dependencies of target manipulator_msgs__rosidl_typesupport_fastrtps_cpp[0m
[0.082s] [35m[1mConsolidate compiler generated dependencies of target manipulator_msgs__rosidl_typesupport_c[0m
[0.084s] [35m[1mConsolidate compiler generated dependencies of target manipulator_msgs__rosidl_typesupport_fastrtps_c[0m
[0.091s] [ 22%] Built target manipulator_msgs__rosidl_typesupport_introspection_c
[0.092s] [ 32%] Built target manipulator_msgs__rosidl_typesupport_cpp
[0.093s] [ 41%] Built target manipulator_msgs__rosidl_typesupport_introspection_cpp
[0.097s] [ 51%] Built target manipulator_msgs__rosidl_typesupport_c
[0.102s] [ 61%] Built target manipulator_msgs__rosidl_typesupport_fastrtps_cpp
[0.104s] [ 70%] Built target manipulator_msgs__rosidl_typesupport_fastrtps_c
[0.123s] [ 70%] Built target manipulator_msgs
[0.137s] [ 74%] Built target manipulator_msgs__py
[0.144s] [35m[1mConsolidate compiler generated dependencies of target manipulator_msgs__rosidl_generator_py[0m
[0.154s] [ 80%] Built target manipulator_msgs__rosidl_generator_py
[0.160s] [35m[1mConsolidate compiler generated dependencies of target manipulator_msgs__rosidl_typesupport_c__pyext[0m
[0.161s] [35m[1mConsolidate compiler generated dependencies of target manipulator_msgs__rosidl_typesupport_introspection_c__pyext[0m
[0.162s] [35m[1mConsolidate compiler generated dependencies of target manipulator_msgs__rosidl_typesupport_fastrtps_c__pyext[0m
[0.170s] [ 87%] Built target manipulator_msgs__rosidl_typesupport_c__pyext
[0.172s] [ 93%] Built target manipulator_msgs__rosidl_typesupport_introspection_c__pyext
[0.173s] [100%] Built target manipulator_msgs__rosidl_typesupport_fastrtps_c__pyext
[0.210s] running egg_info
[0.210s] writing manipulator_msgs.egg-info/PKG-INFO
[0.210s] writing dependency_links to manipulator_msgs.egg-info/dependency_links.txt
[0.210s] writing top-level names to manipulator_msgs.egg-info/top_level.txt
[0.212s] reading manifest file 'manipulator_msgs.egg-info/SOURCES.txt'
[0.212s] writing manifest file 'manipulator_msgs.egg-info/SOURCES.txt'
[0.227s] [100%] Built target ament_cmake_python_build_manipulator_msgs_egg
[0.233s] Invoked command in '/home/host/onda/ros_ws/build/manipulator_msgs' returned '0': /usr/bin/cmake --build /home/host/onda/ros_ws/build/manipulator_msgs -- -j20 -l20
[0.234s] Invoking command in '/home/host/onda/ros_ws/build/manipulator_msgs': /usr/bin/cmake --install /home/host/onda/ros_ws/build/manipulator_msgs
[0.239s] -- Install configuration: ""
[0.240s] -- Execute custom install script
[0.240s] -- Up-to-date symlink: /home/host/onda/ros_ws/install/manipulator_msgs/share/ament_index/resource_index/rosidl_interfaces/manipulator_msgs
[0.240s] -- Up-to-date symlink: /home/host/onda/ros_ws/install/manipulator_msgs/include/manipulator_msgs/manipulator_msgs/msg/rosidl_generator_c__visibility_control.h
[0.240s] -- Up-to-date symlink: /home/host/onda/ros_ws/install/manipulator_msgs/include/manipulator_msgs/manipulator_msgs/srv/apply_disturbance.h
[0.240s] -- Up-to-date symlink: /home/host/onda/ros_ws/install/manipulator_msgs/include/manipulator_msgs/manipulator_msgs/srv/detail/apply_disturbance__functions.h
[0.240s] -- Up-to-date symlink: /home/host/onda/ros_ws/install/manipulator_msgs/include/manipulator_msgs/manipulator_msgs/srv/detail/apply_disturbance__struct.h
[0.241s] -- Up-to-date symlink: /home/host/onda/ros_ws/install/manipulator_msgs/include/manipulator_msgs/manipulator_msgs/srv/detail/apply_disturbance__type_support.h
[0.241s] -- Up-to-date symlink: /home/host/onda/ros_ws/install/manipulator_msgs/share/manipulator_msgs/environment/library_path.sh
[0.241s] -- Up-to-date symlink: /home/host/onda/ros_ws/install/manipulator_msgs/share/manipulator_msgs/environment/library_path.dsv
[0.241s] -- Up-to-date symlink: /home/host/onda/ros_ws/install/manipulator_msgs/include/manipulator_msgs/manipulator_msgs/msg/rosidl_typesupport_fastrtps_c__visibility_control.h
[0.241s] -- Up-to-date symlink: /home/host/onda/ros_ws/install/manipulator_msgs/include/manipulator_msgs/manipulator_msgs/srv/detail/apply_disturbance__rosidl_typesupport_fastrtps_c.h
[0.241s] -- Up-to-date symlink: /home/host/onda/ros_ws/install/manipulator_msgs/include/manipulator_msgs/manipulator_msgs/msg/rosidl_typesupport_introspection_c__visibility_control.h
[0.241s] -- Up-to-date symlink: /home/host/onda/ros_ws/install/manipulator_msgs/include/manipulator_msgs/manipulator_msgs/srv/detail/apply_disturbance__rosidl_typesupport_introspection_c.h
[0.241s] -- Up-to-date symlink: /home/host/onda/ros_ws/install/manipulator_msgs/include/manipulator_msgs/manipulator_msgs/msg/rosidl_generator_cpp__visibility_control.hpp
[0.241s] -- Up-to-date symlink: /home/host/onda/ros_ws/install/manipulator_msgs/include/manipulator_msgs/manipulator_msgs/srv/apply_disturbance.hpp
[0.241s] -- Up-to-date symlink: /home/host/onda/ros_ws/install/manipulator_msgs/include/manipulator_msgs/manipulator_msgs/srv/detail/apply_disturbance__builder.hpp
[0.242s] -- Up-to-date symlink: /home/host/onda/ros_ws/install/manipulator_msgs/include/manipulator_msgs/manipulator_msgs/srv/detail/apply_disturbance__struct.hpp
[0.242s] -- Up-to-date symlink: /home/host/onda/ros_ws/install/manipulator_msgs/include/manipulator_msgs/manipulator_msgs/srv/detail/apply_disturbance__traits.hpp
[0.242s] -- Up-to-date symlink: /home/host/onda/ros_ws/install/manipulator_msgs/include/manipulator_msgs/manipulator_msgs/srv/detail/apply_disturbance__type_support.hpp
[0.242s] -- Up-to-date symlink: /home/host/onda/ros_ws/install/manipulator_msgs/include/manipulator_msgs/manipulator_msgs/msg/rosidl_typesupport_fastrtps_cpp__visibility_control.h
[0.242s] -- Up-to-date symlink: /home/host/onda/ros_ws/install/manipulator_msgs/include/manipulator_msgs/manipulator_msgs/srv/detail/apply_disturbance__rosidl_typesupport_fastrtps_cpp.hpp
[0.242s] -- Up-to-date symlink: /home/host/onda/ros_ws/install/manipulator_msgs/include/manipulator_msgs/manipulator_msgs/srv/detail/apply_disturbance__rosidl_typesupport_introspection_cpp.hpp
[0.242s] -- Up-to-date symlink: /home/host/onda/ros_ws/install/manipulator_msgs/share/manipulator_msgs/environment/pythonpath.sh
[0.242s] -- Up-to-date symlink: /home/host/onda/ros_ws/install/manipulator_msgs/share/manipulator_msgs/environment/pythonpath.dsv
[0.243s] -- Up-to-date symlink: /home/host/onda/ros_ws/install/manipulator_msgs/local/lib/python3.10/dist-packages/manipulator_msgs-1.0.0-py3.10.egg-info/PKG-INFO
[0.243s] -- Up-to-date symlink: /home/host/onda/ros_ws/install/manipulator_msgs/local/lib/python3.10/dist-packages/manipulator_msgs-1.0.0-py3.10.egg-info/SOURCES.txt
[0.243s] -- Up-to-date symlink: /home/host/onda/ros_ws/install/manipulator_msgs/local/lib/python3.10/dist-packages/manipulator_msgs-1.0.0-py3.10.egg-info/dependency_links.txt
[0.243s] -- Up-to-date symlink: /home/host/onda/ros_ws/install/manipulator_msgs/local/lib/python3.10/dist-packages/manipulator_msgs-1.0.0-py3.10.egg-info/top_level.txt
[0.243s] -- Up-to-date symlink: /home/host/onda/ros_ws/install/manipulator_msgs/local/lib/python3.10/dist-packages/manipulator_msgs/__init__.py
[0.243s] -- Up-to-date symlink: /home/host/onda/ros_ws/install/manipulator_msgs/local/lib/python3.10/dist-packages/manipulator_msgs/_manipulator_msgs_s.ep.rosidl_typesupport_c.c
[0.243s] -- Up-to-date symlink: /home/host/onda/ros_ws/install/manipulator_msgs/local/lib/python3.10/dist-packages/manipulator_msgs/_manipulator_msgs_s.ep.rosidl_typesupport_fastrtps_c.c
[0.243s] -- Up-to-date symlink: /home/host/onda/ros_ws/install/manipulator_msgs/local/lib/python3.10/dist-packages/manipulator_msgs/_manipulator_msgs_s.ep.rosidl_typesupport_introspection_c.c
[0.243s] -- Up-to-date symlink: /home/host/onda/ros_ws/install/manipulator_msgs/local/lib/python3.10/dist-packages/manipulator_msgs/libmanipulator_msgs__rosidl_generator_py.so
[0.243s] -- Up-to-date symlink: /home/host/onda/ros_ws/install/manipulator_msgs/local/lib/python3.10/dist-packages/manipulator_msgs/manipulator_msgs_s__rosidl_typesupport_c.cpython-310-x86_64-linux-gnu.so
[0.243s] -- Up-to-date symlink: /home/host/onda/ros_ws/install/manipulator_msgs/local/lib/python3.10/dist-packages/manipulator_msgs/manipulator_msgs_s__rosidl_typesupport_fastrtps_c.cpython-310-x86_64-linux-gnu.so
[0.244s] -- Up-to-date symlink: /home/host/onda/ros_ws/install/manipulator_msgs/local/lib/python3.10/dist-packages/manipulator_msgs/manipulator_msgs_s__rosidl_typesupport_introspection_c.cpython-310-x86_64-linux-gnu.so
[0.244s] -- Up-to-date symlink: /home/host/onda/ros_ws/install/manipulator_msgs/local/lib/python3.10/dist-packages/manipulator_msgs/srv/__init__.py
[0.244s] -- Up-to-date symlink: /home/host/onda/ros_ws/install/manipulator_msgs/local/lib/python3.10/dist-packages/manipulator_msgs/srv/_apply_disturbance.py
[0.244s] -- Up-to-date symlink: /home/host/onda/ros_ws/install/manipulator_msgs/local/lib/python3.10/dist-packages/manipulator_msgs/srv/_apply_disturbance_s.c
[0.244s] -- Up-to-date symlink: /home/host/onda/ros_ws/install/manipulator_msgs/local/lib/python3.10/dist-packages/manipulator_msgs/manipulator_msgs_s__rosidl_typesupport_fastrtps_c.cpython-310-x86_64-linux-gnu.so
[0.244s] -- Up-to-date symlink: /home/host/onda/ros_ws/install/manipulator_msgs/local/lib/python3.10/dist-packages/manipulator_msgs/manipulator_msgs_s__rosidl_typesupport_introspection_c.cpython-310-x86_64-linux-gnu.so
[0.244s] -- Up-to-date symlink: /home/host/onda/ros_ws/install/manipulator_msgs/local/lib/python3.10/dist-packages/manipulator_msgs/manipulator_msgs_s__rosidl_typesupport_c.cpython-310-x86_64-linux-gnu.so
[0.244s] -- Up-to-date symlink: /home/host/onda/ros_ws/install/manipulator_msgs/share/manipulator_msgs/srv/ApplyDisturbance.idl
[0.244s] -- Up-to-date symlink: /home/host/onda/ros_ws/install/manipulator_msgs/share/manipulator_msgs/srv/ApplyDisturbance.srv
[0.244s] -- Up-to-date symlink: /home/host/onda/ros_ws/install/manipulator_msgs/share/manipulator_msgs/srv/ApplyDisturbance_Request.msg
[0.244s] -- Up-to-date symlink: /home/host/onda/ros_ws/install/manipulator_msgs/share/manipulator_msgs/srv/ApplyDisturbance_Response.msg
[0.244s] -- Up-to-date symlink: /home/host/onda/ros_ws/install/manipulator_msgs/share/ament_index/resource_index/package_run_dependencies/manipulator_msgs
[0.245s] -- Up-to-date symlink: /home/host/onda/ros_ws/install/manipulator_msgs/share/ament_index/resource_index/parent_prefix_path/manipulator_msgs
[0.245s] -- Up-to-date symlink: /home/host/onda/ros_ws/install/manipulator_msgs/share/manipulator_msgs/environment/ament_prefix_path.sh
[0.245s] -- Up-to-date symlink: /home/host/onda/ros_ws/install/manipulator_msgs/share/manipulator_msgs/environment/ament_prefix_path.dsv
[0.245s] -- Up-to-date symlink: /home/host/onda/ros_ws/install/manipulator_msgs/share/manipulator_msgs/environment/path.sh
[0.245s] -- Up-to-date symlink: /home/host/onda/ros_ws/install/manipulator_msgs/share/manipulator_msgs/environment/path.dsv
[0.245s] -- Up-to-date symlink: /home/host/onda/ros_ws/install/manipulator_msgs/share/manipulator_msgs/local_setup.bash
[0.245s] -- Up-to-date symlink: /home/host/onda/ros_ws/install/manipulator_msgs/share/manipulator_msgs/local_setup.sh
[0.245s] -- Up-to-date symlink: /home/host/onda/ros_ws/install/manipulator_msgs/share/manipulator_msgs/local_setup.zsh
[0.245s] -- Up-to-date symlink: /home/host/onda/ros_ws/install/manipulator_msgs/share/manipulator_msgs/local_setup.dsv
[0.245s] -- Symlinking: /home/host/onda/ros_ws/install/manipulator_msgs/share/manipulator_msgs/package.dsv
[0.252s] -- Up-to-date symlink: /home/host/onda/ros_ws/install/manipulator_msgs/share/ament_index/resource_index/packages/manipulator_msgs
[0.252s] -- Up-to-date symlink: /home/host/onda/ros_ws/install/manipulator_msgs/share/manipulator_msgs/cmake/rosidl_cmake-extras.cmake
[0.252s] -- Up-to-date symlink: /home/host/onda/ros_ws/install/manipulator_msgs/share/manipulator_msgs/cmake/ament_cmake_export_dependencies-extras.cmake
[0.252s] -- Up-to-date symlink: /home/host/onda/ros_ws/install/manipulator_msgs/share/manipulator_msgs/cmake/ament_cmake_export_include_directories-extras.cmake
[0.252s] -- Up-to-date symlink: /home/host/onda/ros_ws/install/manipulator_msgs/share/manipulator_msgs/cmake/ament_cmake_export_libraries-extras.cmake
[0.252s] -- Up-to-date symlink: /home/host/onda/ros_ws/install/manipulator_msgs/share/manipulator_msgs/cmake/ament_cmake_export_targets-extras.cmake
[0.252s] -- Up-to-date symlink: /home/host/onda/ros_ws/install/manipulator_msgs/share/manipulator_msgs/cmake/rosidl_cmake_export_typesupport_targets-extras.cmake
[0.252s] -- Up-to-date symlink: /home/host/onda/ros_ws/install/manipulator_msgs/share/manipulator_msgs/cmake/rosidl_cmake_export_typesupport_libraries-extras.cmake
[0.252s] -- Up-to-date symlink: /home/host/onda/ros_ws/install/manipulator_msgs/share/manipulator_msgs/cmake/manipulator_msgsConfig.cmake
[0.252s] -- Up-to-date symlink: /home/host/onda/ros_ws/install/manipulator_msgs/share/manipulator_msgs/cmake/manipulator_msgsConfig-version.cmake
[0.252s] -- Up-to-date symlink: /home/host/onda/ros_ws/install/manipulator_msgs/share/manipulator_msgs/package.xml
[0.253s] -- Up-to-date: /home/host/onda/ros_ws/install/manipulator_msgs/lib/libmanipulator_msgs__rosidl_generator_c.so
[0.253s] -- Up-to-date: /home/host/onda/ros_ws/install/manipulator_msgs/lib/libmanipulator_msgs__rosidl_typesupport_fastrtps_c.so
[0.253s] -- Up-to-date: /home/host/onda/ros_ws/install/manipulator_msgs/lib/libmanipulator_msgs__rosidl_typesupport_introspection_c.so
[0.253s] -- Up-to-date: /home/host/onda/ros_ws/install/manipulator_msgs/lib/libmanipulator_msgs__rosidl_typesupport_c.so
[0.253s] -- Up-to-date: /home/host/onda/ros_ws/install/manipulator_msgs/lib/libmanipulator_msgs__rosidl_typesupport_fastrtps_cpp.so
[0.253s] -- Up-to-date: /home/host/onda/ros_ws/install/manipulator_msgs/lib/libmanipulator_msgs__rosidl_typesupport_introspection_cpp.so
[0.253s] -- Up-to-date: /home/host/onda/ros_ws/install/manipulator_msgs/lib/libmanipulator_msgs__rosidl_typesupport_cpp.so
[0.272s] Listing '/home/host/onda/ros_ws/install/manipulator_msgs/local/lib/python3.10/dist-packages/manipulator_msgs'...
[0.272s] Listing '/home/host/onda/ros_ws/install/manipulator_msgs/local/lib/python3.10/dist-packages/manipulator_msgs/srv'...
[0.275s] -- Up-to-date: /home/host/onda/ros_ws/install/manipulator_msgs/lib/libmanipulator_msgs__rosidl_generator_py.so
[0.275s] -- Up-to-date: /home/host/onda/ros_ws/install/manipulator_msgs/share/manipulator_msgs/cmake/export_manipulator_msgs__rosidl_generator_cExport.cmake
[0.275s] -- Up-to-date: /home/host/onda/ros_ws/install/manipulator_msgs/share/manipulator_msgs/cmake/export_manipulator_msgs__rosidl_generator_cExport-noconfig.cmake
[0.275s] -- Up-to-date: /home/host/onda/ros_ws/install/manipulator_msgs/share/manipulator_msgs/cmake/export_manipulator_msgs__rosidl_typesupport_fastrtps_cExport.cmake
[0.275s] -- Up-to-date: /home/host/onda/ros_ws/install/manipulator_msgs/share/manipulator_msgs/cmake/export_manipulator_msgs__rosidl_typesupport_fastrtps_cExport-noconfig.cmake
[0.275s] -- Up-to-date: /home/host/onda/ros_ws/install/manipulator_msgs/share/manipulator_msgs/cmake/manipulator_msgs__rosidl_typesupport_introspection_cExport.cmake
[0.275s] -- Up-to-date: /home/host/onda/ros_ws/install/manipulator_msgs/share/manipulator_msgs/cmake/manipulator_msgs__rosidl_typesupport_introspection_cExport-noconfig.cmake
[0.275s] -- Up-to-date: /home/host/onda/ros_ws/install/manipulator_msgs/share/manipulator_msgs/cmake/manipulator_msgs__rosidl_typesupport_cExport.cmake
[0.275s] -- Up-to-date: /home/host/onda/ros_ws/install/manipulator_msgs/share/manipulator_msgs/cmake/manipulator_msgs__rosidl_typesupport_cExport-noconfig.cmake
[0.275s] -- Up-to-date: /home/host/onda/ros_ws/install/manipulator_msgs/share/manipulator_msgs/cmake/export_manipulator_msgs__rosidl_generator_cppExport.cmake
[0.276s] -- Up-to-date: /home/host/onda/ros_ws/install/manipulator_msgs/share/manipulator_msgs/cmake/export_manipulator_msgs__rosidl_typesupport_fastrtps_cppExport.cmake
[0.276s] -- Up-to-date: /home/host/onda/ros_ws/install/manipulator_msgs/share/manipulator_msgs/cmake/export_manipulator_msgs__rosidl_typesupport_fastrtps_cppExport-noconfig.cmake
[0.276s] -- Up-to-date: /home/host/onda/ros_ws/install/manipulator_msgs/share/manipulator_msgs/cmake/manipulator_msgs__rosidl_typesupport_introspection_cppExport.cmake
[0.276s] -- Up-to-date: /home/host/onda/ros_ws/install/manipulator_msgs/share/manipulator_msgs/cmake/manipulator_msgs__rosidl_typesupport_introspection_cppExport-noconfig.cmake
[0.276s] -- Up-to-date: /home/host/onda/ros_ws/install/manipulator_msgs/share/manipulator_msgs/cmake/manipulator_msgs__rosidl_typesupport_cppExport.cmake
[0.276s] -- Up-to-date: /home/host/onda/ros_ws/install/manipulator_msgs/share/manipulator_msgs/cmake/manipulator_msgs__rosidl_typesupport_cppExport-noconfig.cmake
[0.276s] -- Up-to-date: /home/host/onda/ros_ws/install/manipulator_msgs/share/manipulator_msgs/cmake/export_manipulator_msgs__rosidl_generator_pyExport.cmake
[0.276s] -- Up-to-date: /home/host/onda/ros_ws/install/manipulator_msgs/share/manipulator_msgs/cmake/export_manipulator_msgs__rosidl_generator_pyExport-noconfig.cmake
[0.277s] Invoked command in '/home/host/onda/ros_ws/build/manipulator_msgs' returned '0': /usr/bin/cmake --install /home/host/onda/ros_ws/build/manipulator_msgs
