[0.057s] DEBUG:colcon:Command line arguments: ['/usr/bin/colcon', 'build', '--symlink-install']
[0.057s] DEBUG:colcon:Parsed command line arguments: Namespace(log_base=None, log_level=None, verb_name='build', build_base='build', install_base='install', merge_install=False, symlink_install=True, test_result_base=None, continue_on_error=False, executor='parallel', parallel_workers=20, event_handlers=None, ignore_user_meta=False, metas=['./colcon.meta'], base_paths=['.'], packages_ignore=None, packages_ignore_regex=None, paths=None, packages_up_to=None, packages_up_to_regex=None, packages_above=None, packages_above_and_dependencies=None, packages_above_depth=None, packages_select_by_dep=None, packages_skip_by_dep=None, packages_skip_up_to=None, packages_select_build_failed=False, packages_skip_build_finished=False, packages_select_test_failures=False, packages_skip_test_passed=False, packages_select=None, packages_skip=None, packages_select_regex=None, packages_skip_regex=None, packages_start=None, packages_end=None, cmake_args=None, cmake_target=None, cmake_target_skip_unavailable=False, cmake_clean_cache=False, cmake_clean_first=False, cmake_force_configure=False, ament_cmake_args=None, catkin_cmake_args=None, catkin_skip_building_tests=False, mixin_files=None, mixin=None, verb_parser=<colcon_mixin.mixin.mixin_argument.MixinArgumentDecorator object at 0x7637654c6470>, verb_extension=<colcon_core.verb.build.BuildVerb object at 0x7637654c5c60>, main=<bound method BuildVerb.main of <colcon_core.verb.build.BuildVerb object at 0x7637654c5c60>>, mixin_verb=('build',))
[0.145s] Level 1:colcon.colcon_core.package_discovery:discover_packages(colcon_meta) check parameters
[0.145s] Level 1:colcon.colcon_core.package_discovery:discover_packages(recursive) check parameters
[0.145s] Level 1:colcon.colcon_core.package_discovery:discover_packages(ignore) check parameters
[0.145s] Level 1:colcon.colcon_core.package_discovery:discover_packages(path) check parameters
[0.145s] Level 1:colcon.colcon_core.package_discovery:discover_packages(colcon_meta) discover
[0.145s] Level 1:colcon.colcon_core.package_discovery:discover_packages(recursive) discover
[0.145s] INFO:colcon.colcon_core.package_discovery:Crawling recursively for packages in '/home/host/onda/ros_ws'
[0.145s] Level 1:colcon.colcon_core.package_identification:_identify(.) by extensions ['ignore', 'ignore_ament_install']
[0.145s] Level 1:colcon.colcon_core.package_identification:_identify(.) by extension 'ignore'
[0.145s] Level 1:colcon.colcon_core.package_identification:_identify(.) by extension 'ignore_ament_install'
[0.145s] Level 1:colcon.colcon_core.package_identification:_identify(.) by extensions ['colcon_pkg']
[0.145s] Level 1:colcon.colcon_core.package_identification:_identify(.) by extension 'colcon_pkg'
[0.146s] Level 1:colcon.colcon_core.package_identification:_identify(.) by extensions ['colcon_meta']
[0.146s] Level 1:colcon.colcon_core.package_identification:_identify(.) by extension 'colcon_meta'
[0.146s] Level 1:colcon.colcon_core.package_identification:_identify(.) by extensions ['ros']
[0.146s] Level 1:colcon.colcon_core.package_identification:_identify(.) by extension 'ros'
[0.151s] Level 1:colcon.colcon_core.package_identification:_identify(.) by extensions ['cmake', 'python']
[0.151s] Level 1:colcon.colcon_core.package_identification:_identify(.) by extension 'cmake'
[0.151s] Level 1:colcon.colcon_core.package_identification:_identify(.) by extension 'python'
[0.151s] Level 1:colcon.colcon_core.package_identification:_identify(.) by extensions ['python_setup_py']
[0.151s] Level 1:colcon.colcon_core.package_identification:_identify(.) by extension 'python_setup_py'
[0.151s] Level 1:colcon.colcon_core.package_identification:_identify(build) by extensions ['ignore', 'ignore_ament_install']
[0.151s] Level 1:colcon.colcon_core.package_identification:_identify(build) by extension 'ignore'
[0.151s] Level 1:colcon.colcon_core.package_identification:_identify(build) ignored
[0.151s] Level 1:colcon.colcon_core.package_identification:_identify(install) by extensions ['ignore', 'ignore_ament_install']
[0.151s] Level 1:colcon.colcon_core.package_identification:_identify(install) by extension 'ignore'
[0.151s] Level 1:colcon.colcon_core.package_identification:_identify(install) ignored
[0.151s] Level 1:colcon.colcon_core.package_identification:_identify(log) by extensions ['ignore', 'ignore_ament_install']
[0.151s] Level 1:colcon.colcon_core.package_identification:_identify(log) by extension 'ignore'
[0.151s] Level 1:colcon.colcon_core.package_identification:_identify(log) ignored
[0.151s] Level 1:colcon.colcon_core.package_identification:_identify(src) by extensions ['ignore', 'ignore_ament_install']
[0.151s] Level 1:colcon.colcon_core.package_identification:_identify(src) by extension 'ignore'
[0.151s] Level 1:colcon.colcon_core.package_identification:_identify(src) by extension 'ignore_ament_install'
[0.151s] Level 1:colcon.colcon_core.package_identification:_identify(src) by extensions ['colcon_pkg']
[0.152s] Level 1:colcon.colcon_core.package_identification:_identify(src) by extension 'colcon_pkg'
[0.152s] Level 1:colcon.colcon_core.package_identification:_identify(src) by extensions ['colcon_meta']
[0.152s] Level 1:colcon.colcon_core.package_identification:_identify(src) by extension 'colcon_meta'
[0.152s] Level 1:colcon.colcon_core.package_identification:_identify(src) by extensions ['ros']
[0.152s] Level 1:colcon.colcon_core.package_identification:_identify(src) by extension 'ros'
[0.152s] Level 1:colcon.colcon_core.package_identification:_identify(src) by extensions ['cmake', 'python']
[0.152s] Level 1:colcon.colcon_core.package_identification:_identify(src) by extension 'cmake'
[0.152s] Level 1:colcon.colcon_core.package_identification:_identify(src) by extension 'python'
[0.152s] Level 1:colcon.colcon_core.package_identification:_identify(src) by extensions ['python_setup_py']
[0.152s] Level 1:colcon.colcon_core.package_identification:_identify(src) by extension 'python_setup_py'
[0.152s] Level 1:colcon.colcon_core.package_identification:_identify(src/braco_description) by extensions ['ignore', 'ignore_ament_install']
[0.152s] Level 1:colcon.colcon_core.package_identification:_identify(src/braco_description) by extension 'ignore'
[0.152s] Level 1:colcon.colcon_core.package_identification:_identify(src/braco_description) by extension 'ignore_ament_install'
[0.152s] Level 1:colcon.colcon_core.package_identification:_identify(src/braco_description) by extensions ['colcon_pkg']
[0.152s] Level 1:colcon.colcon_core.package_identification:_identify(src/braco_description) by extension 'colcon_pkg'
[0.152s] Level 1:colcon.colcon_core.package_identification:_identify(src/braco_description) by extensions ['colcon_meta']
[0.152s] Level 1:colcon.colcon_core.package_identification:_identify(src/braco_description) by extension 'colcon_meta'
[0.152s] Level 1:colcon.colcon_core.package_identification:_identify(src/braco_description) by extensions ['ros']
[0.152s] Level 1:colcon.colcon_core.package_identification:_identify(src/braco_description) by extension 'ros'
[0.153s] DEBUG:colcon.colcon_core.package_identification:Package 'src/braco_description' with type 'ros.ament_cmake' and name 'braco_description'
[0.153s] Level 1:colcon.colcon_core.package_identification:_identify(src/manipulator_disturbance_control) by extensions ['ignore', 'ignore_ament_install']
[0.153s] Level 1:colcon.colcon_core.package_identification:_identify(src/manipulator_disturbance_control) by extension 'ignore'
[0.153s] Level 1:colcon.colcon_core.package_identification:_identify(src/manipulator_disturbance_control) by extension 'ignore_ament_install'
[0.153s] Level 1:colcon.colcon_core.package_identification:_identify(src/manipulator_disturbance_control) by extensions ['colcon_pkg']
[0.153s] Level 1:colcon.colcon_core.package_identification:_identify(src/manipulator_disturbance_control) by extension 'colcon_pkg'
[0.153s] Level 1:colcon.colcon_core.package_identification:_identify(src/manipulator_disturbance_control) by extensions ['colcon_meta']
[0.154s] Level 1:colcon.colcon_core.package_identification:_identify(src/manipulator_disturbance_control) by extension 'colcon_meta'
[0.154s] Level 1:colcon.colcon_core.package_identification:_identify(src/manipulator_disturbance_control) by extensions ['ros']
[0.154s] Level 1:colcon.colcon_core.package_identification:_identify(src/manipulator_disturbance_control) by extension 'ros'
[0.154s] DEBUG:colcon.colcon_core.package_identification:Package 'src/manipulator_disturbance_control' with type 'ros.ament_cmake' and name 'manipulator_disturbance_control'
[0.154s] Level 1:colcon.colcon_core.package_identification:_identify(src/manipulator_gazebo) by extensions ['ignore', 'ignore_ament_install']
[0.154s] Level 1:colcon.colcon_core.package_identification:_identify(src/manipulator_gazebo) by extension 'ignore'
[0.154s] Level 1:colcon.colcon_core.package_identification:_identify(src/manipulator_gazebo) by extension 'ignore_ament_install'
[0.154s] Level 1:colcon.colcon_core.package_identification:_identify(src/manipulator_gazebo) by extensions ['colcon_pkg']
[0.154s] Level 1:colcon.colcon_core.package_identification:_identify(src/manipulator_gazebo) by extension 'colcon_pkg'
[0.154s] Level 1:colcon.colcon_core.package_identification:_identify(src/manipulator_gazebo) by extensions ['colcon_meta']
[0.154s] Level 1:colcon.colcon_core.package_identification:_identify(src/manipulator_gazebo) by extension 'colcon_meta'
[0.154s] Level 1:colcon.colcon_core.package_identification:_identify(src/manipulator_gazebo) by extensions ['ros']
[0.154s] Level 1:colcon.colcon_core.package_identification:_identify(src/manipulator_gazebo) by extension 'ros'
[0.155s] DEBUG:colcon.colcon_core.package_identification:Package 'src/manipulator_gazebo' with type 'ros.ament_cmake' and name 'manipulator_gazebo'
[0.155s] Level 1:colcon.colcon_core.package_identification:_identify(src/manipulator_msgs) by extensions ['ignore', 'ignore_ament_install']
[0.155s] Level 1:colcon.colcon_core.package_identification:_identify(src/manipulator_msgs) by extension 'ignore'
[0.155s] Level 1:colcon.colcon_core.package_identification:_identify(src/manipulator_msgs) by extension 'ignore_ament_install'
[0.155s] Level 1:colcon.colcon_core.package_identification:_identify(src/manipulator_msgs) by extensions ['colcon_pkg']
[0.155s] Level 1:colcon.colcon_core.package_identification:_identify(src/manipulator_msgs) by extension 'colcon_pkg'
[0.155s] Level 1:colcon.colcon_core.package_identification:_identify(src/manipulator_msgs) by extensions ['colcon_meta']
[0.155s] Level 1:colcon.colcon_core.package_identification:_identify(src/manipulator_msgs) by extension 'colcon_meta'
[0.155s] Level 1:colcon.colcon_core.package_identification:_identify(src/manipulator_msgs) by extensions ['ros']
[0.155s] Level 1:colcon.colcon_core.package_identification:_identify(src/manipulator_msgs) by extension 'ros'
[0.155s] DEBUG:colcon.colcon_core.package_identification:Package 'src/manipulator_msgs' with type 'ros.ament_cmake' and name 'manipulator_msgs'
[0.155s] Level 1:colcon.colcon_core.package_discovery:discover_packages(recursive) using defaults
[0.155s] Level 1:colcon.colcon_core.package_discovery:discover_packages(ignore) discover
[0.155s] Level 1:colcon.colcon_core.package_discovery:discover_packages(ignore) using defaults
[0.155s] Level 1:colcon.colcon_core.package_discovery:discover_packages(path) discover
[0.155s] Level 1:colcon.colcon_core.package_discovery:discover_packages(path) using defaults
[0.171s] Level 5:colcon.colcon_core.verb:set package 'braco_description' build argument 'cmake_args' from command line to 'None'
[0.171s] Level 5:colcon.colcon_core.verb:set package 'braco_description' build argument 'cmake_target' from command line to 'None'
[0.171s] Level 5:colcon.colcon_core.verb:set package 'braco_description' build argument 'cmake_target_skip_unavailable' from command line to 'False'
[0.171s] Level 5:colcon.colcon_core.verb:set package 'braco_description' build argument 'cmake_clean_cache' from command line to 'False'
[0.171s] Level 5:colcon.colcon_core.verb:set package 'braco_description' build argument 'cmake_clean_first' from command line to 'False'
[0.171s] Level 5:colcon.colcon_core.verb:set package 'braco_description' build argument 'cmake_force_configure' from command line to 'False'
[0.171s] Level 5:colcon.colcon_core.verb:set package 'braco_description' build argument 'ament_cmake_args' from command line to 'None'
[0.171s] Level 5:colcon.colcon_core.verb:set package 'braco_description' build argument 'catkin_cmake_args' from command line to 'None'
[0.171s] Level 5:colcon.colcon_core.verb:set package 'braco_description' build argument 'catkin_skip_building_tests' from command line to 'False'
[0.171s] DEBUG:colcon.colcon_core.verb:Building package 'braco_description' with the following arguments: {'ament_cmake_args': None, 'build_base': '/home/host/onda/ros_ws/build/braco_description', 'catkin_cmake_args': None, 'catkin_skip_building_tests': False, 'cmake_args': None, 'cmake_clean_cache': False, 'cmake_clean_first': False, 'cmake_force_configure': False, 'cmake_target': None, 'cmake_target_skip_unavailable': False, 'install_base': '/home/host/onda/ros_ws/install/braco_description', 'merge_install': False, 'path': '/home/host/onda/ros_ws/src/braco_description', 'symlink_install': True, 'test_result_base': None}
[0.171s] Level 5:colcon.colcon_core.verb:set package 'manipulator_gazebo' build argument 'cmake_args' from command line to 'None'
[0.171s] Level 5:colcon.colcon_core.verb:set package 'manipulator_gazebo' build argument 'cmake_target' from command line to 'None'
[0.171s] Level 5:colcon.colcon_core.verb:set package 'manipulator_gazebo' build argument 'cmake_target_skip_unavailable' from command line to 'False'
[0.171s] Level 5:colcon.colcon_core.verb:set package 'manipulator_gazebo' build argument 'cmake_clean_cache' from command line to 'False'
[0.171s] Level 5:colcon.colcon_core.verb:set package 'manipulator_gazebo' build argument 'cmake_clean_first' from command line to 'False'
[0.171s] Level 5:colcon.colcon_core.verb:set package 'manipulator_gazebo' build argument 'cmake_force_configure' from command line to 'False'
[0.171s] Level 5:colcon.colcon_core.verb:set package 'manipulator_gazebo' build argument 'ament_cmake_args' from command line to 'None'
[0.171s] Level 5:colcon.colcon_core.verb:set package 'manipulator_gazebo' build argument 'catkin_cmake_args' from command line to 'None'
[0.171s] Level 5:colcon.colcon_core.verb:set package 'manipulator_gazebo' build argument 'catkin_skip_building_tests' from command line to 'False'
[0.171s] DEBUG:colcon.colcon_core.verb:Building package 'manipulator_gazebo' with the following arguments: {'ament_cmake_args': None, 'build_base': '/home/host/onda/ros_ws/build/manipulator_gazebo', 'catkin_cmake_args': None, 'catkin_skip_building_tests': False, 'cmake_args': None, 'cmake_clean_cache': False, 'cmake_clean_first': False, 'cmake_force_configure': False, 'cmake_target': None, 'cmake_target_skip_unavailable': False, 'install_base': '/home/host/onda/ros_ws/install/manipulator_gazebo', 'merge_install': False, 'path': '/home/host/onda/ros_ws/src/manipulator_gazebo', 'symlink_install': True, 'test_result_base': None}
[0.171s] Level 5:colcon.colcon_core.verb:set package 'manipulator_msgs' build argument 'cmake_args' from command line to 'None'
[0.171s] Level 5:colcon.colcon_core.verb:set package 'manipulator_msgs' build argument 'cmake_target' from command line to 'None'
[0.171s] Level 5:colcon.colcon_core.verb:set package 'manipulator_msgs' build argument 'cmake_target_skip_unavailable' from command line to 'False'
[0.171s] Level 5:colcon.colcon_core.verb:set package 'manipulator_msgs' build argument 'cmake_clean_cache' from command line to 'False'
[0.171s] Level 5:colcon.colcon_core.verb:set package 'manipulator_msgs' build argument 'cmake_clean_first' from command line to 'False'
[0.171s] Level 5:colcon.colcon_core.verb:set package 'manipulator_msgs' build argument 'cmake_force_configure' from command line to 'False'
[0.171s] Level 5:colcon.colcon_core.verb:set package 'manipulator_msgs' build argument 'ament_cmake_args' from command line to 'None'
[0.171s] Level 5:colcon.colcon_core.verb:set package 'manipulator_msgs' build argument 'catkin_cmake_args' from command line to 'None'
[0.171s] Level 5:colcon.colcon_core.verb:set package 'manipulator_msgs' build argument 'catkin_skip_building_tests' from command line to 'False'
[0.171s] DEBUG:colcon.colcon_core.verb:Building package 'manipulator_msgs' with the following arguments: {'ament_cmake_args': None, 'build_base': '/home/host/onda/ros_ws/build/manipulator_msgs', 'catkin_cmake_args': None, 'catkin_skip_building_tests': False, 'cmake_args': None, 'cmake_clean_cache': False, 'cmake_clean_first': False, 'cmake_force_configure': False, 'cmake_target': None, 'cmake_target_skip_unavailable': False, 'install_base': '/home/host/onda/ros_ws/install/manipulator_msgs', 'merge_install': False, 'path': '/home/host/onda/ros_ws/src/manipulator_msgs', 'symlink_install': True, 'test_result_base': None}
[0.172s] Level 5:colcon.colcon_core.verb:set package 'manipulator_disturbance_control' build argument 'cmake_args' from command line to 'None'
[0.172s] Level 5:colcon.colcon_core.verb:set package 'manipulator_disturbance_control' build argument 'cmake_target' from command line to 'None'
[0.172s] Level 5:colcon.colcon_core.verb:set package 'manipulator_disturbance_control' build argument 'cmake_target_skip_unavailable' from command line to 'False'
[0.172s] Level 5:colcon.colcon_core.verb:set package 'manipulator_disturbance_control' build argument 'cmake_clean_cache' from command line to 'False'
[0.172s] Level 5:colcon.colcon_core.verb:set package 'manipulator_disturbance_control' build argument 'cmake_clean_first' from command line to 'False'
[0.172s] Level 5:colcon.colcon_core.verb:set package 'manipulator_disturbance_control' build argument 'cmake_force_configure' from command line to 'False'
[0.172s] Level 5:colcon.colcon_core.verb:set package 'manipulator_disturbance_control' build argument 'ament_cmake_args' from command line to 'None'
[0.172s] Level 5:colcon.colcon_core.verb:set package 'manipulator_disturbance_control' build argument 'catkin_cmake_args' from command line to 'None'
[0.172s] Level 5:colcon.colcon_core.verb:set package 'manipulator_disturbance_control' build argument 'catkin_skip_building_tests' from command line to 'False'
[0.172s] DEBUG:colcon.colcon_core.verb:Building package 'manipulator_disturbance_control' with the following arguments: {'ament_cmake_args': None, 'build_base': '/home/host/onda/ros_ws/build/manipulator_disturbance_control', 'catkin_cmake_args': None, 'catkin_skip_building_tests': False, 'cmake_args': None, 'cmake_clean_cache': False, 'cmake_clean_first': False, 'cmake_force_configure': False, 'cmake_target': None, 'cmake_target_skip_unavailable': False, 'install_base': '/home/host/onda/ros_ws/install/manipulator_disturbance_control', 'merge_install': False, 'path': '/home/host/onda/ros_ws/src/manipulator_disturbance_control', 'symlink_install': True, 'test_result_base': None}
[0.172s] INFO:colcon.colcon_core.executor:Executing jobs using 'parallel' executor
[0.172s] DEBUG:colcon.colcon_parallel_executor.executor.parallel:run_until_complete
[0.173s] INFO:colcon.colcon_ros.task.ament_cmake.build:Building ROS package in '/home/host/onda/ros_ws/src/manipulator_msgs' with build type 'ament_cmake'
[0.173s] INFO:colcon.colcon_cmake.task.cmake.build:Building CMake package in '/home/host/onda/ros_ws/src/manipulator_msgs'
[0.174s] INFO:colcon.colcon_core.plugin_system:Skipping extension 'colcon_core.shell.bat': Not used on non-Windows systems
[0.174s] INFO:colcon.colcon_core.shell:Skip shell extension 'powershell' for command environment: Not usable outside of PowerShell
[0.174s] DEBUG:colcon.colcon_core.shell:Skip shell extension 'dsv' for command environment
[0.177s] INFO:colcon.colcon_ros.task.ament_cmake.build:Building ROS package in '/home/host/onda/ros_ws/src/braco_description' with build type 'ament_cmake'
[0.177s] INFO:colcon.colcon_cmake.task.cmake.build:Building CMake package in '/home/host/onda/ros_ws/src/braco_description'
[0.177s] INFO:colcon.colcon_core.shell:Skip shell extension 'powershell' for command environment: Not usable outside of PowerShell
[0.177s] DEBUG:colcon.colcon_core.shell:Skip shell extension 'dsv' for command environment
[0.179s] INFO:colcon.colcon_ros.task.ament_cmake.build:Building ROS package in '/home/host/onda/ros_ws/src/manipulator_gazebo' with build type 'ament_cmake'
[0.179s] INFO:colcon.colcon_cmake.task.cmake.build:Building CMake package in '/home/host/onda/ros_ws/src/manipulator_gazebo'
[0.179s] INFO:colcon.colcon_core.shell:Skip shell extension 'powershell' for command environment: Not usable outside of PowerShell
[0.179s] DEBUG:colcon.colcon_core.shell:Skip shell extension 'dsv' for command environment
[0.182s] DEBUG:colcon.colcon_core.event_handler.log_command:Invoking command in '/home/host/onda/ros_ws/build/manipulator_msgs': CMAKE_PREFIX_PATH=/opt/ros/humble /usr/bin/cmake /home/host/onda/ros_ws/src/manipulator_msgs -DAMENT_CMAKE_SYMLINK_INSTALL=1 -DCMAKE_INSTALL_PREFIX=/home/host/onda/ros_ws/install/manipulator_msgs
[0.185s] DEBUG:colcon.colcon_core.event_handler.log_command:Invoking command in '/home/host/onda/ros_ws/build/braco_description': CMAKE_PREFIX_PATH=/opt/ros/humble /usr/bin/cmake /home/host/onda/ros_ws/src/braco_description -DAMENT_CMAKE_SYMLINK_INSTALL=1 -DCMAKE_INSTALL_PREFIX=/home/host/onda/ros_ws/install/braco_description
[0.187s] DEBUG:colcon.colcon_core.event_handler.log_command:Invoking command in '/home/host/onda/ros_ws/build/manipulator_gazebo': CMAKE_PREFIX_PATH=/opt/ros/humble /usr/bin/cmake /home/host/onda/ros_ws/src/manipulator_gazebo -DAMENT_CMAKE_SYMLINK_INSTALL=1 -DCMAKE_INSTALL_PREFIX=/home/host/onda/ros_ws/install/manipulator_gazebo
[0.713s] DEBUG:colcon.colcon_core.event_handler.log_command:Invoked command in '/home/host/onda/ros_ws/build/braco_description' returned '0': CMAKE_PREFIX_PATH=/opt/ros/humble /usr/bin/cmake /home/host/onda/ros_ws/src/braco_description -DAMENT_CMAKE_SYMLINK_INSTALL=1 -DCMAKE_INSTALL_PREFIX=/home/host/onda/ros_ws/install/braco_description
[0.714s] DEBUG:colcon.colcon_core.event_handler.log_command:Invoking command in '/home/host/onda/ros_ws/build/braco_description': CMAKE_PREFIX_PATH=/opt/ros/humble /usr/bin/cmake --build /home/host/onda/ros_ws/build/braco_description -- -j20 -l20
[0.743s] DEBUG:colcon.colcon_core.event_handler.log_command:Invoked command in '/home/host/onda/ros_ws/build/braco_description' returned '0': CMAKE_PREFIX_PATH=/opt/ros/humble /usr/bin/cmake --build /home/host/onda/ros_ws/build/braco_description -- -j20 -l20
[0.750s] DEBUG:colcon.colcon_core.event_handler.log_command:Invoking command in '/home/host/onda/ros_ws/build/braco_description': CMAKE_PREFIX_PATH=/opt/ros/humble /usr/bin/cmake --install /home/host/onda/ros_ws/build/braco_description
[0.993s] Level 1:colcon.colcon_core.environment:create_environment_scripts_only(braco_description)
[0.994s] DEBUG:colcon.colcon_core.event_handler.log_command:Invoked command in '/home/host/onda/ros_ws/build/braco_description' returned '0': CMAKE_PREFIX_PATH=/opt/ros/humble /usr/bin/cmake --install /home/host/onda/ros_ws/build/braco_description
[0.997s] Level 1:colcon.colcon_core.environment:checking '/home/host/onda/ros_ws/install/braco_description' for CMake module files
[0.997s] Level 1:colcon.colcon_core.environment:checking '/home/host/onda/ros_ws/install/braco_description' for CMake config files
[0.998s] Level 1:colcon.colcon_core.shell:create_environment_hook('braco_description', 'cmake_prefix_path')
[0.998s] INFO:colcon.colcon_core.shell:Creating environment hook '/home/host/onda/ros_ws/install/braco_description/share/braco_description/hook/cmake_prefix_path.ps1'
[0.998s] INFO:colcon.colcon_core.shell:Creating environment descriptor '/home/host/onda/ros_ws/install/braco_description/share/braco_description/hook/cmake_prefix_path.dsv'
[0.999s] INFO:colcon.colcon_core.shell:Creating environment hook '/home/host/onda/ros_ws/install/braco_description/share/braco_description/hook/cmake_prefix_path.sh'
[0.999s] Level 1:colcon.colcon_core.environment:checking '/home/host/onda/ros_ws/install/braco_description/bin'
[0.999s] Level 1:colcon.colcon_core.environment:checking '/home/host/onda/ros_ws/install/braco_description/lib/pkgconfig/braco_description.pc'
[1.000s] Level 1:colcon.colcon_core.environment:checking '/home/host/onda/ros_ws/install/braco_description/lib/python3.10/site-packages'
[1.000s] Level 1:colcon.colcon_core.environment:checking '/home/host/onda/ros_ws/install/braco_description/bin'
[1.001s] INFO:colcon.colcon_core.shell:Creating package script '/home/host/onda/ros_ws/install/braco_description/share/braco_description/package.ps1'
[1.001s] INFO:colcon.colcon_core.shell:Creating package descriptor '/home/host/onda/ros_ws/install/braco_description/share/braco_description/package.dsv'
[1.001s] INFO:colcon.colcon_core.shell:Creating package script '/home/host/onda/ros_ws/install/braco_description/share/braco_description/package.sh'
[1.002s] INFO:colcon.colcon_core.shell:Creating package script '/home/host/onda/ros_ws/install/braco_description/share/braco_description/package.bash'
[1.002s] INFO:colcon.colcon_core.shell:Creating package script '/home/host/onda/ros_ws/install/braco_description/share/braco_description/package.zsh'
[1.002s] Level 1:colcon.colcon_core.environment:create_file_with_runtime_dependencies(/home/host/onda/ros_ws/install/braco_description/share/colcon-core/packages/braco_description)
[1.003s] Level 1:colcon.colcon_core.environment:create_environment_scripts_only(braco_description)
[1.003s] Level 1:colcon.colcon_core.environment:checking '/home/host/onda/ros_ws/install/braco_description' for CMake module files
[1.003s] Level 1:colcon.colcon_core.environment:checking '/home/host/onda/ros_ws/install/braco_description' for CMake config files
[1.003s] Level 1:colcon.colcon_core.shell:create_environment_hook('braco_description', 'cmake_prefix_path')
[1.003s] INFO:colcon.colcon_core.shell:Creating environment hook '/home/host/onda/ros_ws/install/braco_description/share/braco_description/hook/cmake_prefix_path.ps1'
[1.004s] INFO:colcon.colcon_core.shell:Creating environment descriptor '/home/host/onda/ros_ws/install/braco_description/share/braco_description/hook/cmake_prefix_path.dsv'
[1.004s] INFO:colcon.colcon_core.shell:Creating environment hook '/home/host/onda/ros_ws/install/braco_description/share/braco_description/hook/cmake_prefix_path.sh'
[1.004s] Level 1:colcon.colcon_core.environment:checking '/home/host/onda/ros_ws/install/braco_description/bin'
[1.004s] Level 1:colcon.colcon_core.environment:checking '/home/host/onda/ros_ws/install/braco_description/lib/pkgconfig/braco_description.pc'
[1.004s] Level 1:colcon.colcon_core.environment:checking '/home/host/onda/ros_ws/install/braco_description/lib/python3.10/site-packages'
[1.004s] Level 1:colcon.colcon_core.environment:checking '/home/host/onda/ros_ws/install/braco_description/bin'
[1.005s] INFO:colcon.colcon_core.shell:Creating package script '/home/host/onda/ros_ws/install/braco_description/share/braco_description/package.ps1'
[1.005s] INFO:colcon.colcon_core.shell:Creating package descriptor '/home/host/onda/ros_ws/install/braco_description/share/braco_description/package.dsv'
[1.005s] INFO:colcon.colcon_core.shell:Creating package script '/home/host/onda/ros_ws/install/braco_description/share/braco_description/package.sh'
[1.005s] INFO:colcon.colcon_core.shell:Creating package script '/home/host/onda/ros_ws/install/braco_description/share/braco_description/package.bash'
[1.006s] INFO:colcon.colcon_core.shell:Creating package script '/home/host/onda/ros_ws/install/braco_description/share/braco_description/package.zsh'
[1.006s] Level 1:colcon.colcon_core.environment:create_file_with_runtime_dependencies(/home/host/onda/ros_ws/install/braco_description/share/colcon-core/packages/braco_description)
[1.514s] DEBUG:colcon.colcon_core.event_handler.log_command:Invoked command in '/home/host/onda/ros_ws/build/manipulator_msgs' returned '0': CMAKE_PREFIX_PATH=/opt/ros/humble /usr/bin/cmake /home/host/onda/ros_ws/src/manipulator_msgs -DAMENT_CMAKE_SYMLINK_INSTALL=1 -DCMAKE_INSTALL_PREFIX=/home/host/onda/ros_ws/install/manipulator_msgs
[1.515s] DEBUG:colcon.colcon_core.event_handler.log_command:Invoking command in '/home/host/onda/ros_ws/build/manipulator_msgs': CMAKE_PREFIX_PATH=/opt/ros/humble /usr/bin/cmake --build /home/host/onda/ros_ws/build/manipulator_msgs -- -j20 -l20
[2.069s] DEBUG:colcon.colcon_core.event_handler.log_command:Invoked command in '/home/host/onda/ros_ws/build/manipulator_gazebo' returned '0': CMAKE_PREFIX_PATH=/opt/ros/humble /usr/bin/cmake /home/host/onda/ros_ws/src/manipulator_gazebo -DAMENT_CMAKE_SYMLINK_INSTALL=1 -DCMAKE_INSTALL_PREFIX=/home/host/onda/ros_ws/install/manipulator_gazebo
[2.071s] DEBUG:colcon.colcon_core.event_handler.log_command:Invoking command in '/home/host/onda/ros_ws/build/manipulator_gazebo': CMAKE_PREFIX_PATH=/opt/ros/humble /usr/bin/cmake --build /home/host/onda/ros_ws/build/manipulator_gazebo -- -j20 -l20
[2.103s] DEBUG:colcon.colcon_core.event_handler.log_command:Invoked command in '/home/host/onda/ros_ws/build/manipulator_gazebo' returned '0': CMAKE_PREFIX_PATH=/opt/ros/humble /usr/bin/cmake --build /home/host/onda/ros_ws/build/manipulator_gazebo -- -j20 -l20
[2.104s] DEBUG:colcon.colcon_core.event_handler.log_command:Invoking command in '/home/host/onda/ros_ws/build/manipulator_gazebo': CMAKE_PREFIX_PATH=/opt/ros/humble /usr/bin/cmake --install /home/host/onda/ros_ws/build/manipulator_gazebo
[2.259s] Level 1:colcon.colcon_core.environment:create_environment_scripts_only(manipulator_gazebo)
[2.259s] Level 1:colcon.colcon_core.environment:checking '/home/host/onda/ros_ws/install/manipulator_gazebo' for CMake module files
[2.260s] DEBUG:colcon.colcon_core.event_handler.log_command:Invoked command in '/home/host/onda/ros_ws/build/manipulator_gazebo' returned '0': CMAKE_PREFIX_PATH=/opt/ros/humble /usr/bin/cmake --install /home/host/onda/ros_ws/build/manipulator_gazebo
[2.260s] Level 1:colcon.colcon_core.environment:checking '/home/host/onda/ros_ws/install/manipulator_gazebo' for CMake config files
[2.261s] Level 1:colcon.colcon_core.shell:create_environment_hook('manipulator_gazebo', 'cmake_prefix_path')
[2.261s] INFO:colcon.colcon_core.shell:Creating environment hook '/home/host/onda/ros_ws/install/manipulator_gazebo/share/manipulator_gazebo/hook/cmake_prefix_path.ps1'
[2.262s] INFO:colcon.colcon_core.shell:Creating environment descriptor '/home/host/onda/ros_ws/install/manipulator_gazebo/share/manipulator_gazebo/hook/cmake_prefix_path.dsv'
[2.262s] INFO:colcon.colcon_core.shell:Creating environment hook '/home/host/onda/ros_ws/install/manipulator_gazebo/share/manipulator_gazebo/hook/cmake_prefix_path.sh'
[2.263s] Level 1:colcon.colcon_core.environment:checking '/home/host/onda/ros_ws/install/manipulator_gazebo/bin'
[2.263s] Level 1:colcon.colcon_core.environment:checking '/home/host/onda/ros_ws/install/manipulator_gazebo/lib/pkgconfig/manipulator_gazebo.pc'
[2.264s] Level 1:colcon.colcon_core.environment:checking '/home/host/onda/ros_ws/install/manipulator_gazebo/lib/python3.10/site-packages'
[2.264s] Level 1:colcon.colcon_core.environment:checking '/home/host/onda/ros_ws/install/manipulator_gazebo/bin'
[2.264s] INFO:colcon.colcon_core.shell:Creating package script '/home/host/onda/ros_ws/install/manipulator_gazebo/share/manipulator_gazebo/package.ps1'
[2.265s] INFO:colcon.colcon_core.shell:Creating package descriptor '/home/host/onda/ros_ws/install/manipulator_gazebo/share/manipulator_gazebo/package.dsv'
[2.266s] INFO:colcon.colcon_core.shell:Creating package script '/home/host/onda/ros_ws/install/manipulator_gazebo/share/manipulator_gazebo/package.sh'
[2.266s] INFO:colcon.colcon_core.shell:Creating package script '/home/host/onda/ros_ws/install/manipulator_gazebo/share/manipulator_gazebo/package.bash'
[2.267s] INFO:colcon.colcon_core.shell:Creating package script '/home/host/onda/ros_ws/install/manipulator_gazebo/share/manipulator_gazebo/package.zsh'
[2.267s] Level 1:colcon.colcon_core.environment:create_file_with_runtime_dependencies(/home/host/onda/ros_ws/install/manipulator_gazebo/share/colcon-core/packages/manipulator_gazebo)
[2.267s] Level 1:colcon.colcon_core.environment:create_environment_scripts_only(manipulator_gazebo)
[2.267s] Level 1:colcon.colcon_core.environment:checking '/home/host/onda/ros_ws/install/manipulator_gazebo' for CMake module files
[2.268s] Level 1:colcon.colcon_core.environment:checking '/home/host/onda/ros_ws/install/manipulator_gazebo' for CMake config files
[2.269s] Level 1:colcon.colcon_core.shell:create_environment_hook('manipulator_gazebo', 'cmake_prefix_path')
[2.269s] INFO:colcon.colcon_core.shell:Creating environment hook '/home/host/onda/ros_ws/install/manipulator_gazebo/share/manipulator_gazebo/hook/cmake_prefix_path.ps1'
[2.270s] INFO:colcon.colcon_core.shell:Creating environment descriptor '/home/host/onda/ros_ws/install/manipulator_gazebo/share/manipulator_gazebo/hook/cmake_prefix_path.dsv'
[2.271s] INFO:colcon.colcon_core.shell:Creating environment hook '/home/host/onda/ros_ws/install/manipulator_gazebo/share/manipulator_gazebo/hook/cmake_prefix_path.sh'
[2.272s] Level 1:colcon.colcon_core.environment:checking '/home/host/onda/ros_ws/install/manipulator_gazebo/bin'
[2.272s] Level 1:colcon.colcon_core.environment:checking '/home/host/onda/ros_ws/install/manipulator_gazebo/lib/pkgconfig/manipulator_gazebo.pc'
[2.272s] Level 1:colcon.colcon_core.environment:checking '/home/host/onda/ros_ws/install/manipulator_gazebo/lib/python3.10/site-packages'
[2.272s] Level 1:colcon.colcon_core.environment:checking '/home/host/onda/ros_ws/install/manipulator_gazebo/bin'
[2.273s] INFO:colcon.colcon_core.shell:Creating package script '/home/host/onda/ros_ws/install/manipulator_gazebo/share/manipulator_gazebo/package.ps1'
[2.273s] INFO:colcon.colcon_core.shell:Creating package descriptor '/home/host/onda/ros_ws/install/manipulator_gazebo/share/manipulator_gazebo/package.dsv'
[2.274s] INFO:colcon.colcon_core.shell:Creating package script '/home/host/onda/ros_ws/install/manipulator_gazebo/share/manipulator_gazebo/package.sh'
[2.275s] INFO:colcon.colcon_core.shell:Creating package script '/home/host/onda/ros_ws/install/manipulator_gazebo/share/manipulator_gazebo/package.bash'
[2.276s] INFO:colcon.colcon_core.shell:Creating package script '/home/host/onda/ros_ws/install/manipulator_gazebo/share/manipulator_gazebo/package.zsh'
[2.276s] Level 1:colcon.colcon_core.environment:create_file_with_runtime_dependencies(/home/host/onda/ros_ws/install/manipulator_gazebo/share/colcon-core/packages/manipulator_gazebo)
[2.971s] DEBUG:colcon.colcon_core.event_handler.log_command:Invoked command in '/home/host/onda/ros_ws/build/manipulator_msgs' returned '0': CMAKE_PREFIX_PATH=/opt/ros/humble /usr/bin/cmake --build /home/host/onda/ros_ws/build/manipulator_msgs -- -j20 -l20
[2.974s] DEBUG:colcon.colcon_core.event_handler.log_command:Invoking command in '/home/host/onda/ros_ws/build/manipulator_msgs': CMAKE_PREFIX_PATH=/opt/ros/humble /usr/bin/cmake --install /home/host/onda/ros_ws/build/manipulator_msgs
[3.720s] Level 1:colcon.colcon_core.environment:create_environment_scripts_only(manipulator_msgs)
[3.720s] Level 1:colcon.colcon_core.environment:checking '/home/host/onda/ros_ws/install/manipulator_msgs' for CMake module files
[3.720s] DEBUG:colcon.colcon_core.event_handler.log_command:Invoked command in '/home/host/onda/ros_ws/build/manipulator_msgs' returned '0': CMAKE_PREFIX_PATH=/opt/ros/humble /usr/bin/cmake --install /home/host/onda/ros_ws/build/manipulator_msgs
[3.721s] Level 1:colcon.colcon_core.environment:checking '/home/host/onda/ros_ws/install/manipulator_msgs' for CMake config files
[3.722s] Level 1:colcon.colcon_core.shell:create_environment_hook('manipulator_msgs', 'cmake_prefix_path')
[3.722s] INFO:colcon.colcon_core.shell:Creating environment hook '/home/host/onda/ros_ws/install/manipulator_msgs/share/manipulator_msgs/hook/cmake_prefix_path.ps1'
[3.722s] INFO:colcon.colcon_core.shell:Creating environment descriptor '/home/host/onda/ros_ws/install/manipulator_msgs/share/manipulator_msgs/hook/cmake_prefix_path.dsv'
[3.722s] INFO:colcon.colcon_core.shell:Creating environment hook '/home/host/onda/ros_ws/install/manipulator_msgs/share/manipulator_msgs/hook/cmake_prefix_path.sh'
[3.722s] Level 1:colcon.colcon_core.environment:checking '/home/host/onda/ros_ws/install/manipulator_msgs/lib'
[3.723s] Level 1:colcon.colcon_core.shell:create_environment_hook('manipulator_msgs', 'ld_library_path_lib')
[3.723s] INFO:colcon.colcon_core.shell:Creating environment hook '/home/host/onda/ros_ws/install/manipulator_msgs/share/manipulator_msgs/hook/ld_library_path_lib.ps1'
[3.723s] INFO:colcon.colcon_core.shell:Creating environment descriptor '/home/host/onda/ros_ws/install/manipulator_msgs/share/manipulator_msgs/hook/ld_library_path_lib.dsv'
[3.723s] INFO:colcon.colcon_core.shell:Creating environment hook '/home/host/onda/ros_ws/install/manipulator_msgs/share/manipulator_msgs/hook/ld_library_path_lib.sh'
[3.723s] Level 1:colcon.colcon_core.environment:checking '/home/host/onda/ros_ws/install/manipulator_msgs/bin'
[3.723s] Level 1:colcon.colcon_core.environment:checking '/home/host/onda/ros_ws/install/manipulator_msgs/lib/pkgconfig/manipulator_msgs.pc'
[3.723s] Level 1:colcon.colcon_core.environment:checking '/home/host/onda/ros_ws/install/manipulator_msgs/lib/python3.10/site-packages'
[3.723s] Level 1:colcon.colcon_core.environment:checking '/home/host/onda/ros_ws/install/manipulator_msgs/bin'
[3.724s] INFO:colcon.colcon_core.shell:Creating package script '/home/host/onda/ros_ws/install/manipulator_msgs/share/manipulator_msgs/package.ps1'
[3.724s] INFO:colcon.colcon_core.shell:Creating package descriptor '/home/host/onda/ros_ws/install/manipulator_msgs/share/manipulator_msgs/package.dsv'
[3.724s] INFO:colcon.colcon_core.shell:Creating package script '/home/host/onda/ros_ws/install/manipulator_msgs/share/manipulator_msgs/package.sh'
[3.724s] INFO:colcon.colcon_core.shell:Creating package script '/home/host/onda/ros_ws/install/manipulator_msgs/share/manipulator_msgs/package.bash'
[3.724s] INFO:colcon.colcon_core.shell:Creating package script '/home/host/onda/ros_ws/install/manipulator_msgs/share/manipulator_msgs/package.zsh'
[3.725s] Level 1:colcon.colcon_core.environment:create_file_with_runtime_dependencies(/home/host/onda/ros_ws/install/manipulator_msgs/share/colcon-core/packages/manipulator_msgs)
[3.725s] Level 1:colcon.colcon_core.environment:create_environment_scripts_only(manipulator_msgs)
[3.725s] Level 1:colcon.colcon_core.environment:checking '/home/host/onda/ros_ws/install/manipulator_msgs' for CMake module files
[3.725s] Level 1:colcon.colcon_core.environment:checking '/home/host/onda/ros_ws/install/manipulator_msgs' for CMake config files
[3.726s] Level 1:colcon.colcon_core.shell:create_environment_hook('manipulator_msgs', 'cmake_prefix_path')
[3.726s] INFO:colcon.colcon_core.shell:Creating environment hook '/home/host/onda/ros_ws/install/manipulator_msgs/share/manipulator_msgs/hook/cmake_prefix_path.ps1'
[3.726s] INFO:colcon.colcon_core.shell:Creating environment descriptor '/home/host/onda/ros_ws/install/manipulator_msgs/share/manipulator_msgs/hook/cmake_prefix_path.dsv'
[3.726s] INFO:colcon.colcon_core.shell:Creating environment hook '/home/host/onda/ros_ws/install/manipulator_msgs/share/manipulator_msgs/hook/cmake_prefix_path.sh'
[3.727s] Level 1:colcon.colcon_core.environment:checking '/home/host/onda/ros_ws/install/manipulator_msgs/lib'
[3.727s] Level 1:colcon.colcon_core.shell:create_environment_hook('manipulator_msgs', 'ld_library_path_lib')
[3.727s] INFO:colcon.colcon_core.shell:Creating environment hook '/home/host/onda/ros_ws/install/manipulator_msgs/share/manipulator_msgs/hook/ld_library_path_lib.ps1'
[3.727s] INFO:colcon.colcon_core.shell:Creating environment descriptor '/home/host/onda/ros_ws/install/manipulator_msgs/share/manipulator_msgs/hook/ld_library_path_lib.dsv'
[3.727s] INFO:colcon.colcon_core.shell:Creating environment hook '/home/host/onda/ros_ws/install/manipulator_msgs/share/manipulator_msgs/hook/ld_library_path_lib.sh'
[3.727s] Level 1:colcon.colcon_core.environment:checking '/home/host/onda/ros_ws/install/manipulator_msgs/bin'
[3.727s] Level 1:colcon.colcon_core.environment:checking '/home/host/onda/ros_ws/install/manipulator_msgs/lib/pkgconfig/manipulator_msgs.pc'
[3.727s] Level 1:colcon.colcon_core.environment:checking '/home/host/onda/ros_ws/install/manipulator_msgs/lib/python3.10/site-packages'
[3.727s] Level 1:colcon.colcon_core.environment:checking '/home/host/onda/ros_ws/install/manipulator_msgs/bin'
[3.728s] INFO:colcon.colcon_core.shell:Creating package script '/home/host/onda/ros_ws/install/manipulator_msgs/share/manipulator_msgs/package.ps1'
[3.728s] INFO:colcon.colcon_core.shell:Creating package descriptor '/home/host/onda/ros_ws/install/manipulator_msgs/share/manipulator_msgs/package.dsv'
[3.728s] INFO:colcon.colcon_core.shell:Creating package script '/home/host/onda/ros_ws/install/manipulator_msgs/share/manipulator_msgs/package.sh'
[3.728s] INFO:colcon.colcon_core.shell:Creating package script '/home/host/onda/ros_ws/install/manipulator_msgs/share/manipulator_msgs/package.bash'
[3.729s] INFO:colcon.colcon_core.shell:Creating package script '/home/host/onda/ros_ws/install/manipulator_msgs/share/manipulator_msgs/package.zsh'
[3.729s] Level 1:colcon.colcon_core.environment:create_file_with_runtime_dependencies(/home/host/onda/ros_ws/install/manipulator_msgs/share/colcon-core/packages/manipulator_msgs)
[3.729s] INFO:colcon.colcon_ros.task.ament_cmake.build:Building ROS package in '/home/host/onda/ros_ws/src/manipulator_disturbance_control' with build type 'ament_cmake'
[3.729s] INFO:colcon.colcon_cmake.task.cmake.build:Building CMake package in '/home/host/onda/ros_ws/src/manipulator_disturbance_control'
[3.729s] INFO:colcon.colcon_core.shell:Skip shell extension 'powershell' for command environment: Not usable outside of PowerShell
[3.729s] DEBUG:colcon.colcon_core.shell:Skip shell extension 'dsv' for command environment
[3.737s] DEBUG:colcon.colcon_core.event_handler.log_command:Invoking command in '/home/host/onda/ros_ws/build/manipulator_disturbance_control': AMENT_PREFIX_PATH=/home/host/onda/ros_ws/install/manipulator_msgs:${AMENT_PREFIX_PATH} CMAKE_PREFIX_PATH=/home/host/onda/ros_ws/install/manipulator_msgs:/opt/ros/humble LD_LIBRARY_PATH=/home/host/onda/ros_ws/install/manipulator_msgs/lib:${LD_LIBRARY_PATH} PYTHONPATH=/home/host/onda/ros_ws/install/manipulator_msgs/local/lib/python3.10/dist-packages:${PYTHONPATH} /usr/bin/cmake /home/host/onda/ros_ws/src/manipulator_disturbance_control -DAMENT_CMAKE_SYMLINK_INSTALL=1 -DCMAKE_INSTALL_PREFIX=/home/host/onda/ros_ws/install/manipulator_disturbance_control
[4.855s] DEBUG:colcon.colcon_core.event_handler.log_command:Invoked command in '/home/host/onda/ros_ws/build/manipulator_disturbance_control' returned '0': AMENT_PREFIX_PATH=/home/host/onda/ros_ws/install/manipulator_msgs:${AMENT_PREFIX_PATH} CMAKE_PREFIX_PATH=/home/host/onda/ros_ws/install/manipulator_msgs:/opt/ros/humble LD_LIBRARY_PATH=/home/host/onda/ros_ws/install/manipulator_msgs/lib:${LD_LIBRARY_PATH} PYTHONPATH=/home/host/onda/ros_ws/install/manipulator_msgs/local/lib/python3.10/dist-packages:${PYTHONPATH} /usr/bin/cmake /home/host/onda/ros_ws/src/manipulator_disturbance_control -DAMENT_CMAKE_SYMLINK_INSTALL=1 -DCMAKE_INSTALL_PREFIX=/home/host/onda/ros_ws/install/manipulator_disturbance_control
[4.856s] DEBUG:colcon.colcon_core.event_handler.log_command:Invoking command in '/home/host/onda/ros_ws/build/manipulator_disturbance_control': AMENT_PREFIX_PATH=/home/host/onda/ros_ws/install/manipulator_msgs:${AMENT_PREFIX_PATH} CMAKE_PREFIX_PATH=/home/host/onda/ros_ws/install/manipulator_msgs:/opt/ros/humble LD_LIBRARY_PATH=/home/host/onda/ros_ws/install/manipulator_msgs/lib:${LD_LIBRARY_PATH} PYTHONPATH=/home/host/onda/ros_ws/install/manipulator_msgs/local/lib/python3.10/dist-packages:${PYTHONPATH} /usr/bin/cmake --build /home/host/onda/ros_ws/build/manipulator_disturbance_control -- -j20 -l20
[8.809s] DEBUG:colcon.colcon_core.event_handler.log_command:Invoked command in '/home/host/onda/ros_ws/build/manipulator_disturbance_control' returned '0': AMENT_PREFIX_PATH=/home/host/onda/ros_ws/install/manipulator_msgs:${AMENT_PREFIX_PATH} CMAKE_PREFIX_PATH=/home/host/onda/ros_ws/install/manipulator_msgs:/opt/ros/humble LD_LIBRARY_PATH=/home/host/onda/ros_ws/install/manipulator_msgs/lib:${LD_LIBRARY_PATH} PYTHONPATH=/home/host/onda/ros_ws/install/manipulator_msgs/local/lib/python3.10/dist-packages:${PYTHONPATH} /usr/bin/cmake --build /home/host/onda/ros_ws/build/manipulator_disturbance_control -- -j20 -l20
[8.810s] DEBUG:colcon.colcon_core.event_handler.log_command:Invoking command in '/home/host/onda/ros_ws/build/manipulator_disturbance_control': AMENT_PREFIX_PATH=/home/host/onda/ros_ws/install/manipulator_msgs:${AMENT_PREFIX_PATH} CMAKE_PREFIX_PATH=/home/host/onda/ros_ws/install/manipulator_msgs:/opt/ros/humble LD_LIBRARY_PATH=/home/host/onda/ros_ws/install/manipulator_msgs/lib:${LD_LIBRARY_PATH} PYTHONPATH=/home/host/onda/ros_ws/install/manipulator_msgs/local/lib/python3.10/dist-packages:${PYTHONPATH} /usr/bin/cmake --install /home/host/onda/ros_ws/build/manipulator_disturbance_control
[9.033s] Level 1:colcon.colcon_core.environment:create_environment_scripts_only(manipulator_disturbance_control)
[9.034s] Level 1:colcon.colcon_core.environment:checking '/home/host/onda/ros_ws/install/manipulator_disturbance_control' for CMake module files
[9.035s] DEBUG:colcon.colcon_core.event_handler.log_command:Invoked command in '/home/host/onda/ros_ws/build/manipulator_disturbance_control' returned '0': AMENT_PREFIX_PATH=/home/host/onda/ros_ws/install/manipulator_msgs:${AMENT_PREFIX_PATH} CMAKE_PREFIX_PATH=/home/host/onda/ros_ws/install/manipulator_msgs:/opt/ros/humble LD_LIBRARY_PATH=/home/host/onda/ros_ws/install/manipulator_msgs/lib:${LD_LIBRARY_PATH} PYTHONPATH=/home/host/onda/ros_ws/install/manipulator_msgs/local/lib/python3.10/dist-packages:${PYTHONPATH} /usr/bin/cmake --install /home/host/onda/ros_ws/build/manipulator_disturbance_control
[9.035s] Level 1:colcon.colcon_core.environment:checking '/home/host/onda/ros_ws/install/manipulator_disturbance_control' for CMake config files
[9.036s] Level 1:colcon.colcon_core.shell:create_environment_hook('manipulator_disturbance_control', 'cmake_prefix_path')
[9.037s] INFO:colcon.colcon_core.shell:Creating environment hook '/home/host/onda/ros_ws/install/manipulator_disturbance_control/share/manipulator_disturbance_control/hook/cmake_prefix_path.ps1'
[9.038s] INFO:colcon.colcon_core.shell:Creating environment descriptor '/home/host/onda/ros_ws/install/manipulator_disturbance_control/share/manipulator_disturbance_control/hook/cmake_prefix_path.dsv'
[9.039s] INFO:colcon.colcon_core.shell:Creating environment hook '/home/host/onda/ros_ws/install/manipulator_disturbance_control/share/manipulator_disturbance_control/hook/cmake_prefix_path.sh'
[9.040s] Level 1:colcon.colcon_core.environment:checking '/home/host/onda/ros_ws/install/manipulator_disturbance_control/lib'
[9.040s] Level 1:colcon.colcon_core.environment:checking '/home/host/onda/ros_ws/install/manipulator_disturbance_control/bin'
[9.040s] Level 1:colcon.colcon_core.environment:checking '/home/host/onda/ros_ws/install/manipulator_disturbance_control/lib/pkgconfig/manipulator_disturbance_control.pc'
[9.041s] Level 1:colcon.colcon_core.environment:checking '/home/host/onda/ros_ws/install/manipulator_disturbance_control/lib/python3.10/site-packages'
[9.042s] Level 1:colcon.colcon_core.environment:checking '/home/host/onda/ros_ws/install/manipulator_disturbance_control/bin'
[9.042s] INFO:colcon.colcon_core.shell:Creating package script '/home/host/onda/ros_ws/install/manipulator_disturbance_control/share/manipulator_disturbance_control/package.ps1'
[9.043s] INFO:colcon.colcon_core.shell:Creating package descriptor '/home/host/onda/ros_ws/install/manipulator_disturbance_control/share/manipulator_disturbance_control/package.dsv'
[9.044s] INFO:colcon.colcon_core.shell:Creating package script '/home/host/onda/ros_ws/install/manipulator_disturbance_control/share/manipulator_disturbance_control/package.sh'
[9.045s] INFO:colcon.colcon_core.shell:Creating package script '/home/host/onda/ros_ws/install/manipulator_disturbance_control/share/manipulator_disturbance_control/package.bash'
[9.046s] INFO:colcon.colcon_core.shell:Creating package script '/home/host/onda/ros_ws/install/manipulator_disturbance_control/share/manipulator_disturbance_control/package.zsh'
[9.046s] Level 1:colcon.colcon_core.environment:create_file_with_runtime_dependencies(/home/host/onda/ros_ws/install/manipulator_disturbance_control/share/colcon-core/packages/manipulator_disturbance_control)
[9.048s] Level 1:colcon.colcon_core.environment:create_environment_scripts_only(manipulator_disturbance_control)
[9.048s] Level 1:colcon.colcon_core.environment:checking '/home/host/onda/ros_ws/install/manipulator_disturbance_control' for CMake module files
[9.049s] Level 1:colcon.colcon_core.environment:checking '/home/host/onda/ros_ws/install/manipulator_disturbance_control' for CMake config files
[9.050s] Level 1:colcon.colcon_core.shell:create_environment_hook('manipulator_disturbance_control', 'cmake_prefix_path')
[9.051s] INFO:colcon.colcon_core.shell:Creating environment hook '/home/host/onda/ros_ws/install/manipulator_disturbance_control/share/manipulator_disturbance_control/hook/cmake_prefix_path.ps1'
[9.052s] INFO:colcon.colcon_core.shell:Creating environment descriptor '/home/host/onda/ros_ws/install/manipulator_disturbance_control/share/manipulator_disturbance_control/hook/cmake_prefix_path.dsv'
[9.052s] INFO:colcon.colcon_core.shell:Creating environment hook '/home/host/onda/ros_ws/install/manipulator_disturbance_control/share/manipulator_disturbance_control/hook/cmake_prefix_path.sh'
[9.053s] Level 1:colcon.colcon_core.environment:checking '/home/host/onda/ros_ws/install/manipulator_disturbance_control/lib'
[9.053s] Level 1:colcon.colcon_core.environment:checking '/home/host/onda/ros_ws/install/manipulator_disturbance_control/bin'
[9.054s] Level 1:colcon.colcon_core.environment:checking '/home/host/onda/ros_ws/install/manipulator_disturbance_control/lib/pkgconfig/manipulator_disturbance_control.pc'
[9.054s] Level 1:colcon.colcon_core.environment:checking '/home/host/onda/ros_ws/install/manipulator_disturbance_control/lib/python3.10/site-packages'
[9.054s] Level 1:colcon.colcon_core.environment:checking '/home/host/onda/ros_ws/install/manipulator_disturbance_control/bin'
[9.055s] INFO:colcon.colcon_core.shell:Creating package script '/home/host/onda/ros_ws/install/manipulator_disturbance_control/share/manipulator_disturbance_control/package.ps1'
[9.056s] INFO:colcon.colcon_core.shell:Creating package descriptor '/home/host/onda/ros_ws/install/manipulator_disturbance_control/share/manipulator_disturbance_control/package.dsv'
[9.056s] INFO:colcon.colcon_core.shell:Creating package script '/home/host/onda/ros_ws/install/manipulator_disturbance_control/share/manipulator_disturbance_control/package.sh'
[9.057s] INFO:colcon.colcon_core.shell:Creating package script '/home/host/onda/ros_ws/install/manipulator_disturbance_control/share/manipulator_disturbance_control/package.bash'
[9.057s] INFO:colcon.colcon_core.shell:Creating package script '/home/host/onda/ros_ws/install/manipulator_disturbance_control/share/manipulator_disturbance_control/package.zsh'
[9.058s] Level 1:colcon.colcon_core.environment:create_file_with_runtime_dependencies(/home/host/onda/ros_ws/install/manipulator_disturbance_control/share/colcon-core/packages/manipulator_disturbance_control)
[9.058s] DEBUG:colcon.colcon_parallel_executor.executor.parallel:closing loop
[9.058s] DEBUG:colcon.colcon_parallel_executor.executor.parallel:loop closed
[9.058s] DEBUG:colcon.colcon_parallel_executor.executor.parallel:run_until_complete finished with '0'
[9.059s] DEBUG:colcon.colcon_core.event_reactor:joining thread
[9.066s] INFO:colcon.colcon_core.plugin_system:Skipping extension 'colcon_notification.desktop_notification.notify_send': Could not find 'notify-send'
[9.067s] INFO:colcon.colcon_core.plugin_system:Skipping extension 'colcon_notification.desktop_notification.terminal_notifier': Not used on non-Darwin systems
[9.067s] INFO:colcon.colcon_core.plugin_system:Skipping extension 'colcon_notification.desktop_notification.win32': Not used on non-Windows systems
[9.067s] INFO:colcon.colcon_notification.desktop_notification:Sending desktop notification using 'notify2'
[9.070s] DEBUG:colcon.colcon_notification.desktop_notification.notify2:Failed to initialize notify2: org.freedesktop.DBus.Error.Spawn.ExecFailed: /usr/bin/dbus-launch terminated abnormally without any error message
[9.071s] DEBUG:colcon.colcon_core.event_reactor:joined thread
[9.072s] INFO:colcon.colcon_core.shell:Creating prefix script '/home/host/onda/ros_ws/install/local_setup.ps1'
[9.073s] INFO:colcon.colcon_core.shell:Creating prefix util module '/home/host/onda/ros_ws/install/_local_setup_util_ps1.py'
[9.075s] INFO:colcon.colcon_core.shell:Creating prefix chain script '/home/host/onda/ros_ws/install/setup.ps1'
[9.077s] INFO:colcon.colcon_core.shell:Creating prefix script '/home/host/onda/ros_ws/install/local_setup.sh'
[9.077s] INFO:colcon.colcon_core.shell:Creating prefix util module '/home/host/onda/ros_ws/install/_local_setup_util_sh.py'
[9.078s] INFO:colcon.colcon_core.shell:Creating prefix chain script '/home/host/onda/ros_ws/install/setup.sh'
[9.080s] INFO:colcon.colcon_core.shell:Creating prefix script '/home/host/onda/ros_ws/install/local_setup.bash'
[9.080s] INFO:colcon.colcon_core.shell:Creating prefix chain script '/home/host/onda/ros_ws/install/setup.bash'
[9.081s] INFO:colcon.colcon_core.shell:Creating prefix script '/home/host/onda/ros_ws/install/local_setup.zsh'
[9.082s] INFO:colcon.colcon_core.shell:Creating prefix chain script '/home/host/onda/ros_ws/install/setup.zsh'
