[0.007s] Invoking command in '/home/host/ros_ws/build/braco_description': CMAKE_PREFIX_PATH=/opt/ros/humble /usr/bin/cmake --build /home/host/ros_ws/build/braco_description -- -j20 -l20
[0.023s] -- Found ament_cmake: 1.3.12 (/opt/ros/humble/share/ament_cmake/cmake)
[0.126s] -- Override CMake install command with custom implementation using symlinks instead of copying resources
[0.131s] -- Found urdf: 2.6.1 (/opt/ros/humble/share/urdf/cmake)
[0.152s] -- Found xacro: 2.1.1 (/opt/ros/humble/share/xacro/cmake)
[0.152s] -- Found rclpy: 3.3.17 (/opt/ros/humble/share/rclpy/cmake)
[0.194s] -- Found ament_lint_auto: 0.12.14 (/opt/ros/humble/share/ament_lint_auto/cmake)
[0.237s] -- Added test 'copyright' to check source files copyright and LICENSE
[0.239s] -- Added test 'flake8' to check Python code syntax and style conventions
[0.240s] -- Added test 'lint_cmake' to check CMake code style
[0.240s] -- Added test 'pep257' to check Python code against some of the docstring style conventions in PEP 257
[0.241s] -- Added test 'xmllint' to check XML markup files
[0.242s] -- Configuring done
[0.244s] -- Generating done
[0.245s] -- Build files have been written to: /home/host/ros_ws/build/braco_description
[0.280s] Built target ament_cmake_python_symlink_braco_description
[0.436s] running egg_info
[0.436s] writing braco_description.egg-info/PKG-INFO
[0.436s] writing dependency_links to braco_description.egg-info/dependency_links.txt
[0.436s] writing top-level names to braco_description.egg-info/top_level.txt
[0.438s] reading manifest file 'braco_description.egg-info/SOURCES.txt'
[0.438s] writing manifest file 'braco_description.egg-info/SOURCES.txt'
[0.454s] Built target ament_cmake_python_build_braco_description_egg
[0.462s] Invoked command in '/home/host/ros_ws/build/braco_description' returned '0': CMAKE_PREFIX_PATH=/opt/ros/humble /usr/bin/cmake --build /home/host/ros_ws/build/braco_description -- -j20 -l20
[0.467s] Invoking command in '/home/host/ros_ws/build/braco_description': CMAKE_PREFIX_PATH=/opt/ros/humble /usr/bin/cmake --install /home/host/ros_ws/build/braco_description
[0.471s] -- Install configuration: ""
[0.472s] -- Execute custom install script
[0.472s] -- Up-to-date symlink: /home/host/ros_ws/install/braco_description/share/braco_description/environment/pythonpath.sh
[0.472s] -- Up-to-date symlink: /home/host/ros_ws/install/braco_description/share/braco_description/environment/pythonpath.dsv
[0.472s] -- Up-to-date symlink: /home/host/ros_ws/install/braco_description/local/lib/python3.10/dist-packages/braco_description-1.0.0-py3.10.egg-info/PKG-INFO
[0.472s] -- Up-to-date symlink: /home/host/ros_ws/install/braco_description/local/lib/python3.10/dist-packages/braco_description-1.0.0-py3.10.egg-info/SOURCES.txt
[0.472s] -- Up-to-date symlink: /home/host/ros_ws/install/braco_description/local/lib/python3.10/dist-packages/braco_description-1.0.0-py3.10.egg-info/dependency_links.txt
[0.472s] -- Up-to-date symlink: /home/host/ros_ws/install/braco_description/local/lib/python3.10/dist-packages/braco_description-1.0.0-py3.10.egg-info/top_level.txt
[0.472s] -- Up-to-date symlink: /home/host/ros_ws/install/braco_description/local/lib/python3.10/dist-packages/braco_description/__init__.py
[0.473s] -- Up-to-date symlink: /home/host/ros_ws/install/braco_description/lib/braco_description/trajectory_publisher.py
[0.473s] -- Up-to-date symlink: /home/host/ros_ws/install/braco_description/lib/braco_description/send_trajectory.py
[0.473s] -- Symlinking: /home/host/ros_ws/install/braco_description/lib/braco_description/send_cartesian.py
[0.478s] -- Up-to-date symlink: /home/host/ros_ws/install/braco_description/share/braco_description//urdf/Braço.gazebo
[0.479s] -- Up-to-date symlink: /home/host/ros_ws/install/braco_description/share/braco_description//urdf/Braço.trans
[0.479s] -- Up-to-date symlink: /home/host/ros_ws/install/braco_description/share/braco_description//urdf/Braço.xacro
[0.479s] -- Up-to-date symlink: /home/host/ros_ws/install/braco_description/share/braco_description//urdf/braco.urdf
[0.479s] -- Up-to-date symlink: /home/host/ros_ws/install/braco_description/share/braco_description//urdf/braco_fixed.urdf
[0.479s] -- Up-to-date symlink: /home/host/ros_ws/install/braco_description/share/braco_description//urdf/materials.xacro
[0.479s] -- Up-to-date symlink: /home/host/ros_ws/install/braco_description/share/braco_description//meshes/base_link.stl
[0.479s] -- Up-to-date symlink: /home/host/ros_ws/install/braco_description/share/braco_description//meshes/prism1_1.stl
[0.479s] -- Up-to-date symlink: /home/host/ros_ws/install/braco_description/share/braco_description//meshes/rot1_1.stl
[0.479s] -- Up-to-date symlink: /home/host/ros_ws/install/braco_description/share/braco_description//meshes/rot2_1.stl
[0.479s] -- Up-to-date symlink: /home/host/ros_ws/install/braco_description/share/braco_description//meshes/rot3_1.stl
[0.479s] -- Up-to-date symlink: /home/host/ros_ws/install/braco_description/share/braco_description//meshes/rot4_1.stl
[0.480s] -- Up-to-date symlink: /home/host/ros_ws/install/braco_description/share/braco_description//launch/controller.launch
[0.480s] -- Up-to-date symlink: /home/host/ros_ws/install/braco_description/share/braco_description//launch/controller.yaml
[0.480s] -- Up-to-date symlink: /home/host/ros_ws/install/braco_description/share/braco_description//launch/display.launch
[0.480s] -- Up-to-date symlink: /home/host/ros_ws/install/braco_description/share/braco_description//launch/display.launch.py
[0.480s] -- Up-to-date symlink: /home/host/ros_ws/install/braco_description/share/braco_description//launch/gazebo.launch
[0.480s] -- Up-to-date symlink: /home/host/ros_ws/install/braco_description/share/braco_description//launch/gazebo.launch.py
[0.480s] -- Up-to-date symlink: /home/host/ros_ws/install/braco_description/share/braco_description//launch/trajectory.launch.py
[0.480s] -- Up-to-date symlink: /home/host/ros_ws/install/braco_description/share/braco_description//launch/urdf.rviz
[0.480s] -- Up-to-date symlink: /home/host/ros_ws/install/braco_description/share/braco_description//config/controllers.yaml
[0.480s] -- Up-to-date symlink: /home/host/ros_ws/install/braco_description/share/braco_description/launch//controller.yaml
[0.480s] -- Up-to-date symlink: /home/host/ros_ws/install/braco_description/share/braco_description/launch//urdf.rviz
[0.480s] -- Up-to-date symlink: /home/host/ros_ws/install/braco_description/share/ament_index/resource_index/package_run_dependencies/braco_description
[0.480s] -- Up-to-date symlink: /home/host/ros_ws/install/braco_description/share/ament_index/resource_index/parent_prefix_path/braco_description
[0.480s] -- Up-to-date symlink: /home/host/ros_ws/install/braco_description/share/braco_description/environment/ament_prefix_path.sh
[0.481s] -- Up-to-date symlink: /home/host/ros_ws/install/braco_description/share/braco_description/environment/ament_prefix_path.dsv
[0.481s] -- Up-to-date symlink: /home/host/ros_ws/install/braco_description/share/braco_description/environment/path.sh
[0.481s] -- Up-to-date symlink: /home/host/ros_ws/install/braco_description/share/braco_description/environment/path.dsv
[0.481s] -- Up-to-date symlink: /home/host/ros_ws/install/braco_description/share/braco_description/local_setup.bash
[0.481s] -- Up-to-date symlink: /home/host/ros_ws/install/braco_description/share/braco_description/local_setup.sh
[0.481s] -- Up-to-date symlink: /home/host/ros_ws/install/braco_description/share/braco_description/local_setup.zsh
[0.481s] -- Up-to-date symlink: /home/host/ros_ws/install/braco_description/share/braco_description/local_setup.dsv
[0.481s] -- Symlinking: /home/host/ros_ws/install/braco_description/share/braco_description/package.dsv
[0.485s] -- Up-to-date symlink: /home/host/ros_ws/install/braco_description/share/ament_index/resource_index/packages/braco_description
[0.485s] -- Up-to-date symlink: /home/host/ros_ws/install/braco_description/share/braco_description/cmake/braco_descriptionConfig.cmake
[0.485s] -- Up-to-date symlink: /home/host/ros_ws/install/braco_description/share/braco_description/cmake/braco_descriptionConfig-version.cmake
[0.485s] -- Up-to-date symlink: /home/host/ros_ws/install/braco_description/share/braco_description/package.xml
[0.502s] Listing '/home/host/ros_ws/install/braco_description/local/lib/python3.10/dist-packages/braco_description'...
[0.506s] Invoked command in '/home/host/ros_ws/build/braco_description' returned '0': CMAKE_PREFIX_PATH=/opt/ros/humble /usr/bin/cmake --install /home/host/ros_ws/build/braco_description
