[0.011s] Invoking command in '/home/host/onda/ros_ws/build/manipulator_gazebo': CMAKE_PREFIX_PATH=${CMAKE_PREFIX_PATH}:/opt/ros/humble /usr/bin/cmake --build /home/host/onda/ros_ws/build/manipulator_gazebo -- -j20 -l20
[0.051s] Invoked command in '/home/host/onda/ros_ws/build/manipulator_gazebo' returned '0': CMAKE_PREFIX_PATH=${CMAKE_PREFIX_PATH}:/opt/ros/humble /usr/bin/cmake --build /home/host/onda/ros_ws/build/manipulator_gazebo -- -j20 -l20
[0.053s] Invoking command in '/home/host/onda/ros_ws/build/manipulator_gazebo': CMAKE_PREFIX_PATH=${CMAKE_PREFIX_PATH}:/opt/ros/humble /usr/bin/cmake --install /home/host/onda/ros_ws/build/manipulator_gazebo
[0.065s] -- Install configuration: ""
[0.066s] -- Execute custom install script
[0.067s] -- Up-to-date symlink: /home/host/onda/ros_ws/install/manipulator_gazebo/share/manipulator_gazebo/launch/complete_system.launch
[0.067s] -- Up-to-date symlink: /home/host/onda/ros_ws/install/manipulator_gazebo/share/manipulator_gazebo/launch/spawn_manipulator.launch
[0.068s] -- Up-to-date symlink: /home/host/onda/ros_ws/install/manipulator_gazebo/share/manipulator_gazebo/urdf/simple_manipulator.urdf.xacro
[0.068s] -- Up-to-date symlink: /home/host/onda/ros_ws/install/manipulator_gazebo/share/manipulator_gazebo/worlds/simple_world.world
[0.069s] -- Up-to-date symlink: /home/host/onda/ros_ws/install/manipulator_gazebo/share/manipulator_gazebo/config/joint_controllers.yaml
[0.069s] -- Up-to-date symlink: /home/host/onda/ros_ws/install/manipulator_gazebo/share/manipulator_gazebo/config/joint_controllers_effort.yaml
[0.070s] -- Up-to-date symlink: /home/host/onda/ros_ws/install/manipulator_gazebo/share/manipulator_gazebo/config/pid_gains.yaml
[0.070s] -- Up-to-date symlink: /home/host/onda/ros_ws/install/manipulator_gazebo/share/ament_index/resource_index/package_run_dependencies/manipulator_gazebo
[0.071s] -- Up-to-date symlink: /home/host/onda/ros_ws/install/manipulator_gazebo/share/ament_index/resource_index/parent_prefix_path/manipulator_gazebo
[0.071s] -- Up-to-date symlink: /home/host/onda/ros_ws/install/manipulator_gazebo/share/manipulator_gazebo/environment/ament_prefix_path.sh
[0.071s] -- Up-to-date symlink: /home/host/onda/ros_ws/install/manipulator_gazebo/share/manipulator_gazebo/environment/ament_prefix_path.dsv
[0.072s] -- Up-to-date symlink: /home/host/onda/ros_ws/install/manipulator_gazebo/share/manipulator_gazebo/environment/path.sh
[0.072s] -- Up-to-date symlink: /home/host/onda/ros_ws/install/manipulator_gazebo/share/manipulator_gazebo/environment/path.dsv
[0.073s] -- Up-to-date symlink: /home/host/onda/ros_ws/install/manipulator_gazebo/share/manipulator_gazebo/local_setup.bash
[0.073s] -- Up-to-date symlink: /home/host/onda/ros_ws/install/manipulator_gazebo/share/manipulator_gazebo/local_setup.sh
[0.073s] -- Up-to-date symlink: /home/host/onda/ros_ws/install/manipulator_gazebo/share/manipulator_gazebo/local_setup.zsh
[0.074s] -- Up-to-date symlink: /home/host/onda/ros_ws/install/manipulator_gazebo/share/manipulator_gazebo/local_setup.dsv
[0.074s] -- Symlinking: /home/host/onda/ros_ws/install/manipulator_gazebo/share/manipulator_gazebo/package.dsv
[0.083s] -- Up-to-date symlink: /home/host/onda/ros_ws/install/manipulator_gazebo/share/ament_index/resource_index/packages/manipulator_gazebo
[0.083s] -- Up-to-date symlink: /home/host/onda/ros_ws/install/manipulator_gazebo/share/manipulator_gazebo/cmake/manipulator_gazeboConfig.cmake
[0.083s] -- Up-to-date symlink: /home/host/onda/ros_ws/install/manipulator_gazebo/share/manipulator_gazebo/cmake/manipulator_gazeboConfig-version.cmake
[0.084s] -- Up-to-date symlink: /home/host/onda/ros_ws/install/manipulator_gazebo/share/manipulator_gazebo/package.xml
[0.102s] Invoked command in '/home/host/onda/ros_ws/build/manipulator_gazebo' returned '0': CMAKE_PREFIX_PATH=${CMAKE_PREFIX_PATH}:/opt/ros/humble /usr/bin/cmake --install /home/host/onda/ros_ws/build/manipulator_gazebo
