[0.008s] Invoking command in '/home/host/onda/ros_ws/build/manipulator_gazebo': CMAKE_PREFIX_PATH=/opt/ros/humble /usr/bin/cmake /home/host/onda/ros_ws/src/manipulator_gazebo -DAMENT_CMAKE_SYMLINK_INSTALL=1 -DCMAKE_INSTALL_PREFIX=/home/host/onda/ros_ws/install/manipulator_gazebo
[0.044s] -- The C compiler identification is GNU 11.4.0
[0.083s] -- The CXX compiler identification is GNU 11.4.0
[0.089s] -- Detecting C compiler ABI info
[0.144s] -- Detecting C compiler ABI info - done
[0.149s] -- Check for working C compiler: /usr/bin/cc - skipped
[0.149s] -- Detecting C compile features
[0.150s] -- Detecting C compile features - done
[0.152s] -- Detecting CXX compiler ABI info
[0.202s] -- Detecting CXX compiler ABI info - done
[0.214s] -- Check for working CXX compiler: /usr/bin/c++ - skipped
[0.214s] -- Detecting CXX compile features
[0.215s] -- Detecting CXX compile features - done
[0.217s] -- Found ament_cmake: 1.3.12 (/opt/ros/humble/share/ament_cmake/cmake)
[0.320s] -- Found Python3: /usr/bin/python3 (found version "3.10.12") found components: Interpreter 
[0.364s] -- Override CMake install command with custom implementation using symlinks instead of copying resources
[0.402s] -- Found gazebo_ros: 3.9.0 (/opt/ros/humble/share/gazebo_ros/cmake)
[0.442s] -- Found rosidl_generator_c: 3.1.7 (/opt/ros/humble/share/rosidl_generator_c/cmake)
[0.445s] -- Found rosidl_adapter: 3.1.7 (/opt/ros/humble/share/rosidl_adapter/cmake)
[0.451s] -- Found rosidl_generator_cpp: 3.1.7 (/opt/ros/humble/share/rosidl_generator_cpp/cmake)
[0.459s] -- Using all available rosidl_typesupport_c: rosidl_typesupport_fastrtps_c;rosidl_typesupport_introspection_c
[0.470s] -- Using all available rosidl_typesupport_cpp: rosidl_typesupport_fastrtps_cpp;rosidl_typesupport_introspection_cpp
[0.501s] -- Found rmw_implementation_cmake: 6.1.2 (/opt/ros/humble/share/rmw_implementation_cmake/cmake)
[0.505s] -- Found rmw_fastrtps_cpp: 6.2.9 (/opt/ros/humble/share/rmw_fastrtps_cpp/cmake)
[0.573s] -- Found OpenSSL: /usr/lib/x86_64-linux-gnu/libcrypto.so (found version "3.0.2")  
[0.595s] -- Found FastRTPS: /opt/ros/humble/include  
[0.628s] -- Using RMW implementation 'rmw_fastrtps_cpp' as default
[0.635s] -- Looking for pthread.h
[0.685s] -- Looking for pthread.h - found
[0.685s] -- Performing Test CMAKE_HAVE_LIBC_PTHREAD
[0.742s] -- Performing Test CMAKE_HAVE_LIBC_PTHREAD - Success
[0.743s] -- Found Threads: TRUE  
[0.784s] -- Found PkgConfig: /usr/bin/pkg-config (found version "0.29.2") 
[0.785s] -- Checking for module 'bullet>=2.82'
[0.796s] --   Found bullet, version 3.05
[0.898s] -- Found fcl: /usr/include (found suitable version "0.7.0", minimum required is "0.5.0") 
[0.966s] -- Found assimp: /usr/include (found version "5.2.0") 
[0.980s] -- Found DART: /usr/include (Required is at least version "6.6") found components: dart 
[1.004s] -- Found Boost: /usr/lib/x86_64-linux-gnu/cmake/Boost-1.74.0/BoostConfig.cmake (found suitable version "1.74.0", minimum required is "1.40.0") found components: thread system filesystem program_options regex iostreams date_time 
[1.015s] -- Found Protobuf: /usr/lib/x86_64-linux-gnu/libprotobuf.so (found version "3.12.4") 
[1.020s] -- Looking for ignition-math6 -- found version 6.15.1
[1.025s] -- Searching for dependencies of ignition-math6
[1.026s] -- Looking for OGRE...
[1.026s] -- OGRE_PREFIX_WATCH changed.
[1.031s] -- Checking for module 'OGRE'
[1.042s] --   Found OGRE, version 1.9.0
[1.072s] -- Found Ogre Ghadamon (1.9.0)
[1.076s] -- Found OGRE: optimized;/usr/lib/x86_64-linux-gnu/libOgreMain.so;debug;/usr/lib/x86_64-linux-gnu/libOgreMain.so
[1.083s] -- Looking for OGRE_Paging...
[1.087s] -- Found OGRE_Paging: optimized;/usr/lib/x86_64-linux-gnu/libOgrePaging.so;debug;/usr/lib/x86_64-linux-gnu/libOgrePaging.so
[1.087s] -- Looking for OGRE_Terrain...
[1.092s] -- Found OGRE_Terrain: optimized;/usr/lib/x86_64-linux-gnu/libOgreTerrain.so;debug;/usr/lib/x86_64-linux-gnu/libOgreTerrain.so
[1.092s] -- Looking for OGRE_Property...
[1.097s] -- Found OGRE_Property: optimized;/usr/lib/x86_64-linux-gnu/libOgreProperty.so;debug;/usr/lib/x86_64-linux-gnu/libOgreProperty.so
[1.097s] -- Looking for OGRE_RTShaderSystem...
[1.101s] -- Found OGRE_RTShaderSystem: optimized;/usr/lib/x86_64-linux-gnu/libOgreRTShaderSystem.so;debug;/usr/lib/x86_64-linux-gnu/libOgreRTShaderSystem.so
[1.101s] -- Looking for OGRE_Volume...
[1.104s] -- Found OGRE_Volume: optimized;/usr/lib/x86_64-linux-gnu/libOgreVolume.so;debug;/usr/lib/x86_64-linux-gnu/libOgreVolume.so
[1.104s] -- Looking for OGRE_Overlay...
[1.107s] -- Found OGRE_Overlay: optimized;/usr/lib/x86_64-linux-gnu/libOgreOverlay.so;debug;/usr/lib/x86_64-linux-gnu/libOgreOverlay.so
[1.172s] -- Looking for ignition-math6 -- found version 6.15.1
[1.174s] -- Looking for ignition-transport8 -- found version 8.2.1
[1.174s] -- Searching for dependencies of ignition-transport8
[1.190s] -- Found Protobuf: /usr/lib/x86_64-linux-gnu/libprotobuf.so (found suitable version "3.12.4", minimum required is "3") 
[1.202s] -- Config-file not installed for ZeroMQ -- checking for pkg-config
[1.207s] -- Checking for module 'libzmq >= 4'
[1.216s] --   Found libzmq , version 4.3.4
[1.243s] -- Found ZeroMQ: TRUE (Required is at least version "4") 
[1.247s] -- Checking for module 'uuid'
[1.259s] --   Found uuid, version 2.37.2
[1.284s] -- Found UUID: TRUE  
[1.286s] -- Looking for ignition-msgs5 -- found version 5.8.1
[1.287s] -- Searching for dependencies of ignition-msgs5
[1.302s] -- Looking for ignition-math6 -- found version 6.15.1
[1.307s] -- Checking for module 'tinyxml2'
[1.318s] --   Found tinyxml2, version 9.0.0
[1.344s] -- Looking for ignition-msgs5 -- found version 5.8.1
[1.346s] -- Looking for ignition-common3 -- found version 3.14.0
[1.346s] -- Searching for dependencies of ignition-common3
[1.346s] -- Looking for dlfcn.h - found
[1.347s] -- Looking for libdl - found
[1.348s] -- Found DL: TRUE  
[1.359s] -- Found tinyobjloader: /usr/lib/x86_64-linux-gnu/cmake/tinyobjloader/tinyobjloader-config.cmake (found version "2.0.0") 
[1.360s] -- Searching for <ignition-common3> component [graphics]
[1.362s] -- Looking for ignition-common3-graphics -- found version 3.14.0
[1.363s] -- Searching for dependencies of ignition-common3-graphics
[1.363s] -- Looking for ignition-math6 -- found version 6.15.1
[1.366s] -- Looking for ignition-fuel_tools4 -- found version 4.4.0
[1.366s] -- Searching for dependencies of ignition-fuel_tools4
[1.457s] -- Found CURL: /usr/lib/x86_64-linux-gnu/libcurl.so (found version "7.81.0")  
[1.466s] -- Checking for module 'jsoncpp'
[1.476s] --   Found jsoncpp, version 1.9.5
[1.502s] -- Found JSONCPP: TRUE  
[1.507s] -- Checking for module 'libzip'
[1.518s] --   Found libzip, version 1.7.3
[1.547s] -- Found ZIP: TRUE  
[1.548s] -- Looking for ignition-common3 -- found version 3.14.0
[1.548s] -- Looking for ignition-math6 -- found version 6.15.1
[1.548s] -- Looking for ignition-msgs5 -- found version 5.8.1
[1.554s] -- Gazebo version: 11.10
[1.554s] -- Checking for module 'tbb'
[1.564s] --   Found tbb, version 2021.5.0
[1.591s] -- Found ros2_control: 2.52.2 (/opt/ros/humble/share/ros2_control/cmake)
[1.593s] -- Found ros2_controllers: 2.50.2 (/opt/ros/humble/share/ros2_controllers/cmake)
[1.594s] -- Found controller_manager: 2.52.2 (/opt/ros/humble/share/controller_manager/cmake)
[1.736s] -- Found robot_state_publisher: 3.0.3 (/opt/ros/humble/share/robot_state_publisher/cmake)
[1.746s] -- Found eigen3_cmake_module: 0.1.1 (/opt/ros/humble/share/eigen3_cmake_module/cmake)
[1.747s] -- Found Eigen3: TRUE (found version "3.4.0") 
[1.747s] -- Ensuring Eigen3 include directory is part of orocos-kdl CMake target
[1.802s] -- Found xacro: 2.1.1 (/opt/ros/humble/share/xacro/cmake)
[1.804s] -- Found ament_lint_auto: 0.12.14 (/opt/ros/humble/share/ament_lint_auto/cmake)
[1.866s] -- Added test 'copyright' to check source files copyright and LICENSE
[1.868s] -- Added test 'flake8' to check Python code syntax and style conventions
[1.868s] -- Added test 'lint_cmake' to check CMake code style
[1.869s] -- Added test 'pep257' to check Python code against some of the docstring style conventions in PEP 257
[1.869s] -- Added test 'xmllint' to check XML markup files
[1.870s] -- Configuring done
[1.876s] -- Generating done
[1.878s] -- Build files have been written to: /home/host/onda/ros_ws/build/manipulator_gazebo
[1.890s] Invoked command in '/home/host/onda/ros_ws/build/manipulator_gazebo' returned '0': CMAKE_PREFIX_PATH=/opt/ros/humble /usr/bin/cmake /home/host/onda/ros_ws/src/manipulator_gazebo -DAMENT_CMAKE_SYMLINK_INSTALL=1 -DCMAKE_INSTALL_PREFIX=/home/host/onda/ros_ws/install/manipulator_gazebo
[1.892s] Invoking command in '/home/host/onda/ros_ws/build/manipulator_gazebo': CMAKE_PREFIX_PATH=/opt/ros/humble /usr/bin/cmake --build /home/host/onda/ros_ws/build/manipulator_gazebo -- -j20 -l20
[1.924s] Invoked command in '/home/host/onda/ros_ws/build/manipulator_gazebo' returned '0': CMAKE_PREFIX_PATH=/opt/ros/humble /usr/bin/cmake --build /home/host/onda/ros_ws/build/manipulator_gazebo -- -j20 -l20
[1.925s] Invoking command in '/home/host/onda/ros_ws/build/manipulator_gazebo': CMAKE_PREFIX_PATH=/opt/ros/humble /usr/bin/cmake --install /home/host/onda/ros_ws/build/manipulator_gazebo
[1.931s] -- Install configuration: ""
[1.931s] -- Execute custom install script
[1.931s] -- Symlinking: /home/host/onda/ros_ws/install/manipulator_gazebo/share/manipulator_gazebo/launch/complete_system.launch
[1.940s] -- Symlinking: /home/host/onda/ros_ws/install/manipulator_gazebo/share/manipulator_gazebo/launch/spawn_manipulator.launch
[1.945s] -- Symlinking: /home/host/onda/ros_ws/install/manipulator_gazebo/share/manipulator_gazebo/urdf/simple_manipulator.urdf.xacro
[1.950s] -- Symlinking: /home/host/onda/ros_ws/install/manipulator_gazebo/share/manipulator_gazebo/worlds/simple_world.world
[1.956s] -- Symlinking: /home/host/onda/ros_ws/install/manipulator_gazebo/share/manipulator_gazebo/config/joint_controllers.yaml
[1.961s] -- Symlinking: /home/host/onda/ros_ws/install/manipulator_gazebo/share/manipulator_gazebo/config/joint_controllers_effort.yaml
[1.967s] -- Symlinking: /home/host/onda/ros_ws/install/manipulator_gazebo/share/manipulator_gazebo/config/pid_gains.yaml
[1.974s] -- Symlinking: /home/host/onda/ros_ws/install/manipulator_gazebo/share/ament_index/resource_index/package_run_dependencies/manipulator_gazebo
[1.979s] -- Symlinking: /home/host/onda/ros_ws/install/manipulator_gazebo/share/ament_index/resource_index/parent_prefix_path/manipulator_gazebo
[1.986s] -- Symlinking: /home/host/onda/ros_ws/install/manipulator_gazebo/share/manipulator_gazebo/environment/ament_prefix_path.sh
[1.991s] -- Symlinking: /home/host/onda/ros_ws/install/manipulator_gazebo/share/manipulator_gazebo/environment/ament_prefix_path.dsv
[1.997s] -- Symlinking: /home/host/onda/ros_ws/install/manipulator_gazebo/share/manipulator_gazebo/environment/path.sh
[2.004s] -- Symlinking: /home/host/onda/ros_ws/install/manipulator_gazebo/share/manipulator_gazebo/environment/path.dsv
[2.011s] -- Symlinking: /home/host/onda/ros_ws/install/manipulator_gazebo/share/manipulator_gazebo/local_setup.bash
[2.017s] -- Symlinking: /home/host/onda/ros_ws/install/manipulator_gazebo/share/manipulator_gazebo/local_setup.sh
[2.026s] -- Symlinking: /home/host/onda/ros_ws/install/manipulator_gazebo/share/manipulator_gazebo/local_setup.zsh
[2.034s] -- Symlinking: /home/host/onda/ros_ws/install/manipulator_gazebo/share/manipulator_gazebo/local_setup.dsv
[2.043s] -- Symlinking: /home/host/onda/ros_ws/install/manipulator_gazebo/share/manipulator_gazebo/package.dsv
[2.050s] -- Symlinking: /home/host/onda/ros_ws/install/manipulator_gazebo/share/ament_index/resource_index/packages/manipulator_gazebo
[2.057s] -- Symlinking: /home/host/onda/ros_ws/install/manipulator_gazebo/share/manipulator_gazebo/cmake/manipulator_gazeboConfig.cmake
[2.062s] -- Symlinking: /home/host/onda/ros_ws/install/manipulator_gazebo/share/manipulator_gazebo/cmake/manipulator_gazeboConfig-version.cmake
[2.069s] -- Symlinking: /home/host/onda/ros_ws/install/manipulator_gazebo/share/manipulator_gazebo/package.xml
[2.081s] Invoked command in '/home/host/onda/ros_ws/build/manipulator_gazebo' returned '0': CMAKE_PREFIX_PATH=/opt/ros/humble /usr/bin/cmake --install /home/host/onda/ros_ws/build/manipulator_gazebo
