[0.032s] Invoking command in '/home/host/ros_ws/build/braco_description': CMAKE_PREFIX_PATH=/opt/ros/humble:${CMAKE_PREFIX_PATH} /usr/bin/cmake --build /home/host/ros_ws/build/braco_description -- -j8 -l8
[0.056s] -- Found ament_cmake: 1.3.12 (/opt/ros/humble/share/ament_cmake/cmake)
[0.177s] -- Found urdf: 2.6.1 (/opt/ros/humble/share/urdf/cmake)
[0.213s] -- Found xacro: 2.1.1 (/opt/ros/humble/share/xacro/cmake)
[0.214s] -- Found ament_lint_auto: 0.12.14 (/opt/ros/humble/share/ament_lint_auto/cmake)
[0.283s] -- Added test 'copyright' to check source files copyright and LICENSE
[0.285s] -- Added test 'flake8' to check Python code syntax and style conventions
[0.286s] -- Added test 'lint_cmake' to check CMake code style
[0.286s] -- Added test 'pep257' to check Python code against some of the docstring style conventions in PEP 257
[0.288s] -- Added test 'xmllint' to check XML markup files
[0.288s] -- Configuring done
[0.291s] -- Generating done
[0.293s] -- Build files have been written to: /home/host/ros_ws/build/braco_description
[0.313s] Invoked command in '/home/host/ros_ws/build/braco_description' returned '0': CMAKE_PREFIX_PATH=/opt/ros/humble:${CMAKE_PREFIX_PATH} /usr/bin/cmake --build /home/host/ros_ws/build/braco_description -- -j8 -l8
[0.323s] Invoking command in '/home/host/ros_ws/build/braco_description': CMAKE_PREFIX_PATH=/opt/ros/humble:${CMAKE_PREFIX_PATH} /usr/bin/cmake --install /home/host/ros_ws/build/braco_description
[0.330s] -- Install configuration: ""
[0.330s] -- Up-to-date: /home/host/ros_ws/install/braco_description/share/braco_description//urdf
[0.330s] -- Up-to-date: /home/host/ros_ws/install/braco_description/share/braco_description//urdf/braco.xacro
[0.331s] -- Installing: /home/host/ros_ws/install/braco_description/share/braco_description//urdf/braco.gazebo
[0.331s] -- Up-to-date: /home/host/ros_ws/install/braco_description/share/braco_description//urdf/braco.trans
[0.331s] -- Up-to-date: /home/host/ros_ws/install/braco_description/share/braco_description//urdf/materials.xacro
[0.331s] -- Up-to-date: /home/host/ros_ws/install/braco_description/share/braco_description//meshes
[0.331s] -- Up-to-date: /home/host/ros_ws/install/braco_description/share/braco_description//meshes/rot3_1.stl
[0.331s] -- Up-to-date: /home/host/ros_ws/install/braco_description/share/braco_description//meshes/base_link.stl
[0.331s] -- Up-to-date: /home/host/ros_ws/install/braco_description/share/braco_description//meshes/rot2_1.stl
[0.332s] -- Up-to-date: /home/host/ros_ws/install/braco_description/share/braco_description//meshes/prism1_1.stl
[0.332s] -- Up-to-date: /home/host/ros_ws/install/braco_description/share/braco_description//meshes/rot4_1.stl
[0.332s] -- Up-to-date: /home/host/ros_ws/install/braco_description/share/braco_description//meshes/rot1_1.stl
[0.332s] -- Up-to-date: /home/host/ros_ws/install/braco_description/share/braco_description//launch
[0.332s] -- Up-to-date: /home/host/ros_ws/install/braco_description/share/braco_description//launch/gazebo.launch.py
[0.332s] -- Up-to-date: /home/host/ros_ws/install/braco_description/share/braco_description//launch/display.launch
[0.332s] -- Up-to-date: /home/host/ros_ws/install/braco_description/share/braco_description//launch/urdf.rviz
[0.332s] -- Up-to-date: /home/host/ros_ws/install/braco_description/share/braco_description//launch/controller.launch
[0.332s] -- Up-to-date: /home/host/ros_ws/install/braco_description/share/braco_description//launch/controller.yaml
[0.333s] -- Up-to-date: /home/host/ros_ws/install/braco_description/share/braco_description//launch/gazebo.launch
[0.333s] -- Up-to-date: /home/host/ros_ws/install/braco_description/share/braco_description//launch/display.launch.py
[0.333s] -- Up-to-date: /home/host/ros_ws/install/braco_description/share/braco_description/launch/controller.yaml
[0.334s] -- Up-to-date: /home/host/ros_ws/install/braco_description/share/braco_description/launch/urdf.rviz
[0.334s] -- Up-to-date: /home/host/ros_ws/install/braco_description/share/ament_index/resource_index/package_run_dependencies/braco_description
[0.334s] -- Up-to-date: /home/host/ros_ws/install/braco_description/share/ament_index/resource_index/parent_prefix_path/braco_description
[0.334s] -- Up-to-date: /home/host/ros_ws/install/braco_description/share/braco_description/environment/ament_prefix_path.sh
[0.335s] -- Installing: /home/host/ros_ws/install/braco_description/share/braco_description/environment/ament_prefix_path.dsv
[0.335s] -- Up-to-date: /home/host/ros_ws/install/braco_description/share/braco_description/environment/path.sh
[0.335s] -- Installing: /home/host/ros_ws/install/braco_description/share/braco_description/environment/path.dsv
[0.335s] -- Up-to-date: /home/host/ros_ws/install/braco_description/share/braco_description/local_setup.bash
[0.335s] -- Up-to-date: /home/host/ros_ws/install/braco_description/share/braco_description/local_setup.sh
[0.336s] -- Up-to-date: /home/host/ros_ws/install/braco_description/share/braco_description/local_setup.zsh
[0.336s] -- Installing: /home/host/ros_ws/install/braco_description/share/braco_description/local_setup.dsv
[0.336s] -- Installing: /home/host/ros_ws/install/braco_description/share/braco_description/package.dsv
[0.336s] -- Up-to-date: /home/host/ros_ws/install/braco_description/share/ament_index/resource_index/packages/braco_description
[0.337s] -- Up-to-date: /home/host/ros_ws/install/braco_description/share/braco_description/cmake/braco_descriptionConfig.cmake
[0.337s] -- Up-to-date: /home/host/ros_ws/install/braco_description/share/braco_description/cmake/braco_descriptionConfig-version.cmake
[0.337s] -- Installing: /home/host/ros_ws/install/braco_description/share/braco_description/package.xml
[0.337s] Invoked command in '/home/host/ros_ws/build/braco_description' returned '0': CMAKE_PREFIX_PATH=/opt/ros/humble:${CMAKE_PREFIX_PATH} /usr/bin/cmake --install /home/host/ros_ws/build/braco_description
