[0.010s] Invoking command in '/home/host/ros_ws/build/manipulator_disturbance_control': CMAKE_PREFIX_PATH=/home/host/ros_ws/install/manipulator_msgs:/home/host/ros_ws/install/manipulator_disturbance_control:/home/host/ros_ws/install/manipulator_gazebo:/home/host/ros_ws/install/braco_description:/opt/ros/humble /usr/bin/cmake --build /home/host/ros_ws/build/manipulator_disturbance_control -- -j8 -l8
[0.074s] [ 50%] Built target test_disturbance_client
[0.080s] [100%] Built target disturbance_applier_node
[0.090s] Invoked command in '/home/host/ros_ws/build/manipulator_disturbance_control' returned '0': CMAKE_PREFIX_PATH=/home/host/ros_ws/install/manipulator_msgs:/home/host/ros_ws/install/manipulator_disturbance_control:/home/host/ros_ws/install/manipulator_gazebo:/home/host/ros_ws/install/braco_description:/opt/ros/humble /usr/bin/cmake --build /home/host/ros_ws/build/manipulator_disturbance_control -- -j8 -l8
[0.092s] Invoking command in '/home/host/ros_ws/build/manipulator_disturbance_control': CMAKE_PREFIX_PATH=/home/host/ros_ws/install/manipulator_msgs:/home/host/ros_ws/install/manipulator_disturbance_control:/home/host/ros_ws/install/manipulator_gazebo:/home/host/ros_ws/install/braco_description:/opt/ros/humble /usr/bin/cmake --install /home/host/ros_ws/build/manipulator_disturbance_control
[0.098s] -- Install configuration: ""
[0.098s] -- Execute custom install script
[0.099s] -- Up-to-date symlink: /home/host/ros_ws/install/manipulator_disturbance_control/lib/manipulator_disturbance_control/disturbance_applier_node
[0.099s] -- Up-to-date symlink: /home/host/ros_ws/install/manipulator_disturbance_control/lib/manipulator_disturbance_control/test_disturbance_client
[0.099s] -- Up-to-date symlink: /home/host/ros_ws/install/manipulator_disturbance_control/lib/manipulator_disturbance_control/test_disturbance_client.py
[0.099s] -- Up-to-date symlink: /home/host/ros_ws/install/manipulator_disturbance_control/lib/manipulator_disturbance_control/interactive_trajectory_maker.py
[0.100s] -- Up-to-date symlink: /home/host/ros_ws/install/manipulator_disturbance_control/share/manipulator_disturbance_control/launch/disturbance_control.launch
[0.100s] -- Up-to-date symlink: /home/host/ros_ws/install/manipulator_disturbance_control/share/manipulator_disturbance_control/launch/trajectory_control.launch
[0.100s] -- Up-to-date symlink: /home/host/ros_ws/install/manipulator_disturbance_control/share/manipulator_disturbance_control/launch/trajectory_demo.launch
[0.100s] -- Up-to-date symlink: /home/host/ros_ws/install/manipulator_disturbance_control/share/manipulator_disturbance_control/launch/trajectory_disturbance_test.launch
[0.100s] -- Up-to-date symlink: /home/host/ros_ws/install/manipulator_disturbance_control/share/manipulator_disturbance_control/launch/trajectory_maker.launch.py
[0.100s] -- Up-to-date symlink: /home/host/ros_ws/install/manipulator_disturbance_control/share/ament_index/resource_index/package_run_dependencies/manipulator_disturbance_control
[0.101s] -- Up-to-date symlink: /home/host/ros_ws/install/manipulator_disturbance_control/share/ament_index/resource_index/parent_prefix_path/manipulator_disturbance_control
[0.101s] -- Up-to-date symlink: /home/host/ros_ws/install/manipulator_disturbance_control/share/manipulator_disturbance_control/environment/ament_prefix_path.sh
[0.101s] -- Up-to-date symlink: /home/host/ros_ws/install/manipulator_disturbance_control/share/manipulator_disturbance_control/environment/ament_prefix_path.dsv
[0.101s] -- Up-to-date symlink: /home/host/ros_ws/install/manipulator_disturbance_control/share/manipulator_disturbance_control/environment/path.sh
[0.101s] -- Up-to-date symlink: /home/host/ros_ws/install/manipulator_disturbance_control/share/manipulator_disturbance_control/environment/path.dsv
[0.101s] -- Up-to-date symlink: /home/host/ros_ws/install/manipulator_disturbance_control/share/manipulator_disturbance_control/local_setup.bash
[0.102s] -- Up-to-date symlink: /home/host/ros_ws/install/manipulator_disturbance_control/share/manipulator_disturbance_control/local_setup.sh
[0.102s] -- Up-to-date symlink: /home/host/ros_ws/install/manipulator_disturbance_control/share/manipulator_disturbance_control/local_setup.zsh
[0.102s] -- Up-to-date symlink: /home/host/ros_ws/install/manipulator_disturbance_control/share/manipulator_disturbance_control/local_setup.dsv
[0.102s] -- Symlinking: /home/host/ros_ws/install/manipulator_disturbance_control/share/manipulator_disturbance_control/package.dsv
[0.110s] -- Up-to-date symlink: /home/host/ros_ws/install/manipulator_disturbance_control/share/ament_index/resource_index/packages/manipulator_disturbance_control
[0.111s] -- Up-to-date symlink: /home/host/ros_ws/install/manipulator_disturbance_control/share/manipulator_disturbance_control/cmake/manipulator_disturbance_controlConfig.cmake
[0.111s] -- Up-to-date symlink: /home/host/ros_ws/install/manipulator_disturbance_control/share/manipulator_disturbance_control/cmake/manipulator_disturbance_controlConfig-version.cmake
[0.111s] -- Up-to-date symlink: /home/host/ros_ws/install/manipulator_disturbance_control/share/manipulator_disturbance_control/package.xml
[0.113s] Invoked command in '/home/host/ros_ws/build/manipulator_disturbance_control' returned '0': CMAKE_PREFIX_PATH=/home/host/ros_ws/install/manipulator_msgs:/home/host/ros_ws/install/manipulator_disturbance_control:/home/host/ros_ws/install/manipulator_gazebo:/home/host/ros_ws/install/braco_description:/opt/ros/humble /usr/bin/cmake --install /home/host/ros_ws/build/manipulator_disturbance_control
