[0.014s] Invoking command in '/home/host/ros_ws/build/manipulator_gazebo': CMAKE_PREFIX_PATH=/opt/ros/humble /usr/bin/cmake /home/host/ros_ws/manipulator_gazebo -DCMAKE_INSTALL_PREFIX=/home/host/ros_ws/install/manipulator_gazebo
[0.063s] -- The C compiler identification is GNU 11.4.0
[0.122s] -- The CXX compiler identification is GNU 11.4.0
[0.129s] -- Detecting C compiler ABI info
[0.191s] -- Detecting C compiler ABI info - done
[0.206s] -- Check for working C compiler: /usr/bin/cc - skipped
[0.207s] -- Detecting C compile features
[0.207s] -- Detecting C compile features - done
[0.213s] -- Detecting CXX compiler ABI info
[0.290s] -- Detecting CXX compiler ABI info - done
[0.299s] -- Check for working CXX compiler: /usr/bin/c++ - skipped
[0.299s] -- Detecting CXX compile features
[0.300s] -- Detecting CXX compile features - done
[0.303s] -- Found ament_cmake: 1.3.12 (/opt/ros/humble/share/ament_cmake/cmake)
[0.474s] -- Found Python3: /usr/bin/python3 (found version "3.10.12") found components: Interpreter 
[0.594s] -- Found gazebo_ros: 3.9.0 (/opt/ros/humble/share/gazebo_ros/cmake)
[0.669s] -- Found rosidl_generator_c: 3.1.7 (/opt/ros/humble/share/rosidl_generator_c/cmake)
[0.677s] -- Found rosidl_adapter: 3.1.7 (/opt/ros/humble/share/rosidl_adapter/cmake)
[0.690s] -- Found rosidl_generator_cpp: 3.1.7 (/opt/ros/humble/share/rosidl_generator_cpp/cmake)
[0.710s] -- Using all available rosidl_typesupport_c: rosidl_typesupport_fastrtps_c;rosidl_typesupport_introspection_c
[0.747s] -- Using all available rosidl_typesupport_cpp: rosidl_typesupport_fastrtps_cpp;rosidl_typesupport_introspection_cpp
[0.820s] -- Found rmw_implementation_cmake: 6.1.2 (/opt/ros/humble/share/rmw_implementation_cmake/cmake)
[0.826s] -- Found rmw_fastrtps_cpp: 6.2.9 (/opt/ros/humble/share/rmw_fastrtps_cpp/cmake)
[0.932s] -- Found OpenSSL: /usr/lib/x86_64-linux-gnu/libcrypto.so (found version "3.0.2")  
[0.964s] -- Found FastRTPS: /opt/ros/humble/include  
[1.018s] -- Using RMW implementation 'rmw_fastrtps_cpp' as default
[1.034s] -- Looking for pthread.h
[1.102s] -- Looking for pthread.h - found
[1.102s] -- Performing Test CMAKE_HAVE_LIBC_PTHREAD
[1.165s] -- Performing Test CMAKE_HAVE_LIBC_PTHREAD - Success
[1.166s] -- Found Threads: TRUE  
[1.250s] -- Found PkgConfig: /usr/bin/pkg-config (found version "0.29.2") 
[1.251s] -- Checking for module 'bullet>=2.82'
[1.260s] --   Found bullet, version 3.05
[1.348s] -- Found fcl: /usr/include (found suitable version "0.7.0", minimum required is "0.5.0") 
[1.383s] -- Found assimp: /usr/include (found version "5.2.0") 
[1.409s] -- Found DART: /usr/include (Required is at least version "6.6") found components: dart 
[1.449s] -- Found Boost: /usr/lib/x86_64-linux-gnu/cmake/Boost-1.74.0/BoostConfig.cmake (found suitable version "1.74.0", minimum required is "1.40.0") found components: thread system filesystem program_options regex iostreams date_time 
[1.462s] -- Found Protobuf: /usr/lib/x86_64-linux-gnu/libprotobuf.so (found version "3.12.4") 
[1.471s] -- Looking for ignition-math6 -- found version 6.15.1
[1.479s] -- Searching for dependencies of ignition-math6
[1.481s] -- Looking for OGRE...
[1.481s] -- OGRE_PREFIX_WATCH changed.
[1.485s] -- Checking for module 'OGRE'
[1.495s] --   Found OGRE, version 1.9.0
[1.518s] -- Found Ogre Ghadamon (1.9.0)
[1.523s] -- Found OGRE: optimized;/usr/lib/x86_64-linux-gnu/libOgreMain.so;debug;/usr/lib/x86_64-linux-gnu/libOgreMain.so
[1.535s] -- Looking for OGRE_Paging...
[1.541s] -- Found OGRE_Paging: optimized;/usr/lib/x86_64-linux-gnu/libOgrePaging.so;debug;/usr/lib/x86_64-linux-gnu/libOgrePaging.so
[1.541s] -- Looking for OGRE_Terrain...
[1.544s] -- Found OGRE_Terrain: optimized;/usr/lib/x86_64-linux-gnu/libOgreTerrain.so;debug;/usr/lib/x86_64-linux-gnu/libOgreTerrain.so
[1.545s] -- Looking for OGRE_Property...
[1.549s] -- Found OGRE_Property: optimized;/usr/lib/x86_64-linux-gnu/libOgreProperty.so;debug;/usr/lib/x86_64-linux-gnu/libOgreProperty.so
[1.549s] -- Looking for OGRE_RTShaderSystem...
[1.552s] -- Found OGRE_RTShaderSystem: optimized;/usr/lib/x86_64-linux-gnu/libOgreRTShaderSystem.so;debug;/usr/lib/x86_64-linux-gnu/libOgreRTShaderSystem.so
[1.552s] -- Looking for OGRE_Volume...
[1.556s] -- Found OGRE_Volume: optimized;/usr/lib/x86_64-linux-gnu/libOgreVolume.so;debug;/usr/lib/x86_64-linux-gnu/libOgreVolume.so
[1.556s] -- Looking for OGRE_Overlay...
[1.559s] -- Found OGRE_Overlay: optimized;/usr/lib/x86_64-linux-gnu/libOgreOverlay.so;debug;/usr/lib/x86_64-linux-gnu/libOgreOverlay.so
[1.637s] -- Looking for ignition-math6 -- found version 6.15.1
[1.642s] -- Looking for ignition-transport8 -- found version 8.2.1
[1.642s] -- Searching for dependencies of ignition-transport8
[1.663s] -- Found Protobuf: /usr/lib/x86_64-linux-gnu/libprotobuf.so (found suitable version "3.12.4", minimum required is "3") 
[1.677s] -- Config-file not installed for ZeroMQ -- checking for pkg-config
[1.681s] -- Checking for module 'libzmq >= 4'
[1.692s] --   Found libzmq , version 4.3.4
[1.720s] -- Found ZeroMQ: TRUE (Required is at least version "4") 
[1.726s] -- Checking for module 'uuid'
[1.736s] --   Found uuid, version 2.37.2
[1.759s] -- Found UUID: TRUE  
[1.762s] -- Looking for ignition-msgs5 -- found version 5.8.1
[1.763s] -- Searching for dependencies of ignition-msgs5
[1.785s] -- Looking for ignition-math6 -- found version 6.15.1
[1.789s] -- Checking for module 'tinyxml2'
[1.799s] --   Found tinyxml2, version 9.0.0
[1.825s] -- Looking for ignition-msgs5 -- found version 5.8.1
[1.829s] -- Looking for ignition-common3 -- found version 3.14.0
[1.829s] -- Searching for dependencies of ignition-common3
[1.830s] -- Looking for dlfcn.h - found
[1.830s] -- Looking for libdl - found
[1.832s] -- Found DL: TRUE  
[1.843s] -- Found tinyobjloader: /usr/lib/x86_64-linux-gnu/cmake/tinyobjloader/tinyobjloader-config.cmake (found version "2.0.0") 
[1.844s] -- Searching for <ignition-common3> component [graphics]
[1.848s] -- Looking for ignition-common3-graphics -- found version 3.14.0
[1.848s] -- Searching for dependencies of ignition-common3-graphics
[1.849s] -- Looking for ignition-math6 -- found version 6.15.1
[1.853s] -- Looking for ignition-fuel_tools4 -- found version 4.4.0
[1.854s] -- Searching for dependencies of ignition-fuel_tools4
[1.919s] -- Found CURL: /usr/lib/x86_64-linux-gnu/libcurl.so (found version "7.81.0")  
[1.931s] -- Checking for module 'jsoncpp'
[1.941s] --   Found jsoncpp, version 1.9.5
[1.967s] -- Found JSONCPP: TRUE  
[1.975s] -- Checking for module 'libzip'
[1.988s] --   Found libzip, version 1.7.3
[2.020s] -- Found ZIP: TRUE  
[2.021s] -- Looking for ignition-common3 -- found version 3.14.0
[2.021s] -- Looking for ignition-math6 -- found version 6.15.1
[2.022s] -- Looking for ignition-msgs5 -- found version 5.8.1
[2.031s] -- Gazebo version: 11.10
[2.031s] -- Checking for module 'tbb'
[2.046s] --   Found tbb, version 2021.5.0
[2.078s] -- Found robot_state_publisher: 3.0.3 (/opt/ros/humble/share/robot_state_publisher/cmake)
[2.113s] -- Found eigen3_cmake_module: 0.1.1 (/opt/ros/humble/share/eigen3_cmake_module/cmake)
[2.115s] -- Found Eigen3: TRUE (found version "3.4.0") 
[2.115s] -- Ensuring Eigen3 include directory is part of orocos-kdl CMake target
[2.361s] -- Found xacro: 2.1.1 (/opt/ros/humble/share/xacro/cmake)
[2.447s] -- Configuring done
[2.456s] -- Generating done
[2.461s] -- Build files have been written to: /home/host/ros_ws/build/manipulator_gazebo
[2.475s] Invoked command in '/home/host/ros_ws/build/manipulator_gazebo' returned '0': CMAKE_PREFIX_PATH=/opt/ros/humble /usr/bin/cmake /home/host/ros_ws/manipulator_gazebo -DCMAKE_INSTALL_PREFIX=/home/host/ros_ws/install/manipulator_gazebo
[2.476s] Invoking command in '/home/host/ros_ws/build/manipulator_gazebo': CMAKE_PREFIX_PATH=/opt/ros/humble /usr/bin/cmake --build /home/host/ros_ws/build/manipulator_gazebo -- -j8 -l8
[2.534s] Invoked command in '/home/host/ros_ws/build/manipulator_gazebo' returned '0': CMAKE_PREFIX_PATH=/opt/ros/humble /usr/bin/cmake --build /home/host/ros_ws/build/manipulator_gazebo -- -j8 -l8
[2.536s] Invoking command in '/home/host/ros_ws/build/manipulator_gazebo': CMAKE_PREFIX_PATH=/opt/ros/humble /usr/bin/cmake --install /home/host/ros_ws/build/manipulator_gazebo
[2.544s] -- Install configuration: ""
[2.544s] -- Installing: /home/host/ros_ws/install/manipulator_gazebo/share/manipulator_gazebo/launch
[2.544s] -- Installing: /home/host/ros_ws/install/manipulator_gazebo/share/manipulator_gazebo/launch/complete_system.launch
[2.544s] -- Installing: /home/host/ros_ws/install/manipulator_gazebo/share/manipulator_gazebo/launch/spawn_manipulator.launch
[2.544s] -- Installing: /home/host/ros_ws/install/manipulator_gazebo/share/manipulator_gazebo/urdf
[2.545s] -- Installing: /home/host/ros_ws/install/manipulator_gazebo/share/manipulator_gazebo/urdf/simple_manipulator.urdf.xacro
[2.545s] -- Installing: /home/host/ros_ws/install/manipulator_gazebo/share/manipulator_gazebo/worlds
[2.545s] -- Installing: /home/host/ros_ws/install/manipulator_gazebo/share/manipulator_gazebo/worlds/simple_world.world
[2.545s] -- Installing: /home/host/ros_ws/install/manipulator_gazebo/share/manipulator_gazebo/config
[2.545s] -- Installing: /home/host/ros_ws/install/manipulator_gazebo/share/manipulator_gazebo/config/joint_controllers.yaml
[2.545s] -- Installing: /home/host/ros_ws/install/manipulator_gazebo/share/manipulator_gazebo/config/pid_gains.yaml
[2.545s] -- Installing: /home/host/ros_ws/install/manipulator_gazebo/share/manipulator_gazebo/config/joint_controllers_effort.yaml
[2.546s] -- Installing: /home/host/ros_ws/install/manipulator_gazebo/share/manipulator_gazebo/scripts
[2.546s] -- Installing: /home/host/ros_ws/install/manipulator_gazebo/share/manipulator_gazebo/scripts/initialize_position.py
[2.546s] -- Installing: /home/host/ros_ws/install/manipulator_gazebo/share/manipulator_gazebo/scripts/test_stability.py
[2.546s] -- Installing: /home/host/ros_ws/install/manipulator_gazebo/share/ament_index/resource_index/package_run_dependencies/manipulator_gazebo
[2.546s] -- Installing: /home/host/ros_ws/install/manipulator_gazebo/share/ament_index/resource_index/parent_prefix_path/manipulator_gazebo
[2.547s] -- Installing: /home/host/ros_ws/install/manipulator_gazebo/share/manipulator_gazebo/environment/ament_prefix_path.sh
[2.547s] -- Installing: /home/host/ros_ws/install/manipulator_gazebo/share/manipulator_gazebo/environment/ament_prefix_path.dsv
[2.547s] -- Installing: /home/host/ros_ws/install/manipulator_gazebo/share/manipulator_gazebo/environment/path.sh
[2.547s] -- Installing: /home/host/ros_ws/install/manipulator_gazebo/share/manipulator_gazebo/environment/path.dsv
[2.547s] -- Installing: /home/host/ros_ws/install/manipulator_gazebo/share/manipulator_gazebo/local_setup.bash
[2.548s] -- Installing: /home/host/ros_ws/install/manipulator_gazebo/share/manipulator_gazebo/local_setup.sh
[2.548s] -- Installing: /home/host/ros_ws/install/manipulator_gazebo/share/manipulator_gazebo/local_setup.zsh
[2.548s] -- Installing: /home/host/ros_ws/install/manipulator_gazebo/share/manipulator_gazebo/local_setup.dsv
[2.548s] -- Installing: /home/host/ros_ws/install/manipulator_gazebo/share/manipulator_gazebo/package.dsv
[2.548s] -- Installing: /home/host/ros_ws/install/manipulator_gazebo/share/ament_index/resource_index/packages/manipulator_gazebo
[2.549s] -- Installing: /home/host/ros_ws/install/manipulator_gazebo/share/manipulator_gazebo/cmake/manipulator_gazeboConfig.cmake
[2.549s] -- Installing: /home/host/ros_ws/install/manipulator_gazebo/share/manipulator_gazebo/cmake/manipulator_gazeboConfig-version.cmake
[2.549s] -- Installing: /home/host/ros_ws/install/manipulator_gazebo/share/manipulator_gazebo/package.xml
[2.551s] Invoked command in '/home/host/ros_ws/build/manipulator_gazebo' returned '0': CMAKE_PREFIX_PATH=/opt/ros/humble /usr/bin/cmake --install /home/host/ros_ws/build/manipulator_gazebo
