[0.106s] DEBUG:colcon:Command line arguments: ['/usr/bin/colcon', 'build']
[0.106s] DEBUG:colcon:Parsed command line arguments: Namespace(log_base=None, log_level=None, verb_name='build', build_base='build', install_base='install', merge_install=False, symlink_install=False, test_result_base=None, continue_on_error=False, executor='parallel', parallel_workers=8, event_handlers=None, ignore_user_meta=False, metas=['./colcon.meta'], base_paths=['.'], packages_ignore=None, packages_ignore_regex=None, paths=None, packages_up_to=None, packages_up_to_regex=None, packages_above=None, packages_above_and_dependencies=None, packages_above_depth=None, packages_select_by_dep=None, packages_skip_by_dep=None, packages_skip_up_to=None, packages_select_build_failed=False, packages_skip_build_finished=False, packages_select_test_failures=False, packages_skip_test_passed=False, packages_select=None, packages_skip=None, packages_select_regex=None, packages_skip_regex=None, packages_start=None, packages_end=None, cmake_args=None, cmake_target=None, cmake_target_skip_unavailable=False, cmake_clean_cache=False, cmake_clean_first=False, cmake_force_configure=False, ament_cmake_args=None, catkin_cmake_args=None, catkin_skip_building_tests=False, mixin_files=None, mixin=None, verb_parser=<colcon_mixin.mixin.mixin_argument.MixinArgumentDecorator object at 0x7f0a8477fa90>, verb_extension=<colcon_core.verb.build.BuildVerb object at 0x7f0a849b1900>, main=<bound method BuildVerb.main of <colcon_core.verb.build.BuildVerb object at 0x7f0a849b1900>>, mixin_verb=('build',))
[0.264s] Level 1:colcon.colcon_core.package_discovery:discover_packages(colcon_meta) check parameters
[0.264s] Level 1:colcon.colcon_core.package_discovery:discover_packages(recursive) check parameters
[0.264s] Level 1:colcon.colcon_core.package_discovery:discover_packages(ignore) check parameters
[0.264s] Level 1:colcon.colcon_core.package_discovery:discover_packages(path) check parameters
[0.264s] Level 1:colcon.colcon_core.package_discovery:discover_packages(colcon_meta) discover
[0.264s] Level 1:colcon.colcon_core.package_discovery:discover_packages(recursive) discover
[0.264s] INFO:colcon.colcon_core.package_discovery:Crawling recursively for packages in '/home/host/ros_ws'
[0.264s] Level 1:colcon.colcon_core.package_identification:_identify(.) by extensions ['ignore', 'ignore_ament_install']
[0.264s] Level 1:colcon.colcon_core.package_identification:_identify(.) by extension 'ignore'
[0.264s] Level 1:colcon.colcon_core.package_identification:_identify(.) by extension 'ignore_ament_install'
[0.265s] Level 1:colcon.colcon_core.package_identification:_identify(.) by extensions ['colcon_pkg']
[0.265s] Level 1:colcon.colcon_core.package_identification:_identify(.) by extension 'colcon_pkg'
[0.265s] Level 1:colcon.colcon_core.package_identification:_identify(.) by extensions ['colcon_meta']
[0.265s] Level 1:colcon.colcon_core.package_identification:_identify(.) by extension 'colcon_meta'
[0.265s] Level 1:colcon.colcon_core.package_identification:_identify(.) by extensions ['ros']
[0.265s] Level 1:colcon.colcon_core.package_identification:_identify(.) by extension 'ros'
[0.276s] Level 1:colcon.colcon_core.package_identification:_identify(.) by extensions ['cmake', 'python']
[0.276s] Level 1:colcon.colcon_core.package_identification:_identify(.) by extension 'cmake'
[0.276s] Level 1:colcon.colcon_core.package_identification:_identify(.) by extension 'python'
[0.276s] Level 1:colcon.colcon_core.package_identification:_identify(.) by extensions ['python_setup_py']
[0.276s] Level 1:colcon.colcon_core.package_identification:_identify(.) by extension 'python_setup_py'
[0.276s] Level 1:colcon.colcon_core.package_identification:_identify(Braço_description) by extensions ['ignore', 'ignore_ament_install']
[0.276s] Level 1:colcon.colcon_core.package_identification:_identify(Braço_description) by extension 'ignore'
[0.276s] Level 1:colcon.colcon_core.package_identification:_identify(Braço_description) by extension 'ignore_ament_install'
[0.276s] Level 1:colcon.colcon_core.package_identification:_identify(Braço_description) by extensions ['colcon_pkg']
[0.276s] Level 1:colcon.colcon_core.package_identification:_identify(Braço_description) by extension 'colcon_pkg'
[0.276s] Level 1:colcon.colcon_core.package_identification:_identify(Braço_description) by extensions ['colcon_meta']
[0.276s] Level 1:colcon.colcon_core.package_identification:_identify(Braço_description) by extension 'colcon_meta'
[0.276s] Level 1:colcon.colcon_core.package_identification:_identify(Braço_description) by extensions ['ros']
[0.276s] Level 1:colcon.colcon_core.package_identification:_identify(Braço_description) by extension 'ros'
[0.279s] DEBUG:colcon.colcon_core.package_identification:Package 'Braço_description' with type 'ros.ament_cmake' and name 'braco_description'
[0.279s] Level 1:colcon.colcon_core.package_identification:_identify(build) by extensions ['ignore', 'ignore_ament_install']
[0.279s] Level 1:colcon.colcon_core.package_identification:_identify(build) by extension 'ignore'
[0.279s] Level 1:colcon.colcon_core.package_identification:_identify(build) ignored
[0.279s] Level 1:colcon.colcon_core.package_identification:_identify(install) by extensions ['ignore', 'ignore_ament_install']
[0.279s] Level 1:colcon.colcon_core.package_identification:_identify(install) by extension 'ignore'
[0.279s] Level 1:colcon.colcon_core.package_identification:_identify(install) ignored
[0.280s] Level 1:colcon.colcon_core.package_identification:_identify(log) by extensions ['ignore', 'ignore_ament_install']
[0.280s] Level 1:colcon.colcon_core.package_identification:_identify(log) by extension 'ignore'
[0.280s] Level 1:colcon.colcon_core.package_identification:_identify(log) ignored
[0.280s] Level 1:colcon.colcon_core.package_identification:_identify(manipulator_disturbance_control) by extensions ['ignore', 'ignore_ament_install']
[0.280s] Level 1:colcon.colcon_core.package_identification:_identify(manipulator_disturbance_control) by extension 'ignore'
[0.280s] Level 1:colcon.colcon_core.package_identification:_identify(manipulator_disturbance_control) by extension 'ignore_ament_install'
[0.280s] Level 1:colcon.colcon_core.package_identification:_identify(manipulator_disturbance_control) by extensions ['colcon_pkg']
[0.280s] Level 1:colcon.colcon_core.package_identification:_identify(manipulator_disturbance_control) by extension 'colcon_pkg'
[0.280s] Level 1:colcon.colcon_core.package_identification:_identify(manipulator_disturbance_control) by extensions ['colcon_meta']
[0.280s] Level 1:colcon.colcon_core.package_identification:_identify(manipulator_disturbance_control) by extension 'colcon_meta'
[0.280s] Level 1:colcon.colcon_core.package_identification:_identify(manipulator_disturbance_control) by extensions ['ros']
[0.280s] Level 1:colcon.colcon_core.package_identification:_identify(manipulator_disturbance_control) by extension 'ros'
[0.281s] DEBUG:colcon.colcon_core.package_identification:Package 'manipulator_disturbance_control' with type 'ros.ament_cmake' and name 'manipulator_disturbance_control'
[0.282s] Level 1:colcon.colcon_core.package_identification:_identify(manipulator_gazebo) by extensions ['ignore', 'ignore_ament_install']
[0.282s] Level 1:colcon.colcon_core.package_identification:_identify(manipulator_gazebo) by extension 'ignore'
[0.282s] Level 1:colcon.colcon_core.package_identification:_identify(manipulator_gazebo) by extension 'ignore_ament_install'
[0.282s] Level 1:colcon.colcon_core.package_identification:_identify(manipulator_gazebo) by extensions ['colcon_pkg']
[0.282s] Level 1:colcon.colcon_core.package_identification:_identify(manipulator_gazebo) by extension 'colcon_pkg'
[0.282s] Level 1:colcon.colcon_core.package_identification:_identify(manipulator_gazebo) by extensions ['colcon_meta']
[0.282s] Level 1:colcon.colcon_core.package_identification:_identify(manipulator_gazebo) by extension 'colcon_meta'
[0.282s] Level 1:colcon.colcon_core.package_identification:_identify(manipulator_gazebo) by extensions ['ros']
[0.282s] Level 1:colcon.colcon_core.package_identification:_identify(manipulator_gazebo) by extension 'ros'
[0.283s] DEBUG:colcon.colcon_core.package_identification:Package 'manipulator_gazebo' with type 'ros.ament_cmake' and name 'manipulator_gazebo'
[0.283s] Level 1:colcon.colcon_core.package_identification:_identify(manipulator_msgs) by extensions ['ignore', 'ignore_ament_install']
[0.283s] Level 1:colcon.colcon_core.package_identification:_identify(manipulator_msgs) by extension 'ignore'
[0.283s] Level 1:colcon.colcon_core.package_identification:_identify(manipulator_msgs) by extension 'ignore_ament_install'
[0.283s] Level 1:colcon.colcon_core.package_identification:_identify(manipulator_msgs) by extensions ['colcon_pkg']
[0.283s] Level 1:colcon.colcon_core.package_identification:_identify(manipulator_msgs) by extension 'colcon_pkg'
[0.283s] Level 1:colcon.colcon_core.package_identification:_identify(manipulator_msgs) by extensions ['colcon_meta']
[0.283s] Level 1:colcon.colcon_core.package_identification:_identify(manipulator_msgs) by extension 'colcon_meta'
[0.283s] Level 1:colcon.colcon_core.package_identification:_identify(manipulator_msgs) by extensions ['ros']
[0.283s] Level 1:colcon.colcon_core.package_identification:_identify(manipulator_msgs) by extension 'ros'
[0.284s] DEBUG:colcon.colcon_core.package_identification:Package 'manipulator_msgs' with type 'ros.ament_cmake' and name 'manipulator_msgs'
[0.284s] Level 1:colcon.colcon_core.package_discovery:discover_packages(recursive) using defaults
[0.284s] Level 1:colcon.colcon_core.package_discovery:discover_packages(ignore) discover
[0.284s] Level 1:colcon.colcon_core.package_discovery:discover_packages(ignore) using defaults
[0.284s] Level 1:colcon.colcon_core.package_discovery:discover_packages(path) discover
[0.284s] Level 1:colcon.colcon_core.package_discovery:discover_packages(path) using defaults
[0.303s] Level 5:colcon.colcon_core.verb:set package 'braco_description' build argument 'cmake_args' from command line to 'None'
[0.304s] Level 5:colcon.colcon_core.verb:set package 'braco_description' build argument 'cmake_target' from command line to 'None'
[0.304s] Level 5:colcon.colcon_core.verb:set package 'braco_description' build argument 'cmake_target_skip_unavailable' from command line to 'False'
[0.304s] Level 5:colcon.colcon_core.verb:set package 'braco_description' build argument 'cmake_clean_cache' from command line to 'False'
[0.304s] Level 5:colcon.colcon_core.verb:set package 'braco_description' build argument 'cmake_clean_first' from command line to 'False'
[0.304s] Level 5:colcon.colcon_core.verb:set package 'braco_description' build argument 'cmake_force_configure' from command line to 'False'
[0.304s] Level 5:colcon.colcon_core.verb:set package 'braco_description' build argument 'ament_cmake_args' from command line to 'None'
[0.304s] Level 5:colcon.colcon_core.verb:set package 'braco_description' build argument 'catkin_cmake_args' from command line to 'None'
[0.304s] Level 5:colcon.colcon_core.verb:set package 'braco_description' build argument 'catkin_skip_building_tests' from command line to 'False'
[0.304s] DEBUG:colcon.colcon_core.verb:Building package 'braco_description' with the following arguments: {'ament_cmake_args': None, 'build_base': '/home/host/ros_ws/build/braco_description', 'catkin_cmake_args': None, 'catkin_skip_building_tests': False, 'cmake_args': None, 'cmake_clean_cache': False, 'cmake_clean_first': False, 'cmake_force_configure': False, 'cmake_target': None, 'cmake_target_skip_unavailable': False, 'install_base': '/home/host/ros_ws/install/braco_description', 'merge_install': False, 'path': '/home/host/ros_ws/Braço_description', 'symlink_install': False, 'test_result_base': None}
[0.304s] Level 5:colcon.colcon_core.verb:set package 'manipulator_gazebo' build argument 'cmake_args' from command line to 'None'
[0.304s] Level 5:colcon.colcon_core.verb:set package 'manipulator_gazebo' build argument 'cmake_target' from command line to 'None'
[0.304s] Level 5:colcon.colcon_core.verb:set package 'manipulator_gazebo' build argument 'cmake_target_skip_unavailable' from command line to 'False'
[0.304s] Level 5:colcon.colcon_core.verb:set package 'manipulator_gazebo' build argument 'cmake_clean_cache' from command line to 'False'
[0.304s] Level 5:colcon.colcon_core.verb:set package 'manipulator_gazebo' build argument 'cmake_clean_first' from command line to 'False'
[0.304s] Level 5:colcon.colcon_core.verb:set package 'manipulator_gazebo' build argument 'cmake_force_configure' from command line to 'False'
[0.304s] Level 5:colcon.colcon_core.verb:set package 'manipulator_gazebo' build argument 'ament_cmake_args' from command line to 'None'
[0.304s] Level 5:colcon.colcon_core.verb:set package 'manipulator_gazebo' build argument 'catkin_cmake_args' from command line to 'None'
[0.304s] Level 5:colcon.colcon_core.verb:set package 'manipulator_gazebo' build argument 'catkin_skip_building_tests' from command line to 'False'
[0.304s] DEBUG:colcon.colcon_core.verb:Building package 'manipulator_gazebo' with the following arguments: {'ament_cmake_args': None, 'build_base': '/home/host/ros_ws/build/manipulator_gazebo', 'catkin_cmake_args': None, 'catkin_skip_building_tests': False, 'cmake_args': None, 'cmake_clean_cache': False, 'cmake_clean_first': False, 'cmake_force_configure': False, 'cmake_target': None, 'cmake_target_skip_unavailable': False, 'install_base': '/home/host/ros_ws/install/manipulator_gazebo', 'merge_install': False, 'path': '/home/host/ros_ws/manipulator_gazebo', 'symlink_install': False, 'test_result_base': None}
[0.305s] Level 5:colcon.colcon_core.verb:set package 'manipulator_msgs' build argument 'cmake_args' from command line to 'None'
[0.305s] Level 5:colcon.colcon_core.verb:set package 'manipulator_msgs' build argument 'cmake_target' from command line to 'None'
[0.305s] Level 5:colcon.colcon_core.verb:set package 'manipulator_msgs' build argument 'cmake_target_skip_unavailable' from command line to 'False'
[0.305s] Level 5:colcon.colcon_core.verb:set package 'manipulator_msgs' build argument 'cmake_clean_cache' from command line to 'False'
[0.305s] Level 5:colcon.colcon_core.verb:set package 'manipulator_msgs' build argument 'cmake_clean_first' from command line to 'False'
[0.305s] Level 5:colcon.colcon_core.verb:set package 'manipulator_msgs' build argument 'cmake_force_configure' from command line to 'False'
[0.305s] Level 5:colcon.colcon_core.verb:set package 'manipulator_msgs' build argument 'ament_cmake_args' from command line to 'None'
[0.305s] Level 5:colcon.colcon_core.verb:set package 'manipulator_msgs' build argument 'catkin_cmake_args' from command line to 'None'
[0.305s] Level 5:colcon.colcon_core.verb:set package 'manipulator_msgs' build argument 'catkin_skip_building_tests' from command line to 'False'
[0.305s] DEBUG:colcon.colcon_core.verb:Building package 'manipulator_msgs' with the following arguments: {'ament_cmake_args': None, 'build_base': '/home/host/ros_ws/build/manipulator_msgs', 'catkin_cmake_args': None, 'catkin_skip_building_tests': False, 'cmake_args': None, 'cmake_clean_cache': False, 'cmake_clean_first': False, 'cmake_force_configure': False, 'cmake_target': None, 'cmake_target_skip_unavailable': False, 'install_base': '/home/host/ros_ws/install/manipulator_msgs', 'merge_install': False, 'path': '/home/host/ros_ws/manipulator_msgs', 'symlink_install': False, 'test_result_base': None}
[0.306s] Level 5:colcon.colcon_core.verb:set package 'manipulator_disturbance_control' build argument 'cmake_args' from command line to 'None'
[0.306s] Level 5:colcon.colcon_core.verb:set package 'manipulator_disturbance_control' build argument 'cmake_target' from command line to 'None'
[0.306s] Level 5:colcon.colcon_core.verb:set package 'manipulator_disturbance_control' build argument 'cmake_target_skip_unavailable' from command line to 'False'
[0.306s] Level 5:colcon.colcon_core.verb:set package 'manipulator_disturbance_control' build argument 'cmake_clean_cache' from command line to 'False'
[0.306s] Level 5:colcon.colcon_core.verb:set package 'manipulator_disturbance_control' build argument 'cmake_clean_first' from command line to 'False'
[0.306s] Level 5:colcon.colcon_core.verb:set package 'manipulator_disturbance_control' build argument 'cmake_force_configure' from command line to 'False'
[0.306s] Level 5:colcon.colcon_core.verb:set package 'manipulator_disturbance_control' build argument 'ament_cmake_args' from command line to 'None'
[0.306s] Level 5:colcon.colcon_core.verb:set package 'manipulator_disturbance_control' build argument 'catkin_cmake_args' from command line to 'None'
[0.306s] Level 5:colcon.colcon_core.verb:set package 'manipulator_disturbance_control' build argument 'catkin_skip_building_tests' from command line to 'False'
[0.306s] DEBUG:colcon.colcon_core.verb:Building package 'manipulator_disturbance_control' with the following arguments: {'ament_cmake_args': None, 'build_base': '/home/host/ros_ws/build/manipulator_disturbance_control', 'catkin_cmake_args': None, 'catkin_skip_building_tests': False, 'cmake_args': None, 'cmake_clean_cache': False, 'cmake_clean_first': False, 'cmake_force_configure': False, 'cmake_target': None, 'cmake_target_skip_unavailable': False, 'install_base': '/home/host/ros_ws/install/manipulator_disturbance_control', 'merge_install': False, 'path': '/home/host/ros_ws/manipulator_disturbance_control', 'symlink_install': False, 'test_result_base': None}
[0.306s] INFO:colcon.colcon_core.executor:Executing jobs using 'parallel' executor
[0.308s] DEBUG:colcon.colcon_parallel_executor.executor.parallel:run_until_complete
[0.308s] INFO:colcon.colcon_ros.task.ament_cmake.build:Building ROS package in '/home/host/ros_ws/manipulator_msgs' with build type 'ament_cmake'
[0.308s] INFO:colcon.colcon_cmake.task.cmake.build:Building CMake package in '/home/host/ros_ws/manipulator_msgs'
[0.311s] INFO:colcon.colcon_core.plugin_system:Skipping extension 'colcon_core.shell.bat': Not used on non-Windows systems
[0.311s] INFO:colcon.colcon_core.shell:Skip shell extension 'powershell' for command environment: Not usable outside of PowerShell
[0.311s] DEBUG:colcon.colcon_core.shell:Skip shell extension 'dsv' for command environment
[0.328s] INFO:colcon.colcon_ros.task.ament_cmake.build:Building ROS package in '/home/host/ros_ws/Braço_description' with build type 'ament_cmake'
[0.328s] INFO:colcon.colcon_cmake.task.cmake.build:Building CMake package in '/home/host/ros_ws/Braço_description'
[0.329s] INFO:colcon.colcon_core.shell:Skip shell extension 'powershell' for command environment: Not usable outside of PowerShell
[0.329s] DEBUG:colcon.colcon_core.shell:Skip shell extension 'dsv' for command environment
[0.333s] INFO:colcon.colcon_ros.task.ament_cmake.build:Building ROS package in '/home/host/ros_ws/manipulator_gazebo' with build type 'ament_cmake'
[0.333s] INFO:colcon.colcon_cmake.task.cmake.build:Building CMake package in '/home/host/ros_ws/manipulator_gazebo'
[0.333s] INFO:colcon.colcon_core.shell:Skip shell extension 'powershell' for command environment: Not usable outside of PowerShell
[0.333s] DEBUG:colcon.colcon_core.shell:Skip shell extension 'dsv' for command environment
[0.344s] DEBUG:colcon.colcon_core.event_handler.log_command:Invoking command in '/home/host/ros_ws/build/manipulator_msgs': CMAKE_PREFIX_PATH=/opt/ros/humble /usr/bin/cmake --build /home/host/ros_ws/build/manipulator_msgs -- -j8 -l8
[0.348s] DEBUG:colcon.colcon_core.event_handler.log_command:Invoking command in '/home/host/ros_ws/build/braco_description': CMAKE_PREFIX_PATH=/opt/ros/humble /usr/bin/cmake --build /home/host/ros_ws/build/braco_description -- -j8 -l8
[0.353s] DEBUG:colcon.colcon_core.event_handler.log_command:Invoking command in '/home/host/ros_ws/build/manipulator_gazebo': CMAKE_PREFIX_PATH=/opt/ros/humble /usr/bin/cmake --build /home/host/ros_ws/build/manipulator_gazebo -- -j8 -l8
[0.384s] DEBUG:colcon.colcon_core.event_handler.log_command:Invoked command in '/home/host/ros_ws/build/braco_description' returned '0': CMAKE_PREFIX_PATH=/opt/ros/humble /usr/bin/cmake --build /home/host/ros_ws/build/braco_description -- -j8 -l8
[0.395s] DEBUG:colcon.colcon_core.event_handler.log_command:Invoking command in '/home/host/ros_ws/build/braco_description': CMAKE_PREFIX_PATH=/opt/ros/humble /usr/bin/cmake --install /home/host/ros_ws/build/braco_description
[0.399s] DEBUG:colcon.colcon_core.event_handler.log_command:Invoked command in '/home/host/ros_ws/build/manipulator_gazebo' returned '0': CMAKE_PREFIX_PATH=/opt/ros/humble /usr/bin/cmake --build /home/host/ros_ws/build/manipulator_gazebo -- -j8 -l8
[0.400s] DEBUG:colcon.colcon_core.event_handler.log_command:Invoking command in '/home/host/ros_ws/build/manipulator_gazebo': CMAKE_PREFIX_PATH=/opt/ros/humble /usr/bin/cmake --install /home/host/ros_ws/build/manipulator_gazebo
[0.412s] Level 1:colcon.colcon_core.environment:create_environment_scripts_only(braco_description)
[0.419s] Level 1:colcon.colcon_core.environment:checking '/home/host/ros_ws/install/braco_description' for CMake module files
[0.423s] Level 1:colcon.colcon_core.environment:checking '/home/host/ros_ws/install/braco_description' for CMake config files
[0.424s] Level 1:colcon.colcon_core.shell:create_environment_hook('braco_description', 'cmake_prefix_path')
[0.424s] INFO:colcon.colcon_core.shell:Creating environment hook '/home/host/ros_ws/install/braco_description/share/braco_description/hook/cmake_prefix_path.ps1'
[0.426s] INFO:colcon.colcon_core.shell:Creating environment descriptor '/home/host/ros_ws/install/braco_description/share/braco_description/hook/cmake_prefix_path.dsv'
[0.427s] INFO:colcon.colcon_core.shell:Creating environment hook '/home/host/ros_ws/install/braco_description/share/braco_description/hook/cmake_prefix_path.sh'
[0.429s] Level 1:colcon.colcon_core.environment:checking '/home/host/ros_ws/install/braco_description/bin'
[0.429s] Level 1:colcon.colcon_core.environment:checking '/home/host/ros_ws/install/braco_description/lib/pkgconfig/braco_description.pc'
[0.432s] Level 1:colcon.colcon_core.environment:checking '/home/host/ros_ws/install/braco_description/lib/python3.10/site-packages'
[0.434s] DEBUG:colcon.colcon_core.event_handler.log_command:Invoked command in '/home/host/ros_ws/build/braco_description' returned '0': CMAKE_PREFIX_PATH=/opt/ros/humble /usr/bin/cmake --install /home/host/ros_ws/build/braco_description
[0.435s] Level 1:colcon.colcon_core.environment:checking '/home/host/ros_ws/install/braco_description/bin'
[0.435s] INFO:colcon.colcon_core.shell:Creating package script '/home/host/ros_ws/install/braco_description/share/braco_description/package.ps1'
[0.438s] INFO:colcon.colcon_core.shell:Creating package descriptor '/home/host/ros_ws/install/braco_description/share/braco_description/package.dsv'
[0.439s] INFO:colcon.colcon_core.shell:Creating package script '/home/host/ros_ws/install/braco_description/share/braco_description/package.sh'
[0.441s] INFO:colcon.colcon_core.shell:Creating package script '/home/host/ros_ws/install/braco_description/share/braco_description/package.bash'
[0.443s] INFO:colcon.colcon_core.shell:Creating package script '/home/host/ros_ws/install/braco_description/share/braco_description/package.zsh'
[0.445s] Level 1:colcon.colcon_core.environment:create_file_with_runtime_dependencies(/home/host/ros_ws/install/braco_description/share/colcon-core/packages/braco_description)
[0.446s] Level 1:colcon.colcon_core.environment:create_environment_scripts_only(braco_description)
[0.446s] Level 1:colcon.colcon_core.environment:checking '/home/host/ros_ws/install/braco_description' for CMake module files
[0.447s] Level 1:colcon.colcon_core.environment:checking '/home/host/ros_ws/install/braco_description' for CMake config files
[0.447s] Level 1:colcon.colcon_core.shell:create_environment_hook('braco_description', 'cmake_prefix_path')
[0.448s] INFO:colcon.colcon_core.shell:Creating environment hook '/home/host/ros_ws/install/braco_description/share/braco_description/hook/cmake_prefix_path.ps1'
[0.448s] INFO:colcon.colcon_core.shell:Creating environment descriptor '/home/host/ros_ws/install/braco_description/share/braco_description/hook/cmake_prefix_path.dsv'
[0.449s] INFO:colcon.colcon_core.shell:Creating environment hook '/home/host/ros_ws/install/braco_description/share/braco_description/hook/cmake_prefix_path.sh'
[0.449s] Level 1:colcon.colcon_core.environment:checking '/home/host/ros_ws/install/braco_description/bin'
[0.450s] Level 1:colcon.colcon_core.environment:checking '/home/host/ros_ws/install/braco_description/lib/pkgconfig/braco_description.pc'
[0.450s] Level 1:colcon.colcon_core.environment:checking '/home/host/ros_ws/install/braco_description/lib/python3.10/site-packages'
[0.451s] Level 1:colcon.colcon_core.environment:checking '/home/host/ros_ws/install/braco_description/bin'
[0.451s] INFO:colcon.colcon_core.shell:Creating package script '/home/host/ros_ws/install/braco_description/share/braco_description/package.ps1'
[0.452s] INFO:colcon.colcon_core.shell:Creating package descriptor '/home/host/ros_ws/install/braco_description/share/braco_description/package.dsv'
[0.453s] INFO:colcon.colcon_core.shell:Creating package script '/home/host/ros_ws/install/braco_description/share/braco_description/package.sh'
[0.453s] INFO:colcon.colcon_core.shell:Creating package script '/home/host/ros_ws/install/braco_description/share/braco_description/package.bash'
[0.454s] INFO:colcon.colcon_core.shell:Creating package script '/home/host/ros_ws/install/braco_description/share/braco_description/package.zsh'
[0.455s] Level 1:colcon.colcon_core.environment:create_file_with_runtime_dependencies(/home/host/ros_ws/install/braco_description/share/colcon-core/packages/braco_description)
[0.456s] Level 1:colcon.colcon_core.environment:create_environment_scripts_only(manipulator_gazebo)
[0.456s] Level 1:colcon.colcon_core.environment:checking '/home/host/ros_ws/install/manipulator_gazebo' for CMake module files
[0.457s] DEBUG:colcon.colcon_core.event_handler.log_command:Invoked command in '/home/host/ros_ws/build/manipulator_gazebo' returned '0': CMAKE_PREFIX_PATH=/opt/ros/humble /usr/bin/cmake --install /home/host/ros_ws/build/manipulator_gazebo
[0.457s] Level 1:colcon.colcon_core.environment:checking '/home/host/ros_ws/install/manipulator_gazebo' for CMake config files
[0.458s] Level 1:colcon.colcon_core.shell:create_environment_hook('manipulator_gazebo', 'cmake_prefix_path')
[0.458s] INFO:colcon.colcon_core.shell:Creating environment hook '/home/host/ros_ws/install/manipulator_gazebo/share/manipulator_gazebo/hook/cmake_prefix_path.ps1'
[0.459s] INFO:colcon.colcon_core.shell:Creating environment descriptor '/home/host/ros_ws/install/manipulator_gazebo/share/manipulator_gazebo/hook/cmake_prefix_path.dsv'
[0.459s] INFO:colcon.colcon_core.shell:Creating environment hook '/home/host/ros_ws/install/manipulator_gazebo/share/manipulator_gazebo/hook/cmake_prefix_path.sh'
[0.460s] Level 1:colcon.colcon_core.environment:checking '/home/host/ros_ws/install/manipulator_gazebo/bin'
[0.460s] Level 1:colcon.colcon_core.environment:checking '/home/host/ros_ws/install/manipulator_gazebo/lib/pkgconfig/manipulator_gazebo.pc'
[0.460s] Level 1:colcon.colcon_core.environment:checking '/home/host/ros_ws/install/manipulator_gazebo/lib/python3.10/site-packages'
[0.460s] Level 1:colcon.colcon_core.environment:checking '/home/host/ros_ws/install/manipulator_gazebo/bin'
[0.461s] INFO:colcon.colcon_core.shell:Creating package script '/home/host/ros_ws/install/manipulator_gazebo/share/manipulator_gazebo/package.ps1'
[0.462s] INFO:colcon.colcon_core.shell:Creating package descriptor '/home/host/ros_ws/install/manipulator_gazebo/share/manipulator_gazebo/package.dsv'
[0.462s] INFO:colcon.colcon_core.shell:Creating package script '/home/host/ros_ws/install/manipulator_gazebo/share/manipulator_gazebo/package.sh'
[0.463s] INFO:colcon.colcon_core.shell:Creating package script '/home/host/ros_ws/install/manipulator_gazebo/share/manipulator_gazebo/package.bash'
[0.463s] INFO:colcon.colcon_core.shell:Creating package script '/home/host/ros_ws/install/manipulator_gazebo/share/manipulator_gazebo/package.zsh'
[0.463s] Level 1:colcon.colcon_core.environment:create_file_with_runtime_dependencies(/home/host/ros_ws/install/manipulator_gazebo/share/colcon-core/packages/manipulator_gazebo)
[0.464s] Level 1:colcon.colcon_core.environment:create_environment_scripts_only(manipulator_gazebo)
[0.464s] Level 1:colcon.colcon_core.environment:checking '/home/host/ros_ws/install/manipulator_gazebo' for CMake module files
[0.465s] Level 1:colcon.colcon_core.environment:checking '/home/host/ros_ws/install/manipulator_gazebo' for CMake config files
[0.465s] Level 1:colcon.colcon_core.shell:create_environment_hook('manipulator_gazebo', 'cmake_prefix_path')
[0.465s] INFO:colcon.colcon_core.shell:Creating environment hook '/home/host/ros_ws/install/manipulator_gazebo/share/manipulator_gazebo/hook/cmake_prefix_path.ps1'
[0.466s] INFO:colcon.colcon_core.shell:Creating environment descriptor '/home/host/ros_ws/install/manipulator_gazebo/share/manipulator_gazebo/hook/cmake_prefix_path.dsv'
[0.466s] INFO:colcon.colcon_core.shell:Creating environment hook '/home/host/ros_ws/install/manipulator_gazebo/share/manipulator_gazebo/hook/cmake_prefix_path.sh'
[0.467s] Level 1:colcon.colcon_core.environment:checking '/home/host/ros_ws/install/manipulator_gazebo/bin'
[0.467s] Level 1:colcon.colcon_core.environment:checking '/home/host/ros_ws/install/manipulator_gazebo/lib/pkgconfig/manipulator_gazebo.pc'
[0.467s] Level 1:colcon.colcon_core.environment:checking '/home/host/ros_ws/install/manipulator_gazebo/lib/python3.10/site-packages'
[0.467s] Level 1:colcon.colcon_core.environment:checking '/home/host/ros_ws/install/manipulator_gazebo/bin'
[0.468s] INFO:colcon.colcon_core.shell:Creating package script '/home/host/ros_ws/install/manipulator_gazebo/share/manipulator_gazebo/package.ps1'
[0.468s] INFO:colcon.colcon_core.shell:Creating package descriptor '/home/host/ros_ws/install/manipulator_gazebo/share/manipulator_gazebo/package.dsv'
[0.469s] INFO:colcon.colcon_core.shell:Creating package script '/home/host/ros_ws/install/manipulator_gazebo/share/manipulator_gazebo/package.sh'
[0.469s] INFO:colcon.colcon_core.shell:Creating package script '/home/host/ros_ws/install/manipulator_gazebo/share/manipulator_gazebo/package.bash'
[0.470s] INFO:colcon.colcon_core.shell:Creating package script '/home/host/ros_ws/install/manipulator_gazebo/share/manipulator_gazebo/package.zsh'
[0.470s] Level 1:colcon.colcon_core.environment:create_file_with_runtime_dependencies(/home/host/ros_ws/install/manipulator_gazebo/share/colcon-core/packages/manipulator_gazebo)
[0.725s] DEBUG:colcon.colcon_core.event_handler.log_command:Invoked command in '/home/host/ros_ws/build/manipulator_msgs' returned '0': CMAKE_PREFIX_PATH=/opt/ros/humble /usr/bin/cmake --build /home/host/ros_ws/build/manipulator_msgs -- -j8 -l8
[0.726s] DEBUG:colcon.colcon_core.event_handler.log_command:Invoking command in '/home/host/ros_ws/build/manipulator_msgs': CMAKE_PREFIX_PATH=/opt/ros/humble /usr/bin/cmake --install /home/host/ros_ws/build/manipulator_msgs
[0.790s] Level 1:colcon.colcon_core.environment:create_environment_scripts_only(manipulator_msgs)
[0.790s] Level 1:colcon.colcon_core.environment:checking '/home/host/ros_ws/install/manipulator_msgs' for CMake module files
[0.791s] DEBUG:colcon.colcon_core.event_handler.log_command:Invoked command in '/home/host/ros_ws/build/manipulator_msgs' returned '0': CMAKE_PREFIX_PATH=/opt/ros/humble /usr/bin/cmake --install /home/host/ros_ws/build/manipulator_msgs
[0.791s] Level 1:colcon.colcon_core.environment:checking '/home/host/ros_ws/install/manipulator_msgs' for CMake config files
[0.792s] Level 1:colcon.colcon_core.shell:create_environment_hook('manipulator_msgs', 'cmake_prefix_path')
[0.792s] INFO:colcon.colcon_core.shell:Creating environment hook '/home/host/ros_ws/install/manipulator_msgs/share/manipulator_msgs/hook/cmake_prefix_path.ps1'
[0.793s] INFO:colcon.colcon_core.shell:Creating environment descriptor '/home/host/ros_ws/install/manipulator_msgs/share/manipulator_msgs/hook/cmake_prefix_path.dsv'
[0.793s] INFO:colcon.colcon_core.shell:Creating environment hook '/home/host/ros_ws/install/manipulator_msgs/share/manipulator_msgs/hook/cmake_prefix_path.sh'
[0.793s] Level 1:colcon.colcon_core.environment:checking '/home/host/ros_ws/install/manipulator_msgs/lib'
[0.794s] Level 1:colcon.colcon_core.shell:create_environment_hook('manipulator_msgs', 'ld_library_path_lib')
[0.794s] INFO:colcon.colcon_core.shell:Creating environment hook '/home/host/ros_ws/install/manipulator_msgs/share/manipulator_msgs/hook/ld_library_path_lib.ps1'
[0.794s] INFO:colcon.colcon_core.shell:Creating environment descriptor '/home/host/ros_ws/install/manipulator_msgs/share/manipulator_msgs/hook/ld_library_path_lib.dsv'
[0.795s] INFO:colcon.colcon_core.shell:Creating environment hook '/home/host/ros_ws/install/manipulator_msgs/share/manipulator_msgs/hook/ld_library_path_lib.sh'
[0.795s] Level 1:colcon.colcon_core.environment:checking '/home/host/ros_ws/install/manipulator_msgs/bin'
[0.795s] Level 1:colcon.colcon_core.environment:checking '/home/host/ros_ws/install/manipulator_msgs/lib/pkgconfig/manipulator_msgs.pc'
[0.795s] Level 1:colcon.colcon_core.environment:checking '/home/host/ros_ws/install/manipulator_msgs/lib/python3.10/site-packages'
[0.796s] Level 1:colcon.colcon_core.environment:checking '/home/host/ros_ws/install/manipulator_msgs/bin'
[0.796s] INFO:colcon.colcon_core.shell:Creating package script '/home/host/ros_ws/install/manipulator_msgs/share/manipulator_msgs/package.ps1'
[0.797s] INFO:colcon.colcon_core.shell:Creating package descriptor '/home/host/ros_ws/install/manipulator_msgs/share/manipulator_msgs/package.dsv'
[0.797s] INFO:colcon.colcon_core.shell:Creating package script '/home/host/ros_ws/install/manipulator_msgs/share/manipulator_msgs/package.sh'
[0.798s] INFO:colcon.colcon_core.shell:Creating package script '/home/host/ros_ws/install/manipulator_msgs/share/manipulator_msgs/package.bash'
[0.798s] INFO:colcon.colcon_core.shell:Creating package script '/home/host/ros_ws/install/manipulator_msgs/share/manipulator_msgs/package.zsh'
[0.798s] Level 1:colcon.colcon_core.environment:create_file_with_runtime_dependencies(/home/host/ros_ws/install/manipulator_msgs/share/colcon-core/packages/manipulator_msgs)
[0.799s] Level 1:colcon.colcon_core.environment:create_environment_scripts_only(manipulator_msgs)
[0.799s] Level 1:colcon.colcon_core.environment:checking '/home/host/ros_ws/install/manipulator_msgs' for CMake module files
[0.800s] Level 1:colcon.colcon_core.environment:checking '/home/host/ros_ws/install/manipulator_msgs' for CMake config files
[0.800s] Level 1:colcon.colcon_core.shell:create_environment_hook('manipulator_msgs', 'cmake_prefix_path')
[0.800s] INFO:colcon.colcon_core.shell:Creating environment hook '/home/host/ros_ws/install/manipulator_msgs/share/manipulator_msgs/hook/cmake_prefix_path.ps1'
[0.801s] INFO:colcon.colcon_core.shell:Creating environment descriptor '/home/host/ros_ws/install/manipulator_msgs/share/manipulator_msgs/hook/cmake_prefix_path.dsv'
[0.801s] INFO:colcon.colcon_core.shell:Creating environment hook '/home/host/ros_ws/install/manipulator_msgs/share/manipulator_msgs/hook/cmake_prefix_path.sh'
[0.802s] Level 1:colcon.colcon_core.environment:checking '/home/host/ros_ws/install/manipulator_msgs/lib'
[0.802s] Level 1:colcon.colcon_core.shell:create_environment_hook('manipulator_msgs', 'ld_library_path_lib')
[0.802s] INFO:colcon.colcon_core.shell:Creating environment hook '/home/host/ros_ws/install/manipulator_msgs/share/manipulator_msgs/hook/ld_library_path_lib.ps1'
[0.802s] INFO:colcon.colcon_core.shell:Creating environment descriptor '/home/host/ros_ws/install/manipulator_msgs/share/manipulator_msgs/hook/ld_library_path_lib.dsv'
[0.803s] INFO:colcon.colcon_core.shell:Creating environment hook '/home/host/ros_ws/install/manipulator_msgs/share/manipulator_msgs/hook/ld_library_path_lib.sh'
[0.803s] Level 1:colcon.colcon_core.environment:checking '/home/host/ros_ws/install/manipulator_msgs/bin'
[0.804s] Level 1:colcon.colcon_core.environment:checking '/home/host/ros_ws/install/manipulator_msgs/lib/pkgconfig/manipulator_msgs.pc'
[0.804s] Level 1:colcon.colcon_core.environment:checking '/home/host/ros_ws/install/manipulator_msgs/lib/python3.10/site-packages'
[0.804s] Level 1:colcon.colcon_core.environment:checking '/home/host/ros_ws/install/manipulator_msgs/bin'
[0.805s] INFO:colcon.colcon_core.shell:Creating package script '/home/host/ros_ws/install/manipulator_msgs/share/manipulator_msgs/package.ps1'
[0.805s] INFO:colcon.colcon_core.shell:Creating package descriptor '/home/host/ros_ws/install/manipulator_msgs/share/manipulator_msgs/package.dsv'
[0.806s] INFO:colcon.colcon_core.shell:Creating package script '/home/host/ros_ws/install/manipulator_msgs/share/manipulator_msgs/package.sh'
[0.806s] INFO:colcon.colcon_core.shell:Creating package script '/home/host/ros_ws/install/manipulator_msgs/share/manipulator_msgs/package.bash'
[0.807s] INFO:colcon.colcon_core.shell:Creating package script '/home/host/ros_ws/install/manipulator_msgs/share/manipulator_msgs/package.zsh'
[0.807s] Level 1:colcon.colcon_core.environment:create_file_with_runtime_dependencies(/home/host/ros_ws/install/manipulator_msgs/share/colcon-core/packages/manipulator_msgs)
[0.808s] INFO:colcon.colcon_ros.task.ament_cmake.build:Building ROS package in '/home/host/ros_ws/manipulator_disturbance_control' with build type 'ament_cmake'
[0.808s] INFO:colcon.colcon_cmake.task.cmake.build:Building CMake package in '/home/host/ros_ws/manipulator_disturbance_control'
[0.808s] INFO:colcon.colcon_core.shell:Skip shell extension 'powershell' for command environment: Not usable outside of PowerShell
[0.808s] DEBUG:colcon.colcon_core.shell:Skip shell extension 'dsv' for command environment
[0.819s] DEBUG:colcon.colcon_core.event_handler.log_command:Invoking command in '/home/host/ros_ws/build/manipulator_disturbance_control': AMENT_PREFIX_PATH=/home/host/ros_ws/install/manipulator_msgs:${AMENT_PREFIX_PATH} CMAKE_PREFIX_PATH=/home/host/ros_ws/install/manipulator_msgs:/opt/ros/humble LD_LIBRARY_PATH=/home/host/ros_ws/install/manipulator_msgs/lib:${LD_LIBRARY_PATH} PYTHONPATH=/home/host/ros_ws/install/manipulator_msgs/local/lib/python3.10/dist-packages:${PYTHONPATH} /usr/bin/cmake /home/host/ros_ws/manipulator_disturbance_control -DCMAKE_INSTALL_PREFIX=/home/host/ros_ws/install/manipulator_disturbance_control
[2.031s] DEBUG:colcon.colcon_core.event_handler.log_command:Invoked command in '/home/host/ros_ws/build/manipulator_disturbance_control' returned '0': AMENT_PREFIX_PATH=/home/host/ros_ws/install/manipulator_msgs:${AMENT_PREFIX_PATH} CMAKE_PREFIX_PATH=/home/host/ros_ws/install/manipulator_msgs:/opt/ros/humble LD_LIBRARY_PATH=/home/host/ros_ws/install/manipulator_msgs/lib:${LD_LIBRARY_PATH} PYTHONPATH=/home/host/ros_ws/install/manipulator_msgs/local/lib/python3.10/dist-packages:${PYTHONPATH} /usr/bin/cmake /home/host/ros_ws/manipulator_disturbance_control -DCMAKE_INSTALL_PREFIX=/home/host/ros_ws/install/manipulator_disturbance_control
[2.032s] DEBUG:colcon.colcon_core.event_handler.log_command:Invoking command in '/home/host/ros_ws/build/manipulator_disturbance_control': AMENT_PREFIX_PATH=/home/host/ros_ws/install/manipulator_msgs:${AMENT_PREFIX_PATH} CMAKE_PREFIX_PATH=/home/host/ros_ws/install/manipulator_msgs:/opt/ros/humble LD_LIBRARY_PATH=/home/host/ros_ws/install/manipulator_msgs/lib:${LD_LIBRARY_PATH} PYTHONPATH=/home/host/ros_ws/install/manipulator_msgs/local/lib/python3.10/dist-packages:${PYTHONPATH} /usr/bin/cmake --build /home/host/ros_ws/build/manipulator_disturbance_control -- -j8 -l8
[2.088s] DEBUG:colcon.colcon_core.event_handler.log_command:Invoked command in '/home/host/ros_ws/build/manipulator_disturbance_control' returned '2': AMENT_PREFIX_PATH=/home/host/ros_ws/install/manipulator_msgs:${AMENT_PREFIX_PATH} CMAKE_PREFIX_PATH=/home/host/ros_ws/install/manipulator_msgs:/opt/ros/humble LD_LIBRARY_PATH=/home/host/ros_ws/install/manipulator_msgs/lib:${LD_LIBRARY_PATH} PYTHONPATH=/home/host/ros_ws/install/manipulator_msgs/local/lib/python3.10/dist-packages:${PYTHONPATH} /usr/bin/cmake --build /home/host/ros_ws/build/manipulator_disturbance_control -- -j8 -l8
[2.088s] Level 1:colcon.colcon_core.environment:create_environment_scripts_only(manipulator_disturbance_control)
[2.088s] Level 1:colcon.colcon_core.environment:checking '/home/host/ros_ws/install/manipulator_disturbance_control' for CMake module files
[2.089s] Level 1:colcon.colcon_core.environment:checking '/home/host/ros_ws/install/manipulator_disturbance_control' for CMake config files
[2.089s] Level 1:colcon.colcon_core.environment:checking '/home/host/ros_ws/install/manipulator_disturbance_control/bin'
[2.089s] Level 1:colcon.colcon_core.environment:checking '/home/host/ros_ws/install/manipulator_disturbance_control/lib/pkgconfig/manipulator_disturbance_control.pc'
[2.089s] Level 1:colcon.colcon_core.environment:checking '/home/host/ros_ws/install/manipulator_disturbance_control/lib/python3.10/site-packages'
[2.090s] Level 1:colcon.colcon_core.environment:checking '/home/host/ros_ws/install/manipulator_disturbance_control/bin'
[2.090s] INFO:colcon.colcon_core.shell:Creating package script '/home/host/ros_ws/install/manipulator_disturbance_control/share/manipulator_disturbance_control/package.ps1'
[2.090s] INFO:colcon.colcon_core.shell:Creating package descriptor '/home/host/ros_ws/install/manipulator_disturbance_control/share/manipulator_disturbance_control/package.dsv'
[2.091s] INFO:colcon.colcon_core.shell:Creating package script '/home/host/ros_ws/install/manipulator_disturbance_control/share/manipulator_disturbance_control/package.sh'
[2.091s] INFO:colcon.colcon_core.shell:Creating package script '/home/host/ros_ws/install/manipulator_disturbance_control/share/manipulator_disturbance_control/package.bash'
[2.092s] INFO:colcon.colcon_core.shell:Creating package script '/home/host/ros_ws/install/manipulator_disturbance_control/share/manipulator_disturbance_control/package.zsh'
[2.092s] Level 1:colcon.colcon_core.environment:create_file_with_runtime_dependencies(/home/host/ros_ws/install/manipulator_disturbance_control/share/colcon-core/packages/manipulator_disturbance_control)
[2.102s] DEBUG:colcon.colcon_parallel_executor.executor.parallel:closing loop
[2.103s] DEBUG:colcon.colcon_parallel_executor.executor.parallel:loop closed
[2.103s] DEBUG:colcon.colcon_parallel_executor.executor.parallel:run_until_complete finished with '2'
[2.103s] DEBUG:colcon.colcon_core.event_reactor:joining thread
[2.109s] INFO:colcon.colcon_core.plugin_system:Skipping extension 'colcon_notification.desktop_notification.notify_send': Could not find 'notify-send'
[2.109s] INFO:colcon.colcon_core.plugin_system:Skipping extension 'colcon_notification.desktop_notification.terminal_notifier': Not used on non-Darwin systems
[2.109s] INFO:colcon.colcon_core.plugin_system:Skipping extension 'colcon_notification.desktop_notification.win32': Not used on non-Windows systems
[2.109s] INFO:colcon.colcon_notification.desktop_notification:Sending desktop notification using 'notify2'
[2.111s] DEBUG:colcon.colcon_notification.desktop_notification.notify2:Failed to initialize notify2: org.freedesktop.DBus.Error.Spawn.ExecFailed: /usr/bin/dbus-launch terminated abnormally without any error message
[2.112s] DEBUG:colcon.colcon_core.event_reactor:joined thread
[2.112s] INFO:colcon.colcon_core.shell:Creating prefix script '/home/host/ros_ws/install/local_setup.ps1'
[2.113s] INFO:colcon.colcon_core.shell:Creating prefix util module '/home/host/ros_ws/install/_local_setup_util_ps1.py'
[2.116s] INFO:colcon.colcon_core.shell:Creating prefix chain script '/home/host/ros_ws/install/setup.ps1'
[2.117s] INFO:colcon.colcon_core.shell:Creating prefix script '/home/host/ros_ws/install/local_setup.sh'
[2.118s] INFO:colcon.colcon_core.shell:Creating prefix util module '/home/host/ros_ws/install/_local_setup_util_sh.py'
[2.119s] INFO:colcon.colcon_core.shell:Creating prefix chain script '/home/host/ros_ws/install/setup.sh'
[2.120s] INFO:colcon.colcon_core.shell:Creating prefix script '/home/host/ros_ws/install/local_setup.bash'
[2.121s] INFO:colcon.colcon_core.shell:Creating prefix chain script '/home/host/ros_ws/install/setup.bash'
[2.122s] INFO:colcon.colcon_core.shell:Creating prefix script '/home/host/ros_ws/install/local_setup.zsh'
[2.123s] INFO:colcon.colcon_core.shell:Creating prefix chain script '/home/host/ros_ws/install/setup.zsh'
