[0.006s] Invoking command in '/home/host/ros_ws/build/braco_description': CMAKE_PREFIX_PATH=${CMAKE_PREFIX_PATH}:/opt/ros/humble /usr/bin/cmake --build /home/host/ros_ws/build/braco_description -- -j20 -l20
[0.025s] -- Found ament_cmake: 1.3.12 (/opt/ros/humble/share/ament_cmake/cmake)
[0.120s] -- Override CMake install command with custom implementation using symlinks instead of copying resources
[0.124s] -- Found urdf: 2.6.1 (/opt/ros/humble/share/urdf/cmake)
[0.145s] -- Found xacro: 2.1.1 (/opt/ros/humble/share/xacro/cmake)
[0.145s] -- Found rclpy: 3.3.17 (/opt/ros/humble/share/rclpy/cmake)
[0.181s] -- Found ament_lint_auto: 0.12.14 (/opt/ros/humble/share/ament_lint_auto/cmake)
[0.219s] -- Added test 'copyright' to check source files copyright and LICENSE
[0.221s] -- Added test 'flake8' to check Python code syntax and style conventions
[0.222s] -- Added test 'lint_cmake' to check CMake code style
[0.222s] -- Added test 'pep257' to check Python code against some of the docstring style conventions in PEP 257
[0.223s] -- Added test 'xmllint' to check XML markup files
[0.224s] -- Configuring done
[0.226s] -- Generating done
[0.227s] -- Build files have been written to: /home/host/ros_ws/build/braco_description
[0.259s] Built target ament_cmake_python_symlink_braco_description
[0.419s] running egg_info
[0.420s] writing braco_description.egg-info/PKG-INFO
[0.420s] writing dependency_links to braco_description.egg-info/dependency_links.txt
[0.420s] writing top-level names to braco_description.egg-info/top_level.txt
[0.421s] reading manifest file 'braco_description.egg-info/SOURCES.txt'
[0.421s] writing manifest file 'braco_description.egg-info/SOURCES.txt'
[0.438s] Built target ament_cmake_python_build_braco_description_egg
[0.446s] Invoked command in '/home/host/ros_ws/build/braco_description' returned '0': CMAKE_PREFIX_PATH=${CMAKE_PREFIX_PATH}:/opt/ros/humble /usr/bin/cmake --build /home/host/ros_ws/build/braco_description -- -j20 -l20
[0.452s] Invoking command in '/home/host/ros_ws/build/braco_description': CMAKE_PREFIX_PATH=${CMAKE_PREFIX_PATH}:/opt/ros/humble /usr/bin/cmake --install /home/host/ros_ws/build/braco_description
[0.457s] -- Install configuration: ""
[0.457s] -- Execute custom install script
[0.457s] -- Up-to-date symlink: /home/host/ros_ws/install/braco_description/share/braco_description/environment/pythonpath.sh
[0.457s] -- Up-to-date symlink: /home/host/ros_ws/install/braco_description/share/braco_description/environment/pythonpath.dsv
[0.457s] -- Up-to-date symlink: /home/host/ros_ws/install/braco_description/local/lib/python3.10/dist-packages/braco_description-1.0.0-py3.10.egg-info/PKG-INFO
[0.457s] -- Up-to-date symlink: /home/host/ros_ws/install/braco_description/local/lib/python3.10/dist-packages/braco_description-1.0.0-py3.10.egg-info/SOURCES.txt
[0.458s] -- Up-to-date symlink: /home/host/ros_ws/install/braco_description/local/lib/python3.10/dist-packages/braco_description-1.0.0-py3.10.egg-info/dependency_links.txt
[0.458s] -- Up-to-date symlink: /home/host/ros_ws/install/braco_description/local/lib/python3.10/dist-packages/braco_description-1.0.0-py3.10.egg-info/top_level.txt
[0.458s] -- Up-to-date symlink: /home/host/ros_ws/install/braco_description/local/lib/python3.10/dist-packages/braco_description/__init__.py
[0.458s] -- Up-to-date symlink: /home/host/ros_ws/install/braco_description/lib/braco_description/trajectory_publisher.py
[0.458s] -- Up-to-date symlink: /home/host/ros_ws/install/braco_description/lib/braco_description/send_trajectory.py
[0.458s] -- Up-to-date symlink: /home/host/ros_ws/install/braco_description/lib/braco_description/send_cartesian.py
[0.458s] -- Symlinking: /home/host/ros_ws/install/braco_description/lib/braco_description/trajectory_planner.py
[0.464s] -- Up-to-date symlink: /home/host/ros_ws/install/braco_description/share/braco_description//urdf/Braço.gazebo
[0.464s] -- Up-to-date symlink: /home/host/ros_ws/install/braco_description/share/braco_description//urdf/Braço.trans
[0.464s] -- Up-to-date symlink: /home/host/ros_ws/install/braco_description/share/braco_description//urdf/Braço.xacro
[0.464s] -- Up-to-date symlink: /home/host/ros_ws/install/braco_description/share/braco_description//urdf/braco.urdf
[0.464s] -- Up-to-date symlink: /home/host/ros_ws/install/braco_description/share/braco_description//urdf/braco_fixed.urdf
[0.464s] -- Up-to-date symlink: /home/host/ros_ws/install/braco_description/share/braco_description//urdf/materials.xacro
[0.464s] -- Up-to-date symlink: /home/host/ros_ws/install/braco_description/share/braco_description//meshes/base_link.stl
[0.464s] -- Up-to-date symlink: /home/host/ros_ws/install/braco_description/share/braco_description//meshes/prism1_1.stl
[0.464s] -- Up-to-date symlink: /home/host/ros_ws/install/braco_description/share/braco_description//meshes/rot1_1.stl
[0.464s] -- Up-to-date symlink: /home/host/ros_ws/install/braco_description/share/braco_description//meshes/rot2_1.stl
[0.464s] -- Up-to-date symlink: /home/host/ros_ws/install/braco_description/share/braco_description//meshes/rot3_1.stl
[0.465s] -- Up-to-date symlink: /home/host/ros_ws/install/braco_description/share/braco_description//meshes/rot4_1.stl
[0.465s] -- Up-to-date symlink: /home/host/ros_ws/install/braco_description/share/braco_description//launch/controller.launch
[0.465s] -- Up-to-date symlink: /home/host/ros_ws/install/braco_description/share/braco_description//launch/controller.yaml
[0.465s] -- Up-to-date symlink: /home/host/ros_ws/install/braco_description/share/braco_description//launch/display.launch
[0.465s] -- Up-to-date symlink: /home/host/ros_ws/install/braco_description/share/braco_description//launch/display.launch.py
[0.465s] -- Up-to-date symlink: /home/host/ros_ws/install/braco_description/share/braco_description//launch/gazebo.launch
[0.465s] -- Up-to-date symlink: /home/host/ros_ws/install/braco_description/share/braco_description//launch/gazebo.launch.py
[0.465s] -- Up-to-date symlink: /home/host/ros_ws/install/braco_description/share/braco_description//launch/trajectory.launch.py
[0.465s] -- Up-to-date symlink: /home/host/ros_ws/install/braco_description/share/braco_description//launch/urdf.rviz
[0.465s] -- Up-to-date symlink: /home/host/ros_ws/install/braco_description/share/braco_description//config/controllers.yaml
[0.465s] -- Up-to-date symlink: /home/host/ros_ws/install/braco_description/share/braco_description/launch//controller.yaml
[0.465s] -- Up-to-date symlink: /home/host/ros_ws/install/braco_description/share/braco_description/launch//urdf.rviz
[0.466s] -- Up-to-date symlink: /home/host/ros_ws/install/braco_description/share/ament_index/resource_index/package_run_dependencies/braco_description
[0.466s] -- Up-to-date symlink: /home/host/ros_ws/install/braco_description/share/ament_index/resource_index/parent_prefix_path/braco_description
[0.466s] -- Up-to-date symlink: /home/host/ros_ws/install/braco_description/share/braco_description/environment/ament_prefix_path.sh
[0.466s] -- Up-to-date symlink: /home/host/ros_ws/install/braco_description/share/braco_description/environment/ament_prefix_path.dsv
[0.466s] -- Up-to-date symlink: /home/host/ros_ws/install/braco_description/share/braco_description/environment/path.sh
[0.466s] -- Up-to-date symlink: /home/host/ros_ws/install/braco_description/share/braco_description/environment/path.dsv
[0.466s] -- Up-to-date symlink: /home/host/ros_ws/install/braco_description/share/braco_description/local_setup.bash
[0.466s] -- Up-to-date symlink: /home/host/ros_ws/install/braco_description/share/braco_description/local_setup.sh
[0.466s] -- Up-to-date symlink: /home/host/ros_ws/install/braco_description/share/braco_description/local_setup.zsh
[0.466s] -- Up-to-date symlink: /home/host/ros_ws/install/braco_description/share/braco_description/local_setup.dsv
[0.466s] -- Symlinking: /home/host/ros_ws/install/braco_description/share/braco_description/package.dsv
[0.471s] -- Up-to-date symlink: /home/host/ros_ws/install/braco_description/share/ament_index/resource_index/packages/braco_description
[0.471s] -- Up-to-date symlink: /home/host/ros_ws/install/braco_description/share/braco_description/cmake/braco_descriptionConfig.cmake
[0.471s] -- Up-to-date symlink: /home/host/ros_ws/install/braco_description/share/braco_description/cmake/braco_descriptionConfig-version.cmake
[0.471s] -- Up-to-date symlink: /home/host/ros_ws/install/braco_description/share/braco_description/package.xml
[0.489s] Listing '/home/host/ros_ws/install/braco_description/local/lib/python3.10/dist-packages/braco_description'...
[0.493s] Invoked command in '/home/host/ros_ws/build/braco_description' returned '0': CMAKE_PREFIX_PATH=${CMAKE_PREFIX_PATH}:/opt/ros/humble /usr/bin/cmake --install /home/host/ros_ws/build/braco_description
