[0.000000] (-) TimerEvent: {}
[0.000111] (braco_description) JobQueued: {'identifier': 'braco_description', 'dependencies': OrderedDict()}
[0.000148] (manipulator_gazebo) JobQueued: {'identifier': 'manipulator_gazebo', 'dependencies': OrderedDict()}
[0.000182] (manipulator_msgs) JobQueued: {'identifier': 'manipulator_msgs', 'dependencies': OrderedDict()}
[0.000377] (manipulator_disturbance_control) JobQueued: {'identifier': 'manipulator_disturbance_control', 'dependencies': OrderedDict([('manipulator_msgs', '/home/host/ros_ws/install/manipulator_msgs')])}
[0.000611] (manipulator_msgs) JobStarted: {'identifier': 'manipulator_msgs'}
[0.019023] (braco_description) JobStarted: {'identifier': 'braco_description'}
[0.026872] (manipulator_gazebo) JobStarted: {'identifier': 'manipulator_gazebo'}
[0.034033] (manipulator_msgs) JobProgress: {'identifier': 'manipulator_msgs', 'progress': 'cmake'}
[0.034966] (manipulator_msgs) Command: {'cmd': ['/usr/bin/cmake', '/home/host/ros_ws/src/manipulator_msgs', '-DCMAKE_INSTALL_PREFIX=/home/host/ros_ws/install/manipulator_msgs'], 'cwd': '/home/host/ros_ws/build/manipulator_msgs', 'env': OrderedDict([('HOSTNAME', 'marcotayar-Nitro-AN515-55'), ('SHLVL', '1'), ('LD_LIBRARY_PATH', '/home/host/ros_ws/install/manipulator_msgs/lib:/usr/lib/x86_64-linux-gnu/gazebo-11/plugins:/opt/ros/humble/opt/rviz_ogre_vendor/lib:/opt/ros/humble/lib/x86_64-linux-gnu:/opt/ros/humble/lib'), ('HOME', '/home/host'), ('ROS_PYTHON_VERSION', '3'), ('COLCON_PREFIX_PATH', '/home/host/ros_ws/install'), ('ROS_DISTRO', 'humble'), ('_', '/usr/bin/colcon'), ('ROS_VERSION', '2'), ('TERM', 'xterm'), ('ROS_LOCALHOST_ONLY', '0'), ('PATH', '/opt/ros/humble/bin:/usr/local/sbin:/usr/local/bin:/usr/sbin:/usr/bin:/sbin:/bin'), ('DISPLAY', ':1'), ('LANG', 'C.UTF-8'), ('AMENT_PREFIX_PATH', '/home/host/ros_ws/install/manipulator_disturbance_control:/home/host/ros_ws/install/manipulator_msgs:/home/host/ros_ws/install/manipulator_gazebo:/home/host/ros_ws/install/braco_description:/opt/ros/humble'), ('PWD', '/home/host/ros_ws/build/manipulator_msgs'), ('LC_ALL', 'C.UTF-8'), ('PYTHONPATH', '/home/host/ros_ws/install/manipulator_msgs/local/lib/python3.10/dist-packages:/opt/ros/humble/lib/python3.10/site-packages:/opt/ros/humble/local/lib/python3.10/dist-packages'), ('TZ', 'America/Sao_Paulo'), ('COLCON', '1'), ('CMAKE_PREFIX_PATH', '/home/host/ros_ws/install/manipulator_disturbance_control:/home/host/ros_ws/install/manipulator_msgs:/home/host/ros_ws/install/manipulator_gazebo:/home/host/ros_ws/install/braco_description:/opt/ros/humble')]), 'shell': False}
[0.038263] (braco_description) JobProgress: {'identifier': 'braco_description', 'progress': 'cmake'}
[0.039292] (braco_description) Command: {'cmd': ['/usr/bin/cmake', '/home/host/ros_ws/src/braco_description', '-DCMAKE_INSTALL_PREFIX=/home/host/ros_ws/install/braco_description'], 'cwd': '/home/host/ros_ws/build/braco_description', 'env': OrderedDict([('HOSTNAME', 'marcotayar-Nitro-AN515-55'), ('SHLVL', '1'), ('LD_LIBRARY_PATH', '/home/host/ros_ws/install/manipulator_msgs/lib:/usr/lib/x86_64-linux-gnu/gazebo-11/plugins:/opt/ros/humble/opt/rviz_ogre_vendor/lib:/opt/ros/humble/lib/x86_64-linux-gnu:/opt/ros/humble/lib'), ('HOME', '/home/host'), ('ROS_PYTHON_VERSION', '3'), ('COLCON_PREFIX_PATH', '/home/host/ros_ws/install'), ('ROS_DISTRO', 'humble'), ('_', '/usr/bin/colcon'), ('ROS_VERSION', '2'), ('TERM', 'xterm'), ('ROS_LOCALHOST_ONLY', '0'), ('PATH', '/opt/ros/humble/bin:/usr/local/sbin:/usr/local/bin:/usr/sbin:/usr/bin:/sbin:/bin'), ('DISPLAY', ':1'), ('LANG', 'C.UTF-8'), ('AMENT_PREFIX_PATH', '/home/host/ros_ws/install/manipulator_disturbance_control:/home/host/ros_ws/install/manipulator_msgs:/home/host/ros_ws/install/manipulator_gazebo:/home/host/ros_ws/install/braco_description:/opt/ros/humble'), ('PWD', '/home/host/ros_ws/build/braco_description'), ('LC_ALL', 'C.UTF-8'), ('PYTHONPATH', '/home/host/ros_ws/install/manipulator_msgs/local/lib/python3.10/dist-packages:/opt/ros/humble/lib/python3.10/site-packages:/opt/ros/humble/local/lib/python3.10/dist-packages'), ('TZ', 'America/Sao_Paulo'), ('COLCON', '1'), ('CMAKE_PREFIX_PATH', '/home/host/ros_ws/install/manipulator_disturbance_control:/home/host/ros_ws/install/manipulator_msgs:/home/host/ros_ws/install/manipulator_gazebo:/home/host/ros_ws/install/braco_description:/opt/ros/humble')]), 'shell': False}
[0.041527] (manipulator_gazebo) JobProgress: {'identifier': 'manipulator_gazebo', 'progress': 'cmake'}
[0.042605] (manipulator_gazebo) Command: {'cmd': ['/usr/bin/cmake', '/home/host/ros_ws/src/manipulator_gazebo', '-DCMAKE_INSTALL_PREFIX=/home/host/ros_ws/install/manipulator_gazebo'], 'cwd': '/home/host/ros_ws/build/manipulator_gazebo', 'env': OrderedDict([('HOSTNAME', 'marcotayar-Nitro-AN515-55'), ('SHLVL', '1'), ('LD_LIBRARY_PATH', '/home/host/ros_ws/install/manipulator_msgs/lib:/usr/lib/x86_64-linux-gnu/gazebo-11/plugins:/opt/ros/humble/opt/rviz_ogre_vendor/lib:/opt/ros/humble/lib/x86_64-linux-gnu:/opt/ros/humble/lib'), ('HOME', '/home/host'), ('ROS_PYTHON_VERSION', '3'), ('COLCON_PREFIX_PATH', '/home/host/ros_ws/install'), ('ROS_DISTRO', 'humble'), ('_', '/usr/bin/colcon'), ('ROS_VERSION', '2'), ('TERM', 'xterm'), ('ROS_LOCALHOST_ONLY', '0'), ('PATH', '/opt/ros/humble/bin:/usr/local/sbin:/usr/local/bin:/usr/sbin:/usr/bin:/sbin:/bin'), ('DISPLAY', ':1'), ('LANG', 'C.UTF-8'), ('AMENT_PREFIX_PATH', '/home/host/ros_ws/install/manipulator_disturbance_control:/home/host/ros_ws/install/manipulator_msgs:/home/host/ros_ws/install/manipulator_gazebo:/home/host/ros_ws/install/braco_description:/opt/ros/humble'), ('PWD', '/home/host/ros_ws/build/manipulator_gazebo'), ('LC_ALL', 'C.UTF-8'), ('PYTHONPATH', '/home/host/ros_ws/install/manipulator_msgs/local/lib/python3.10/dist-packages:/opt/ros/humble/lib/python3.10/site-packages:/opt/ros/humble/local/lib/python3.10/dist-packages'), ('TZ', 'America/Sao_Paulo'), ('COLCON', '1'), ('CMAKE_PREFIX_PATH', '/home/host/ros_ws/install/manipulator_disturbance_control:/home/host/ros_ws/install/manipulator_msgs:/home/host/ros_ws/install/manipulator_gazebo:/home/host/ros_ws/install/braco_description:/opt/ros/humble')]), 'shell': False}
[0.073232] (braco_description) StdoutLine: {'line': b'-- Found ament_cmake: 1.3.12 (/opt/ros/humble/share/ament_cmake/cmake)\n'}
[0.073490] (manipulator_msgs) StdoutLine: {'line': b'-- Found ament_cmake: 1.3.12 (/opt/ros/humble/share/ament_cmake/cmake)\n'}
[0.073651] (manipulator_gazebo) StdoutLine: {'line': b'-- Found ament_cmake: 1.3.12 (/opt/ros/humble/share/ament_cmake/cmake)\n'}
[0.099780] (-) TimerEvent: {}
[0.200080] (-) TimerEvent: {}
[0.215675] (manipulator_msgs) StdoutLine: {'line': b'-- Override CMake install command with custom implementation using symlinks instead of copying resources\n'}
[0.233990] (manipulator_msgs) StdoutLine: {'line': b'-- Found rosidl_default_generators: 1.2.0 (/opt/ros/humble/share/rosidl_default_generators/cmake)\n'}
[0.236516] (manipulator_msgs) StdoutLine: {'line': b'-- Using all available rosidl_typesupport_c: rosidl_typesupport_fastrtps_c;rosidl_typesupport_introspection_c\n'}
[0.236843] (manipulator_gazebo) StdoutLine: {'line': b'-- Override CMake install command with custom implementation using symlinks instead of copying resources\n'}
[0.238114] (braco_description) StdoutLine: {'line': b'-- Override CMake install command with custom implementation using symlinks instead of copying resources\n'}
[0.242062] (manipulator_msgs) StdoutLine: {'line': b'-- Found rosidl_adapter: 3.1.7 (/opt/ros/humble/share/rosidl_adapter/cmake)\n'}
[0.245864] (manipulator_gazebo) StdoutLine: {'line': b'-- Found gazebo_ros: 3.9.0 (/opt/ros/humble/share/gazebo_ros/cmake)\n'}
[0.246982] (braco_description) StdoutLine: {'line': b'-- Found urdf: 2.6.1 (/opt/ros/humble/share/urdf/cmake)\n'}
[0.281291] (manipulator_msgs) StdoutLine: {'line': b'-- Using all available rosidl_typesupport_cpp: rosidl_typesupport_fastrtps_cpp;rosidl_typesupport_introspection_cpp\n'}
[0.285586] (manipulator_gazebo) StdoutLine: {'line': b'-- Found rosidl_generator_c: 3.1.7 (/opt/ros/humble/share/rosidl_generator_c/cmake)\n'}
[0.288285] (manipulator_gazebo) StdoutLine: {'line': b'-- Found rosidl_adapter: 3.1.7 (/opt/ros/humble/share/rosidl_adapter/cmake)\n'}
[0.293664] (braco_description) StdoutLine: {'line': b'-- Found xacro: 2.1.1 (/opt/ros/humble/share/xacro/cmake)\n'}
[0.294361] (manipulator_gazebo) StdoutLine: {'line': b'-- Found rosidl_generator_cpp: 3.1.7 (/opt/ros/humble/share/rosidl_generator_cpp/cmake)\n'}
[0.294543] (braco_description) StdoutLine: {'line': b'-- Found ament_lint_auto: 0.12.14 (/opt/ros/humble/share/ament_lint_auto/cmake)\n'}
[0.300175] (-) TimerEvent: {}
[0.304921] (manipulator_gazebo) StdoutLine: {'line': b'-- Using all available rosidl_typesupport_c: rosidl_typesupport_fastrtps_c;rosidl_typesupport_introspection_c\n'}
[0.312707] (manipulator_msgs) StdoutLine: {'line': b'-- Found std_msgs: 4.9.0 (/opt/ros/humble/share/std_msgs/cmake)\n'}
[0.319834] (manipulator_gazebo) StdoutLine: {'line': b'-- Using all available rosidl_typesupport_cpp: rosidl_typesupport_fastrtps_cpp;rosidl_typesupport_introspection_cpp\n'}
[0.340118] (manipulator_msgs) StdoutLine: {'line': b'-- Found geometry_msgs: 4.9.0 (/opt/ros/humble/share/geometry_msgs/cmake)\n'}
[0.364426] (manipulator_gazebo) StdoutLine: {'line': b'-- Found rmw_implementation_cmake: 6.1.2 (/opt/ros/humble/share/rmw_implementation_cmake/cmake)\n'}
[0.367709] (manipulator_gazebo) StdoutLine: {'line': b'-- Found rmw_fastrtps_cpp: 6.2.9 (/opt/ros/humble/share/rmw_fastrtps_cpp/cmake)\n'}
[0.369333] (braco_description) StdoutLine: {'line': b"-- Added test 'copyright' to check source files copyright and LICENSE\n"}
[0.372767] (braco_description) StdoutLine: {'line': b"-- Added test 'flake8' to check Python code syntax and style conventions\n"}
[0.373417] (braco_description) StdoutLine: {'line': b"-- Added test 'lint_cmake' to check CMake code style\n"}
[0.373959] (braco_description) StdoutLine: {'line': b"-- Added test 'pep257' to check Python code against some of the docstring style conventions in PEP 257\n"}
[0.375891] (braco_description) StdoutLine: {'line': b"-- Added test 'xmllint' to check XML markup files\n"}
[0.376981] (braco_description) StdoutLine: {'line': b'-- Configuring done\n'}
[0.381482] (braco_description) StdoutLine: {'line': b'-- Generating done\n'}
[0.383335] (braco_description) StdoutLine: {'line': b'-- Build files have been written to: /home/host/ros_ws/build/braco_description\n'}
[0.389186] (braco_description) CommandEnded: {'returncode': 0}
[0.389975] (braco_description) JobProgress: {'identifier': 'braco_description', 'progress': 'build'}
[0.390079] (braco_description) Command: {'cmd': ['/usr/bin/cmake', '--build', '/home/host/ros_ws/build/braco_description', '--', '-j8', '-l8'], 'cwd': '/home/host/ros_ws/build/braco_description', 'env': OrderedDict([('HOSTNAME', 'marcotayar-Nitro-AN515-55'), ('SHLVL', '1'), ('LD_LIBRARY_PATH', '/home/host/ros_ws/install/manipulator_msgs/lib:/usr/lib/x86_64-linux-gnu/gazebo-11/plugins:/opt/ros/humble/opt/rviz_ogre_vendor/lib:/opt/ros/humble/lib/x86_64-linux-gnu:/opt/ros/humble/lib'), ('HOME', '/home/host'), ('ROS_PYTHON_VERSION', '3'), ('COLCON_PREFIX_PATH', '/home/host/ros_ws/install'), ('ROS_DISTRO', 'humble'), ('_', '/usr/bin/colcon'), ('ROS_VERSION', '2'), ('TERM', 'xterm'), ('ROS_LOCALHOST_ONLY', '0'), ('PATH', '/opt/ros/humble/bin:/usr/local/sbin:/usr/local/bin:/usr/sbin:/usr/bin:/sbin:/bin'), ('DISPLAY', ':1'), ('LANG', 'C.UTF-8'), ('AMENT_PREFIX_PATH', '/home/host/ros_ws/install/manipulator_disturbance_control:/home/host/ros_ws/install/manipulator_msgs:/home/host/ros_ws/install/manipulator_gazebo:/home/host/ros_ws/install/braco_description:/opt/ros/humble'), ('PWD', '/home/host/ros_ws/build/braco_description'), ('LC_ALL', 'C.UTF-8'), ('PYTHONPATH', '/home/host/ros_ws/install/manipulator_msgs/local/lib/python3.10/dist-packages:/opt/ros/humble/lib/python3.10/site-packages:/opt/ros/humble/local/lib/python3.10/dist-packages'), ('TZ', 'America/Sao_Paulo'), ('COLCON', '1'), ('CMAKE_PREFIX_PATH', '/home/host/ros_ws/install/manipulator_disturbance_control:/home/host/ros_ws/install/manipulator_msgs:/home/host/ros_ws/install/manipulator_gazebo:/home/host/ros_ws/install/braco_description:/opt/ros/humble')]), 'shell': False}
[0.400275] (-) TimerEvent: {}
[0.425953] (braco_description) CommandEnded: {'returncode': 0}
[0.426620] (braco_description) JobProgress: {'identifier': 'braco_description', 'progress': 'install'}
[0.435756] (braco_description) Command: {'cmd': ['/usr/bin/cmake', '--install', '/home/host/ros_ws/build/braco_description'], 'cwd': '/home/host/ros_ws/build/braco_description', 'env': OrderedDict([('HOSTNAME', 'marcotayar-Nitro-AN515-55'), ('SHLVL', '1'), ('LD_LIBRARY_PATH', '/home/host/ros_ws/install/manipulator_msgs/lib:/usr/lib/x86_64-linux-gnu/gazebo-11/plugins:/opt/ros/humble/opt/rviz_ogre_vendor/lib:/opt/ros/humble/lib/x86_64-linux-gnu:/opt/ros/humble/lib'), ('HOME', '/home/host'), ('ROS_PYTHON_VERSION', '3'), ('COLCON_PREFIX_PATH', '/home/host/ros_ws/install'), ('ROS_DISTRO', 'humble'), ('_', '/usr/bin/colcon'), ('ROS_VERSION', '2'), ('TERM', 'xterm'), ('ROS_LOCALHOST_ONLY', '0'), ('PATH', '/opt/ros/humble/bin:/usr/local/sbin:/usr/local/bin:/usr/sbin:/usr/bin:/sbin:/bin'), ('DISPLAY', ':1'), ('LANG', 'C.UTF-8'), ('AMENT_PREFIX_PATH', '/home/host/ros_ws/install/manipulator_disturbance_control:/home/host/ros_ws/install/manipulator_msgs:/home/host/ros_ws/install/manipulator_gazebo:/home/host/ros_ws/install/braco_description:/opt/ros/humble'), ('PWD', '/home/host/ros_ws/build/braco_description'), ('LC_ALL', 'C.UTF-8'), ('PYTHONPATH', '/home/host/ros_ws/install/manipulator_msgs/local/lib/python3.10/dist-packages:/opt/ros/humble/lib/python3.10/site-packages:/opt/ros/humble/local/lib/python3.10/dist-packages'), ('TZ', 'America/Sao_Paulo'), ('COLCON', '1'), ('CMAKE_PREFIX_PATH', '/home/host/ros_ws/install/manipulator_disturbance_control:/home/host/ros_ws/install/manipulator_msgs:/home/host/ros_ws/install/manipulator_gazebo:/home/host/ros_ws/install/braco_description:/opt/ros/humble')]), 'shell': False}
[0.443102] (braco_description) StdoutLine: {'line': b'-- Install configuration: ""\n'}
[0.443806] (braco_description) StdoutLine: {'line': b'-- Execute custom install script\n'}
[0.444230] (braco_description) StdoutLine: {'line': b'-- Symlinking: /home/host/ros_ws/install/braco_description/share/braco_description//urdf/Bra\xc3\xa7o.gazebo\n'}
[0.452724] (braco_description) StdoutLine: {'line': b'-- Symlinking: /home/host/ros_ws/install/braco_description/share/braco_description//urdf/Bra\xc3\xa7o.trans\n'}
[0.460366] (braco_description) StdoutLine: {'line': b'-- Symlinking: /home/host/ros_ws/install/braco_description/share/braco_description//urdf/Bra\xc3\xa7o.xacro\n'}
[0.469242] (braco_description) StdoutLine: {'line': b'-- Symlinking: /home/host/ros_ws/install/braco_description/share/braco_description//urdf/braco.urdf\n'}
[0.476806] (braco_description) StdoutLine: {'line': b'-- Symlinking: /home/host/ros_ws/install/braco_description/share/braco_description//urdf/braco_fixed.urdf\n'}
[0.487571] (braco_description) StdoutLine: {'line': b'-- Symlinking: /home/host/ros_ws/install/braco_description/share/braco_description//urdf/materials.xacro\n'}
[0.495835] (braco_description) StdoutLine: {'line': b'-- Symlinking: /home/host/ros_ws/install/braco_description/share/braco_description//meshes/base_link.stl\n'}
[0.500368] (-) TimerEvent: {}
[0.504530] (braco_description) StdoutLine: {'line': b'-- Symlinking: /home/host/ros_ws/install/braco_description/share/braco_description//meshes/prism1_1.stl\n'}
[0.512590] (braco_description) StdoutLine: {'line': b'-- Symlinking: /home/host/ros_ws/install/braco_description/share/braco_description//meshes/rot1_1.stl\n'}
[0.519403] (manipulator_gazebo) StdoutLine: {'line': b"-- Using RMW implementation 'rmw_fastrtps_cpp' as default\n"}
[0.520878] (braco_description) StdoutLine: {'line': b'-- Symlinking: /home/host/ros_ws/install/braco_description/share/braco_description//meshes/rot2_1.stl\n'}
[0.532919] (braco_description) StdoutLine: {'line': b'-- Symlinking: /home/host/ros_ws/install/braco_description/share/braco_description//meshes/rot3_1.stl\n'}
[0.541285] (braco_description) StdoutLine: {'line': b'-- Symlinking: /home/host/ros_ws/install/braco_description/share/braco_description//meshes/rot4_1.stl\n'}
[0.550901] (braco_description) StdoutLine: {'line': b'-- Symlinking: /home/host/ros_ws/install/braco_description/share/braco_description//launch/controller.launch\n'}
[0.559379] (braco_description) StdoutLine: {'line': b'-- Symlinking: /home/host/ros_ws/install/braco_description/share/braco_description//launch/controller.yaml\n'}
[0.567983] (braco_description) StdoutLine: {'line': b'-- Symlinking: /home/host/ros_ws/install/braco_description/share/braco_description//launch/display.launch\n'}
[0.575573] (braco_description) StdoutLine: {'line': b'-- Symlinking: /home/host/ros_ws/install/braco_description/share/braco_description//launch/display.launch.py\n'}
[0.583160] (braco_description) StdoutLine: {'line': b'-- Symlinking: /home/host/ros_ws/install/braco_description/share/braco_description//launch/gazebo.launch\n'}
[0.590317] (braco_description) StdoutLine: {'line': b'-- Symlinking: /home/host/ros_ws/install/braco_description/share/braco_description//launch/gazebo.launch.py\n'}
[0.597871] (braco_description) StdoutLine: {'line': b'-- Symlinking: /home/host/ros_ws/install/braco_description/share/braco_description//launch/urdf.rviz\n'}
[0.600467] (-) TimerEvent: {}
[0.606369] (braco_description) StdoutLine: {'line': b'-- Up-to-date symlink: /home/host/ros_ws/install/braco_description/share/braco_description/launch//controller.yaml\n'}
[0.606628] (braco_description) StdoutLine: {'line': b'-- Up-to-date symlink: /home/host/ros_ws/install/braco_description/share/braco_description/launch//urdf.rviz\n'}
[0.607268] (braco_description) StdoutLine: {'line': b'-- Symlinking: /home/host/ros_ws/install/braco_description/share/ament_index/resource_index/package_run_dependencies/braco_description\n'}
[0.615438] (braco_description) StdoutLine: {'line': b'-- Symlinking: /home/host/ros_ws/install/braco_description/share/ament_index/resource_index/parent_prefix_path/braco_description\n'}
[0.623508] (braco_description) StdoutLine: {'line': b'-- Up-to-date symlink: /home/host/ros_ws/install/braco_description/share/braco_description/environment/ament_prefix_path.sh\n'}
[0.623733] (braco_description) StdoutLine: {'line': b'-- Symlinking: /home/host/ros_ws/install/braco_description/share/braco_description/environment/ament_prefix_path.dsv\n'}
[0.630965] (manipulator_gazebo) StdoutLine: {'line': b'-- Found DART: /usr/include (Required is at least version "6.6") found components: dart \n'}
[0.632210] (braco_description) StdoutLine: {'line': b'-- Up-to-date symlink: /home/host/ros_ws/install/braco_description/share/braco_description/environment/path.sh\n'}
[0.632462] (braco_description) StdoutLine: {'line': b'-- Symlinking: /home/host/ros_ws/install/braco_description/share/braco_description/environment/path.dsv\n'}
[0.640247] (braco_description) StdoutLine: {'line': b'-- Symlinking: /home/host/ros_ws/install/braco_description/share/braco_description/local_setup.bash\n'}
[0.647783] (braco_description) StdoutLine: {'line': b'-- Symlinking: /home/host/ros_ws/install/braco_description/share/braco_description/local_setup.sh\n'}
[0.656381] (braco_description) StdoutLine: {'line': b'-- Symlinking: /home/host/ros_ws/install/braco_description/share/braco_description/local_setup.zsh\n'}
[0.666460] (braco_description) StdoutLine: {'line': b'-- Symlinking: /home/host/ros_ws/install/braco_description/share/braco_description/local_setup.dsv\n'}
[0.668340] (manipulator_gazebo) StdoutLine: {'line': b'-- Found Protobuf: /usr/lib/x86_64-linux-gnu/libprotobuf.so (found version "3.12.4") \n'}
[0.671584] (manipulator_gazebo) StdoutLine: {'line': b'-- Looking for ignition-math6 -- found version 6.15.1\n'}
[0.675775] (braco_description) StdoutLine: {'line': b'-- Symlinking: /home/host/ros_ws/install/braco_description/share/braco_description/package.dsv\n'}
[0.681537] (manipulator_gazebo) StdoutLine: {'line': b'-- Searching for dependencies of ignition-math6\n'}
[0.684040] (manipulator_gazebo) StdoutLine: {'line': b'-- Looking for OGRE...\n'}
[0.686067] (braco_description) StdoutLine: {'line': b'-- Symlinking: /home/host/ros_ws/install/braco_description/share/ament_index/resource_index/packages/braco_description\n'}
[0.689867] (manipulator_gazebo) StdoutLine: {'line': b'-- Found Ogre Ghadamon (1.9.0)\n'}
[0.690119] (manipulator_gazebo) StdoutLine: {'line': b'-- Found OGRE: optimized;/usr/lib/x86_64-linux-gnu/libOgreMain.so;debug;/usr/lib/x86_64-linux-gnu/libOgreMain.so\n'}
[0.693579] (braco_description) StdoutLine: {'line': b'-- Symlinking: /home/host/ros_ws/install/braco_description/share/braco_description/cmake/braco_descriptionConfig.cmake\n'}
[0.700587] (-) TimerEvent: {}
[0.701490] (manipulator_gazebo) StdoutLine: {'line': b'-- Looking for OGRE_Paging...\n'}
[0.701683] (manipulator_gazebo) StdoutLine: {'line': b'-- Found OGRE_Paging: optimized;/usr/lib/x86_64-linux-gnu/libOgrePaging.so;debug;/usr/lib/x86_64-linux-gnu/libOgrePaging.so\n'}
[0.701762] (manipulator_gazebo) StdoutLine: {'line': b'-- Looking for OGRE_Terrain...\n'}
[0.701886] (manipulator_gazebo) StdoutLine: {'line': b'-- Found OGRE_Terrain: optimized;/usr/lib/x86_64-linux-gnu/libOgreTerrain.so;debug;/usr/lib/x86_64-linux-gnu/libOgreTerrain.so\n'}
[0.701983] (manipulator_gazebo) StdoutLine: {'line': b'-- Looking for OGRE_Property...\n'}
[0.702118] (braco_description) StdoutLine: {'line': b'-- Symlinking: /home/host/ros_ws/install/braco_description/share/braco_description/cmake/braco_descriptionConfig-version.cmake\n'}
[0.702200] (manipulator_gazebo) StdoutLine: {'line': b'-- Found OGRE_Property: optimized;/usr/lib/x86_64-linux-gnu/libOgreProperty.so;debug;/usr/lib/x86_64-linux-gnu/libOgreProperty.so\n'}
[0.702270] (manipulator_gazebo) StdoutLine: {'line': b'-- Looking for OGRE_RTShaderSystem...\n'}
[0.702374] (manipulator_gazebo) StdoutLine: {'line': b'-- Found OGRE_RTShaderSystem: optimized;/usr/lib/x86_64-linux-gnu/libOgreRTShaderSystem.so;debug;/usr/lib/x86_64-linux-gnu/libOgreRTShaderSystem.so\n'}
[0.702561] (manipulator_gazebo) StdoutLine: {'line': b'-- Looking for OGRE_Volume...\n'}
[0.702669] (manipulator_gazebo) StdoutLine: {'line': b'-- Found OGRE_Volume: optimized;/usr/lib/x86_64-linux-gnu/libOgreVolume.so;debug;/usr/lib/x86_64-linux-gnu/libOgreVolume.so\n'}
[0.702783] (manipulator_gazebo) StdoutLine: {'line': b'-- Looking for OGRE_Overlay...\n'}
[0.702890] (manipulator_gazebo) StdoutLine: {'line': b'-- Found OGRE_Overlay: optimized;/usr/lib/x86_64-linux-gnu/libOgreOverlay.so;debug;/usr/lib/x86_64-linux-gnu/libOgreOverlay.so\n'}
[0.711484] (braco_description) StdoutLine: {'line': b'-- Symlinking: /home/host/ros_ws/install/braco_description/share/braco_description/package.xml\n'}
[0.715502] (manipulator_msgs) StdoutLine: {'line': b'-- Found ament_cmake_ros: 0.10.0 (/opt/ros/humble/share/ament_cmake_ros/cmake)\n'}
[0.722108] (braco_description) CommandEnded: {'returncode': 0}
[0.745603] (braco_description) JobEnded: {'identifier': 'braco_description', 'rc': 0}
[0.800687] (-) TimerEvent: {}
[0.816033] (manipulator_gazebo) StdoutLine: {'line': b'-- Looking for ignition-math6 -- found version 6.15.1\n'}
[0.816894] (manipulator_gazebo) StdoutLine: {'line': b'-- Looking for ignition-transport8 -- found version 8.2.1\n'}
[0.817461] (manipulator_gazebo) StdoutLine: {'line': b'-- Searching for dependencies of ignition-transport8\n'}
[0.839745] (manipulator_gazebo) StdoutLine: {'line': b'-- Found Protobuf: /usr/lib/x86_64-linux-gnu/libprotobuf.so (found suitable version "3.12.4", minimum required is "3") \n'}
[0.854365] (manipulator_gazebo) StdoutLine: {'line': b'-- Config-file not installed for ZeroMQ -- checking for pkg-config\n'}
[0.858670] (manipulator_gazebo) StdoutLine: {'line': b"-- Checking for module 'libzmq >= 4'\n"}
[0.868750] (manipulator_gazebo) StdoutLine: {'line': b'--   Found libzmq , version 4.3.4\n'}
[0.899188] (manipulator_gazebo) StdoutLine: {'line': b"-- Checking for module 'uuid'\n"}
[0.900766] (-) TimerEvent: {}
[0.908556] (manipulator_gazebo) StdoutLine: {'line': b'--   Found uuid, version 2.37.2\n'}
[0.936009] (manipulator_gazebo) StdoutLine: {'line': b'-- Looking for ignition-msgs5 -- found version 5.8.1\n'}
[0.936472] (manipulator_gazebo) StdoutLine: {'line': b'-- Searching for dependencies of ignition-msgs5\n'}
[0.959015] (manipulator_gazebo) StdoutLine: {'line': b'-- Looking for ignition-math6 -- found version 6.15.1\n'}
[0.963798] (manipulator_gazebo) StdoutLine: {'line': b"-- Checking for module 'tinyxml2'\n"}
[0.973699] (manipulator_gazebo) StdoutLine: {'line': b'--   Found tinyxml2, version 9.0.0\n'}
[0.982312] (manipulator_msgs) StdoutLine: {'line': b'-- Using all available rosidl_typesupport_c: rosidl_typesupport_fastrtps_c;rosidl_typesupport_introspection_c\n'}
[1.000198] (manipulator_gazebo) StdoutLine: {'line': b'-- Looking for ignition-msgs5 -- found version 5.8.1\n'}
[1.000834] (-) TimerEvent: {}
[1.001171] (manipulator_gazebo) StdoutLine: {'line': b'-- Looking for ignition-common3 -- found version 3.14.0\n'}
[1.001939] (manipulator_gazebo) StdoutLine: {'line': b'-- Searching for dependencies of ignition-common3\n'}
[1.002262] (manipulator_gazebo) StdoutLine: {'line': b'-- Looking for dlfcn.h - found\n'}
[1.002367] (manipulator_gazebo) StdoutLine: {'line': b'-- Looking for libdl - found\n'}
[1.020000] (manipulator_gazebo) StdoutLine: {'line': b'-- Searching for <ignition-common3> component [graphics]\n'}
[1.020838] (manipulator_gazebo) StdoutLine: {'line': b'-- Looking for ignition-common3-graphics -- found version 3.14.0\n'}
[1.021585] (manipulator_gazebo) StdoutLine: {'line': b'-- Searching for dependencies of ignition-common3-graphics\n'}
[1.022115] (manipulator_gazebo) StdoutLine: {'line': b'-- Looking for ignition-math6 -- found version 6.15.1\n'}
[1.024158] (manipulator_gazebo) StdoutLine: {'line': b'-- Looking for ignition-fuel_tools4 -- found version 4.4.0\n'}
[1.024786] (manipulator_gazebo) StdoutLine: {'line': b'-- Searching for dependencies of ignition-fuel_tools4\n'}
[1.065958] (manipulator_gazebo) StdoutLine: {'line': b"-- Checking for module 'jsoncpp'\n"}
[1.075855] (manipulator_gazebo) StdoutLine: {'line': b'--   Found jsoncpp, version 1.9.5\n'}
[1.100930] (-) TimerEvent: {}
[1.104061] (manipulator_gazebo) StdoutLine: {'line': b"-- Checking for module 'libzip'\n"}
[1.117209] (manipulator_gazebo) StdoutLine: {'line': b'--   Found libzip, version 1.7.3\n'}
[1.143231] (manipulator_gazebo) StdoutLine: {'line': b'-- Looking for ignition-common3 -- found version 3.14.0\n'}
[1.143751] (manipulator_gazebo) StdoutLine: {'line': b'-- Looking for ignition-math6 -- found version 6.15.1\n'}
[1.144419] (manipulator_gazebo) StdoutLine: {'line': b'-- Looking for ignition-msgs5 -- found version 5.8.1\n'}
[1.146644] (manipulator_gazebo) StdoutLine: {'line': b'-- Gazebo version: 11.10\n'}
[1.148814] (manipulator_gazebo) StdoutLine: {'line': b'-- Found ros2_control: 2.52.2 (/opt/ros/humble/share/ros2_control/cmake)\n'}
[1.149305] (manipulator_gazebo) StdoutLine: {'line': b'-- Found ros2_controllers: 2.50.2 (/opt/ros/humble/share/ros2_controllers/cmake)\n'}
[1.149831] (manipulator_gazebo) StdoutLine: {'line': b'-- Found controller_manager: 2.52.2 (/opt/ros/humble/share/controller_manager/cmake)\n'}
[1.201033] (-) TimerEvent: {}
[1.301314] (-) TimerEvent: {}
[1.330104] (manipulator_msgs) StdoutLine: {'line': b'-- Using all available rosidl_typesupport_cpp: rosidl_typesupport_fastrtps_cpp;rosidl_typesupport_introspection_cpp\n'}
[1.351329] (manipulator_msgs) StdoutLine: {'line': b'-- Found python_cmake_module: 0.10.0 (/opt/ros/humble/share/python_cmake_module/cmake)\n'}
[1.363764] (manipulator_gazebo) StdoutLine: {'line': b'-- Found robot_state_publisher: 3.0.3 (/opt/ros/humble/share/robot_state_publisher/cmake)\n'}
[1.368541] (manipulator_gazebo) StdoutLine: {'line': b'-- Found eigen3_cmake_module: 0.1.1 (/opt/ros/humble/share/eigen3_cmake_module/cmake)\n'}
[1.370499] (manipulator_gazebo) StdoutLine: {'line': b'-- Ensuring Eigen3 include directory is part of orocos-kdl CMake target\n'}
[1.372382] (manipulator_msgs) StdoutLine: {'line': b'-- Using PYTHON_EXECUTABLE: /usr/bin/python3\n'}
[1.372486] (manipulator_msgs) StdoutLine: {'line': b'-- Using PYTHON_INCLUDE_DIRS: /usr/include/python3.10\n'}
[1.372554] (manipulator_msgs) StdoutLine: {'line': b'-- Using PYTHON_LIBRARIES: /usr/lib/x86_64-linux-gnu/libpython3.10.so\n'}
[1.401402] (-) TimerEvent: {}
[1.417079] (manipulator_msgs) StdoutLine: {'line': b'-- Found ament_lint_auto: 0.12.14 (/opt/ros/humble/share/ament_lint_auto/cmake)\n'}
[1.430508] (manipulator_msgs) StdoutLine: {'line': b"-- Added test 'copyright' to check source files copyright and LICENSE\n"}
[1.432384] (manipulator_msgs) StdoutLine: {'line': b"-- Added test 'lint_cmake' to check CMake code style\n"}
[1.433303] (manipulator_msgs) StdoutLine: {'line': b"-- Added test 'xmllint' to check XML markup files\n"}
[1.436153] (manipulator_msgs) StdoutLine: {'line': b'-- Configuring done\n'}
[1.446117] (manipulator_gazebo) StdoutLine: {'line': b'-- Found xacro: 2.1.1 (/opt/ros/humble/share/xacro/cmake)\n'}
[1.447280] (manipulator_gazebo) StdoutLine: {'line': b'-- Found ament_lint_auto: 0.12.14 (/opt/ros/humble/share/ament_lint_auto/cmake)\n'}
[1.471980] (manipulator_msgs) StdoutLine: {'line': b'-- Generating done\n'}
[1.484518] (manipulator_msgs) StdoutLine: {'line': b'-- Build files have been written to: /home/host/ros_ws/build/manipulator_msgs\n'}
[1.491861] (manipulator_msgs) CommandEnded: {'returncode': 0}
[1.493255] (manipulator_msgs) JobProgress: {'identifier': 'manipulator_msgs', 'progress': 'build'}
[1.493303] (manipulator_msgs) Command: {'cmd': ['/usr/bin/cmake', '--build', '/home/host/ros_ws/build/manipulator_msgs', '--', '-j8', '-l8'], 'cwd': '/home/host/ros_ws/build/manipulator_msgs', 'env': OrderedDict([('HOSTNAME', 'marcotayar-Nitro-AN515-55'), ('SHLVL', '1'), ('LD_LIBRARY_PATH', '/home/host/ros_ws/install/manipulator_msgs/lib:/usr/lib/x86_64-linux-gnu/gazebo-11/plugins:/opt/ros/humble/opt/rviz_ogre_vendor/lib:/opt/ros/humble/lib/x86_64-linux-gnu:/opt/ros/humble/lib'), ('HOME', '/home/host'), ('ROS_PYTHON_VERSION', '3'), ('COLCON_PREFIX_PATH', '/home/host/ros_ws/install'), ('ROS_DISTRO', 'humble'), ('_', '/usr/bin/colcon'), ('ROS_VERSION', '2'), ('TERM', 'xterm'), ('ROS_LOCALHOST_ONLY', '0'), ('PATH', '/opt/ros/humble/bin:/usr/local/sbin:/usr/local/bin:/usr/sbin:/usr/bin:/sbin:/bin'), ('DISPLAY', ':1'), ('LANG', 'C.UTF-8'), ('AMENT_PREFIX_PATH', '/home/host/ros_ws/install/manipulator_disturbance_control:/home/host/ros_ws/install/manipulator_msgs:/home/host/ros_ws/install/manipulator_gazebo:/home/host/ros_ws/install/braco_description:/opt/ros/humble'), ('PWD', '/home/host/ros_ws/build/manipulator_msgs'), ('LC_ALL', 'C.UTF-8'), ('PYTHONPATH', '/home/host/ros_ws/install/manipulator_msgs/local/lib/python3.10/dist-packages:/opt/ros/humble/lib/python3.10/site-packages:/opt/ros/humble/local/lib/python3.10/dist-packages'), ('TZ', 'America/Sao_Paulo'), ('COLCON', '1'), ('CMAKE_PREFIX_PATH', '/home/host/ros_ws/install/manipulator_disturbance_control:/home/host/ros_ws/install/manipulator_msgs:/home/host/ros_ws/install/manipulator_gazebo:/home/host/ros_ws/install/braco_description:/opt/ros/humble')]), 'shell': False}
[1.501493] (-) TimerEvent: {}
[1.518567] (manipulator_gazebo) StdoutLine: {'line': b"-- Added test 'copyright' to check source files copyright and LICENSE\n"}
[1.521451] (manipulator_gazebo) StdoutLine: {'line': b"-- Added test 'flake8' to check Python code syntax and style conventions\n"}
[1.521957] (manipulator_gazebo) StdoutLine: {'line': b"-- Added test 'lint_cmake' to check CMake code style\n"}
[1.522381] (manipulator_gazebo) StdoutLine: {'line': b"-- Added test 'pep257' to check Python code against some of the docstring style conventions in PEP 257\n"}
[1.524295] (manipulator_gazebo) StdoutLine: {'line': b"-- Added test 'xmllint' to check XML markup files\n"}
[1.525373] (manipulator_gazebo) StdoutLine: {'line': b'-- Configuring done\n'}
[1.532896] (manipulator_gazebo) StdoutLine: {'line': b'-- Generating done\n'}
[1.533172] (manipulator_msgs) StdoutLine: {'line': b'[  3%] \x1b[34m\x1b[1mGenerating C code for ROS interfaces\x1b[0m\n'}
[1.537688] (manipulator_gazebo) StdoutLine: {'line': b'-- Build files have been written to: /home/host/ros_ws/build/manipulator_gazebo\n'}
[1.541204] (manipulator_msgs) StdoutLine: {'line': b'[  6%] \x1b[34m\x1b[1mGenerating C++ code for ROS interfaces\x1b[0m\n'}
[1.552737] (manipulator_gazebo) CommandEnded: {'returncode': 0}
[1.553509] (manipulator_gazebo) JobProgress: {'identifier': 'manipulator_gazebo', 'progress': 'build'}
[1.553576] (manipulator_msgs) StdoutLine: {'line': b'[  6%] Built target ament_cmake_python_symlink_manipulator_msgs\n'}
[1.554086] (manipulator_gazebo) Command: {'cmd': ['/usr/bin/cmake', '--build', '/home/host/ros_ws/build/manipulator_gazebo', '--', '-j8', '-l8'], 'cwd': '/home/host/ros_ws/build/manipulator_gazebo', 'env': OrderedDict([('HOSTNAME', 'marcotayar-Nitro-AN515-55'), ('SHLVL', '1'), ('LD_LIBRARY_PATH', '/home/host/ros_ws/install/manipulator_msgs/lib:/usr/lib/x86_64-linux-gnu/gazebo-11/plugins:/opt/ros/humble/opt/rviz_ogre_vendor/lib:/opt/ros/humble/lib/x86_64-linux-gnu:/opt/ros/humble/lib'), ('HOME', '/home/host'), ('ROS_PYTHON_VERSION', '3'), ('COLCON_PREFIX_PATH', '/home/host/ros_ws/install'), ('ROS_DISTRO', 'humble'), ('_', '/usr/bin/colcon'), ('ROS_VERSION', '2'), ('TERM', 'xterm'), ('ROS_LOCALHOST_ONLY', '0'), ('PATH', '/opt/ros/humble/bin:/usr/local/sbin:/usr/local/bin:/usr/sbin:/usr/bin:/sbin:/bin'), ('DISPLAY', ':1'), ('LANG', 'C.UTF-8'), ('AMENT_PREFIX_PATH', '/home/host/ros_ws/install/manipulator_disturbance_control:/home/host/ros_ws/install/manipulator_msgs:/home/host/ros_ws/install/manipulator_gazebo:/home/host/ros_ws/install/braco_description:/opt/ros/humble'), ('PWD', '/home/host/ros_ws/build/manipulator_gazebo'), ('LC_ALL', 'C.UTF-8'), ('PYTHONPATH', '/home/host/ros_ws/install/manipulator_msgs/local/lib/python3.10/dist-packages:/opt/ros/humble/lib/python3.10/site-packages:/opt/ros/humble/local/lib/python3.10/dist-packages'), ('TZ', 'America/Sao_Paulo'), ('COLCON', '1'), ('CMAKE_PREFIX_PATH', '/home/host/ros_ws/install/manipulator_disturbance_control:/home/host/ros_ws/install/manipulator_msgs:/home/host/ros_ws/install/manipulator_gazebo:/home/host/ros_ws/install/braco_description:/opt/ros/humble')]), 'shell': False}
[1.601749] (manipulator_gazebo) CommandEnded: {'returncode': 0}
[1.602040] (-) TimerEvent: {}
[1.603184] (manipulator_gazebo) JobProgress: {'identifier': 'manipulator_gazebo', 'progress': 'install'}
[1.603406] (manipulator_gazebo) Command: {'cmd': ['/usr/bin/cmake', '--install', '/home/host/ros_ws/build/manipulator_gazebo'], 'cwd': '/home/host/ros_ws/build/manipulator_gazebo', 'env': OrderedDict([('HOSTNAME', 'marcotayar-Nitro-AN515-55'), ('SHLVL', '1'), ('LD_LIBRARY_PATH', '/home/host/ros_ws/install/manipulator_msgs/lib:/usr/lib/x86_64-linux-gnu/gazebo-11/plugins:/opt/ros/humble/opt/rviz_ogre_vendor/lib:/opt/ros/humble/lib/x86_64-linux-gnu:/opt/ros/humble/lib'), ('HOME', '/home/host'), ('ROS_PYTHON_VERSION', '3'), ('COLCON_PREFIX_PATH', '/home/host/ros_ws/install'), ('ROS_DISTRO', 'humble'), ('_', '/usr/bin/colcon'), ('ROS_VERSION', '2'), ('TERM', 'xterm'), ('ROS_LOCALHOST_ONLY', '0'), ('PATH', '/opt/ros/humble/bin:/usr/local/sbin:/usr/local/bin:/usr/sbin:/usr/bin:/sbin:/bin'), ('DISPLAY', ':1'), ('LANG', 'C.UTF-8'), ('AMENT_PREFIX_PATH', '/home/host/ros_ws/install/manipulator_disturbance_control:/home/host/ros_ws/install/manipulator_msgs:/home/host/ros_ws/install/manipulator_gazebo:/home/host/ros_ws/install/braco_description:/opt/ros/humble'), ('PWD', '/home/host/ros_ws/build/manipulator_gazebo'), ('LC_ALL', 'C.UTF-8'), ('PYTHONPATH', '/home/host/ros_ws/install/manipulator_msgs/local/lib/python3.10/dist-packages:/opt/ros/humble/lib/python3.10/site-packages:/opt/ros/humble/local/lib/python3.10/dist-packages'), ('TZ', 'America/Sao_Paulo'), ('COLCON', '1'), ('CMAKE_PREFIX_PATH', '/home/host/ros_ws/install/manipulator_disturbance_control:/home/host/ros_ws/install/manipulator_msgs:/home/host/ros_ws/install/manipulator_gazebo:/home/host/ros_ws/install/braco_description:/opt/ros/humble')]), 'shell': False}
[1.609495] (manipulator_gazebo) StdoutLine: {'line': b'-- Install configuration: ""\n'}
[1.610039] (manipulator_gazebo) StdoutLine: {'line': b'-- Execute custom install script\n'}
[1.610525] (manipulator_gazebo) StdoutLine: {'line': b'-- Symlinking: /home/host/ros_ws/install/manipulator_gazebo/share/manipulator_gazebo/launch/complete_system.launch\n'}
[1.620830] (manipulator_gazebo) StdoutLine: {'line': b'-- Symlinking: /home/host/ros_ws/install/manipulator_gazebo/share/manipulator_gazebo/launch/spawn_manipulator.launch\n'}
[1.628950] (manipulator_gazebo) StdoutLine: {'line': b'-- Symlinking: /home/host/ros_ws/install/manipulator_gazebo/share/manipulator_gazebo/urdf/simple_manipulator.urdf.xacro\n'}
[1.637584] (manipulator_gazebo) StdoutLine: {'line': b'-- Symlinking: /home/host/ros_ws/install/manipulator_gazebo/share/manipulator_gazebo/worlds/simple_world.world\n'}
[1.646036] (manipulator_gazebo) StdoutLine: {'line': b'-- Symlinking: /home/host/ros_ws/install/manipulator_gazebo/share/manipulator_gazebo/config/joint_controllers.yaml\n'}
[1.653266] (manipulator_gazebo) StdoutLine: {'line': b'-- Symlinking: /home/host/ros_ws/install/manipulator_gazebo/share/manipulator_gazebo/config/joint_controllers_effort.yaml\n'}
[1.660745] (manipulator_gazebo) StdoutLine: {'line': b'-- Symlinking: /home/host/ros_ws/install/manipulator_gazebo/share/manipulator_gazebo/config/pid_gains.yaml\n'}
[1.670280] (manipulator_gazebo) StdoutLine: {'line': b'-- Symlinking: /home/host/ros_ws/install/manipulator_gazebo/share/ament_index/resource_index/package_run_dependencies/manipulator_gazebo\n'}
[1.679865] (manipulator_gazebo) StdoutLine: {'line': b'-- Symlinking: /home/host/ros_ws/install/manipulator_gazebo/share/ament_index/resource_index/parent_prefix_path/manipulator_gazebo\n'}
[1.688569] (manipulator_gazebo) StdoutLine: {'line': b'-- Up-to-date symlink: /home/host/ros_ws/install/manipulator_gazebo/share/manipulator_gazebo/environment/ament_prefix_path.sh\n'}
[1.688818] (manipulator_gazebo) StdoutLine: {'line': b'-- Symlinking: /home/host/ros_ws/install/manipulator_gazebo/share/manipulator_gazebo/environment/ament_prefix_path.dsv\n'}
[1.696204] (manipulator_gazebo) StdoutLine: {'line': b'-- Up-to-date symlink: /home/host/ros_ws/install/manipulator_gazebo/share/manipulator_gazebo/environment/path.sh\n'}
[1.696707] (manipulator_gazebo) StdoutLine: {'line': b'-- Symlinking: /home/host/ros_ws/install/manipulator_gazebo/share/manipulator_gazebo/environment/path.dsv\n'}
[1.702148] (-) TimerEvent: {}
[1.704176] (manipulator_gazebo) StdoutLine: {'line': b'-- Symlinking: /home/host/ros_ws/install/manipulator_gazebo/share/manipulator_gazebo/local_setup.bash\n'}
[1.712292] (manipulator_gazebo) StdoutLine: {'line': b'-- Symlinking: /home/host/ros_ws/install/manipulator_gazebo/share/manipulator_gazebo/local_setup.sh\n'}
[1.720497] (manipulator_gazebo) StdoutLine: {'line': b'-- Symlinking: /home/host/ros_ws/install/manipulator_gazebo/share/manipulator_gazebo/local_setup.zsh\n'}
[1.727518] (manipulator_gazebo) StdoutLine: {'line': b'-- Symlinking: /home/host/ros_ws/install/manipulator_gazebo/share/manipulator_gazebo/local_setup.dsv\n'}
[1.737325] (manipulator_gazebo) StdoutLine: {'line': b'-- Symlinking: /home/host/ros_ws/install/manipulator_gazebo/share/manipulator_gazebo/package.dsv\n'}
[1.745460] (manipulator_gazebo) StdoutLine: {'line': b'-- Symlinking: /home/host/ros_ws/install/manipulator_gazebo/share/ament_index/resource_index/packages/manipulator_gazebo\n'}
[1.753270] (manipulator_gazebo) StdoutLine: {'line': b'-- Symlinking: /home/host/ros_ws/install/manipulator_gazebo/share/manipulator_gazebo/cmake/manipulator_gazeboConfig.cmake\n'}
[1.760615] (manipulator_gazebo) StdoutLine: {'line': b'-- Symlinking: /home/host/ros_ws/install/manipulator_gazebo/share/manipulator_gazebo/cmake/manipulator_gazeboConfig-version.cmake\n'}
[1.768447] (manipulator_gazebo) StdoutLine: {'line': b'-- Symlinking: /home/host/ros_ws/install/manipulator_gazebo/share/manipulator_gazebo/package.xml\n'}
[1.776454] (manipulator_gazebo) CommandEnded: {'returncode': 0}
[1.788722] (manipulator_gazebo) JobEnded: {'identifier': 'manipulator_gazebo', 'rc': 0}
[1.802241] (-) TimerEvent: {}
[1.882776] (manipulator_msgs) StdoutLine: {'line': b'[  6%] Built target manipulator_msgs__cpp\n'}
[1.891164] (manipulator_msgs) StdoutLine: {'line': b'[ 12%] \x1b[34m\x1b[1mGenerating C++ introspection for ROS interfaces\x1b[0m\n'}
[1.891388] (manipulator_msgs) StdoutLine: {'line': b'[ 12%] \x1b[34m\x1b[1mGenerating C++ type support dispatch for ROS interfaces\x1b[0m\n'}
[1.891611] (manipulator_msgs) StdoutLine: {'line': b'[ 16%] \x1b[34m\x1b[1mGenerating C++ type support for eProsima Fast-RTPS\x1b[0m\n'}
[1.902344] (-) TimerEvent: {}
[1.950806] (manipulator_msgs) StdoutLine: {'line': b'running egg_info\n'}
[1.951848] (manipulator_msgs) StdoutLine: {'line': b'writing manipulator_msgs.egg-info/PKG-INFO\n'}
[1.952163] (manipulator_msgs) StdoutLine: {'line': b'writing dependency_links to manipulator_msgs.egg-info/dependency_links.txt\n'}
[1.952379] (manipulator_msgs) StdoutLine: {'line': b'writing top-level names to manipulator_msgs.egg-info/top_level.txt\n'}
[1.955490] (manipulator_msgs) StdoutLine: {'line': b"reading manifest file 'manipulator_msgs.egg-info/SOURCES.txt'\n"}
[1.956239] (manipulator_msgs) StdoutLine: {'line': b"writing manifest file 'manipulator_msgs.egg-info/SOURCES.txt'\n"}
[1.984985] (manipulator_msgs) StdoutLine: {'line': b'[ 16%] Built target ament_cmake_python_build_manipulator_msgs_egg\n'}
[2.002443] (-) TimerEvent: {}
[2.049256] (manipulator_msgs) StdoutLine: {'line': b'\x1b[35m\x1b[1mConsolidate compiler generated dependencies of target manipulator_msgs__rosidl_generator_c\x1b[0m\n'}
[2.102540] (-) TimerEvent: {}
[2.104198] (manipulator_msgs) StdoutLine: {'line': b'[ 19%] \x1b[32mBuilding C object CMakeFiles/manipulator_msgs__rosidl_generator_c.dir/rosidl_generator_c/manipulator_msgs/srv/detail/apply_disturbance__functions.c.o\x1b[0m\n'}
[2.202637] (-) TimerEvent: {}
[2.207194] (manipulator_msgs) StdoutLine: {'line': b'[ 22%] \x1b[32m\x1b[1mLinking C shared library libmanipulator_msgs__rosidl_generator_c.so\x1b[0m\n'}
[2.231661] (manipulator_msgs) StdoutLine: {'line': b'\x1b[35m\x1b[1mConsolidate compiler generated dependencies of target manipulator_msgs__rosidl_typesupport_cpp\x1b[0m\n'}
[2.246400] (manipulator_msgs) StdoutLine: {'line': b'[ 25%] \x1b[32mBuilding CXX object CMakeFiles/manipulator_msgs__rosidl_typesupport_cpp.dir/rosidl_typesupport_cpp/manipulator_msgs/srv/apply_disturbance__type_support.cpp.o\x1b[0m\n'}
[2.249336] (manipulator_msgs) StdoutLine: {'line': b'[ 25%] Built target manipulator_msgs__rosidl_generator_c\n'}
[2.258284] (manipulator_msgs) StdoutLine: {'line': b'[ 32%] \x1b[34m\x1b[1mGenerating C type support dispatch for ROS interfaces\x1b[0m\n'}
[2.258518] (manipulator_msgs) StdoutLine: {'line': b'[ 32%] \x1b[34m\x1b[1mGenerating C introspection for ROS interfaces\x1b[0m\n'}
[2.258637] (manipulator_msgs) StdoutLine: {'line': b'[ 35%] \x1b[34m\x1b[1mGenerating C type support for eProsima Fast-RTPS\x1b[0m\n'}
[2.302732] (-) TimerEvent: {}
[2.371164] (manipulator_msgs) StdoutLine: {'line': b'\x1b[35m\x1b[1mConsolidate compiler generated dependencies of target manipulator_msgs__rosidl_typesupport_introspection_cpp\x1b[0m\n'}
[2.382482] (manipulator_msgs) StdoutLine: {'line': b'\x1b[35m\x1b[1mConsolidate compiler generated dependencies of target manipulator_msgs__rosidl_typesupport_fastrtps_cpp\x1b[0m\n'}
[2.388361] (manipulator_msgs) StdoutLine: {'line': b'[ 38%] \x1b[32mBuilding CXX object CMakeFiles/manipulator_msgs__rosidl_typesupport_introspection_cpp.dir/rosidl_typesupport_introspection_cpp/manipulator_msgs/srv/detail/apply_disturbance__type_support.cpp.o\x1b[0m\n'}
[2.395039] (manipulator_msgs) StdoutLine: {'line': b'[ 41%] \x1b[32mBuilding CXX object CMakeFiles/manipulator_msgs__rosidl_typesupport_fastrtps_cpp.dir/rosidl_typesupport_fastrtps_cpp/manipulator_msgs/srv/detail/dds_fastrtps/apply_disturbance__type_support.cpp.o\x1b[0m\n'}
[2.402833] (-) TimerEvent: {}
[2.503146] (-) TimerEvent: {}
[2.598879] (manipulator_msgs) StdoutLine: {'line': b'\x1b[35m\x1b[1mConsolidate compiler generated dependencies of target manipulator_msgs__rosidl_typesupport_introspection_c\x1b[0m\n'}
[2.603249] (-) TimerEvent: {}
[2.613766] (manipulator_msgs) StdoutLine: {'line': b'[ 45%] \x1b[32mBuilding C object CMakeFiles/manipulator_msgs__rosidl_typesupport_introspection_c.dir/rosidl_typesupport_introspection_c/manipulator_msgs/srv/detail/apply_disturbance__type_support.c.o\x1b[0m\n'}
[2.624198] (manipulator_msgs) StdoutLine: {'line': b'\x1b[35m\x1b[1mConsolidate compiler generated dependencies of target manipulator_msgs__rosidl_typesupport_fastrtps_c\x1b[0m\n'}
[2.651467] (manipulator_msgs) StdoutLine: {'line': b'[ 48%] \x1b[32mBuilding CXX object CMakeFiles/manipulator_msgs__rosidl_typesupport_fastrtps_c.dir/rosidl_typesupport_fastrtps_c/manipulator_msgs/srv/detail/apply_disturbance__type_support_c.cpp.o\x1b[0m\n'}
[2.670601] (manipulator_msgs) StdoutLine: {'line': b'[ 51%] \x1b[32m\x1b[1mLinking C shared library libmanipulator_msgs__rosidl_typesupport_introspection_c.so\x1b[0m\n'}
[2.674229] (manipulator_msgs) StdoutLine: {'line': b'\x1b[35m\x1b[1mConsolidate compiler generated dependencies of target manipulator_msgs__rosidl_typesupport_c\x1b[0m\n'}
[2.679401] (manipulator_msgs) StdoutLine: {'line': b'[ 54%] \x1b[32m\x1b[1mLinking CXX shared library libmanipulator_msgs__rosidl_typesupport_cpp.so\x1b[0m\n'}
[2.689896] (manipulator_msgs) StdoutLine: {'line': b'[ 58%] \x1b[32mBuilding CXX object CMakeFiles/manipulator_msgs__rosidl_typesupport_c.dir/rosidl_typesupport_c/manipulator_msgs/srv/apply_disturbance__type_support.cpp.o\x1b[0m\n'}
[2.703390] (-) TimerEvent: {}
[2.727701] (manipulator_msgs) StdoutLine: {'line': b'[ 58%] Built target manipulator_msgs__rosidl_typesupport_introspection_c\n'}
[2.731793] (manipulator_msgs) StdoutLine: {'line': b'[ 58%] Built target manipulator_msgs__rosidl_typesupport_cpp\n'}
[2.739915] (manipulator_msgs) StdoutLine: {'line': b'[ 61%] \x1b[32m\x1b[1mLinking CXX shared library libmanipulator_msgs__rosidl_typesupport_c.so\x1b[0m\n'}
[2.783242] (manipulator_msgs) StdoutLine: {'line': b'[ 61%] Built target manipulator_msgs__rosidl_typesupport_c\n'}
[2.803478] (-) TimerEvent: {}
[2.903755] (-) TimerEvent: {}
[2.904590] (manipulator_msgs) StdoutLine: {'line': b'[ 64%] \x1b[32m\x1b[1mLinking CXX shared library libmanipulator_msgs__rosidl_typesupport_fastrtps_cpp.so\x1b[0m\n'}
[2.912615] (manipulator_msgs) StdoutLine: {'line': b'[ 67%] \x1b[32m\x1b[1mLinking CXX shared library libmanipulator_msgs__rosidl_typesupport_introspection_cpp.so\x1b[0m\n'}
[2.987098] (manipulator_msgs) StdoutLine: {'line': b'[ 67%] Built target manipulator_msgs__rosidl_typesupport_introspection_cpp\n'}
[2.990418] (manipulator_msgs) StdoutLine: {'line': b'[ 67%] Built target manipulator_msgs__rosidl_typesupport_fastrtps_cpp\n'}
[3.003849] (-) TimerEvent: {}
[3.048271] (manipulator_msgs) StdoutLine: {'line': b'[ 70%] \x1b[32m\x1b[1mLinking CXX shared library libmanipulator_msgs__rosidl_typesupport_fastrtps_c.so\x1b[0m\n'}
[3.103941] (-) TimerEvent: {}
[3.118356] (manipulator_msgs) StdoutLine: {'line': b'[ 70%] Built target manipulator_msgs__rosidl_typesupport_fastrtps_c\n'}
[3.136439] (manipulator_msgs) StdoutLine: {'line': b'[ 70%] Built target manipulator_msgs\n'}
[3.154434] (manipulator_msgs) StdoutLine: {'line': b'[ 74%] \x1b[34m\x1b[1mGenerating Python code for ROS interfaces\x1b[0m\n'}
[3.204057] (-) TimerEvent: {}
[3.304308] (-) TimerEvent: {}
[3.404585] (-) TimerEvent: {}
[3.504855] (-) TimerEvent: {}
[3.544050] (manipulator_msgs) StdoutLine: {'line': b'[ 74%] Built target manipulator_msgs__py\n'}
[3.553859] (manipulator_msgs) StdoutLine: {'line': b'\x1b[35m\x1b[1mConsolidate compiler generated dependencies of target manipulator_msgs__rosidl_generator_py\x1b[0m\n'}
[3.565789] (manipulator_msgs) StdoutLine: {'line': b'[ 77%] \x1b[32mBuilding C object CMakeFiles/manipulator_msgs__rosidl_generator_py.dir/rosidl_generator_py/manipulator_msgs/srv/_apply_disturbance_s.c.o\x1b[0m\n'}
[3.604962] (-) TimerEvent: {}
[3.683406] (manipulator_msgs) StdoutLine: {'line': b'[ 80%] \x1b[32m\x1b[1mLinking C shared library rosidl_generator_py/manipulator_msgs/libmanipulator_msgs__rosidl_generator_py.so\x1b[0m\n'}
[3.705085] (-) TimerEvent: {}
[3.719953] (manipulator_msgs) StdoutLine: {'line': b'[ 80%] Built target manipulator_msgs__rosidl_generator_py\n'}
[3.728479] (manipulator_msgs) StdoutLine: {'line': b'\x1b[35m\x1b[1mConsolidate compiler generated dependencies of target manipulator_msgs__rosidl_typesupport_c__pyext\x1b[0m\n'}
[3.728713] (manipulator_msgs) StdoutLine: {'line': b'\x1b[35m\x1b[1mConsolidate compiler generated dependencies of target manipulator_msgs__rosidl_typesupport_fastrtps_c__pyext\x1b[0m\n'}
[3.728842] (manipulator_msgs) StdoutLine: {'line': b'\x1b[35m\x1b[1mConsolidate compiler generated dependencies of target manipulator_msgs__rosidl_typesupport_introspection_c__pyext\x1b[0m\n'}
[3.741244] (manipulator_msgs) StdoutLine: {'line': b'[ 87%] \x1b[32mBuilding C object CMakeFiles/manipulator_msgs__rosidl_typesupport_fastrtps_c__pyext.dir/rosidl_generator_py/manipulator_msgs/_manipulator_msgs_s.ep.rosidl_typesupport_fastrtps_c.c.o\x1b[0m\n'}
[3.741468] (manipulator_msgs) StdoutLine: {'line': b'[ 87%] \x1b[32mBuilding C object CMakeFiles/manipulator_msgs__rosidl_typesupport_introspection_c__pyext.dir/rosidl_generator_py/manipulator_msgs/_manipulator_msgs_s.ep.rosidl_typesupport_introspection_c.c.o\x1b[0m\n'}
[3.741639] (manipulator_msgs) StdoutLine: {'line': b'[ 90%] \x1b[32mBuilding C object CMakeFiles/manipulator_msgs__rosidl_typesupport_c__pyext.dir/rosidl_generator_py/manipulator_msgs/_manipulator_msgs_s.ep.rosidl_typesupport_c.c.o\x1b[0m\n'}
[3.805192] (-) TimerEvent: {}
[3.841199] (manipulator_msgs) StdoutLine: {'line': b'[100%] \x1b[32m\x1b[1mLinking C shared library rosidl_generator_py/manipulator_msgs/manipulator_msgs_s__rosidl_typesupport_introspection_c.cpython-310-x86_64-linux-gnu.so\x1b[0m\n'}
[3.841418] (manipulator_msgs) StdoutLine: {'line': b'[100%] \x1b[32m\x1b[1mLinking C shared library rosidl_generator_py/manipulator_msgs/manipulator_msgs_s__rosidl_typesupport_fastrtps_c.cpython-310-x86_64-linux-gnu.so\x1b[0m\n'}
[3.841535] (manipulator_msgs) StdoutLine: {'line': b'[100%] \x1b[32m\x1b[1mLinking C shared library rosidl_generator_py/manipulator_msgs/manipulator_msgs_s__rosidl_typesupport_c.cpython-310-x86_64-linux-gnu.so\x1b[0m\n'}
[3.877350] (manipulator_msgs) StdoutLine: {'line': b'[100%] Built target manipulator_msgs__rosidl_typesupport_c__pyext\n'}
[3.877740] (manipulator_msgs) StdoutLine: {'line': b'[100%] Built target manipulator_msgs__rosidl_typesupport_introspection_c__pyext\n'}
[3.877862] (manipulator_msgs) StdoutLine: {'line': b'[100%] Built target manipulator_msgs__rosidl_typesupport_fastrtps_c__pyext\n'}
[3.887638] (manipulator_msgs) CommandEnded: {'returncode': 0}
[3.888254] (manipulator_msgs) JobProgress: {'identifier': 'manipulator_msgs', 'progress': 'install'}
[3.888847] (manipulator_msgs) Command: {'cmd': ['/usr/bin/cmake', '--install', '/home/host/ros_ws/build/manipulator_msgs'], 'cwd': '/home/host/ros_ws/build/manipulator_msgs', 'env': OrderedDict([('HOSTNAME', 'marcotayar-Nitro-AN515-55'), ('SHLVL', '1'), ('LD_LIBRARY_PATH', '/home/host/ros_ws/install/manipulator_msgs/lib:/usr/lib/x86_64-linux-gnu/gazebo-11/plugins:/opt/ros/humble/opt/rviz_ogre_vendor/lib:/opt/ros/humble/lib/x86_64-linux-gnu:/opt/ros/humble/lib'), ('HOME', '/home/host'), ('ROS_PYTHON_VERSION', '3'), ('COLCON_PREFIX_PATH', '/home/host/ros_ws/install'), ('ROS_DISTRO', 'humble'), ('_', '/usr/bin/colcon'), ('ROS_VERSION', '2'), ('TERM', 'xterm'), ('ROS_LOCALHOST_ONLY', '0'), ('PATH', '/opt/ros/humble/bin:/usr/local/sbin:/usr/local/bin:/usr/sbin:/usr/bin:/sbin:/bin'), ('DISPLAY', ':1'), ('LANG', 'C.UTF-8'), ('AMENT_PREFIX_PATH', '/home/host/ros_ws/install/manipulator_disturbance_control:/home/host/ros_ws/install/manipulator_msgs:/home/host/ros_ws/install/manipulator_gazebo:/home/host/ros_ws/install/braco_description:/opt/ros/humble'), ('PWD', '/home/host/ros_ws/build/manipulator_msgs'), ('LC_ALL', 'C.UTF-8'), ('PYTHONPATH', '/home/host/ros_ws/install/manipulator_msgs/local/lib/python3.10/dist-packages:/opt/ros/humble/lib/python3.10/site-packages:/opt/ros/humble/local/lib/python3.10/dist-packages'), ('TZ', 'America/Sao_Paulo'), ('COLCON', '1'), ('CMAKE_PREFIX_PATH', '/home/host/ros_ws/install/manipulator_disturbance_control:/home/host/ros_ws/install/manipulator_msgs:/home/host/ros_ws/install/manipulator_gazebo:/home/host/ros_ws/install/braco_description:/opt/ros/humble')]), 'shell': False}
[3.894971] (manipulator_msgs) StdoutLine: {'line': b'-- Install configuration: ""\n'}
[3.895519] (manipulator_msgs) StdoutLine: {'line': b'-- Execute custom install script\n'}
[3.895732] (manipulator_msgs) StdoutLine: {'line': b'-- Symlinking: /home/host/ros_ws/install/manipulator_msgs/share/ament_index/resource_index/rosidl_interfaces/manipulator_msgs\n'}
[3.903453] (manipulator_msgs) StdoutLine: {'line': b'-- Symlinking: /home/host/ros_ws/install/manipulator_msgs/include/manipulator_msgs/manipulator_msgs/msg/rosidl_generator_c__visibility_control.h\n'}
[3.905259] (-) TimerEvent: {}
[3.910270] (manipulator_msgs) StdoutLine: {'line': b'-- Symlinking: /home/host/ros_ws/install/manipulator_msgs/include/manipulator_msgs/manipulator_msgs/srv/apply_disturbance.h\n'}
[3.917997] (manipulator_msgs) StdoutLine: {'line': b'-- Symlinking: /home/host/ros_ws/install/manipulator_msgs/include/manipulator_msgs/manipulator_msgs/srv/detail/apply_disturbance__functions.h\n'}
[3.924578] (manipulator_msgs) StdoutLine: {'line': b'-- Symlinking: /home/host/ros_ws/install/manipulator_msgs/include/manipulator_msgs/manipulator_msgs/srv/detail/apply_disturbance__struct.h\n'}
[3.932151] (manipulator_msgs) StdoutLine: {'line': b'-- Symlinking: /home/host/ros_ws/install/manipulator_msgs/include/manipulator_msgs/manipulator_msgs/srv/detail/apply_disturbance__type_support.h\n'}
[3.939027] (manipulator_msgs) StdoutLine: {'line': b'-- Up-to-date symlink: /home/host/ros_ws/install/manipulator_msgs/share/manipulator_msgs/environment/library_path.sh\n'}
[3.939233] (manipulator_msgs) StdoutLine: {'line': b'-- Symlinking: /home/host/ros_ws/install/manipulator_msgs/share/manipulator_msgs/environment/library_path.dsv\n'}
[3.946746] (manipulator_msgs) StdoutLine: {'line': b'-- Symlinking: /home/host/ros_ws/install/manipulator_msgs/include/manipulator_msgs/manipulator_msgs/msg/rosidl_typesupport_fastrtps_c__visibility_control.h\n'}
[3.953474] (manipulator_msgs) StdoutLine: {'line': b'-- Symlinking: /home/host/ros_ws/install/manipulator_msgs/include/manipulator_msgs/manipulator_msgs/srv/detail/apply_disturbance__rosidl_typesupport_fastrtps_c.h\n'}
[3.960138] (manipulator_msgs) StdoutLine: {'line': b'-- Symlinking: /home/host/ros_ws/install/manipulator_msgs/include/manipulator_msgs/manipulator_msgs/msg/rosidl_typesupport_introspection_c__visibility_control.h\n'}
[3.966952] (manipulator_msgs) StdoutLine: {'line': b'-- Symlinking: /home/host/ros_ws/install/manipulator_msgs/include/manipulator_msgs/manipulator_msgs/srv/detail/apply_disturbance__rosidl_typesupport_introspection_c.h\n'}
[3.974087] (manipulator_msgs) StdoutLine: {'line': b'-- Symlinking: /home/host/ros_ws/install/manipulator_msgs/include/manipulator_msgs/manipulator_msgs/msg/rosidl_generator_cpp__visibility_control.hpp\n'}
[3.980685] (manipulator_msgs) StdoutLine: {'line': b'-- Symlinking: /home/host/ros_ws/install/manipulator_msgs/include/manipulator_msgs/manipulator_msgs/srv/apply_disturbance.hpp\n'}
[3.987316] (manipulator_msgs) StdoutLine: {'line': b'-- Symlinking: /home/host/ros_ws/install/manipulator_msgs/include/manipulator_msgs/manipulator_msgs/srv/detail/apply_disturbance__builder.hpp\n'}
[3.994137] (manipulator_msgs) StdoutLine: {'line': b'-- Symlinking: /home/host/ros_ws/install/manipulator_msgs/include/manipulator_msgs/manipulator_msgs/srv/detail/apply_disturbance__struct.hpp\n'}
[4.000402] (manipulator_msgs) StdoutLine: {'line': b'-- Symlinking: /home/host/ros_ws/install/manipulator_msgs/include/manipulator_msgs/manipulator_msgs/srv/detail/apply_disturbance__traits.hpp\n'}
[4.005358] (-) TimerEvent: {}
[4.007014] (manipulator_msgs) StdoutLine: {'line': b'-- Symlinking: /home/host/ros_ws/install/manipulator_msgs/include/manipulator_msgs/manipulator_msgs/srv/detail/apply_disturbance__type_support.hpp\n'}
[4.014789] (manipulator_msgs) StdoutLine: {'line': b'-- Symlinking: /home/host/ros_ws/install/manipulator_msgs/include/manipulator_msgs/manipulator_msgs/msg/rosidl_typesupport_fastrtps_cpp__visibility_control.h\n'}
[4.021815] (manipulator_msgs) StdoutLine: {'line': b'-- Symlinking: /home/host/ros_ws/install/manipulator_msgs/include/manipulator_msgs/manipulator_msgs/srv/detail/apply_disturbance__rosidl_typesupport_fastrtps_cpp.hpp\n'}
[4.028844] (manipulator_msgs) StdoutLine: {'line': b'-- Symlinking: /home/host/ros_ws/install/manipulator_msgs/include/manipulator_msgs/manipulator_msgs/srv/detail/apply_disturbance__rosidl_typesupport_introspection_cpp.hpp\n'}
[4.036568] (manipulator_msgs) StdoutLine: {'line': b'-- Symlinking: /home/host/ros_ws/install/manipulator_msgs/share/manipulator_msgs/environment/pythonpath.sh\n'}
[4.044024] (manipulator_msgs) StdoutLine: {'line': b'-- Symlinking: /home/host/ros_ws/install/manipulator_msgs/share/manipulator_msgs/environment/pythonpath.dsv\n'}
[4.052748] (manipulator_msgs) StdoutLine: {'line': b'-- Symlinking: /home/host/ros_ws/install/manipulator_msgs/local/lib/python3.10/dist-packages/manipulator_msgs-1.0.0-py3.10.egg-info/PKG-INFO\n'}
[4.060441] (manipulator_msgs) StdoutLine: {'line': b'-- Symlinking: /home/host/ros_ws/install/manipulator_msgs/local/lib/python3.10/dist-packages/manipulator_msgs-1.0.0-py3.10.egg-info/SOURCES.txt\n'}
[4.067692] (manipulator_msgs) StdoutLine: {'line': b'-- Symlinking: /home/host/ros_ws/install/manipulator_msgs/local/lib/python3.10/dist-packages/manipulator_msgs-1.0.0-py3.10.egg-info/dependency_links.txt\n'}
[4.075450] (manipulator_msgs) StdoutLine: {'line': b'-- Symlinking: /home/host/ros_ws/install/manipulator_msgs/local/lib/python3.10/dist-packages/manipulator_msgs-1.0.0-py3.10.egg-info/top_level.txt\n'}
[4.083145] (manipulator_msgs) StdoutLine: {'line': b'-- Symlinking: /home/host/ros_ws/install/manipulator_msgs/local/lib/python3.10/dist-packages/manipulator_msgs/__init__.py\n'}
[4.090253] (manipulator_msgs) StdoutLine: {'line': b'-- Symlinking: /home/host/ros_ws/install/manipulator_msgs/local/lib/python3.10/dist-packages/manipulator_msgs/_manipulator_msgs_s.ep.rosidl_typesupport_c.c\n'}
[4.097259] (manipulator_msgs) StdoutLine: {'line': b'-- Symlinking: /home/host/ros_ws/install/manipulator_msgs/local/lib/python3.10/dist-packages/manipulator_msgs/_manipulator_msgs_s.ep.rosidl_typesupport_fastrtps_c.c\n'}
[4.104659] (manipulator_msgs) StdoutLine: {'line': b'-- Symlinking: /home/host/ros_ws/install/manipulator_msgs/local/lib/python3.10/dist-packages/manipulator_msgs/_manipulator_msgs_s.ep.rosidl_typesupport_introspection_c.c\n'}
[4.105457] (-) TimerEvent: {}
[4.112067] (manipulator_msgs) StdoutLine: {'line': b'-- Symlinking: /home/host/ros_ws/install/manipulator_msgs/local/lib/python3.10/dist-packages/manipulator_msgs/libmanipulator_msgs__rosidl_generator_py.so\n'}
[4.119798] (manipulator_msgs) StdoutLine: {'line': b'-- Symlinking: /home/host/ros_ws/install/manipulator_msgs/local/lib/python3.10/dist-packages/manipulator_msgs/manipulator_msgs_s__rosidl_typesupport_c.cpython-310-x86_64-linux-gnu.so\n'}
[4.127051] (manipulator_msgs) StdoutLine: {'line': b'-- Symlinking: /home/host/ros_ws/install/manipulator_msgs/local/lib/python3.10/dist-packages/manipulator_msgs/manipulator_msgs_s__rosidl_typesupport_fastrtps_c.cpython-310-x86_64-linux-gnu.so\n'}
[4.135288] (manipulator_msgs) StdoutLine: {'line': b'-- Symlinking: /home/host/ros_ws/install/manipulator_msgs/local/lib/python3.10/dist-packages/manipulator_msgs/manipulator_msgs_s__rosidl_typesupport_introspection_c.cpython-310-x86_64-linux-gnu.so\n'}
[4.142378] (manipulator_msgs) StdoutLine: {'line': b'-- Symlinking: /home/host/ros_ws/install/manipulator_msgs/local/lib/python3.10/dist-packages/manipulator_msgs/srv/__init__.py\n'}
[4.150622] (manipulator_msgs) StdoutLine: {'line': b'-- Symlinking: /home/host/ros_ws/install/manipulator_msgs/local/lib/python3.10/dist-packages/manipulator_msgs/srv/_apply_disturbance.py\n'}
[4.158508] (manipulator_msgs) StdoutLine: {'line': b'-- Symlinking: /home/host/ros_ws/install/manipulator_msgs/local/lib/python3.10/dist-packages/manipulator_msgs/srv/_apply_disturbance_s.c\n'}
[4.166771] (manipulator_msgs) StdoutLine: {'line': b'-- Up-to-date symlink: /home/host/ros_ws/install/manipulator_msgs/local/lib/python3.10/dist-packages/manipulator_msgs/manipulator_msgs_s__rosidl_typesupport_fastrtps_c.cpython-310-x86_64-linux-gnu.so\n'}
[4.167017] (manipulator_msgs) StdoutLine: {'line': b'-- Up-to-date symlink: /home/host/ros_ws/install/manipulator_msgs/local/lib/python3.10/dist-packages/manipulator_msgs/manipulator_msgs_s__rosidl_typesupport_introspection_c.cpython-310-x86_64-linux-gnu.so\n'}
[4.167235] (manipulator_msgs) StdoutLine: {'line': b'-- Up-to-date symlink: /home/host/ros_ws/install/manipulator_msgs/local/lib/python3.10/dist-packages/manipulator_msgs/manipulator_msgs_s__rosidl_typesupport_c.cpython-310-x86_64-linux-gnu.so\n'}
[4.167473] (manipulator_msgs) StdoutLine: {'line': b'-- Symlinking: /home/host/ros_ws/install/manipulator_msgs/share/manipulator_msgs/srv/ApplyDisturbance.idl\n'}
[4.174863] (manipulator_msgs) StdoutLine: {'line': b'-- Symlinking: /home/host/ros_ws/install/manipulator_msgs/share/manipulator_msgs/srv/ApplyDisturbance.srv\n'}
[4.181993] (manipulator_msgs) StdoutLine: {'line': b'-- Symlinking: /home/host/ros_ws/install/manipulator_msgs/share/manipulator_msgs/srv/ApplyDisturbance_Request.msg\n'}
[4.189060] (manipulator_msgs) StdoutLine: {'line': b'-- Symlinking: /home/host/ros_ws/install/manipulator_msgs/share/manipulator_msgs/srv/ApplyDisturbance_Response.msg\n'}
[4.196756] (manipulator_msgs) StdoutLine: {'line': b'-- Symlinking: /home/host/ros_ws/install/manipulator_msgs/share/ament_index/resource_index/package_run_dependencies/manipulator_msgs\n'}
[4.203872] (manipulator_msgs) StdoutLine: {'line': b'-- Symlinking: /home/host/ros_ws/install/manipulator_msgs/share/ament_index/resource_index/parent_prefix_path/manipulator_msgs\n'}
[4.205528] (-) TimerEvent: {}
[4.210911] (manipulator_msgs) StdoutLine: {'line': b'-- Up-to-date symlink: /home/host/ros_ws/install/manipulator_msgs/share/manipulator_msgs/environment/ament_prefix_path.sh\n'}
[4.211116] (manipulator_msgs) StdoutLine: {'line': b'-- Symlinking: /home/host/ros_ws/install/manipulator_msgs/share/manipulator_msgs/environment/ament_prefix_path.dsv\n'}
[4.219390] (manipulator_msgs) StdoutLine: {'line': b'-- Up-to-date symlink: /home/host/ros_ws/install/manipulator_msgs/share/manipulator_msgs/environment/path.sh\n'}
[4.219642] (manipulator_msgs) StdoutLine: {'line': b'-- Symlinking: /home/host/ros_ws/install/manipulator_msgs/share/manipulator_msgs/environment/path.dsv\n'}
[4.226796] (manipulator_msgs) StdoutLine: {'line': b'-- Symlinking: /home/host/ros_ws/install/manipulator_msgs/share/manipulator_msgs/local_setup.bash\n'}
[4.235167] (manipulator_msgs) StdoutLine: {'line': b'-- Symlinking: /home/host/ros_ws/install/manipulator_msgs/share/manipulator_msgs/local_setup.sh\n'}
[4.242862] (manipulator_msgs) StdoutLine: {'line': b'-- Symlinking: /home/host/ros_ws/install/manipulator_msgs/share/manipulator_msgs/local_setup.zsh\n'}
[4.250644] (manipulator_msgs) StdoutLine: {'line': b'-- Symlinking: /home/host/ros_ws/install/manipulator_msgs/share/manipulator_msgs/local_setup.dsv\n'}
[4.258091] (manipulator_msgs) StdoutLine: {'line': b'-- Symlinking: /home/host/ros_ws/install/manipulator_msgs/share/manipulator_msgs/package.dsv\n'}
[4.265454] (manipulator_msgs) StdoutLine: {'line': b'-- Symlinking: /home/host/ros_ws/install/manipulator_msgs/share/ament_index/resource_index/packages/manipulator_msgs\n'}
[4.272510] (manipulator_msgs) StdoutLine: {'line': b'-- Symlinking: /home/host/ros_ws/install/manipulator_msgs/share/manipulator_msgs/cmake/rosidl_cmake-extras.cmake\n'}
[4.279989] (manipulator_msgs) StdoutLine: {'line': b'-- Symlinking: /home/host/ros_ws/install/manipulator_msgs/share/manipulator_msgs/cmake/ament_cmake_export_dependencies-extras.cmake\n'}
[4.287423] (manipulator_msgs) StdoutLine: {'line': b'-- Symlinking: /home/host/ros_ws/install/manipulator_msgs/share/manipulator_msgs/cmake/ament_cmake_export_include_directories-extras.cmake\n'}
[4.294559] (manipulator_msgs) StdoutLine: {'line': b'-- Symlinking: /home/host/ros_ws/install/manipulator_msgs/share/manipulator_msgs/cmake/ament_cmake_export_libraries-extras.cmake\n'}
[4.301659] (manipulator_msgs) StdoutLine: {'line': b'-- Symlinking: /home/host/ros_ws/install/manipulator_msgs/share/manipulator_msgs/cmake/ament_cmake_export_targets-extras.cmake\n'}
[4.305616] (-) TimerEvent: {}
[4.308695] (manipulator_msgs) StdoutLine: {'line': b'-- Symlinking: /home/host/ros_ws/install/manipulator_msgs/share/manipulator_msgs/cmake/rosidl_cmake_export_typesupport_targets-extras.cmake\n'}
[4.316271] (manipulator_msgs) StdoutLine: {'line': b'-- Symlinking: /home/host/ros_ws/install/manipulator_msgs/share/manipulator_msgs/cmake/rosidl_cmake_export_typesupport_libraries-extras.cmake\n'}
[4.324208] (manipulator_msgs) StdoutLine: {'line': b'-- Symlinking: /home/host/ros_ws/install/manipulator_msgs/share/manipulator_msgs/cmake/manipulator_msgsConfig.cmake\n'}
[4.332267] (manipulator_msgs) StdoutLine: {'line': b'-- Symlinking: /home/host/ros_ws/install/manipulator_msgs/share/manipulator_msgs/cmake/manipulator_msgsConfig-version.cmake\n'}
[4.339642] (manipulator_msgs) StdoutLine: {'line': b'-- Symlinking: /home/host/ros_ws/install/manipulator_msgs/share/manipulator_msgs/package.xml\n'}
[4.347372] (manipulator_msgs) StdoutLine: {'line': b'-- Installing: /home/host/ros_ws/install/manipulator_msgs/lib/libmanipulator_msgs__rosidl_generator_c.so\n'}
[4.347705] (manipulator_msgs) StdoutLine: {'line': b'-- Set runtime path of "/home/host/ros_ws/install/manipulator_msgs/lib/libmanipulator_msgs__rosidl_generator_c.so" to ""\n'}
[4.347861] (manipulator_msgs) StdoutLine: {'line': b'-- Installing: /home/host/ros_ws/install/manipulator_msgs/lib/libmanipulator_msgs__rosidl_typesupport_fastrtps_c.so\n'}
[4.348250] (manipulator_msgs) StdoutLine: {'line': b'-- Set runtime path of "/home/host/ros_ws/install/manipulator_msgs/lib/libmanipulator_msgs__rosidl_typesupport_fastrtps_c.so" to ""\n'}
[4.348415] (manipulator_msgs) StdoutLine: {'line': b'-- Installing: /home/host/ros_ws/install/manipulator_msgs/lib/libmanipulator_msgs__rosidl_typesupport_introspection_c.so\n'}
[4.348715] (manipulator_msgs) StdoutLine: {'line': b'-- Set runtime path of "/home/host/ros_ws/install/manipulator_msgs/lib/libmanipulator_msgs__rosidl_typesupport_introspection_c.so" to ""\n'}
[4.348883] (manipulator_msgs) StdoutLine: {'line': b'-- Installing: /home/host/ros_ws/install/manipulator_msgs/lib/libmanipulator_msgs__rosidl_typesupport_c.so\n'}
[4.349127] (manipulator_msgs) StdoutLine: {'line': b'-- Set runtime path of "/home/host/ros_ws/install/manipulator_msgs/lib/libmanipulator_msgs__rosidl_typesupport_c.so" to ""\n'}
[4.349288] (manipulator_msgs) StdoutLine: {'line': b'-- Installing: /home/host/ros_ws/install/manipulator_msgs/lib/libmanipulator_msgs__rosidl_typesupport_fastrtps_cpp.so\n'}
[4.349617] (manipulator_msgs) StdoutLine: {'line': b'-- Set runtime path of "/home/host/ros_ws/install/manipulator_msgs/lib/libmanipulator_msgs__rosidl_typesupport_fastrtps_cpp.so" to ""\n'}
[4.349766] (manipulator_msgs) StdoutLine: {'line': b'-- Installing: /home/host/ros_ws/install/manipulator_msgs/lib/libmanipulator_msgs__rosidl_typesupport_introspection_cpp.so\n'}
[4.350087] (manipulator_msgs) StdoutLine: {'line': b'-- Set runtime path of "/home/host/ros_ws/install/manipulator_msgs/lib/libmanipulator_msgs__rosidl_typesupport_introspection_cpp.so" to ""\n'}
[4.350234] (manipulator_msgs) StdoutLine: {'line': b'-- Installing: /home/host/ros_ws/install/manipulator_msgs/lib/libmanipulator_msgs__rosidl_typesupport_cpp.so\n'}
[4.350520] (manipulator_msgs) StdoutLine: {'line': b'-- Set runtime path of "/home/host/ros_ws/install/manipulator_msgs/lib/libmanipulator_msgs__rosidl_typesupport_cpp.so" to ""\n'}
[4.397751] (manipulator_msgs) StdoutLine: {'line': b"Listing '/home/host/ros_ws/install/manipulator_msgs/local/lib/python3.10/dist-packages/manipulator_msgs'...\n"}
[4.397907] (manipulator_msgs) StdoutLine: {'line': b"Compiling '/home/host/ros_ws/install/manipulator_msgs/local/lib/python3.10/dist-packages/manipulator_msgs/__init__.py'...\n"}
[4.397981] (manipulator_msgs) StdoutLine: {'line': b"Listing '/home/host/ros_ws/install/manipulator_msgs/local/lib/python3.10/dist-packages/manipulator_msgs/srv'...\n"}
[4.398061] (manipulator_msgs) StdoutLine: {'line': b"Compiling '/home/host/ros_ws/install/manipulator_msgs/local/lib/python3.10/dist-packages/manipulator_msgs/srv/__init__.py'...\n"}
[4.398127] (manipulator_msgs) StdoutLine: {'line': b"Compiling '/home/host/ros_ws/install/manipulator_msgs/local/lib/python3.10/dist-packages/manipulator_msgs/srv/_apply_disturbance.py'...\n"}
[4.402071] (manipulator_msgs) StdoutLine: {'line': b'-- Installing: /home/host/ros_ws/install/manipulator_msgs/lib/libmanipulator_msgs__rosidl_generator_py.so\n'}
[4.402374] (manipulator_msgs) StdoutLine: {'line': b'-- Set runtime path of "/home/host/ros_ws/install/manipulator_msgs/lib/libmanipulator_msgs__rosidl_generator_py.so" to ""\n'}
[4.402536] (manipulator_msgs) StdoutLine: {'line': b'-- Up-to-date: /home/host/ros_ws/install/manipulator_msgs/share/manipulator_msgs/cmake/export_manipulator_msgs__rosidl_generator_cExport.cmake\n'}
[4.402657] (manipulator_msgs) StdoutLine: {'line': b'-- Up-to-date: /home/host/ros_ws/install/manipulator_msgs/share/manipulator_msgs/cmake/export_manipulator_msgs__rosidl_generator_cExport-noconfig.cmake\n'}
[4.402793] (manipulator_msgs) StdoutLine: {'line': b'-- Up-to-date: /home/host/ros_ws/install/manipulator_msgs/share/manipulator_msgs/cmake/export_manipulator_msgs__rosidl_typesupport_fastrtps_cExport.cmake\n'}
[4.402882] (manipulator_msgs) StdoutLine: {'line': b'-- Up-to-date: /home/host/ros_ws/install/manipulator_msgs/share/manipulator_msgs/cmake/export_manipulator_msgs__rosidl_typesupport_fastrtps_cExport-noconfig.cmake\n'}
[4.403001] (manipulator_msgs) StdoutLine: {'line': b'-- Up-to-date: /home/host/ros_ws/install/manipulator_msgs/share/manipulator_msgs/cmake/manipulator_msgs__rosidl_typesupport_introspection_cExport.cmake\n'}
[4.403094] (manipulator_msgs) StdoutLine: {'line': b'-- Up-to-date: /home/host/ros_ws/install/manipulator_msgs/share/manipulator_msgs/cmake/manipulator_msgs__rosidl_typesupport_introspection_cExport-noconfig.cmake\n'}
[4.403206] (manipulator_msgs) StdoutLine: {'line': b'-- Up-to-date: /home/host/ros_ws/install/manipulator_msgs/share/manipulator_msgs/cmake/manipulator_msgs__rosidl_typesupport_cExport.cmake\n'}
[4.403312] (manipulator_msgs) StdoutLine: {'line': b'-- Up-to-date: /home/host/ros_ws/install/manipulator_msgs/share/manipulator_msgs/cmake/manipulator_msgs__rosidl_typesupport_cExport-noconfig.cmake\n'}
[4.403422] (manipulator_msgs) StdoutLine: {'line': b'-- Up-to-date: /home/host/ros_ws/install/manipulator_msgs/share/manipulator_msgs/cmake/export_manipulator_msgs__rosidl_generator_cppExport.cmake\n'}
[4.403509] (manipulator_msgs) StdoutLine: {'line': b'-- Up-to-date: /home/host/ros_ws/install/manipulator_msgs/share/manipulator_msgs/cmake/export_manipulator_msgs__rosidl_typesupport_fastrtps_cppExport.cmake\n'}
[4.403612] (manipulator_msgs) StdoutLine: {'line': b'-- Up-to-date: /home/host/ros_ws/install/manipulator_msgs/share/manipulator_msgs/cmake/export_manipulator_msgs__rosidl_typesupport_fastrtps_cppExport-noconfig.cmake\n'}
[4.403671] (manipulator_msgs) StdoutLine: {'line': b'-- Up-to-date: /home/host/ros_ws/install/manipulator_msgs/share/manipulator_msgs/cmake/manipulator_msgs__rosidl_typesupport_introspection_cppExport.cmake\n'}
[4.403738] (manipulator_msgs) StdoutLine: {'line': b'-- Up-to-date: /home/host/ros_ws/install/manipulator_msgs/share/manipulator_msgs/cmake/manipulator_msgs__rosidl_typesupport_introspection_cppExport-noconfig.cmake\n'}
[4.403797] (manipulator_msgs) StdoutLine: {'line': b'-- Up-to-date: /home/host/ros_ws/install/manipulator_msgs/share/manipulator_msgs/cmake/manipulator_msgs__rosidl_typesupport_cppExport.cmake\n'}
[4.403854] (manipulator_msgs) StdoutLine: {'line': b'-- Up-to-date: /home/host/ros_ws/install/manipulator_msgs/share/manipulator_msgs/cmake/manipulator_msgs__rosidl_typesupport_cppExport-noconfig.cmake\n'}
[4.403911] (manipulator_msgs) StdoutLine: {'line': b'-- Up-to-date: /home/host/ros_ws/install/manipulator_msgs/share/manipulator_msgs/cmake/export_manipulator_msgs__rosidl_generator_pyExport.cmake\n'}
[4.403968] (manipulator_msgs) StdoutLine: {'line': b'-- Up-to-date: /home/host/ros_ws/install/manipulator_msgs/share/manipulator_msgs/cmake/export_manipulator_msgs__rosidl_generator_pyExport-noconfig.cmake\n'}
[4.405337] (manipulator_msgs) CommandEnded: {'returncode': 0}
[4.405974] (-) TimerEvent: {}
[4.422977] (manipulator_msgs) JobEnded: {'identifier': 'manipulator_msgs', 'rc': 0}
[4.424059] (manipulator_disturbance_control) JobStarted: {'identifier': 'manipulator_disturbance_control'}
[4.432752] (manipulator_disturbance_control) JobProgress: {'identifier': 'manipulator_disturbance_control', 'progress': 'cmake'}
[4.433479] (manipulator_disturbance_control) Command: {'cmd': ['/usr/bin/cmake', '/home/host/ros_ws/src/manipulator_disturbance_control', '-DCMAKE_INSTALL_PREFIX=/home/host/ros_ws/install/manipulator_disturbance_control'], 'cwd': '/home/host/ros_ws/build/manipulator_disturbance_control', 'env': OrderedDict([('HOSTNAME', 'marcotayar-Nitro-AN515-55'), ('SHLVL', '1'), ('LD_LIBRARY_PATH', '/home/host/ros_ws/install/manipulator_msgs/lib:/usr/lib/x86_64-linux-gnu/gazebo-11/plugins:/opt/ros/humble/opt/rviz_ogre_vendor/lib:/opt/ros/humble/lib/x86_64-linux-gnu:/opt/ros/humble/lib'), ('HOME', '/home/host'), ('ROS_PYTHON_VERSION', '3'), ('COLCON_PREFIX_PATH', '/home/host/ros_ws/install'), ('ROS_DISTRO', 'humble'), ('_', '/usr/bin/colcon'), ('ROS_VERSION', '2'), ('TERM', 'xterm'), ('ROS_LOCALHOST_ONLY', '0'), ('PATH', '/opt/ros/humble/bin:/usr/local/sbin:/usr/local/bin:/usr/sbin:/usr/bin:/sbin:/bin'), ('DISPLAY', ':1'), ('LANG', 'C.UTF-8'), ('AMENT_PREFIX_PATH', '/home/host/ros_ws/install/manipulator_disturbance_control:/home/host/ros_ws/install/manipulator_msgs:/home/host/ros_ws/install/manipulator_gazebo:/home/host/ros_ws/install/braco_description:/opt/ros/humble'), ('PWD', '/home/host/ros_ws/build/manipulator_disturbance_control'), ('LC_ALL', 'C.UTF-8'), ('PYTHONPATH', '/home/host/ros_ws/install/manipulator_msgs/local/lib/python3.10/dist-packages:/opt/ros/humble/lib/python3.10/site-packages:/opt/ros/humble/local/lib/python3.10/dist-packages'), ('TZ', 'America/Sao_Paulo'), ('COLCON', '1'), ('CMAKE_PREFIX_PATH', '/home/host/ros_ws/install/manipulator_msgs:/home/host/ros_ws/install/manipulator_disturbance_control:/home/host/ros_ws/install/manipulator_gazebo:/home/host/ros_ws/install/braco_description:/opt/ros/humble')]), 'shell': False}
[4.446712] (manipulator_disturbance_control) StdoutLine: {'line': b'-- Found ament_cmake: 1.3.12 (/opt/ros/humble/share/ament_cmake/cmake)\n'}
[4.506079] (-) TimerEvent: {}
[4.562643] (manipulator_disturbance_control) StdoutLine: {'line': b'-- Override CMake install command with custom implementation using symlinks instead of copying resources\n'}
[4.570149] (manipulator_disturbance_control) StdoutLine: {'line': b'-- Found rclcpp: 16.0.15 (/opt/ros/humble/share/rclcpp/cmake)\n'}
[4.599928] (manipulator_disturbance_control) StdoutLine: {'line': b'-- Found rosidl_generator_c: 3.1.7 (/opt/ros/humble/share/rosidl_generator_c/cmake)\n'}
[4.602289] (manipulator_disturbance_control) StdoutLine: {'line': b'-- Found rosidl_adapter: 3.1.7 (/opt/ros/humble/share/rosidl_adapter/cmake)\n'}
[4.606168] (-) TimerEvent: {}
[4.608195] (manipulator_disturbance_control) StdoutLine: {'line': b'-- Found rosidl_generator_cpp: 3.1.7 (/opt/ros/humble/share/rosidl_generator_cpp/cmake)\n'}
[4.618239] (manipulator_disturbance_control) StdoutLine: {'line': b'-- Using all available rosidl_typesupport_c: rosidl_typesupport_fastrtps_c;rosidl_typesupport_introspection_c\n'}
[4.631532] (manipulator_disturbance_control) StdoutLine: {'line': b'-- Using all available rosidl_typesupport_cpp: rosidl_typesupport_fastrtps_cpp;rosidl_typesupport_introspection_cpp\n'}
[4.666829] (manipulator_disturbance_control) StdoutLine: {'line': b'-- Found rmw_implementation_cmake: 6.1.2 (/opt/ros/humble/share/rmw_implementation_cmake/cmake)\n'}
[4.668251] (manipulator_disturbance_control) StdoutLine: {'line': b'-- Found rmw_fastrtps_cpp: 6.2.9 (/opt/ros/humble/share/rmw_fastrtps_cpp/cmake)\n'}
[4.706297] (-) TimerEvent: {}
[4.787988] (manipulator_disturbance_control) StdoutLine: {'line': b"-- Using RMW implementation 'rmw_fastrtps_cpp' as default\n"}
[4.806419] (-) TimerEvent: {}
[4.841971] (manipulator_disturbance_control) StdoutLine: {'line': b'-- Found rclpy: 3.3.17 (/opt/ros/humble/share/rclpy/cmake)\n'}
[4.842287] (manipulator_disturbance_control) StdoutLine: {'line': b'-- Found geometry_msgs: 4.9.0 (/opt/ros/humble/share/geometry_msgs/cmake)\n'}
[4.856749] (manipulator_disturbance_control) StdoutLine: {'line': b'-- Found gazebo_msgs: 3.9.0 (/opt/ros/humble/share/gazebo_msgs/cmake)\n'}
[4.897214] (manipulator_disturbance_control) StdoutLine: {'line': b'-- Found visualization_msgs: 4.9.0 (/opt/ros/humble/share/visualization_msgs/cmake)\n'}
[4.906523] (-) TimerEvent: {}
[4.938642] (manipulator_disturbance_control) StdoutLine: {'line': b'-- Found manipulator_msgs: 1.0.0 (/home/host/onda/ros_ws/install/manipulator_msgs/share/manipulator_msgs/cmake)\n'}
[4.954295] (manipulator_disturbance_control) StdoutLine: {'line': b'-- Found tf2_ros: 0.25.17 (/opt/ros/humble/share/tf2_ros/cmake)\n'}
[5.006649] (-) TimerEvent: {}
[5.042473] (manipulator_disturbance_control) StdoutLine: {'line': b'-- Found tf2_geometry_msgs: 0.25.16 (/opt/ros/humble/share/tf2_geometry_msgs/cmake)\n'}
[5.046421] (manipulator_disturbance_control) StdoutLine: {'line': b'-- Found eigen3_cmake_module: 0.1.1 (/opt/ros/humble/share/eigen3_cmake_module/cmake)\n'}
[5.047897] (manipulator_disturbance_control) StdoutLine: {'line': b'-- Ensuring Eigen3 include directory is part of orocos-kdl CMake target\n'}
[5.054723] (manipulator_disturbance_control) StdoutLine: {'line': b'-- Found ament_lint_auto: 0.12.14 (/opt/ros/humble/share/ament_lint_auto/cmake)\n'}
[5.106774] (-) TimerEvent: {}
[5.123500] (manipulator_disturbance_control) StdoutLine: {'line': b"-- Added test 'copyright' to check source files copyright and LICENSE\n"}
[5.125600] (manipulator_disturbance_control) StdoutLine: {'line': b"-- Added test 'cppcheck' to perform static code analysis on C / C++ code\n"}
[5.126556] (manipulator_disturbance_control) StdoutLine: {'line': b'-- Configured cppcheck include dirs: \n'}
[5.126651] (manipulator_disturbance_control) StdoutLine: {'line': b'-- Configured cppcheck exclude dirs and/or files: \n'}
[5.128261] (manipulator_disturbance_control) StdoutLine: {'line': b"-- Added test 'cpplint' to check C / C++ code against the Google style\n"}
[5.128387] (manipulator_disturbance_control) StdoutLine: {'line': b'-- Configured cpplint exclude dirs and/or files: \n'}
[5.129091] (manipulator_disturbance_control) StdoutLine: {'line': b"-- Added test 'flake8' to check Python code syntax and style conventions\n"}
[5.130128] (manipulator_disturbance_control) StdoutLine: {'line': b"-- Added test 'lint_cmake' to check CMake code style\n"}
[5.130816] (manipulator_disturbance_control) StdoutLine: {'line': b"-- Added test 'pep257' to check Python code against some of the docstring style conventions in PEP 257\n"}
[5.132369] (manipulator_disturbance_control) StdoutLine: {'line': b"-- Added test 'uncrustify' to check C / C++ code style\n"}
[5.132527] (manipulator_disturbance_control) StdoutLine: {'line': b'-- Configured uncrustify additional arguments: \n'}
[5.133080] (manipulator_disturbance_control) StdoutLine: {'line': b"-- Added test 'xmllint' to check XML markup files\n"}
[5.134601] (manipulator_disturbance_control) StdoutLine: {'line': b'-- Configuring done\n'}
[5.153621] (manipulator_disturbance_control) StdoutLine: {'line': b'-- Generating done\n'}
[5.159486] (manipulator_disturbance_control) StdoutLine: {'line': b'-- Build files have been written to: /home/host/ros_ws/build/manipulator_disturbance_control\n'}
[5.166977] (manipulator_disturbance_control) CommandEnded: {'returncode': 0}
[5.167492] (manipulator_disturbance_control) JobProgress: {'identifier': 'manipulator_disturbance_control', 'progress': 'build'}
[5.167756] (manipulator_disturbance_control) Command: {'cmd': ['/usr/bin/cmake', '--build', '/home/host/ros_ws/build/manipulator_disturbance_control', '--', '-j8', '-l8'], 'cwd': '/home/host/ros_ws/build/manipulator_disturbance_control', 'env': OrderedDict([('HOSTNAME', 'marcotayar-Nitro-AN515-55'), ('SHLVL', '1'), ('LD_LIBRARY_PATH', '/home/host/ros_ws/install/manipulator_msgs/lib:/usr/lib/x86_64-linux-gnu/gazebo-11/plugins:/opt/ros/humble/opt/rviz_ogre_vendor/lib:/opt/ros/humble/lib/x86_64-linux-gnu:/opt/ros/humble/lib'), ('HOME', '/home/host'), ('ROS_PYTHON_VERSION', '3'), ('COLCON_PREFIX_PATH', '/home/host/ros_ws/install'), ('ROS_DISTRO', 'humble'), ('_', '/usr/bin/colcon'), ('ROS_VERSION', '2'), ('TERM', 'xterm'), ('ROS_LOCALHOST_ONLY', '0'), ('PATH', '/opt/ros/humble/bin:/usr/local/sbin:/usr/local/bin:/usr/sbin:/usr/bin:/sbin:/bin'), ('DISPLAY', ':1'), ('LANG', 'C.UTF-8'), ('AMENT_PREFIX_PATH', '/home/host/ros_ws/install/manipulator_disturbance_control:/home/host/ros_ws/install/manipulator_msgs:/home/host/ros_ws/install/manipulator_gazebo:/home/host/ros_ws/install/braco_description:/opt/ros/humble'), ('PWD', '/home/host/ros_ws/build/manipulator_disturbance_control'), ('LC_ALL', 'C.UTF-8'), ('PYTHONPATH', '/home/host/ros_ws/install/manipulator_msgs/local/lib/python3.10/dist-packages:/opt/ros/humble/lib/python3.10/site-packages:/opt/ros/humble/local/lib/python3.10/dist-packages'), ('TZ', 'America/Sao_Paulo'), ('COLCON', '1'), ('CMAKE_PREFIX_PATH', '/home/host/ros_ws/install/manipulator_msgs:/home/host/ros_ws/install/manipulator_disturbance_control:/home/host/ros_ws/install/manipulator_gazebo:/home/host/ros_ws/install/braco_description:/opt/ros/humble')]), 'shell': False}
[5.203113] (manipulator_disturbance_control) StdoutLine: {'line': b'\x1b[35m\x1b[1mConsolidate compiler generated dependencies of target test_disturbance_client\x1b[0m\n'}
[5.203309] (manipulator_disturbance_control) StdoutLine: {'line': b'\x1b[35m\x1b[1mConsolidate compiler generated dependencies of target disturbance_applier_node\x1b[0m\n'}
[5.206874] (-) TimerEvent: {}
[5.220902] (manipulator_disturbance_control) StdoutLine: {'line': b'[ 25%] \x1b[32mBuilding CXX object CMakeFiles/test_disturbance_client.dir/src/test_disturbance_client.cpp.o\x1b[0m\n'}
[5.222853] (manipulator_disturbance_control) StdoutLine: {'line': b'[ 50%] \x1b[32mBuilding CXX object CMakeFiles/disturbance_applier_node.dir/src/disturbance_applier_node.cpp.o\x1b[0m\n'}
[5.307005] (-) TimerEvent: {}
[5.407244] (-) TimerEvent: {}
[5.507517] (-) TimerEvent: {}
[5.607772] (-) TimerEvent: {}
[5.708107] (-) TimerEvent: {}
[5.808370] (-) TimerEvent: {}
[5.908606] (-) TimerEvent: {}
[6.008847] (-) TimerEvent: {}
[6.109161] (-) TimerEvent: {}
[6.209431] (-) TimerEvent: {}
[6.309686] (-) TimerEvent: {}
[6.409956] (-) TimerEvent: {}
[6.510235] (-) TimerEvent: {}
[6.610487] (-) TimerEvent: {}
[6.710766] (-) TimerEvent: {}
[6.811037] (-) TimerEvent: {}
[6.911315] (-) TimerEvent: {}
[7.011551] (-) TimerEvent: {}
[7.111797] (-) TimerEvent: {}
[7.212068] (-) TimerEvent: {}
[7.312393] (-) TimerEvent: {}
[7.412651] (-) TimerEvent: {}
[7.515326] (-) TimerEvent: {}
[7.615666] (-) TimerEvent: {}
[7.715977] (-) TimerEvent: {}
[7.816254] (-) TimerEvent: {}
[7.916529] (-) TimerEvent: {}
[8.016796] (-) TimerEvent: {}
[8.117038] (-) TimerEvent: {}
[8.217318] (-) TimerEvent: {}
[8.317606] (-) TimerEvent: {}
[8.417887] (-) TimerEvent: {}
[8.518168] (-) TimerEvent: {}
[8.618448] (-) TimerEvent: {}
[8.718680] (-) TimerEvent: {}
[8.818909] (-) TimerEvent: {}
[8.919178] (-) TimerEvent: {}
[9.019431] (-) TimerEvent: {}
[9.119661] (-) TimerEvent: {}
[9.173209] (manipulator_disturbance_control) StdoutLine: {'line': b'[ 75%] \x1b[32m\x1b[1mLinking CXX executable test_disturbance_client\x1b[0m\n'}
[9.219777] (-) TimerEvent: {}
[9.320090] (-) TimerEvent: {}
[9.357477] (manipulator_disturbance_control) StdoutLine: {'line': b'[ 75%] Built target test_disturbance_client\n'}
[9.420199] (-) TimerEvent: {}
[9.520509] (-) TimerEvent: {}
[9.620825] (-) TimerEvent: {}
[9.721154] (-) TimerEvent: {}
[9.821523] (-) TimerEvent: {}
[9.921828] (-) TimerEvent: {}
[10.022109] (-) TimerEvent: {}
[10.122349] (-) TimerEvent: {}
[10.222619] (-) TimerEvent: {}
[10.322880] (-) TimerEvent: {}
[10.423173] (-) TimerEvent: {}
[10.523412] (-) TimerEvent: {}
[10.623636] (-) TimerEvent: {}
[10.723870] (-) TimerEvent: {}
[10.824105] (-) TimerEvent: {}
[10.924363] (-) TimerEvent: {}
[11.024596] (-) TimerEvent: {}
[11.124845] (-) TimerEvent: {}
[11.225070] (-) TimerEvent: {}
[11.325300] (-) TimerEvent: {}
[11.425562] (-) TimerEvent: {}
[11.525817] (-) TimerEvent: {}
[11.626049] (-) TimerEvent: {}
[11.726279] (-) TimerEvent: {}
[11.826550] (-) TimerEvent: {}
[11.926837] (-) TimerEvent: {}
[12.027139] (-) TimerEvent: {}
[12.120217] (manipulator_disturbance_control) StdoutLine: {'line': b'[100%] \x1b[32m\x1b[1mLinking CXX executable disturbance_applier_node\x1b[0m\n'}
[12.127278] (-) TimerEvent: {}
[12.227570] (-) TimerEvent: {}
[12.327921] (-) TimerEvent: {}
[12.428204] (-) TimerEvent: {}
[12.489472] (manipulator_disturbance_control) StdoutLine: {'line': b'[100%] Built target disturbance_applier_node\n'}
[12.503019] (manipulator_disturbance_control) CommandEnded: {'returncode': 0}
[12.503860] (manipulator_disturbance_control) JobProgress: {'identifier': 'manipulator_disturbance_control', 'progress': 'install'}
[12.504279] (manipulator_disturbance_control) Command: {'cmd': ['/usr/bin/cmake', '--install', '/home/host/ros_ws/build/manipulator_disturbance_control'], 'cwd': '/home/host/ros_ws/build/manipulator_disturbance_control', 'env': OrderedDict([('HOSTNAME', 'marcotayar-Nitro-AN515-55'), ('SHLVL', '1'), ('LD_LIBRARY_PATH', '/home/host/ros_ws/install/manipulator_msgs/lib:/usr/lib/x86_64-linux-gnu/gazebo-11/plugins:/opt/ros/humble/opt/rviz_ogre_vendor/lib:/opt/ros/humble/lib/x86_64-linux-gnu:/opt/ros/humble/lib'), ('HOME', '/home/host'), ('ROS_PYTHON_VERSION', '3'), ('COLCON_PREFIX_PATH', '/home/host/ros_ws/install'), ('ROS_DISTRO', 'humble'), ('_', '/usr/bin/colcon'), ('ROS_VERSION', '2'), ('TERM', 'xterm'), ('ROS_LOCALHOST_ONLY', '0'), ('PATH', '/opt/ros/humble/bin:/usr/local/sbin:/usr/local/bin:/usr/sbin:/usr/bin:/sbin:/bin'), ('DISPLAY', ':1'), ('LANG', 'C.UTF-8'), ('AMENT_PREFIX_PATH', '/home/host/ros_ws/install/manipulator_disturbance_control:/home/host/ros_ws/install/manipulator_msgs:/home/host/ros_ws/install/manipulator_gazebo:/home/host/ros_ws/install/braco_description:/opt/ros/humble'), ('PWD', '/home/host/ros_ws/build/manipulator_disturbance_control'), ('LC_ALL', 'C.UTF-8'), ('PYTHONPATH', '/home/host/ros_ws/install/manipulator_msgs/local/lib/python3.10/dist-packages:/opt/ros/humble/lib/python3.10/site-packages:/opt/ros/humble/local/lib/python3.10/dist-packages'), ('TZ', 'America/Sao_Paulo'), ('COLCON', '1'), ('CMAKE_PREFIX_PATH', '/home/host/ros_ws/install/manipulator_msgs:/home/host/ros_ws/install/manipulator_disturbance_control:/home/host/ros_ws/install/manipulator_gazebo:/home/host/ros_ws/install/braco_description:/opt/ros/humble')]), 'shell': False}
[12.513788] (manipulator_disturbance_control) StdoutLine: {'line': b'-- Install configuration: ""\n'}
[12.514275] (manipulator_disturbance_control) StdoutLine: {'line': b'-- Execute custom install script\n'}
[12.514551] (manipulator_disturbance_control) StdoutLine: {'line': b'-- Symlinking: /home/host/ros_ws/install/manipulator_disturbance_control/lib/manipulator_disturbance_control/disturbance_applier_node\n'}
[12.521791] (manipulator_disturbance_control) StdoutLine: {'line': b'-- Symlinking: /home/host/ros_ws/install/manipulator_disturbance_control/lib/manipulator_disturbance_control/test_disturbance_client\n'}
[12.528297] (-) TimerEvent: {}
[12.529031] (manipulator_disturbance_control) StdoutLine: {'line': b'-- Symlinking: /home/host/ros_ws/install/manipulator_disturbance_control/lib/manipulator_disturbance_control/test_disturbance_client.py\n'}
[12.537237] (manipulator_disturbance_control) StdoutLine: {'line': b'-- Symlinking: /home/host/ros_ws/install/manipulator_disturbance_control/share/manipulator_disturbance_control/launch/disturbance_control.launch\n'}
[12.544760] (manipulator_disturbance_control) StdoutLine: {'line': b'-- Symlinking: /home/host/ros_ws/install/manipulator_disturbance_control/share/manipulator_disturbance_control/launch/trajectory_control.launch\n'}
[12.553422] (manipulator_disturbance_control) StdoutLine: {'line': b'-- Symlinking: /home/host/ros_ws/install/manipulator_disturbance_control/share/manipulator_disturbance_control/launch/trajectory_demo.launch\n'}
[12.560354] (manipulator_disturbance_control) StdoutLine: {'line': b'-- Symlinking: /home/host/ros_ws/install/manipulator_disturbance_control/share/manipulator_disturbance_control/launch/trajectory_disturbance_test.launch\n'}
[12.568222] (manipulator_disturbance_control) StderrLine: {'line': b'\x1b[31mCMake Error at ament_cmake_symlink_install/ament_cmake_symlink_install.cmake:100 (message):\n'}
[12.568391] (manipulator_disturbance_control) StderrLine: {'line': b"  ament_cmake_symlink_install_directory() can't find\n"}
[12.568468] (manipulator_disturbance_control) StderrLine: {'line': b"  '/home/host/ros_ws/src/manipulator_disturbance_control/config/'\n"}
[12.568537] (manipulator_disturbance_control) StderrLine: {'line': b'Call Stack (most recent call first):\n'}
[12.568602] (manipulator_disturbance_control) StderrLine: {'line': b'  ament_cmake_symlink_install/ament_cmake_symlink_install.cmake:323 (ament_cmake_symlink_install_directory)\n'}
[12.568668] (manipulator_disturbance_control) StderrLine: {'line': b'  cmake_install.cmake:46 (include)\n'}
[12.568752] (manipulator_disturbance_control) StderrLine: {'line': b'\n'}
[12.568853] (manipulator_disturbance_control) StderrLine: {'line': b'\x1b[0m\n'}
[12.569685] (manipulator_disturbance_control) CommandEnded: {'returncode': 1}
[12.576795] (manipulator_disturbance_control) JobEnded: {'identifier': 'manipulator_disturbance_control', 'rc': 1}
[12.587362] (-) EventReactorShutdown: {}
