[0.000000] (-) TimerEvent: {}
[0.000201] (-) JobUnselected: {'identifier': 'manipulator_disturbance_control'}
[0.000250] (-) JobUnselected: {'identifier': 'manipulator_gazebo'}
[0.000285] (-) JobUnselected: {'identifier': 'manipulator_msgs'}
[0.000321] (braco_description) JobQueued: {'identifier': 'braco_description', 'dependencies': OrderedDict()}
[0.000350] (braco_description) JobStarted: {'identifier': 'braco_description'}
[0.024149] (braco_description) JobProgress: {'identifier': 'braco_description', 'progress': 'cmake'}
[0.024768] (braco_description) Command: {'cmd': ['/usr/bin/cmake', '/home/host/ros_ws/Braço_description', '-DCMAKE_INSTALL_PREFIX=/home/host/ros_ws/install/braco_description'], 'cwd': '/home/host/ros_ws/build/braco_description', 'env': OrderedDict([('HOSTNAME', 'marcotayar-Nitro-AN515-55'), ('SHLVL', '1'), ('LD_LIBRARY_PATH', '/home/host/ros_ws/install/manipulator_msgs/lib:/usr/lib/x86_64-linux-gnu/gazebo-11/plugins:/opt/ros/humble/opt/rviz_ogre_vendor/lib:/opt/ros/humble/lib/x86_64-linux-gnu:/opt/ros/humble/lib'), ('HOME', '/home/host'), ('OLDPWD', '/home/host/ros_ws'), ('ROS_PYTHON_VERSION', '3'), ('COLCON_PREFIX_PATH', '/home/host/ros_ws/install'), ('ROS_DISTRO', 'humble'), ('_', '/usr/bin/colcon'), ('ROS_VERSION', '2'), ('TERM', 'xterm'), ('ROS_LOCALHOST_ONLY', '0'), ('PATH', '/opt/ros/humble/bin:/usr/local/sbin:/usr/local/bin:/usr/sbin:/usr/bin:/sbin:/bin'), ('DISPLAY', ':1'), ('LANG', 'C.UTF-8'), ('AMENT_PREFIX_PATH', '/home/host/ros_ws/install/manipulator_disturbance_control:/home/host/ros_ws/install/manipulator_msgs:/home/host/ros_ws/install/manipulator_gazebo:/home/host/ros_ws/install/braco_description:/opt/ros/humble'), ('PWD', '/home/host/ros_ws/build/braco_description'), ('LC_ALL', 'C.UTF-8'), ('PYTHONPATH', '/home/host/ros_ws/install/manipulator_msgs/local/lib/python3.10/dist-packages:/opt/ros/humble/lib/python3.10/site-packages:/opt/ros/humble/local/lib/python3.10/dist-packages'), ('TZ', 'America/Sao_Paulo'), ('COLCON', '1'), ('CMAKE_PREFIX_PATH', '/opt/ros/humble:/home/host/ros_ws/install/manipulator_disturbance_control:/home/host/ros_ws/install/manipulator_msgs:/home/host/ros_ws/install/manipulator_gazebo:/home/host/ros_ws/install/braco_description')]), 'shell': False}
[0.077716] (braco_description) StdoutLine: {'line': b'-- The C compiler identification is GNU 11.4.0\n'}
[0.098949] (-) TimerEvent: {}
[0.131346] (braco_description) StdoutLine: {'line': b'-- The CXX compiler identification is GNU 11.4.0\n'}
[0.138408] (braco_description) StdoutLine: {'line': b'-- Detecting C compiler ABI info\n'}
[0.196022] (braco_description) StdoutLine: {'line': b'-- Detecting C compiler ABI info - done\n'}
[0.199048] (-) TimerEvent: {}
[0.204239] (braco_description) StdoutLine: {'line': b'-- Check for working C compiler: /usr/bin/cc - skipped\n'}
[0.204571] (braco_description) StdoutLine: {'line': b'-- Detecting C compile features\n'}
[0.204997] (braco_description) StdoutLine: {'line': b'-- Detecting C compile features - done\n'}
[0.209245] (braco_description) StdoutLine: {'line': b'-- Detecting CXX compiler ABI info\n'}
[0.281615] (braco_description) StdoutLine: {'line': b'-- Detecting CXX compiler ABI info - done\n'}
[0.289296] (braco_description) StdoutLine: {'line': b'-- Check for working CXX compiler: /usr/bin/c++ - skipped\n'}
[0.289498] (braco_description) StdoutLine: {'line': b'-- Detecting CXX compile features\n'}
[0.290101] (braco_description) StdoutLine: {'line': b'-- Detecting CXX compile features - done\n'}
[0.293470] (braco_description) StdoutLine: {'line': b'-- Found ament_cmake: 1.3.12 (/opt/ros/humble/share/ament_cmake/cmake)\n'}
[0.299150] (-) TimerEvent: {}
[0.399408] (-) TimerEvent: {}
[0.461873] (braco_description) StdoutLine: {'line': b'-- Found Python3: /usr/bin/python3 (found version "3.10.12") found components: Interpreter \n'}
[0.499530] (-) TimerEvent: {}
[0.578577] (braco_description) StdoutLine: {'line': b'-- Found urdf: 2.6.1 (/opt/ros/humble/share/urdf/cmake)\n'}
[0.599656] (-) TimerEvent: {}
[0.650365] (braco_description) StdoutLine: {'line': b'-- Found xacro: 2.1.1 (/opt/ros/humble/share/xacro/cmake)\n'}
[0.653455] (braco_description) StdoutLine: {'line': b'-- Found ament_lint_auto: 0.12.14 (/opt/ros/humble/share/ament_lint_auto/cmake)\n'}
[0.699776] (-) TimerEvent: {}
[0.750978] (braco_description) StdoutLine: {'line': b"-- Added test 'copyright' to check source files copyright and LICENSE\n"}
[0.755318] (braco_description) StdoutLine: {'line': b"-- Added test 'flake8' to check Python code syntax and style conventions\n"}
[0.756062] (braco_description) StdoutLine: {'line': b"-- Added test 'lint_cmake' to check CMake code style\n"}
[0.756728] (braco_description) StdoutLine: {'line': b"-- Added test 'pep257' to check Python code against some of the docstring style conventions in PEP 257\n"}
[0.758427] (braco_description) StdoutLine: {'line': b"-- Added test 'xmllint' to check XML markup files\n"}
[0.759550] (braco_description) StdoutLine: {'line': b'-- Configuring done\n'}
[0.762445] (braco_description) StdoutLine: {'line': b'-- Generating done\n'}
[0.764020] (braco_description) StdoutLine: {'line': b'-- Build files have been written to: /home/host/ros_ws/build/braco_description\n'}
[0.768481] (braco_description) CommandEnded: {'returncode': 0}
[0.769088] (braco_description) JobProgress: {'identifier': 'braco_description', 'progress': 'build'}
[0.770210] (braco_description) Command: {'cmd': ['/usr/bin/cmake', '--build', '/home/host/ros_ws/build/braco_description', '--', '-j8', '-l8'], 'cwd': '/home/host/ros_ws/build/braco_description', 'env': OrderedDict([('HOSTNAME', 'marcotayar-Nitro-AN515-55'), ('SHLVL', '1'), ('LD_LIBRARY_PATH', '/home/host/ros_ws/install/manipulator_msgs/lib:/usr/lib/x86_64-linux-gnu/gazebo-11/plugins:/opt/ros/humble/opt/rviz_ogre_vendor/lib:/opt/ros/humble/lib/x86_64-linux-gnu:/opt/ros/humble/lib'), ('HOME', '/home/host'), ('OLDPWD', '/home/host/ros_ws'), ('ROS_PYTHON_VERSION', '3'), ('COLCON_PREFIX_PATH', '/home/host/ros_ws/install'), ('ROS_DISTRO', 'humble'), ('_', '/usr/bin/colcon'), ('ROS_VERSION', '2'), ('TERM', 'xterm'), ('ROS_LOCALHOST_ONLY', '0'), ('PATH', '/opt/ros/humble/bin:/usr/local/sbin:/usr/local/bin:/usr/sbin:/usr/bin:/sbin:/bin'), ('DISPLAY', ':1'), ('LANG', 'C.UTF-8'), ('AMENT_PREFIX_PATH', '/home/host/ros_ws/install/manipulator_disturbance_control:/home/host/ros_ws/install/manipulator_msgs:/home/host/ros_ws/install/manipulator_gazebo:/home/host/ros_ws/install/braco_description:/opt/ros/humble'), ('PWD', '/home/host/ros_ws/build/braco_description'), ('LC_ALL', 'C.UTF-8'), ('PYTHONPATH', '/home/host/ros_ws/install/manipulator_msgs/local/lib/python3.10/dist-packages:/opt/ros/humble/lib/python3.10/site-packages:/opt/ros/humble/local/lib/python3.10/dist-packages'), ('TZ', 'America/Sao_Paulo'), ('COLCON', '1'), ('CMAKE_PREFIX_PATH', '/opt/ros/humble:/home/host/ros_ws/install/manipulator_disturbance_control:/home/host/ros_ws/install/manipulator_msgs:/home/host/ros_ws/install/manipulator_gazebo:/home/host/ros_ws/install/braco_description')]), 'shell': False}
[0.800164] (braco_description) CommandEnded: {'returncode': 0}
[0.800863] (-) TimerEvent: {}
[0.801086] (braco_description) JobProgress: {'identifier': 'braco_description', 'progress': 'install'}
[0.808647] (braco_description) Command: {'cmd': ['/usr/bin/cmake', '--install', '/home/host/ros_ws/build/braco_description'], 'cwd': '/home/host/ros_ws/build/braco_description', 'env': OrderedDict([('HOSTNAME', 'marcotayar-Nitro-AN515-55'), ('SHLVL', '1'), ('LD_LIBRARY_PATH', '/home/host/ros_ws/install/manipulator_msgs/lib:/usr/lib/x86_64-linux-gnu/gazebo-11/plugins:/opt/ros/humble/opt/rviz_ogre_vendor/lib:/opt/ros/humble/lib/x86_64-linux-gnu:/opt/ros/humble/lib'), ('HOME', '/home/host'), ('OLDPWD', '/home/host/ros_ws'), ('ROS_PYTHON_VERSION', '3'), ('COLCON_PREFIX_PATH', '/home/host/ros_ws/install'), ('ROS_DISTRO', 'humble'), ('_', '/usr/bin/colcon'), ('ROS_VERSION', '2'), ('TERM', 'xterm'), ('ROS_LOCALHOST_ONLY', '0'), ('PATH', '/opt/ros/humble/bin:/usr/local/sbin:/usr/local/bin:/usr/sbin:/usr/bin:/sbin:/bin'), ('DISPLAY', ':1'), ('LANG', 'C.UTF-8'), ('AMENT_PREFIX_PATH', '/home/host/ros_ws/install/manipulator_disturbance_control:/home/host/ros_ws/install/manipulator_msgs:/home/host/ros_ws/install/manipulator_gazebo:/home/host/ros_ws/install/braco_description:/opt/ros/humble'), ('PWD', '/home/host/ros_ws/build/braco_description'), ('LC_ALL', 'C.UTF-8'), ('PYTHONPATH', '/home/host/ros_ws/install/manipulator_msgs/local/lib/python3.10/dist-packages:/opt/ros/humble/lib/python3.10/site-packages:/opt/ros/humble/local/lib/python3.10/dist-packages'), ('TZ', 'America/Sao_Paulo'), ('COLCON', '1'), ('CMAKE_PREFIX_PATH', '/opt/ros/humble:/home/host/ros_ws/install/manipulator_disturbance_control:/home/host/ros_ws/install/manipulator_msgs:/home/host/ros_ws/install/manipulator_gazebo:/home/host/ros_ws/install/braco_description')]), 'shell': False}
[0.815614] (braco_description) StdoutLine: {'line': b'-- Install configuration: ""\n'}
[0.815866] (braco_description) StdoutLine: {'line': b'-- Installing: /home/host/ros_ws/install/braco_description/share/braco_description//urdf\n'}
[0.815959] (braco_description) StdoutLine: {'line': b'-- Installing: /home/host/ros_ws/install/braco_description/share/braco_description//urdf/braco.xacro\n'}
[0.816088] (braco_description) StdoutLine: {'line': b'-- Installing: /home/host/ros_ws/install/braco_description/share/braco_description//urdf/braco.gazebo\n'}
[0.816177] (braco_description) StdoutLine: {'line': b'-- Installing: /home/host/ros_ws/install/braco_description/share/braco_description//urdf/braco.trans\n'}
[0.816250] (braco_description) StdoutLine: {'line': b'-- Installing: /home/host/ros_ws/install/braco_description/share/braco_description//urdf/materials.xacro\n'}
[0.816322] (braco_description) StdoutLine: {'line': b'-- Installing: /home/host/ros_ws/install/braco_description/share/braco_description//meshes\n'}
[0.816418] (braco_description) StdoutLine: {'line': b'-- Installing: /home/host/ros_ws/install/braco_description/share/braco_description//meshes/rot3_1.stl\n'}
[0.816664] (braco_description) StdoutLine: {'line': b'-- Installing: /home/host/ros_ws/install/braco_description/share/braco_description//meshes/base_link.stl\n'}
[0.816873] (braco_description) StdoutLine: {'line': b'-- Installing: /home/host/ros_ws/install/braco_description/share/braco_description//meshes/rot2_1.stl\n'}
[0.817212] (braco_description) StdoutLine: {'line': b'-- Installing: /home/host/ros_ws/install/braco_description/share/braco_description//meshes/prism1_1.stl\n'}
[0.817446] (braco_description) StdoutLine: {'line': b'-- Installing: /home/host/ros_ws/install/braco_description/share/braco_description//meshes/rot4_1.stl\n'}
[0.817785] (braco_description) StdoutLine: {'line': b'-- Installing: /home/host/ros_ws/install/braco_description/share/braco_description//meshes/rot1_1.stl\n'}
[0.818113] (braco_description) StdoutLine: {'line': b'-- Installing: /home/host/ros_ws/install/braco_description/share/braco_description//launch\n'}
[0.818208] (braco_description) StdoutLine: {'line': b'-- Installing: /home/host/ros_ws/install/braco_description/share/braco_description//launch/gazebo.launch.py\n'}
[0.818301] (braco_description) StdoutLine: {'line': b'-- Installing: /home/host/ros_ws/install/braco_description/share/braco_description//launch/display.launch\n'}
[0.818398] (braco_description) StdoutLine: {'line': b'-- Installing: /home/host/ros_ws/install/braco_description/share/braco_description//launch/urdf.rviz\n'}
[0.818491] (braco_description) StdoutLine: {'line': b'-- Installing: /home/host/ros_ws/install/braco_description/share/braco_description//launch/controller.launch\n'}
[0.818589] (braco_description) StdoutLine: {'line': b'-- Installing: /home/host/ros_ws/install/braco_description/share/braco_description//launch/controller.yaml\n'}
[0.818688] (braco_description) StdoutLine: {'line': b'-- Installing: /home/host/ros_ws/install/braco_description/share/braco_description//launch/gazebo.launch\n'}
[0.818786] (braco_description) StdoutLine: {'line': b'-- Installing: /home/host/ros_ws/install/braco_description/share/braco_description//launch/display.launch.py\n'}
[0.818927] (braco_description) StdoutLine: {'line': b'-- Up-to-date: /home/host/ros_ws/install/braco_description/share/braco_description/launch/controller.yaml\n'}
[0.819012] (braco_description) StdoutLine: {'line': b'-- Up-to-date: /home/host/ros_ws/install/braco_description/share/braco_description/launch/urdf.rviz\n'}
[0.819102] (braco_description) StdoutLine: {'line': b'-- Installing: /home/host/ros_ws/install/braco_description/share/ament_index/resource_index/package_run_dependencies/braco_description\n'}
[0.819258] (braco_description) StdoutLine: {'line': b'-- Installing: /home/host/ros_ws/install/braco_description/share/ament_index/resource_index/parent_prefix_path/braco_description\n'}
[0.819434] (braco_description) StdoutLine: {'line': b'-- Installing: /home/host/ros_ws/install/braco_description/share/braco_description/environment/ament_prefix_path.sh\n'}
[0.819574] (braco_description) StdoutLine: {'line': b'-- Installing: /home/host/ros_ws/install/braco_description/share/braco_description/environment/ament_prefix_path.dsv\n'}
[0.819714] (braco_description) StdoutLine: {'line': b'-- Installing: /home/host/ros_ws/install/braco_description/share/braco_description/environment/path.sh\n'}
[0.819857] (braco_description) StdoutLine: {'line': b'-- Installing: /home/host/ros_ws/install/braco_description/share/braco_description/environment/path.dsv\n'}
[0.819987] (braco_description) StdoutLine: {'line': b'-- Installing: /home/host/ros_ws/install/braco_description/share/braco_description/local_setup.bash\n'}
[0.820118] (braco_description) StdoutLine: {'line': b'-- Installing: /home/host/ros_ws/install/braco_description/share/braco_description/local_setup.sh\n'}
[0.820250] (braco_description) StdoutLine: {'line': b'-- Installing: /home/host/ros_ws/install/braco_description/share/braco_description/local_setup.zsh\n'}
[0.820379] (braco_description) StdoutLine: {'line': b'-- Installing: /home/host/ros_ws/install/braco_description/share/braco_description/local_setup.dsv\n'}
[0.820507] (braco_description) StdoutLine: {'line': b'-- Installing: /home/host/ros_ws/install/braco_description/share/braco_description/package.dsv\n'}
[0.820672] (braco_description) StdoutLine: {'line': b'-- Installing: /home/host/ros_ws/install/braco_description/share/ament_index/resource_index/packages/braco_description\n'}
[0.820839] (braco_description) StdoutLine: {'line': b'-- Installing: /home/host/ros_ws/install/braco_description/share/braco_description/cmake/braco_descriptionConfig.cmake\n'}
[0.820948] (braco_description) StdoutLine: {'line': b'-- Installing: /home/host/ros_ws/install/braco_description/share/braco_description/cmake/braco_descriptionConfig-version.cmake\n'}
[0.821103] (braco_description) StdoutLine: {'line': b'-- Installing: /home/host/ros_ws/install/braco_description/share/braco_description/package.xml\n'}
[0.823689] (braco_description) CommandEnded: {'returncode': 0}
[0.843001] (braco_description) JobEnded: {'identifier': 'braco_description', 'rc': 0}
[0.843773] (-) EventReactorShutdown: {}
