[0.000000] (-) TimerEvent: {}
[0.000457] (-) JobUnselected: {'identifier': 'manipulator_disturbance_control'}
[0.000501] (-) JobUnselected: {'identifier': 'manipulator_gazebo'}
[0.000701] (-) JobUnselected: {'identifier': 'manipulator_msgs'}
[0.000815] (braco_description) JobQueued: {'identifier': 'braco_description', 'dependencies': OrderedDict()}
[0.000838] (braco_description) JobStarted: {'identifier': 'braco_description'}
[0.021958] (braco_description) JobProgress: {'identifier': 'braco_description', 'progress': 'cmake'}
[0.022521] (braco_description) Command: {'cmd': ['/usr/bin/cmake', '/home/host/ros_ws/Braço_description', '-DCMAKE_INSTALL_PREFIX=/home/host/ros_ws/install/braco_description'], 'cwd': '/home/host/ros_ws/build/braco_description', 'env': OrderedDict([('HOSTNAME', 'marcotayar-Nitro-AN515-55'), ('SHLVL', '1'), ('LD_LIBRARY_PATH', '/home/host/ros_ws/install/manipulator_msgs/lib:/usr/lib/x86_64-linux-gnu/gazebo-11/plugins:/opt/ros/humble/opt/rviz_ogre_vendor/lib:/opt/ros/humble/lib/x86_64-linux-gnu:/opt/ros/humble/lib'), ('HOME', '/home/host'), ('OLDPWD', '/home/host/ros_ws'), ('ROS_PYTHON_VERSION', '3'), ('COLCON_PREFIX_PATH', '/home/host/ros_ws/install'), ('ROS_DISTRO', 'humble'), ('_', '/usr/bin/colcon'), ('ROS_VERSION', '2'), ('TERM', 'xterm'), ('ROS_LOCALHOST_ONLY', '0'), ('PATH', '/opt/ros/humble/bin:/usr/local/sbin:/usr/local/bin:/usr/sbin:/usr/bin:/sbin:/bin'), ('DISPLAY', ':1'), ('LANG', 'C.UTF-8'), ('AMENT_PREFIX_PATH', '/home/host/ros_ws/install/manipulator_disturbance_control:/home/host/ros_ws/install/manipulator_msgs:/home/host/ros_ws/install/manipulator_gazebo:/home/host/ros_ws/install/braco_description:/opt/ros/humble'), ('PWD', '/home/host/ros_ws/build/braco_description'), ('LC_ALL', 'C.UTF-8'), ('PYTHONPATH', '/home/host/ros_ws/install/manipulator_msgs/local/lib/python3.10/dist-packages:/opt/ros/humble/lib/python3.10/site-packages:/opt/ros/humble/local/lib/python3.10/dist-packages'), ('TZ', 'America/Sao_Paulo'), ('COLCON', '1'), ('CMAKE_PREFIX_PATH', '/opt/ros/humble:/home/host/ros_ws/install/manipulator_disturbance_control:/home/host/ros_ws/install/manipulator_msgs:/home/host/ros_ws/install/manipulator_gazebo:/home/host/ros_ws/install/braco_description')]), 'shell': False}
[0.078011] (braco_description) StdoutLine: {'line': b'-- The C compiler identification is GNU 11.4.0\n'}
[0.100043] (-) TimerEvent: {}
[0.130844] (braco_description) StdoutLine: {'line': b'-- The CXX compiler identification is GNU 11.4.0\n'}
[0.138167] (braco_description) StdoutLine: {'line': b'-- Detecting C compiler ABI info\n'}
[0.193133] (braco_description) StdoutLine: {'line': b'-- Detecting C compiler ABI info - done\n'}
[0.200143] (-) TimerEvent: {}
[0.201037] (braco_description) StdoutLine: {'line': b'-- Check for working C compiler: /usr/bin/cc - skipped\n'}
[0.201295] (braco_description) StdoutLine: {'line': b'-- Detecting C compile features\n'}
[0.201679] (braco_description) StdoutLine: {'line': b'-- Detecting C compile features - done\n'}
[0.204957] (braco_description) StdoutLine: {'line': b'-- Detecting CXX compiler ABI info\n'}
[0.277052] (braco_description) StdoutLine: {'line': b'-- Detecting CXX compiler ABI info - done\n'}
[0.284964] (braco_description) StdoutLine: {'line': b'-- Check for working CXX compiler: /usr/bin/c++ - skipped\n'}
[0.285219] (braco_description) StdoutLine: {'line': b'-- Detecting CXX compile features\n'}
[0.285646] (braco_description) StdoutLine: {'line': b'-- Detecting CXX compile features - done\n'}
[0.288953] (braco_description) StdoutLine: {'line': b'-- Found ament_cmake: 1.3.12 (/opt/ros/humble/share/ament_cmake/cmake)\n'}
[0.300262] (-) TimerEvent: {}
[0.400510] (-) TimerEvent: {}
[0.436386] (braco_description) StdoutLine: {'line': b'-- Found Python3: /usr/bin/python3 (found version "3.10.12") found components: Interpreter \n'}
[0.500635] (-) TimerEvent: {}
[0.544755] (braco_description) StdoutLine: {'line': b'-- Found urdf: 2.6.1 (/opt/ros/humble/share/urdf/cmake)\n'}
[0.600755] (-) TimerEvent: {}
[0.608259] (braco_description) StdoutLine: {'line': b'-- Found xacro: 2.1.1 (/opt/ros/humble/share/xacro/cmake)\n'}
[0.611308] (braco_description) StdoutLine: {'line': b'-- Found ament_lint_auto: 0.12.14 (/opt/ros/humble/share/ament_lint_auto/cmake)\n'}
[0.698835] (braco_description) StdoutLine: {'line': b"-- Added test 'copyright' to check source files copyright and LICENSE\n"}
[0.700851] (-) TimerEvent: {}
[0.701450] (braco_description) StdoutLine: {'line': b"-- Added test 'flake8' to check Python code syntax and style conventions\n"}
[0.702053] (braco_description) StdoutLine: {'line': b"-- Added test 'lint_cmake' to check CMake code style\n"}
[0.702492] (braco_description) StdoutLine: {'line': b"-- Added test 'pep257' to check Python code against some of the docstring style conventions in PEP 257\n"}
[0.703960] (braco_description) StdoutLine: {'line': b"-- Added test 'xmllint' to check XML markup files\n"}
[0.705041] (braco_description) StdoutLine: {'line': b'-- Configuring done\n'}
[0.708484] (braco_description) StdoutLine: {'line': b'-- Generating done\n'}
[0.710664] (braco_description) StdoutLine: {'line': b'-- Build files have been written to: /home/host/ros_ws/build/braco_description\n'}
[0.716704] (braco_description) CommandEnded: {'returncode': 0}
[0.717256] (braco_description) JobProgress: {'identifier': 'braco_description', 'progress': 'build'}
[0.718030] (braco_description) Command: {'cmd': ['/usr/bin/cmake', '--build', '/home/host/ros_ws/build/braco_description', '--', '-j8', '-l8'], 'cwd': '/home/host/ros_ws/build/braco_description', 'env': OrderedDict([('HOSTNAME', 'marcotayar-Nitro-AN515-55'), ('SHLVL', '1'), ('LD_LIBRARY_PATH', '/home/host/ros_ws/install/manipulator_msgs/lib:/usr/lib/x86_64-linux-gnu/gazebo-11/plugins:/opt/ros/humble/opt/rviz_ogre_vendor/lib:/opt/ros/humble/lib/x86_64-linux-gnu:/opt/ros/humble/lib'), ('HOME', '/home/host'), ('OLDPWD', '/home/host/ros_ws'), ('ROS_PYTHON_VERSION', '3'), ('COLCON_PREFIX_PATH', '/home/host/ros_ws/install'), ('ROS_DISTRO', 'humble'), ('_', '/usr/bin/colcon'), ('ROS_VERSION', '2'), ('TERM', 'xterm'), ('ROS_LOCALHOST_ONLY', '0'), ('PATH', '/opt/ros/humble/bin:/usr/local/sbin:/usr/local/bin:/usr/sbin:/usr/bin:/sbin:/bin'), ('DISPLAY', ':1'), ('LANG', 'C.UTF-8'), ('AMENT_PREFIX_PATH', '/home/host/ros_ws/install/manipulator_disturbance_control:/home/host/ros_ws/install/manipulator_msgs:/home/host/ros_ws/install/manipulator_gazebo:/home/host/ros_ws/install/braco_description:/opt/ros/humble'), ('PWD', '/home/host/ros_ws/build/braco_description'), ('LC_ALL', 'C.UTF-8'), ('PYTHONPATH', '/home/host/ros_ws/install/manipulator_msgs/local/lib/python3.10/dist-packages:/opt/ros/humble/lib/python3.10/site-packages:/opt/ros/humble/local/lib/python3.10/dist-packages'), ('TZ', 'America/Sao_Paulo'), ('COLCON', '1'), ('CMAKE_PREFIX_PATH', '/opt/ros/humble:/home/host/ros_ws/install/manipulator_disturbance_control:/home/host/ros_ws/install/manipulator_msgs:/home/host/ros_ws/install/manipulator_gazebo:/home/host/ros_ws/install/braco_description')]), 'shell': False}
[0.755116] (braco_description) CommandEnded: {'returncode': 0}
[0.755656] (braco_description) JobProgress: {'identifier': 'braco_description', 'progress': 'install'}
[0.764765] (braco_description) Command: {'cmd': ['/usr/bin/cmake', '--install', '/home/host/ros_ws/build/braco_description'], 'cwd': '/home/host/ros_ws/build/braco_description', 'env': OrderedDict([('HOSTNAME', 'marcotayar-Nitro-AN515-55'), ('SHLVL', '1'), ('LD_LIBRARY_PATH', '/home/host/ros_ws/install/manipulator_msgs/lib:/usr/lib/x86_64-linux-gnu/gazebo-11/plugins:/opt/ros/humble/opt/rviz_ogre_vendor/lib:/opt/ros/humble/lib/x86_64-linux-gnu:/opt/ros/humble/lib'), ('HOME', '/home/host'), ('OLDPWD', '/home/host/ros_ws'), ('ROS_PYTHON_VERSION', '3'), ('COLCON_PREFIX_PATH', '/home/host/ros_ws/install'), ('ROS_DISTRO', 'humble'), ('_', '/usr/bin/colcon'), ('ROS_VERSION', '2'), ('TERM', 'xterm'), ('ROS_LOCALHOST_ONLY', '0'), ('PATH', '/opt/ros/humble/bin:/usr/local/sbin:/usr/local/bin:/usr/sbin:/usr/bin:/sbin:/bin'), ('DISPLAY', ':1'), ('LANG', 'C.UTF-8'), ('AMENT_PREFIX_PATH', '/home/host/ros_ws/install/manipulator_disturbance_control:/home/host/ros_ws/install/manipulator_msgs:/home/host/ros_ws/install/manipulator_gazebo:/home/host/ros_ws/install/braco_description:/opt/ros/humble'), ('PWD', '/home/host/ros_ws/build/braco_description'), ('LC_ALL', 'C.UTF-8'), ('PYTHONPATH', '/home/host/ros_ws/install/manipulator_msgs/local/lib/python3.10/dist-packages:/opt/ros/humble/lib/python3.10/site-packages:/opt/ros/humble/local/lib/python3.10/dist-packages'), ('TZ', 'America/Sao_Paulo'), ('COLCON', '1'), ('CMAKE_PREFIX_PATH', '/opt/ros/humble:/home/host/ros_ws/install/manipulator_disturbance_control:/home/host/ros_ws/install/manipulator_msgs:/home/host/ros_ws/install/manipulator_gazebo:/home/host/ros_ws/install/braco_description')]), 'shell': False}
[0.772697] (braco_description) StdoutLine: {'line': b'-- Install configuration: ""\n'}
[0.772887] (braco_description) StdoutLine: {'line': b'-- Installing: /home/host/ros_ws/install/braco_description/share/braco_description/urdf\n'}
[0.773008] (braco_description) StdoutLine: {'line': b'-- Installing: /home/host/ros_ws/install/braco_description/share/braco_description/urdf/braco.xacro\n'}
[0.773152] (braco_description) StdoutLine: {'line': b'-- Installing: /home/host/ros_ws/install/braco_description/share/braco_description/urdf/braco.gazebo\n'}
[0.773359] (braco_description) StdoutLine: {'line': b'-- Installing: /home/host/ros_ws/install/braco_description/share/braco_description/urdf/braco.trans\n'}
[0.773517] (braco_description) StdoutLine: {'line': b'-- Installing: /home/host/ros_ws/install/braco_description/share/braco_description/urdf/materials.xacro\n'}
[0.773664] (braco_description) StdoutLine: {'line': b'-- Installing: /home/host/ros_ws/install/braco_description/share/braco_description/meshes\n'}
[0.773787] (braco_description) StdoutLine: {'line': b'-- Installing: /home/host/ros_ws/install/braco_description/share/braco_description/meshes/rot3_1.stl\n'}
[0.774112] (braco_description) StdoutLine: {'line': b'-- Installing: /home/host/ros_ws/install/braco_description/share/braco_description/meshes/base_link.stl\n'}
[0.774372] (braco_description) StdoutLine: {'line': b'-- Installing: /home/host/ros_ws/install/braco_description/share/braco_description/meshes/rot2_1.stl\n'}
[0.774750] (braco_description) StdoutLine: {'line': b'-- Installing: /home/host/ros_ws/install/braco_description/share/braco_description/meshes/prism1_1.stl\n'}
[0.775014] (braco_description) StdoutLine: {'line': b'-- Installing: /home/host/ros_ws/install/braco_description/share/braco_description/meshes/rot4_1.stl\n'}
[0.775392] (braco_description) StdoutLine: {'line': b'-- Installing: /home/host/ros_ws/install/braco_description/share/braco_description/meshes/rot1_1.stl\n'}
[0.775761] (braco_description) StdoutLine: {'line': b'-- Installing: /home/host/ros_ws/install/braco_description/share/braco_description/launch\n'}
[0.775856] (braco_description) StdoutLine: {'line': b'-- Installing: /home/host/ros_ws/install/braco_description/share/braco_description/launch/gazebo.launch.py\n'}
[0.775948] (braco_description) StdoutLine: {'line': b'-- Installing: /home/host/ros_ws/install/braco_description/share/braco_description/launch/display.launch\n'}
[0.776043] (braco_description) StdoutLine: {'line': b'-- Installing: /home/host/ros_ws/install/braco_description/share/braco_description/launch/controller.launch\n'}
[0.776132] (braco_description) StdoutLine: {'line': b'-- Installing: /home/host/ros_ws/install/braco_description/share/braco_description/launch/gazebo.launch\n'}
[0.776218] (braco_description) StdoutLine: {'line': b'-- Installing: /home/host/ros_ws/install/braco_description/share/braco_description/launch/display.launch.py\n'}
[0.776343] (braco_description) StdoutLine: {'line': b'-- Installing: /home/host/ros_ws/install/braco_description/share/braco_description/launch/controller.yaml\n'}
[0.776463] (braco_description) StdoutLine: {'line': b'-- Installing: /home/host/ros_ws/install/braco_description/share/braco_description/launch/urdf.rviz\n'}
[0.776656] (braco_description) StdoutLine: {'line': b'-- Installing: /home/host/ros_ws/install/braco_description/share/ament_index/resource_index/package_run_dependencies/braco_description\n'}
[0.776815] (braco_description) StdoutLine: {'line': b'-- Installing: /home/host/ros_ws/install/braco_description/share/ament_index/resource_index/parent_prefix_path/braco_description\n'}
[0.776978] (braco_description) StdoutLine: {'line': b'-- Installing: /home/host/ros_ws/install/braco_description/share/braco_description/environment/ament_prefix_path.sh\n'}
[0.777107] (braco_description) StdoutLine: {'line': b'-- Installing: /home/host/ros_ws/install/braco_description/share/braco_description/environment/ament_prefix_path.dsv\n'}
[0.777235] (braco_description) StdoutLine: {'line': b'-- Installing: /home/host/ros_ws/install/braco_description/share/braco_description/environment/path.sh\n'}
[0.777360] (braco_description) StdoutLine: {'line': b'-- Installing: /home/host/ros_ws/install/braco_description/share/braco_description/environment/path.dsv\n'}
[0.777483] (braco_description) StdoutLine: {'line': b'-- Installing: /home/host/ros_ws/install/braco_description/share/braco_description/local_setup.bash\n'}
[0.777602] (braco_description) StdoutLine: {'line': b'-- Installing: /home/host/ros_ws/install/braco_description/share/braco_description/local_setup.sh\n'}
[0.777728] (braco_description) StdoutLine: {'line': b'-- Installing: /home/host/ros_ws/install/braco_description/share/braco_description/local_setup.zsh\n'}
[0.777846] (braco_description) StdoutLine: {'line': b'-- Installing: /home/host/ros_ws/install/braco_description/share/braco_description/local_setup.dsv\n'}
[0.777964] (braco_description) StdoutLine: {'line': b'-- Installing: /home/host/ros_ws/install/braco_description/share/braco_description/package.dsv\n'}
[0.778113] (braco_description) StdoutLine: {'line': b'-- Installing: /home/host/ros_ws/install/braco_description/share/ament_index/resource_index/packages/braco_description\n'}
[0.778260] (braco_description) StdoutLine: {'line': b'-- Installing: /home/host/ros_ws/install/braco_description/share/braco_description/cmake/braco_descriptionConfig.cmake\n'}
[0.778819] (braco_description) StdoutLine: {'line': b'-- Installing: /home/host/ros_ws/install/braco_description/share/braco_description/cmake/braco_descriptionConfig-version.cmake\n'}
[0.778913] (braco_description) StdoutLine: {'line': b'-- Installing: /home/host/ros_ws/install/braco_description/share/braco_description/package.xml\n'}
[0.780144] (braco_description) CommandEnded: {'returncode': 0}
[0.800464] (braco_description) JobEnded: {'identifier': 'braco_description', 'rc': 0}
[0.801457] (-) TimerEvent: {}
[0.801655] (-) EventReactorShutdown: {}
