[0.016s] Invoking command in '/home/host/onda/ros_ws/build/manipulator_disturbance_control': CMAKE_PREFIX_PATH=/home/host/onda/ros_ws/install/manipulator_msgs:/home/host/onda/ros_ws/install/manipulator_disturbance_control:/home/host/onda/ros_ws/install/manipulator_gazebo:/home/host/onda/ros_ws/install/braco_description:/opt/ros/humble LD_LIBRARY_PATH=/home/host/onda/ros_ws/install/manipulator_msgs/lib:/usr/lib/x86_64-linux-gnu/gazebo-11/plugins:/opt/ros/humble/opt/rviz_ogre_vendor/lib:/opt/ros/humble/lib/x86_64-linux-gnu:/opt/ros/humble/lib /usr/bin/cmake --build /home/host/onda/ros_ws/build/manipulator_disturbance_control -- -j20 -l20
[0.086s] [ 50%] Built target test_disturbance_client
[0.092s] [100%] Built target disturbance_applier_node
[0.101s] Invoked command in '/home/host/onda/ros_ws/build/manipulator_disturbance_control' returned '0': CMAKE_PREFIX_PATH=/home/host/onda/ros_ws/install/manipulator_msgs:/home/host/onda/ros_ws/install/manipulator_disturbance_control:/home/host/onda/ros_ws/install/manipulator_gazebo:/home/host/onda/ros_ws/install/braco_description:/opt/ros/humble LD_LIBRARY_PATH=/home/host/onda/ros_ws/install/manipulator_msgs/lib:/usr/lib/x86_64-linux-gnu/gazebo-11/plugins:/opt/ros/humble/opt/rviz_ogre_vendor/lib:/opt/ros/humble/lib/x86_64-linux-gnu:/opt/ros/humble/lib /usr/bin/cmake --build /home/host/onda/ros_ws/build/manipulator_disturbance_control -- -j20 -l20
[0.103s] Invoking command in '/home/host/onda/ros_ws/build/manipulator_disturbance_control': CMAKE_PREFIX_PATH=/home/host/onda/ros_ws/install/manipulator_msgs:/home/host/onda/ros_ws/install/manipulator_disturbance_control:/home/host/onda/ros_ws/install/manipulator_gazebo:/home/host/onda/ros_ws/install/braco_description:/opt/ros/humble LD_LIBRARY_PATH=/home/host/onda/ros_ws/install/manipulator_msgs/lib:/usr/lib/x86_64-linux-gnu/gazebo-11/plugins:/opt/ros/humble/opt/rviz_ogre_vendor/lib:/opt/ros/humble/lib/x86_64-linux-gnu:/opt/ros/humble/lib /usr/bin/cmake --install /home/host/onda/ros_ws/build/manipulator_disturbance_control
[0.108s] -- Install configuration: ""
[0.109s] -- Execute custom install script
[0.109s] -- Up-to-date symlink: /home/host/onda/ros_ws/install/manipulator_disturbance_control/lib/manipulator_disturbance_control/disturbance_applier_node
[0.109s] -- Up-to-date symlink: /home/host/onda/ros_ws/install/manipulator_disturbance_control/lib/manipulator_disturbance_control/test_disturbance_client
[0.109s] -- Up-to-date symlink: /home/host/onda/ros_ws/install/manipulator_disturbance_control/lib/manipulator_disturbance_control/test_disturbance_client.py
[0.110s] -- Up-to-date symlink: /home/host/onda/ros_ws/install/manipulator_disturbance_control/share/manipulator_disturbance_control/launch/disturbance_control.launch
[0.110s] -- Up-to-date symlink: /home/host/onda/ros_ws/install/manipulator_disturbance_control/share/manipulator_disturbance_control/launch/trajectory_control.launch
[0.110s] -- Up-to-date symlink: /home/host/onda/ros_ws/install/manipulator_disturbance_control/share/manipulator_disturbance_control/launch/trajectory_demo.launch
[0.110s] -- Up-to-date symlink: /home/host/onda/ros_ws/install/manipulator_disturbance_control/share/manipulator_disturbance_control/launch/trajectory_disturbance_test.launch
[0.110s] -- Up-to-date symlink: /home/host/onda/ros_ws/install/manipulator_disturbance_control/share/ament_index/resource_index/package_run_dependencies/manipulator_disturbance_control
[0.111s] -- Up-to-date symlink: /home/host/onda/ros_ws/install/manipulator_disturbance_control/share/ament_index/resource_index/parent_prefix_path/manipulator_disturbance_control
[0.111s] -- Up-to-date symlink: /home/host/onda/ros_ws/install/manipulator_disturbance_control/share/manipulator_disturbance_control/environment/ament_prefix_path.sh
[0.111s] -- Up-to-date symlink: /home/host/onda/ros_ws/install/manipulator_disturbance_control/share/manipulator_disturbance_control/environment/ament_prefix_path.dsv
[0.111s] -- Up-to-date symlink: /home/host/onda/ros_ws/install/manipulator_disturbance_control/share/manipulator_disturbance_control/environment/path.sh
[0.111s] -- Up-to-date symlink: /home/host/onda/ros_ws/install/manipulator_disturbance_control/share/manipulator_disturbance_control/environment/path.dsv
[0.111s] -- Up-to-date symlink: /home/host/onda/ros_ws/install/manipulator_disturbance_control/share/manipulator_disturbance_control/local_setup.bash
[0.112s] -- Up-to-date symlink: /home/host/onda/ros_ws/install/manipulator_disturbance_control/share/manipulator_disturbance_control/local_setup.sh
[0.112s] -- Up-to-date symlink: /home/host/onda/ros_ws/install/manipulator_disturbance_control/share/manipulator_disturbance_control/local_setup.zsh
[0.112s] -- Up-to-date symlink: /home/host/onda/ros_ws/install/manipulator_disturbance_control/share/manipulator_disturbance_control/local_setup.dsv
[0.112s] -- Symlinking: /home/host/onda/ros_ws/install/manipulator_disturbance_control/share/manipulator_disturbance_control/package.dsv
[0.119s] -- Up-to-date symlink: /home/host/onda/ros_ws/install/manipulator_disturbance_control/share/ament_index/resource_index/packages/manipulator_disturbance_control
[0.119s] -- Up-to-date symlink: /home/host/onda/ros_ws/install/manipulator_disturbance_control/share/manipulator_disturbance_control/cmake/manipulator_disturbance_controlConfig.cmake
[0.119s] -- Up-to-date symlink: /home/host/onda/ros_ws/install/manipulator_disturbance_control/share/manipulator_disturbance_control/cmake/manipulator_disturbance_controlConfig-version.cmake
[0.119s] -- Up-to-date symlink: /home/host/onda/ros_ws/install/manipulator_disturbance_control/share/manipulator_disturbance_control/package.xml
[0.121s] Invoked command in '/home/host/onda/ros_ws/build/manipulator_disturbance_control' returned '0': CMAKE_PREFIX_PATH=/home/host/onda/ros_ws/install/manipulator_msgs:/home/host/onda/ros_ws/install/manipulator_disturbance_control:/home/host/onda/ros_ws/install/manipulator_gazebo:/home/host/onda/ros_ws/install/braco_description:/opt/ros/humble LD_LIBRARY_PATH=/home/host/onda/ros_ws/install/manipulator_msgs/lib:/usr/lib/x86_64-linux-gnu/gazebo-11/plugins:/opt/ros/humble/opt/rviz_ogre_vendor/lib:/opt/ros/humble/lib/x86_64-linux-gnu:/opt/ros/humble/lib /usr/bin/cmake --install /home/host/onda/ros_ws/build/manipulator_disturbance_control
