[0.053s] DEBUG:colcon:Command line arguments: ['/usr/bin/colcon', 'build', '--symlink-install']
[0.053s] DEBUG:colcon:Parsed command line arguments: Namespace(log_base=None, log_level=None, verb_name='build', build_base='build', install_base='install', merge_install=False, symlink_install=True, test_result_base=None, continue_on_error=False, executor='parallel', parallel_workers=20, event_handlers=None, ignore_user_meta=False, metas=['./colcon.meta'], base_paths=['.'], packages_ignore=None, packages_ignore_regex=None, paths=None, packages_up_to=None, packages_up_to_regex=None, packages_above=None, packages_above_and_dependencies=None, packages_above_depth=None, packages_select_by_dep=None, packages_skip_by_dep=None, packages_skip_up_to=None, packages_select_build_failed=False, packages_skip_build_finished=False, packages_select_test_failures=False, packages_skip_test_passed=False, packages_select=None, packages_skip=None, packages_select_regex=None, packages_skip_regex=None, packages_start=None, packages_end=None, cmake_args=None, cmake_target=None, cmake_target_skip_unavailable=False, cmake_clean_cache=False, cmake_clean_first=False, cmake_force_configure=False, ament_cmake_args=None, catkin_cmake_args=None, catkin_skip_building_tests=False, mixin_files=None, mixin=None, verb_parser=<colcon_mixin.mixin.mixin_argument.MixinArgumentDecorator object at 0x72493bac11e0>, verb_extension=<colcon_core.verb.build.BuildVerb object at 0x72493bac0a60>, main=<bound method BuildVerb.main of <colcon_core.verb.build.BuildVerb object at 0x72493bac0a60>>, mixin_verb=('build',))
[0.115s] Level 1:colcon.colcon_core.package_discovery:discover_packages(colcon_meta) check parameters
[0.115s] Level 1:colcon.colcon_core.package_discovery:discover_packages(recursive) check parameters
[0.116s] Level 1:colcon.colcon_core.package_discovery:discover_packages(ignore) check parameters
[0.116s] Level 1:colcon.colcon_core.package_discovery:discover_packages(path) check parameters
[0.116s] Level 1:colcon.colcon_core.package_discovery:discover_packages(colcon_meta) discover
[0.116s] Level 1:colcon.colcon_core.package_discovery:discover_packages(recursive) discover
[0.116s] INFO:colcon.colcon_core.package_discovery:Crawling recursively for packages in '/home/host/onda/ros_ws'
[0.116s] Level 1:colcon.colcon_core.package_identification:_identify(.) by extensions ['ignore', 'ignore_ament_install']
[0.116s] Level 1:colcon.colcon_core.package_identification:_identify(.) by extension 'ignore'
[0.116s] Level 1:colcon.colcon_core.package_identification:_identify(.) by extension 'ignore_ament_install'
[0.116s] Level 1:colcon.colcon_core.package_identification:_identify(.) by extensions ['colcon_pkg']
[0.116s] Level 1:colcon.colcon_core.package_identification:_identify(.) by extension 'colcon_pkg'
[0.116s] Level 1:colcon.colcon_core.package_identification:_identify(.) by extensions ['colcon_meta']
[0.116s] Level 1:colcon.colcon_core.package_identification:_identify(.) by extension 'colcon_meta'
[0.116s] Level 1:colcon.colcon_core.package_identification:_identify(.) by extensions ['ros']
[0.116s] Level 1:colcon.colcon_core.package_identification:_identify(.) by extension 'ros'
[0.122s] Level 1:colcon.colcon_core.package_identification:_identify(.) by extensions ['cmake', 'python']
[0.122s] Level 1:colcon.colcon_core.package_identification:_identify(.) by extension 'cmake'
[0.122s] Level 1:colcon.colcon_core.package_identification:_identify(.) by extension 'python'
[0.122s] Level 1:colcon.colcon_core.package_identification:_identify(.) by extensions ['python_setup_py']
[0.122s] Level 1:colcon.colcon_core.package_identification:_identify(.) by extension 'python_setup_py'
[0.122s] Level 1:colcon.colcon_core.package_identification:_identify(build) by extensions ['ignore', 'ignore_ament_install']
[0.122s] Level 1:colcon.colcon_core.package_identification:_identify(build) by extension 'ignore'
[0.122s] Level 1:colcon.colcon_core.package_identification:_identify(build) ignored
[0.122s] Level 1:colcon.colcon_core.package_identification:_identify(install) by extensions ['ignore', 'ignore_ament_install']
[0.122s] Level 1:colcon.colcon_core.package_identification:_identify(install) by extension 'ignore'
[0.122s] Level 1:colcon.colcon_core.package_identification:_identify(install) ignored
[0.122s] Level 1:colcon.colcon_core.package_identification:_identify(log) by extensions ['ignore', 'ignore_ament_install']
[0.122s] Level 1:colcon.colcon_core.package_identification:_identify(log) by extension 'ignore'
[0.122s] Level 1:colcon.colcon_core.package_identification:_identify(log) ignored
[0.122s] Level 1:colcon.colcon_core.package_identification:_identify(src) by extensions ['ignore', 'ignore_ament_install']
[0.122s] Level 1:colcon.colcon_core.package_identification:_identify(src) by extension 'ignore'
[0.122s] Level 1:colcon.colcon_core.package_identification:_identify(src) by extension 'ignore_ament_install'
[0.122s] Level 1:colcon.colcon_core.package_identification:_identify(src) by extensions ['colcon_pkg']
[0.122s] Level 1:colcon.colcon_core.package_identification:_identify(src) by extension 'colcon_pkg'
[0.122s] Level 1:colcon.colcon_core.package_identification:_identify(src) by extensions ['colcon_meta']
[0.122s] Level 1:colcon.colcon_core.package_identification:_identify(src) by extension 'colcon_meta'
[0.122s] Level 1:colcon.colcon_core.package_identification:_identify(src) by extensions ['ros']
[0.122s] Level 1:colcon.colcon_core.package_identification:_identify(src) by extension 'ros'
[0.123s] Level 1:colcon.colcon_core.package_identification:_identify(src) by extensions ['cmake', 'python']
[0.123s] Level 1:colcon.colcon_core.package_identification:_identify(src) by extension 'cmake'
[0.123s] Level 1:colcon.colcon_core.package_identification:_identify(src) by extension 'python'
[0.123s] Level 1:colcon.colcon_core.package_identification:_identify(src) by extensions ['python_setup_py']
[0.123s] Level 1:colcon.colcon_core.package_identification:_identify(src) by extension 'python_setup_py'
[0.123s] Level 1:colcon.colcon_core.package_identification:_identify(src/braco_description) by extensions ['ignore', 'ignore_ament_install']
[0.123s] Level 1:colcon.colcon_core.package_identification:_identify(src/braco_description) by extension 'ignore'
[0.123s] Level 1:colcon.colcon_core.package_identification:_identify(src/braco_description) by extension 'ignore_ament_install'
[0.123s] Level 1:colcon.colcon_core.package_identification:_identify(src/braco_description) by extensions ['colcon_pkg']
[0.123s] Level 1:colcon.colcon_core.package_identification:_identify(src/braco_description) by extension 'colcon_pkg'
[0.123s] Level 1:colcon.colcon_core.package_identification:_identify(src/braco_description) by extensions ['colcon_meta']
[0.123s] Level 1:colcon.colcon_core.package_identification:_identify(src/braco_description) by extension 'colcon_meta'
[0.123s] Level 1:colcon.colcon_core.package_identification:_identify(src/braco_description) by extensions ['ros']
[0.123s] Level 1:colcon.colcon_core.package_identification:_identify(src/braco_description) by extension 'ros'
[0.124s] DEBUG:colcon.colcon_core.package_identification:Package 'src/braco_description' with type 'ros.ament_cmake' and name 'braco_description'
[0.124s] Level 1:colcon.colcon_core.package_identification:_identify(src/manipulator_disturbance_control) by extensions ['ignore', 'ignore_ament_install']
[0.124s] Level 1:colcon.colcon_core.package_identification:_identify(src/manipulator_disturbance_control) by extension 'ignore'
[0.124s] Level 1:colcon.colcon_core.package_identification:_identify(src/manipulator_disturbance_control) by extension 'ignore_ament_install'
[0.124s] Level 1:colcon.colcon_core.package_identification:_identify(src/manipulator_disturbance_control) by extensions ['colcon_pkg']
[0.124s] Level 1:colcon.colcon_core.package_identification:_identify(src/manipulator_disturbance_control) by extension 'colcon_pkg'
[0.124s] Level 1:colcon.colcon_core.package_identification:_identify(src/manipulator_disturbance_control) by extensions ['colcon_meta']
[0.124s] Level 1:colcon.colcon_core.package_identification:_identify(src/manipulator_disturbance_control) by extension 'colcon_meta'
[0.124s] Level 1:colcon.colcon_core.package_identification:_identify(src/manipulator_disturbance_control) by extensions ['ros']
[0.124s] Level 1:colcon.colcon_core.package_identification:_identify(src/manipulator_disturbance_control) by extension 'ros'
[0.125s] DEBUG:colcon.colcon_core.package_identification:Package 'src/manipulator_disturbance_control' with type 'ros.ament_cmake' and name 'manipulator_disturbance_control'
[0.126s] Level 1:colcon.colcon_core.package_identification:_identify(src/manipulator_gazebo) by extensions ['ignore', 'ignore_ament_install']
[0.126s] Level 1:colcon.colcon_core.package_identification:_identify(src/manipulator_gazebo) by extension 'ignore'
[0.126s] Level 1:colcon.colcon_core.package_identification:_identify(src/manipulator_gazebo) by extension 'ignore_ament_install'
[0.126s] Level 1:colcon.colcon_core.package_identification:_identify(src/manipulator_gazebo) by extensions ['colcon_pkg']
[0.126s] Level 1:colcon.colcon_core.package_identification:_identify(src/manipulator_gazebo) by extension 'colcon_pkg'
[0.126s] Level 1:colcon.colcon_core.package_identification:_identify(src/manipulator_gazebo) by extensions ['colcon_meta']
[0.126s] Level 1:colcon.colcon_core.package_identification:_identify(src/manipulator_gazebo) by extension 'colcon_meta'
[0.126s] Level 1:colcon.colcon_core.package_identification:_identify(src/manipulator_gazebo) by extensions ['ros']
[0.126s] Level 1:colcon.colcon_core.package_identification:_identify(src/manipulator_gazebo) by extension 'ros'
[0.126s] DEBUG:colcon.colcon_core.package_identification:Package 'src/manipulator_gazebo' with type 'ros.ament_cmake' and name 'manipulator_gazebo'
[0.126s] Level 1:colcon.colcon_core.package_identification:_identify(src/manipulator_msgs) by extensions ['ignore', 'ignore_ament_install']
[0.126s] Level 1:colcon.colcon_core.package_identification:_identify(src/manipulator_msgs) by extension 'ignore'
[0.126s] Level 1:colcon.colcon_core.package_identification:_identify(src/manipulator_msgs) by extension 'ignore_ament_install'
[0.126s] Level 1:colcon.colcon_core.package_identification:_identify(src/manipulator_msgs) by extensions ['colcon_pkg']
[0.126s] Level 1:colcon.colcon_core.package_identification:_identify(src/manipulator_msgs) by extension 'colcon_pkg'
[0.126s] Level 1:colcon.colcon_core.package_identification:_identify(src/manipulator_msgs) by extensions ['colcon_meta']
[0.126s] Level 1:colcon.colcon_core.package_identification:_identify(src/manipulator_msgs) by extension 'colcon_meta'
[0.126s] Level 1:colcon.colcon_core.package_identification:_identify(src/manipulator_msgs) by extensions ['ros']
[0.126s] Level 1:colcon.colcon_core.package_identification:_identify(src/manipulator_msgs) by extension 'ros'
[0.127s] DEBUG:colcon.colcon_core.package_identification:Package 'src/manipulator_msgs' with type 'ros.ament_cmake' and name 'manipulator_msgs'
[0.127s] Level 1:colcon.colcon_core.package_discovery:discover_packages(recursive) using defaults
[0.127s] Level 1:colcon.colcon_core.package_discovery:discover_packages(ignore) discover
[0.127s] Level 1:colcon.colcon_core.package_discovery:discover_packages(ignore) using defaults
[0.127s] Level 1:colcon.colcon_core.package_discovery:discover_packages(path) discover
[0.127s] Level 1:colcon.colcon_core.package_discovery:discover_packages(path) using defaults
[0.138s] Level 5:colcon.colcon_core.verb:set package 'braco_description' build argument 'cmake_args' from command line to 'None'
[0.138s] Level 5:colcon.colcon_core.verb:set package 'braco_description' build argument 'cmake_target' from command line to 'None'
[0.138s] Level 5:colcon.colcon_core.verb:set package 'braco_description' build argument 'cmake_target_skip_unavailable' from command line to 'False'
[0.138s] Level 5:colcon.colcon_core.verb:set package 'braco_description' build argument 'cmake_clean_cache' from command line to 'False'
[0.138s] Level 5:colcon.colcon_core.verb:set package 'braco_description' build argument 'cmake_clean_first' from command line to 'False'
[0.138s] Level 5:colcon.colcon_core.verb:set package 'braco_description' build argument 'cmake_force_configure' from command line to 'False'
[0.138s] Level 5:colcon.colcon_core.verb:set package 'braco_description' build argument 'ament_cmake_args' from command line to 'None'
[0.138s] Level 5:colcon.colcon_core.verb:set package 'braco_description' build argument 'catkin_cmake_args' from command line to 'None'
[0.138s] Level 5:colcon.colcon_core.verb:set package 'braco_description' build argument 'catkin_skip_building_tests' from command line to 'False'
[0.138s] DEBUG:colcon.colcon_core.verb:Building package 'braco_description' with the following arguments: {'ament_cmake_args': None, 'build_base': '/home/host/onda/ros_ws/build/braco_description', 'catkin_cmake_args': None, 'catkin_skip_building_tests': False, 'cmake_args': None, 'cmake_clean_cache': False, 'cmake_clean_first': False, 'cmake_force_configure': False, 'cmake_target': None, 'cmake_target_skip_unavailable': False, 'install_base': '/home/host/onda/ros_ws/install/braco_description', 'merge_install': False, 'path': '/home/host/onda/ros_ws/src/braco_description', 'symlink_install': True, 'test_result_base': None}
[0.138s] Level 5:colcon.colcon_core.verb:set package 'manipulator_gazebo' build argument 'cmake_args' from command line to 'None'
[0.138s] Level 5:colcon.colcon_core.verb:set package 'manipulator_gazebo' build argument 'cmake_target' from command line to 'None'
[0.138s] Level 5:colcon.colcon_core.verb:set package 'manipulator_gazebo' build argument 'cmake_target_skip_unavailable' from command line to 'False'
[0.138s] Level 5:colcon.colcon_core.verb:set package 'manipulator_gazebo' build argument 'cmake_clean_cache' from command line to 'False'
[0.138s] Level 5:colcon.colcon_core.verb:set package 'manipulator_gazebo' build argument 'cmake_clean_first' from command line to 'False'
[0.138s] Level 5:colcon.colcon_core.verb:set package 'manipulator_gazebo' build argument 'cmake_force_configure' from command line to 'False'
[0.138s] Level 5:colcon.colcon_core.verb:set package 'manipulator_gazebo' build argument 'ament_cmake_args' from command line to 'None'
[0.138s] Level 5:colcon.colcon_core.verb:set package 'manipulator_gazebo' build argument 'catkin_cmake_args' from command line to 'None'
[0.138s] Level 5:colcon.colcon_core.verb:set package 'manipulator_gazebo' build argument 'catkin_skip_building_tests' from command line to 'False'
[0.138s] DEBUG:colcon.colcon_core.verb:Building package 'manipulator_gazebo' with the following arguments: {'ament_cmake_args': None, 'build_base': '/home/host/onda/ros_ws/build/manipulator_gazebo', 'catkin_cmake_args': None, 'catkin_skip_building_tests': False, 'cmake_args': None, 'cmake_clean_cache': False, 'cmake_clean_first': False, 'cmake_force_configure': False, 'cmake_target': None, 'cmake_target_skip_unavailable': False, 'install_base': '/home/host/onda/ros_ws/install/manipulator_gazebo', 'merge_install': False, 'path': '/home/host/onda/ros_ws/src/manipulator_gazebo', 'symlink_install': True, 'test_result_base': None}
[0.138s] Level 5:colcon.colcon_core.verb:set package 'manipulator_msgs' build argument 'cmake_args' from command line to 'None'
[0.138s] Level 5:colcon.colcon_core.verb:set package 'manipulator_msgs' build argument 'cmake_target' from command line to 'None'
[0.138s] Level 5:colcon.colcon_core.verb:set package 'manipulator_msgs' build argument 'cmake_target_skip_unavailable' from command line to 'False'
[0.138s] Level 5:colcon.colcon_core.verb:set package 'manipulator_msgs' build argument 'cmake_clean_cache' from command line to 'False'
[0.138s] Level 5:colcon.colcon_core.verb:set package 'manipulator_msgs' build argument 'cmake_clean_first' from command line to 'False'
[0.138s] Level 5:colcon.colcon_core.verb:set package 'manipulator_msgs' build argument 'cmake_force_configure' from command line to 'False'
[0.139s] Level 5:colcon.colcon_core.verb:set package 'manipulator_msgs' build argument 'ament_cmake_args' from command line to 'None'
[0.139s] Level 5:colcon.colcon_core.verb:set package 'manipulator_msgs' build argument 'catkin_cmake_args' from command line to 'None'
[0.139s] Level 5:colcon.colcon_core.verb:set package 'manipulator_msgs' build argument 'catkin_skip_building_tests' from command line to 'False'
[0.139s] DEBUG:colcon.colcon_core.verb:Building package 'manipulator_msgs' with the following arguments: {'ament_cmake_args': None, 'build_base': '/home/host/onda/ros_ws/build/manipulator_msgs', 'catkin_cmake_args': None, 'catkin_skip_building_tests': False, 'cmake_args': None, 'cmake_clean_cache': False, 'cmake_clean_first': False, 'cmake_force_configure': False, 'cmake_target': None, 'cmake_target_skip_unavailable': False, 'install_base': '/home/host/onda/ros_ws/install/manipulator_msgs', 'merge_install': False, 'path': '/home/host/onda/ros_ws/src/manipulator_msgs', 'symlink_install': True, 'test_result_base': None}
[0.139s] Level 5:colcon.colcon_core.verb:set package 'manipulator_disturbance_control' build argument 'cmake_args' from command line to 'None'
[0.139s] Level 5:colcon.colcon_core.verb:set package 'manipulator_disturbance_control' build argument 'cmake_target' from command line to 'None'
[0.139s] Level 5:colcon.colcon_core.verb:set package 'manipulator_disturbance_control' build argument 'cmake_target_skip_unavailable' from command line to 'False'
[0.139s] Level 5:colcon.colcon_core.verb:set package 'manipulator_disturbance_control' build argument 'cmake_clean_cache' from command line to 'False'
[0.139s] Level 5:colcon.colcon_core.verb:set package 'manipulator_disturbance_control' build argument 'cmake_clean_first' from command line to 'False'
[0.139s] Level 5:colcon.colcon_core.verb:set package 'manipulator_disturbance_control' build argument 'cmake_force_configure' from command line to 'False'
[0.139s] Level 5:colcon.colcon_core.verb:set package 'manipulator_disturbance_control' build argument 'ament_cmake_args' from command line to 'None'
[0.139s] Level 5:colcon.colcon_core.verb:set package 'manipulator_disturbance_control' build argument 'catkin_cmake_args' from command line to 'None'
[0.139s] Level 5:colcon.colcon_core.verb:set package 'manipulator_disturbance_control' build argument 'catkin_skip_building_tests' from command line to 'False'
[0.139s] DEBUG:colcon.colcon_core.verb:Building package 'manipulator_disturbance_control' with the following arguments: {'ament_cmake_args': None, 'build_base': '/home/host/onda/ros_ws/build/manipulator_disturbance_control', 'catkin_cmake_args': None, 'catkin_skip_building_tests': False, 'cmake_args': None, 'cmake_clean_cache': False, 'cmake_clean_first': False, 'cmake_force_configure': False, 'cmake_target': None, 'cmake_target_skip_unavailable': False, 'install_base': '/home/host/onda/ros_ws/install/manipulator_disturbance_control', 'merge_install': False, 'path': '/home/host/onda/ros_ws/src/manipulator_disturbance_control', 'symlink_install': True, 'test_result_base': None}
[0.139s] INFO:colcon.colcon_core.executor:Executing jobs using 'parallel' executor
[0.139s] DEBUG:colcon.colcon_parallel_executor.executor.parallel:run_until_complete
[0.140s] INFO:colcon.colcon_ros.task.ament_cmake.build:Building ROS package in '/home/host/onda/ros_ws/src/manipulator_msgs' with build type 'ament_cmake'
[0.140s] INFO:colcon.colcon_cmake.task.cmake.build:Building CMake package in '/home/host/onda/ros_ws/src/manipulator_msgs'
[0.141s] INFO:colcon.colcon_core.plugin_system:Skipping extension 'colcon_core.shell.bat': Not used on non-Windows systems
[0.141s] INFO:colcon.colcon_core.shell:Skip shell extension 'powershell' for command environment: Not usable outside of PowerShell
[0.141s] DEBUG:colcon.colcon_core.shell:Skip shell extension 'dsv' for command environment
[0.143s] INFO:colcon.colcon_ros.task.ament_cmake.build:Building ROS package in '/home/host/onda/ros_ws/src/braco_description' with build type 'ament_cmake'
[0.143s] INFO:colcon.colcon_cmake.task.cmake.build:Building CMake package in '/home/host/onda/ros_ws/src/braco_description'
[0.143s] INFO:colcon.colcon_core.shell:Skip shell extension 'powershell' for command environment: Not usable outside of PowerShell
[0.143s] DEBUG:colcon.colcon_core.shell:Skip shell extension 'dsv' for command environment
[0.143s] INFO:colcon.colcon_ros.task.ament_cmake.build:Building ROS package in '/home/host/onda/ros_ws/src/manipulator_gazebo' with build type 'ament_cmake'
[0.144s] INFO:colcon.colcon_cmake.task.cmake.build:Building CMake package in '/home/host/onda/ros_ws/src/manipulator_gazebo'
[0.144s] INFO:colcon.colcon_core.shell:Skip shell extension 'powershell' for command environment: Not usable outside of PowerShell
[0.144s] DEBUG:colcon.colcon_core.shell:Skip shell extension 'dsv' for command environment
[0.147s] DEBUG:colcon.colcon_core.event_handler.log_command:Invoking command in '/home/host/onda/ros_ws/build/manipulator_msgs': /usr/bin/cmake --build /home/host/onda/ros_ws/build/manipulator_msgs -- -j20 -l20
[0.149s] DEBUG:colcon.colcon_core.event_handler.log_command:Invoking command in '/home/host/onda/ros_ws/build/braco_description': /usr/bin/cmake --build /home/host/onda/ros_ws/build/braco_description -- -j20 -l20
[0.152s] DEBUG:colcon.colcon_core.event_handler.log_command:Invoking command in '/home/host/onda/ros_ws/build/manipulator_gazebo': /usr/bin/cmake --build /home/host/onda/ros_ws/build/manipulator_gazebo -- -j20 -l20
[0.175s] DEBUG:colcon.colcon_core.event_handler.log_command:Invoked command in '/home/host/onda/ros_ws/build/braco_description' returned '0': /usr/bin/cmake --build /home/host/onda/ros_ws/build/braco_description -- -j20 -l20
[0.189s] DEBUG:colcon.colcon_core.event_handler.log_command:Invoking command in '/home/host/onda/ros_ws/build/braco_description': /usr/bin/cmake --install /home/host/onda/ros_ws/build/braco_description
[0.190s] DEBUG:colcon.colcon_core.event_handler.log_command:Invoked command in '/home/host/onda/ros_ws/build/manipulator_gazebo' returned '0': /usr/bin/cmake --build /home/host/onda/ros_ws/build/manipulator_gazebo -- -j20 -l20
[0.192s] DEBUG:colcon.colcon_core.event_handler.log_command:Invoking command in '/home/host/onda/ros_ws/build/manipulator_gazebo': /usr/bin/cmake --install /home/host/onda/ros_ws/build/manipulator_gazebo
[0.221s] Level 1:colcon.colcon_core.environment:create_environment_scripts_only(braco_description)
[0.222s] DEBUG:colcon.colcon_core.event_handler.log_command:Invoked command in '/home/host/onda/ros_ws/build/braco_description' returned '0': /usr/bin/cmake --install /home/host/onda/ros_ws/build/braco_description
[0.227s] Level 1:colcon.colcon_core.environment:checking '/home/host/onda/ros_ws/install/braco_description' for CMake module files
[0.227s] Level 1:colcon.colcon_core.environment:checking '/home/host/onda/ros_ws/install/braco_description' for CMake config files
[0.229s] Level 1:colcon.colcon_core.shell:create_environment_hook('braco_description', 'cmake_prefix_path')
[0.229s] INFO:colcon.colcon_core.shell:Creating environment hook '/home/host/onda/ros_ws/install/braco_description/share/braco_description/hook/cmake_prefix_path.ps1'
[0.231s] INFO:colcon.colcon_core.shell:Creating environment descriptor '/home/host/onda/ros_ws/install/braco_description/share/braco_description/hook/cmake_prefix_path.dsv'
[0.233s] INFO:colcon.colcon_core.shell:Creating environment hook '/home/host/onda/ros_ws/install/braco_description/share/braco_description/hook/cmake_prefix_path.sh'
[0.236s] Level 1:colcon.colcon_core.environment:checking '/home/host/onda/ros_ws/install/braco_description/bin'
[0.237s] Level 1:colcon.colcon_core.environment:checking '/home/host/onda/ros_ws/install/braco_description/lib/pkgconfig/braco_description.pc'
[0.240s] Level 1:colcon.colcon_core.environment:checking '/home/host/onda/ros_ws/install/braco_description/lib/python3.10/site-packages'
[0.240s] Level 1:colcon.colcon_core.environment:checking '/home/host/onda/ros_ws/install/braco_description/bin'
[0.241s] INFO:colcon.colcon_core.shell:Creating package script '/home/host/onda/ros_ws/install/braco_description/share/braco_description/package.ps1'
[0.241s] INFO:colcon.colcon_core.shell:Creating package descriptor '/home/host/onda/ros_ws/install/braco_description/share/braco_description/package.dsv'
[0.242s] INFO:colcon.colcon_core.shell:Creating package script '/home/host/onda/ros_ws/install/braco_description/share/braco_description/package.sh'
[0.242s] INFO:colcon.colcon_core.shell:Creating package script '/home/host/onda/ros_ws/install/braco_description/share/braco_description/package.bash'
[0.243s] INFO:colcon.colcon_core.shell:Creating package script '/home/host/onda/ros_ws/install/braco_description/share/braco_description/package.zsh'
[0.243s] Level 1:colcon.colcon_core.environment:create_file_with_runtime_dependencies(/home/host/onda/ros_ws/install/braco_description/share/colcon-core/packages/braco_description)
[0.243s] Level 1:colcon.colcon_core.environment:create_environment_scripts_only(braco_description)
[0.244s] Level 1:colcon.colcon_core.environment:checking '/home/host/onda/ros_ws/install/braco_description' for CMake module files
[0.244s] Level 1:colcon.colcon_core.environment:checking '/home/host/onda/ros_ws/install/braco_description' for CMake config files
[0.244s] Level 1:colcon.colcon_core.shell:create_environment_hook('braco_description', 'cmake_prefix_path')
[0.245s] INFO:colcon.colcon_core.shell:Creating environment hook '/home/host/onda/ros_ws/install/braco_description/share/braco_description/hook/cmake_prefix_path.ps1'
[0.245s] INFO:colcon.colcon_core.shell:Creating environment descriptor '/home/host/onda/ros_ws/install/braco_description/share/braco_description/hook/cmake_prefix_path.dsv'
[0.245s] INFO:colcon.colcon_core.shell:Creating environment hook '/home/host/onda/ros_ws/install/braco_description/share/braco_description/hook/cmake_prefix_path.sh'
[0.246s] Level 1:colcon.colcon_core.environment:checking '/home/host/onda/ros_ws/install/braco_description/bin'
[0.246s] Level 1:colcon.colcon_core.environment:checking '/home/host/onda/ros_ws/install/braco_description/lib/pkgconfig/braco_description.pc'
[0.246s] Level 1:colcon.colcon_core.environment:checking '/home/host/onda/ros_ws/install/braco_description/lib/python3.10/site-packages'
[0.247s] Level 1:colcon.colcon_core.environment:checking '/home/host/onda/ros_ws/install/braco_description/bin'
[0.247s] INFO:colcon.colcon_core.shell:Creating package script '/home/host/onda/ros_ws/install/braco_description/share/braco_description/package.ps1'
[0.247s] INFO:colcon.colcon_core.shell:Creating package descriptor '/home/host/onda/ros_ws/install/braco_description/share/braco_description/package.dsv'
[0.248s] INFO:colcon.colcon_core.shell:Creating package script '/home/host/onda/ros_ws/install/braco_description/share/braco_description/package.sh'
[0.249s] INFO:colcon.colcon_core.shell:Creating package script '/home/host/onda/ros_ws/install/braco_description/share/braco_description/package.bash'
[0.250s] INFO:colcon.colcon_core.shell:Creating package script '/home/host/onda/ros_ws/install/braco_description/share/braco_description/package.zsh'
[0.250s] Level 1:colcon.colcon_core.environment:create_file_with_runtime_dependencies(/home/host/onda/ros_ws/install/braco_description/share/colcon-core/packages/braco_description)
[0.252s] Level 1:colcon.colcon_core.environment:create_environment_scripts_only(manipulator_gazebo)
[0.252s] Level 1:colcon.colcon_core.environment:checking '/home/host/onda/ros_ws/install/manipulator_gazebo' for CMake module files
[0.253s] DEBUG:colcon.colcon_core.event_handler.log_command:Invoked command in '/home/host/onda/ros_ws/build/manipulator_gazebo' returned '0': /usr/bin/cmake --install /home/host/onda/ros_ws/build/manipulator_gazebo
[0.254s] Level 1:colcon.colcon_core.environment:checking '/home/host/onda/ros_ws/install/manipulator_gazebo' for CMake config files
[0.254s] Level 1:colcon.colcon_core.shell:create_environment_hook('manipulator_gazebo', 'cmake_prefix_path')
[0.254s] INFO:colcon.colcon_core.shell:Creating environment hook '/home/host/onda/ros_ws/install/manipulator_gazebo/share/manipulator_gazebo/hook/cmake_prefix_path.ps1'
[0.255s] INFO:colcon.colcon_core.shell:Creating environment descriptor '/home/host/onda/ros_ws/install/manipulator_gazebo/share/manipulator_gazebo/hook/cmake_prefix_path.dsv'
[0.255s] INFO:colcon.colcon_core.shell:Creating environment hook '/home/host/onda/ros_ws/install/manipulator_gazebo/share/manipulator_gazebo/hook/cmake_prefix_path.sh'
[0.256s] Level 1:colcon.colcon_core.environment:checking '/home/host/onda/ros_ws/install/manipulator_gazebo/bin'
[0.256s] Level 1:colcon.colcon_core.environment:checking '/home/host/onda/ros_ws/install/manipulator_gazebo/lib/pkgconfig/manipulator_gazebo.pc'
[0.256s] Level 1:colcon.colcon_core.environment:checking '/home/host/onda/ros_ws/install/manipulator_gazebo/lib/python3.10/site-packages'
[0.256s] Level 1:colcon.colcon_core.environment:checking '/home/host/onda/ros_ws/install/manipulator_gazebo/bin'
[0.256s] INFO:colcon.colcon_core.shell:Creating package script '/home/host/onda/ros_ws/install/manipulator_gazebo/share/manipulator_gazebo/package.ps1'
[0.257s] INFO:colcon.colcon_core.shell:Creating package descriptor '/home/host/onda/ros_ws/install/manipulator_gazebo/share/manipulator_gazebo/package.dsv'
[0.257s] INFO:colcon.colcon_core.shell:Creating package script '/home/host/onda/ros_ws/install/manipulator_gazebo/share/manipulator_gazebo/package.sh'
[0.258s] INFO:colcon.colcon_core.shell:Creating package script '/home/host/onda/ros_ws/install/manipulator_gazebo/share/manipulator_gazebo/package.bash'
[0.258s] INFO:colcon.colcon_core.shell:Creating package script '/home/host/onda/ros_ws/install/manipulator_gazebo/share/manipulator_gazebo/package.zsh'
[0.258s] Level 1:colcon.colcon_core.environment:create_file_with_runtime_dependencies(/home/host/onda/ros_ws/install/manipulator_gazebo/share/colcon-core/packages/manipulator_gazebo)
[0.259s] Level 1:colcon.colcon_core.environment:create_environment_scripts_only(manipulator_gazebo)
[0.259s] Level 1:colcon.colcon_core.environment:checking '/home/host/onda/ros_ws/install/manipulator_gazebo' for CMake module files
[0.259s] Level 1:colcon.colcon_core.environment:checking '/home/host/onda/ros_ws/install/manipulator_gazebo' for CMake config files
[0.260s] Level 1:colcon.colcon_core.shell:create_environment_hook('manipulator_gazebo', 'cmake_prefix_path')
[0.260s] INFO:colcon.colcon_core.shell:Creating environment hook '/home/host/onda/ros_ws/install/manipulator_gazebo/share/manipulator_gazebo/hook/cmake_prefix_path.ps1'
[0.260s] INFO:colcon.colcon_core.shell:Creating environment descriptor '/home/host/onda/ros_ws/install/manipulator_gazebo/share/manipulator_gazebo/hook/cmake_prefix_path.dsv'
[0.260s] INFO:colcon.colcon_core.shell:Creating environment hook '/home/host/onda/ros_ws/install/manipulator_gazebo/share/manipulator_gazebo/hook/cmake_prefix_path.sh'
[0.261s] Level 1:colcon.colcon_core.environment:checking '/home/host/onda/ros_ws/install/manipulator_gazebo/bin'
[0.261s] Level 1:colcon.colcon_core.environment:checking '/home/host/onda/ros_ws/install/manipulator_gazebo/lib/pkgconfig/manipulator_gazebo.pc'
[0.261s] Level 1:colcon.colcon_core.environment:checking '/home/host/onda/ros_ws/install/manipulator_gazebo/lib/python3.10/site-packages'
[0.261s] Level 1:colcon.colcon_core.environment:checking '/home/host/onda/ros_ws/install/manipulator_gazebo/bin'
[0.261s] INFO:colcon.colcon_core.shell:Creating package script '/home/host/onda/ros_ws/install/manipulator_gazebo/share/manipulator_gazebo/package.ps1'
[0.262s] INFO:colcon.colcon_core.shell:Creating package descriptor '/home/host/onda/ros_ws/install/manipulator_gazebo/share/manipulator_gazebo/package.dsv'
[0.262s] INFO:colcon.colcon_core.shell:Creating package script '/home/host/onda/ros_ws/install/manipulator_gazebo/share/manipulator_gazebo/package.sh'
[0.262s] INFO:colcon.colcon_core.shell:Creating package script '/home/host/onda/ros_ws/install/manipulator_gazebo/share/manipulator_gazebo/package.bash'
[0.263s] INFO:colcon.colcon_core.shell:Creating package script '/home/host/onda/ros_ws/install/manipulator_gazebo/share/manipulator_gazebo/package.zsh'
[0.263s] Level 1:colcon.colcon_core.environment:create_file_with_runtime_dependencies(/home/host/onda/ros_ws/install/manipulator_gazebo/share/colcon-core/packages/manipulator_gazebo)
[0.374s] DEBUG:colcon.colcon_core.event_handler.log_command:Invoked command in '/home/host/onda/ros_ws/build/manipulator_msgs' returned '0': /usr/bin/cmake --build /home/host/onda/ros_ws/build/manipulator_msgs -- -j20 -l20
[0.375s] DEBUG:colcon.colcon_core.event_handler.log_command:Invoking command in '/home/host/onda/ros_ws/build/manipulator_msgs': /usr/bin/cmake --install /home/host/onda/ros_ws/build/manipulator_msgs
[0.417s] Level 1:colcon.colcon_core.environment:create_environment_scripts_only(manipulator_msgs)
[0.417s] Level 1:colcon.colcon_core.environment:checking '/home/host/onda/ros_ws/install/manipulator_msgs' for CMake module files
[0.418s] DEBUG:colcon.colcon_core.event_handler.log_command:Invoked command in '/home/host/onda/ros_ws/build/manipulator_msgs' returned '0': /usr/bin/cmake --install /home/host/onda/ros_ws/build/manipulator_msgs
[0.418s] Level 1:colcon.colcon_core.environment:checking '/home/host/onda/ros_ws/install/manipulator_msgs' for CMake config files
[0.419s] Level 1:colcon.colcon_core.shell:create_environment_hook('manipulator_msgs', 'cmake_prefix_path')
[0.419s] INFO:colcon.colcon_core.shell:Creating environment hook '/home/host/onda/ros_ws/install/manipulator_msgs/share/manipulator_msgs/hook/cmake_prefix_path.ps1'
[0.419s] INFO:colcon.colcon_core.shell:Creating environment descriptor '/home/host/onda/ros_ws/install/manipulator_msgs/share/manipulator_msgs/hook/cmake_prefix_path.dsv'
[0.419s] INFO:colcon.colcon_core.shell:Creating environment hook '/home/host/onda/ros_ws/install/manipulator_msgs/share/manipulator_msgs/hook/cmake_prefix_path.sh'
[0.420s] Level 1:colcon.colcon_core.environment:checking '/home/host/onda/ros_ws/install/manipulator_msgs/lib'
[0.420s] Level 1:colcon.colcon_core.shell:create_environment_hook('manipulator_msgs', 'ld_library_path_lib')
[0.420s] INFO:colcon.colcon_core.shell:Creating environment hook '/home/host/onda/ros_ws/install/manipulator_msgs/share/manipulator_msgs/hook/ld_library_path_lib.ps1'
[0.420s] INFO:colcon.colcon_core.shell:Creating environment descriptor '/home/host/onda/ros_ws/install/manipulator_msgs/share/manipulator_msgs/hook/ld_library_path_lib.dsv'
[0.420s] INFO:colcon.colcon_core.shell:Creating environment hook '/home/host/onda/ros_ws/install/manipulator_msgs/share/manipulator_msgs/hook/ld_library_path_lib.sh'
[0.420s] Level 1:colcon.colcon_core.environment:checking '/home/host/onda/ros_ws/install/manipulator_msgs/bin'
[0.420s] Level 1:colcon.colcon_core.environment:checking '/home/host/onda/ros_ws/install/manipulator_msgs/lib/pkgconfig/manipulator_msgs.pc'
[0.421s] Level 1:colcon.colcon_core.environment:checking '/home/host/onda/ros_ws/install/manipulator_msgs/lib/python3.10/site-packages'
[0.421s] Level 1:colcon.colcon_core.environment:checking '/home/host/onda/ros_ws/install/manipulator_msgs/bin'
[0.421s] INFO:colcon.colcon_core.shell:Creating package script '/home/host/onda/ros_ws/install/manipulator_msgs/share/manipulator_msgs/package.ps1'
[0.421s] INFO:colcon.colcon_core.shell:Creating package descriptor '/home/host/onda/ros_ws/install/manipulator_msgs/share/manipulator_msgs/package.dsv'
[0.421s] INFO:colcon.colcon_core.shell:Creating package script '/home/host/onda/ros_ws/install/manipulator_msgs/share/manipulator_msgs/package.sh'
[0.422s] INFO:colcon.colcon_core.shell:Creating package script '/home/host/onda/ros_ws/install/manipulator_msgs/share/manipulator_msgs/package.bash'
[0.422s] INFO:colcon.colcon_core.shell:Creating package script '/home/host/onda/ros_ws/install/manipulator_msgs/share/manipulator_msgs/package.zsh'
[0.422s] Level 1:colcon.colcon_core.environment:create_file_with_runtime_dependencies(/home/host/onda/ros_ws/install/manipulator_msgs/share/colcon-core/packages/manipulator_msgs)
[0.422s] Level 1:colcon.colcon_core.environment:create_environment_scripts_only(manipulator_msgs)
[0.423s] Level 1:colcon.colcon_core.environment:checking '/home/host/onda/ros_ws/install/manipulator_msgs' for CMake module files
[0.423s] Level 1:colcon.colcon_core.environment:checking '/home/host/onda/ros_ws/install/manipulator_msgs' for CMake config files
[0.423s] Level 1:colcon.colcon_core.shell:create_environment_hook('manipulator_msgs', 'cmake_prefix_path')
[0.424s] INFO:colcon.colcon_core.shell:Creating environment hook '/home/host/onda/ros_ws/install/manipulator_msgs/share/manipulator_msgs/hook/cmake_prefix_path.ps1'
[0.424s] INFO:colcon.colcon_core.shell:Creating environment descriptor '/home/host/onda/ros_ws/install/manipulator_msgs/share/manipulator_msgs/hook/cmake_prefix_path.dsv'
[0.424s] INFO:colcon.colcon_core.shell:Creating environment hook '/home/host/onda/ros_ws/install/manipulator_msgs/share/manipulator_msgs/hook/cmake_prefix_path.sh'
[0.424s] Level 1:colcon.colcon_core.environment:checking '/home/host/onda/ros_ws/install/manipulator_msgs/lib'
[0.424s] Level 1:colcon.colcon_core.shell:create_environment_hook('manipulator_msgs', 'ld_library_path_lib')
[0.424s] INFO:colcon.colcon_core.shell:Creating environment hook '/home/host/onda/ros_ws/install/manipulator_msgs/share/manipulator_msgs/hook/ld_library_path_lib.ps1'
[0.425s] INFO:colcon.colcon_core.shell:Creating environment descriptor '/home/host/onda/ros_ws/install/manipulator_msgs/share/manipulator_msgs/hook/ld_library_path_lib.dsv'
[0.425s] INFO:colcon.colcon_core.shell:Creating environment hook '/home/host/onda/ros_ws/install/manipulator_msgs/share/manipulator_msgs/hook/ld_library_path_lib.sh'
[0.425s] Level 1:colcon.colcon_core.environment:checking '/home/host/onda/ros_ws/install/manipulator_msgs/bin'
[0.425s] Level 1:colcon.colcon_core.environment:checking '/home/host/onda/ros_ws/install/manipulator_msgs/lib/pkgconfig/manipulator_msgs.pc'
[0.425s] Level 1:colcon.colcon_core.environment:checking '/home/host/onda/ros_ws/install/manipulator_msgs/lib/python3.10/site-packages'
[0.425s] Level 1:colcon.colcon_core.environment:checking '/home/host/onda/ros_ws/install/manipulator_msgs/bin'
[0.426s] INFO:colcon.colcon_core.shell:Creating package script '/home/host/onda/ros_ws/install/manipulator_msgs/share/manipulator_msgs/package.ps1'
[0.426s] INFO:colcon.colcon_core.shell:Creating package descriptor '/home/host/onda/ros_ws/install/manipulator_msgs/share/manipulator_msgs/package.dsv'
[0.426s] INFO:colcon.colcon_core.shell:Creating package script '/home/host/onda/ros_ws/install/manipulator_msgs/share/manipulator_msgs/package.sh'
[0.426s] INFO:colcon.colcon_core.shell:Creating package script '/home/host/onda/ros_ws/install/manipulator_msgs/share/manipulator_msgs/package.bash'
[0.427s] INFO:colcon.colcon_core.shell:Creating package script '/home/host/onda/ros_ws/install/manipulator_msgs/share/manipulator_msgs/package.zsh'
[0.427s] Level 1:colcon.colcon_core.environment:create_file_with_runtime_dependencies(/home/host/onda/ros_ws/install/manipulator_msgs/share/colcon-core/packages/manipulator_msgs)
[0.427s] INFO:colcon.colcon_ros.task.ament_cmake.build:Building ROS package in '/home/host/onda/ros_ws/src/manipulator_disturbance_control' with build type 'ament_cmake'
[0.427s] INFO:colcon.colcon_cmake.task.cmake.build:Building CMake package in '/home/host/onda/ros_ws/src/manipulator_disturbance_control'
[0.427s] INFO:colcon.colcon_core.shell:Skip shell extension 'powershell' for command environment: Not usable outside of PowerShell
[0.427s] DEBUG:colcon.colcon_core.shell:Skip shell extension 'dsv' for command environment
[0.433s] DEBUG:colcon.colcon_core.event_handler.log_command:Invoking command in '/home/host/onda/ros_ws/build/manipulator_disturbance_control': AMENT_PREFIX_PATH=/home/host/onda/ros_ws/install/manipulator_msgs CMAKE_PREFIX_PATH=/home/host/onda/ros_ws/install/manipulator_msgs LD_LIBRARY_PATH=/home/host/onda/ros_ws/install/manipulator_msgs/lib PYTHONPATH=/home/host/onda/ros_ws/install/manipulator_msgs/local/lib/python3.10/dist-packages /usr/bin/cmake --build /home/host/onda/ros_ws/build/manipulator_disturbance_control -- -j20 -l20
[0.487s] DEBUG:colcon.colcon_core.event_handler.log_command:Invoked command in '/home/host/onda/ros_ws/build/manipulator_disturbance_control' returned '0': AMENT_PREFIX_PATH=/home/host/onda/ros_ws/install/manipulator_msgs CMAKE_PREFIX_PATH=/home/host/onda/ros_ws/install/manipulator_msgs LD_LIBRARY_PATH=/home/host/onda/ros_ws/install/manipulator_msgs/lib PYTHONPATH=/home/host/onda/ros_ws/install/manipulator_msgs/local/lib/python3.10/dist-packages /usr/bin/cmake --build /home/host/onda/ros_ws/build/manipulator_disturbance_control -- -j20 -l20
[0.488s] DEBUG:colcon.colcon_core.event_handler.log_command:Invoking command in '/home/host/onda/ros_ws/build/manipulator_disturbance_control': AMENT_PREFIX_PATH=/home/host/onda/ros_ws/install/manipulator_msgs CMAKE_PREFIX_PATH=/home/host/onda/ros_ws/install/manipulator_msgs LD_LIBRARY_PATH=/home/host/onda/ros_ws/install/manipulator_msgs/lib PYTHONPATH=/home/host/onda/ros_ws/install/manipulator_msgs/local/lib/python3.10/dist-packages /usr/bin/cmake --install /home/host/onda/ros_ws/build/manipulator_disturbance_control
[0.506s] Level 1:colcon.colcon_core.environment:create_environment_scripts_only(manipulator_disturbance_control)
[0.506s] Level 1:colcon.colcon_core.environment:checking '/home/host/onda/ros_ws/install/manipulator_disturbance_control' for CMake module files
[0.506s] DEBUG:colcon.colcon_core.event_handler.log_command:Invoked command in '/home/host/onda/ros_ws/build/manipulator_disturbance_control' returned '0': AMENT_PREFIX_PATH=/home/host/onda/ros_ws/install/manipulator_msgs CMAKE_PREFIX_PATH=/home/host/onda/ros_ws/install/manipulator_msgs LD_LIBRARY_PATH=/home/host/onda/ros_ws/install/manipulator_msgs/lib PYTHONPATH=/home/host/onda/ros_ws/install/manipulator_msgs/local/lib/python3.10/dist-packages /usr/bin/cmake --install /home/host/onda/ros_ws/build/manipulator_disturbance_control
[0.507s] Level 1:colcon.colcon_core.environment:checking '/home/host/onda/ros_ws/install/manipulator_disturbance_control' for CMake config files
[0.507s] Level 1:colcon.colcon_core.shell:create_environment_hook('manipulator_disturbance_control', 'cmake_prefix_path')
[0.507s] INFO:colcon.colcon_core.shell:Creating environment hook '/home/host/onda/ros_ws/install/manipulator_disturbance_control/share/manipulator_disturbance_control/hook/cmake_prefix_path.ps1'
[0.507s] INFO:colcon.colcon_core.shell:Creating environment descriptor '/home/host/onda/ros_ws/install/manipulator_disturbance_control/share/manipulator_disturbance_control/hook/cmake_prefix_path.dsv'
[0.507s] INFO:colcon.colcon_core.shell:Creating environment hook '/home/host/onda/ros_ws/install/manipulator_disturbance_control/share/manipulator_disturbance_control/hook/cmake_prefix_path.sh'
[0.508s] Level 1:colcon.colcon_core.environment:checking '/home/host/onda/ros_ws/install/manipulator_disturbance_control/lib'
[0.508s] Level 1:colcon.colcon_core.environment:checking '/home/host/onda/ros_ws/install/manipulator_disturbance_control/bin'
[0.508s] Level 1:colcon.colcon_core.environment:checking '/home/host/onda/ros_ws/install/manipulator_disturbance_control/lib/pkgconfig/manipulator_disturbance_control.pc'
[0.508s] Level 1:colcon.colcon_core.environment:checking '/home/host/onda/ros_ws/install/manipulator_disturbance_control/lib/python3.10/site-packages'
[0.508s] Level 1:colcon.colcon_core.environment:checking '/home/host/onda/ros_ws/install/manipulator_disturbance_control/bin'
[0.508s] INFO:colcon.colcon_core.shell:Creating package script '/home/host/onda/ros_ws/install/manipulator_disturbance_control/share/manipulator_disturbance_control/package.ps1'
[0.509s] INFO:colcon.colcon_core.shell:Creating package descriptor '/home/host/onda/ros_ws/install/manipulator_disturbance_control/share/manipulator_disturbance_control/package.dsv'
[0.509s] INFO:colcon.colcon_core.shell:Creating package script '/home/host/onda/ros_ws/install/manipulator_disturbance_control/share/manipulator_disturbance_control/package.sh'
[0.509s] INFO:colcon.colcon_core.shell:Creating package script '/home/host/onda/ros_ws/install/manipulator_disturbance_control/share/manipulator_disturbance_control/package.bash'
[0.509s] INFO:colcon.colcon_core.shell:Creating package script '/home/host/onda/ros_ws/install/manipulator_disturbance_control/share/manipulator_disturbance_control/package.zsh'
[0.509s] Level 1:colcon.colcon_core.environment:create_file_with_runtime_dependencies(/home/host/onda/ros_ws/install/manipulator_disturbance_control/share/colcon-core/packages/manipulator_disturbance_control)
[0.510s] Level 1:colcon.colcon_core.environment:create_environment_scripts_only(manipulator_disturbance_control)
[0.510s] Level 1:colcon.colcon_core.environment:checking '/home/host/onda/ros_ws/install/manipulator_disturbance_control' for CMake module files
[0.510s] Level 1:colcon.colcon_core.environment:checking '/home/host/onda/ros_ws/install/manipulator_disturbance_control' for CMake config files
[0.510s] Level 1:colcon.colcon_core.shell:create_environment_hook('manipulator_disturbance_control', 'cmake_prefix_path')
[0.510s] INFO:colcon.colcon_core.shell:Creating environment hook '/home/host/onda/ros_ws/install/manipulator_disturbance_control/share/manipulator_disturbance_control/hook/cmake_prefix_path.ps1'
[0.510s] INFO:colcon.colcon_core.shell:Creating environment descriptor '/home/host/onda/ros_ws/install/manipulator_disturbance_control/share/manipulator_disturbance_control/hook/cmake_prefix_path.dsv'
[0.511s] INFO:colcon.colcon_core.shell:Creating environment hook '/home/host/onda/ros_ws/install/manipulator_disturbance_control/share/manipulator_disturbance_control/hook/cmake_prefix_path.sh'
[0.511s] Level 1:colcon.colcon_core.environment:checking '/home/host/onda/ros_ws/install/manipulator_disturbance_control/lib'
[0.511s] Level 1:colcon.colcon_core.environment:checking '/home/host/onda/ros_ws/install/manipulator_disturbance_control/bin'
[0.511s] Level 1:colcon.colcon_core.environment:checking '/home/host/onda/ros_ws/install/manipulator_disturbance_control/lib/pkgconfig/manipulator_disturbance_control.pc'
[0.511s] Level 1:colcon.colcon_core.environment:checking '/home/host/onda/ros_ws/install/manipulator_disturbance_control/lib/python3.10/site-packages'
[0.511s] Level 1:colcon.colcon_core.environment:checking '/home/host/onda/ros_ws/install/manipulator_disturbance_control/bin'
[0.511s] INFO:colcon.colcon_core.shell:Creating package script '/home/host/onda/ros_ws/install/manipulator_disturbance_control/share/manipulator_disturbance_control/package.ps1'
[0.512s] INFO:colcon.colcon_core.shell:Creating package descriptor '/home/host/onda/ros_ws/install/manipulator_disturbance_control/share/manipulator_disturbance_control/package.dsv'
[0.512s] INFO:colcon.colcon_core.shell:Creating package script '/home/host/onda/ros_ws/install/manipulator_disturbance_control/share/manipulator_disturbance_control/package.sh'
[0.512s] INFO:colcon.colcon_core.shell:Creating package script '/home/host/onda/ros_ws/install/manipulator_disturbance_control/share/manipulator_disturbance_control/package.bash'
[0.512s] INFO:colcon.colcon_core.shell:Creating package script '/home/host/onda/ros_ws/install/manipulator_disturbance_control/share/manipulator_disturbance_control/package.zsh'
[0.512s] Level 1:colcon.colcon_core.environment:create_file_with_runtime_dependencies(/home/host/onda/ros_ws/install/manipulator_disturbance_control/share/colcon-core/packages/manipulator_disturbance_control)
[0.513s] DEBUG:colcon.colcon_parallel_executor.executor.parallel:closing loop
[0.513s] DEBUG:colcon.colcon_parallel_executor.executor.parallel:loop closed
[0.513s] DEBUG:colcon.colcon_parallel_executor.executor.parallel:run_until_complete finished with '0'
[0.513s] DEBUG:colcon.colcon_core.event_reactor:joining thread
[0.525s] INFO:colcon.colcon_core.plugin_system:Skipping extension 'colcon_notification.desktop_notification.notify_send': Could not find 'notify-send'
[0.525s] INFO:colcon.colcon_core.plugin_system:Skipping extension 'colcon_notification.desktop_notification.terminal_notifier': Not used on non-Darwin systems
[0.525s] INFO:colcon.colcon_core.plugin_system:Skipping extension 'colcon_notification.desktop_notification.win32': Not used on non-Windows systems
[0.525s] INFO:colcon.colcon_notification.desktop_notification:Sending desktop notification using 'notify2'
[0.527s] DEBUG:colcon.colcon_notification.desktop_notification.notify2:Failed to initialize notify2: org.freedesktop.DBus.Error.Spawn.ExecFailed: /usr/bin/dbus-launch terminated abnormally without any error message
[0.527s] DEBUG:colcon.colcon_core.event_reactor:joined thread
[0.527s] INFO:colcon.colcon_core.shell:Creating prefix script '/home/host/onda/ros_ws/install/local_setup.ps1'
[0.528s] INFO:colcon.colcon_core.shell:Creating prefix util module '/home/host/onda/ros_ws/install/_local_setup_util_ps1.py'
[0.528s] INFO:colcon.colcon_core.shell:Creating prefix chain script '/home/host/onda/ros_ws/install/setup.ps1'
[0.529s] INFO:colcon.colcon_core.shell:Creating prefix script '/home/host/onda/ros_ws/install/local_setup.sh'
[0.529s] INFO:colcon.colcon_core.shell:Creating prefix util module '/home/host/onda/ros_ws/install/_local_setup_util_sh.py'
[0.529s] INFO:colcon.colcon_core.shell:Creating prefix chain script '/home/host/onda/ros_ws/install/setup.sh'
[0.530s] INFO:colcon.colcon_core.shell:Creating prefix script '/home/host/onda/ros_ws/install/local_setup.bash'
[0.530s] INFO:colcon.colcon_core.shell:Creating prefix chain script '/home/host/onda/ros_ws/install/setup.bash'
[0.531s] INFO:colcon.colcon_core.shell:Creating prefix script '/home/host/onda/ros_ws/install/local_setup.zsh'
[0.531s] INFO:colcon.colcon_core.shell:Creating prefix chain script '/home/host/onda/ros_ws/install/setup.zsh'
