[0.020s] Invoking command in '/home/host/onda/ros_ws/build/manipulator_msgs': CMAKE_PREFIX_PATH=${CMAKE_PREFIX_PATH}:/opt/ros/humble /usr/bin/cmake --build /home/host/onda/ros_ws/build/manipulator_msgs -- -j20 -l20
[0.150s] [  3%] Built target manipulator_msgs__cpp
[0.156s] [ 12%] Built target manipulator_msgs__rosidl_generator_c
[0.163s] [ 12%] Built target ament_cmake_python_symlink_manipulator_msgs
[0.198s] [ 48%] Built target manipulator_msgs__rosidl_typesupport_c
[0.198s] [ 48%] Built target manipulator_msgs__rosidl_typesupport_introspection_c
[0.198s] [ 70%] Built target manipulator_msgs__rosidl_typesupport_fastrtps_c
[0.198s] [ 70%] Built target manipulator_msgs__rosidl_typesupport_introspection_cpp
[0.198s] [ 70%] Built target manipulator_msgs__rosidl_typesupport_fastrtps_cpp
[0.198s] [ 70%] Built target manipulator_msgs__rosidl_typesupport_cpp
[0.213s] [ 70%] Built target manipulator_msgs
[0.230s] [ 74%] Built target manipulator_msgs__py
[0.248s] [ 80%] Built target manipulator_msgs__rosidl_generator_py
[0.263s] [ 87%] Built target manipulator_msgs__rosidl_typesupport_c__pyext
[0.263s] [ 93%] Built target manipulator_msgs__rosidl_typesupport_fastrtps_c__pyext
[0.266s] [100%] Built target manipulator_msgs__rosidl_typesupport_introspection_c__pyext
[0.319s] running egg_info
[0.320s] writing manipulator_msgs.egg-info/PKG-INFO
[0.320s] writing dependency_links to manipulator_msgs.egg-info/dependency_links.txt
[0.320s] writing top-level names to manipulator_msgs.egg-info/top_level.txt
[0.321s] reading manifest file 'manipulator_msgs.egg-info/SOURCES.txt'
[0.322s] writing manifest file 'manipulator_msgs.egg-info/SOURCES.txt'
[0.339s] [100%] Built target ament_cmake_python_build_manipulator_msgs_egg
[0.350s] Invoked command in '/home/host/onda/ros_ws/build/manipulator_msgs' returned '0': CMAKE_PREFIX_PATH=${CMAKE_PREFIX_PATH}:/opt/ros/humble /usr/bin/cmake --build /home/host/onda/ros_ws/build/manipulator_msgs -- -j20 -l20
[0.351s] Invoking command in '/home/host/onda/ros_ws/build/manipulator_msgs': CMAKE_PREFIX_PATH=${CMAKE_PREFIX_PATH}:/opt/ros/humble /usr/bin/cmake --install /home/host/onda/ros_ws/build/manipulator_msgs
[0.356s] -- Install configuration: ""
[0.356s] -- Execute custom install script
[0.356s] -- Up-to-date symlink: /home/host/onda/ros_ws/install/manipulator_msgs/share/ament_index/resource_index/rosidl_interfaces/manipulator_msgs
[0.357s] -- Up-to-date symlink: /home/host/onda/ros_ws/install/manipulator_msgs/include/manipulator_msgs/manipulator_msgs/msg/rosidl_generator_c__visibility_control.h
[0.357s] -- Up-to-date symlink: /home/host/onda/ros_ws/install/manipulator_msgs/include/manipulator_msgs/manipulator_msgs/srv/apply_disturbance.h
[0.357s] -- Up-to-date symlink: /home/host/onda/ros_ws/install/manipulator_msgs/include/manipulator_msgs/manipulator_msgs/srv/detail/apply_disturbance__functions.h
[0.357s] -- Up-to-date symlink: /home/host/onda/ros_ws/install/manipulator_msgs/include/manipulator_msgs/manipulator_msgs/srv/detail/apply_disturbance__struct.h
[0.357s] -- Up-to-date symlink: /home/host/onda/ros_ws/install/manipulator_msgs/include/manipulator_msgs/manipulator_msgs/srv/detail/apply_disturbance__type_support.h
[0.357s] -- Up-to-date symlink: /home/host/onda/ros_ws/install/manipulator_msgs/share/manipulator_msgs/environment/library_path.sh
[0.357s] -- Up-to-date symlink: /home/host/onda/ros_ws/install/manipulator_msgs/share/manipulator_msgs/environment/library_path.dsv
[0.357s] -- Up-to-date symlink: /home/host/onda/ros_ws/install/manipulator_msgs/include/manipulator_msgs/manipulator_msgs/msg/rosidl_typesupport_fastrtps_c__visibility_control.h
[0.357s] -- Up-to-date symlink: /home/host/onda/ros_ws/install/manipulator_msgs/include/manipulator_msgs/manipulator_msgs/srv/detail/apply_disturbance__rosidl_typesupport_fastrtps_c.h
[0.358s] -- Up-to-date symlink: /home/host/onda/ros_ws/install/manipulator_msgs/include/manipulator_msgs/manipulator_msgs/msg/rosidl_typesupport_introspection_c__visibility_control.h
[0.358s] -- Up-to-date symlink: /home/host/onda/ros_ws/install/manipulator_msgs/include/manipulator_msgs/manipulator_msgs/srv/detail/apply_disturbance__rosidl_typesupport_introspection_c.h
[0.358s] -- Up-to-date symlink: /home/host/onda/ros_ws/install/manipulator_msgs/include/manipulator_msgs/manipulator_msgs/msg/rosidl_generator_cpp__visibility_control.hpp
[0.358s] -- Up-to-date symlink: /home/host/onda/ros_ws/install/manipulator_msgs/include/manipulator_msgs/manipulator_msgs/srv/apply_disturbance.hpp
[0.358s] -- Up-to-date symlink: /home/host/onda/ros_ws/install/manipulator_msgs/include/manipulator_msgs/manipulator_msgs/srv/detail/apply_disturbance__builder.hpp
[0.358s] -- Up-to-date symlink: /home/host/onda/ros_ws/install/manipulator_msgs/include/manipulator_msgs/manipulator_msgs/srv/detail/apply_disturbance__struct.hpp
[0.358s] -- Up-to-date symlink: /home/host/onda/ros_ws/install/manipulator_msgs/include/manipulator_msgs/manipulator_msgs/srv/detail/apply_disturbance__traits.hpp
[0.358s] -- Up-to-date symlink: /home/host/onda/ros_ws/install/manipulator_msgs/include/manipulator_msgs/manipulator_msgs/srv/detail/apply_disturbance__type_support.hpp
[0.359s] -- Up-to-date symlink: /home/host/onda/ros_ws/install/manipulator_msgs/include/manipulator_msgs/manipulator_msgs/msg/rosidl_typesupport_fastrtps_cpp__visibility_control.h
[0.359s] -- Up-to-date symlink: /home/host/onda/ros_ws/install/manipulator_msgs/include/manipulator_msgs/manipulator_msgs/srv/detail/apply_disturbance__rosidl_typesupport_fastrtps_cpp.hpp
[0.359s] -- Up-to-date symlink: /home/host/onda/ros_ws/install/manipulator_msgs/include/manipulator_msgs/manipulator_msgs/srv/detail/apply_disturbance__rosidl_typesupport_introspection_cpp.hpp
[0.359s] -- Up-to-date symlink: /home/host/onda/ros_ws/install/manipulator_msgs/share/manipulator_msgs/environment/pythonpath.sh
[0.359s] -- Up-to-date symlink: /home/host/onda/ros_ws/install/manipulator_msgs/share/manipulator_msgs/environment/pythonpath.dsv
[0.359s] -- Up-to-date symlink: /home/host/onda/ros_ws/install/manipulator_msgs/local/lib/python3.10/dist-packages/manipulator_msgs-1.0.0-py3.10.egg-info/PKG-INFO
[0.359s] -- Up-to-date symlink: /home/host/onda/ros_ws/install/manipulator_msgs/local/lib/python3.10/dist-packages/manipulator_msgs-1.0.0-py3.10.egg-info/SOURCES.txt
[0.360s] -- Up-to-date symlink: /home/host/onda/ros_ws/install/manipulator_msgs/local/lib/python3.10/dist-packages/manipulator_msgs-1.0.0-py3.10.egg-info/dependency_links.txt
[0.360s] -- Up-to-date symlink: /home/host/onda/ros_ws/install/manipulator_msgs/local/lib/python3.10/dist-packages/manipulator_msgs-1.0.0-py3.10.egg-info/top_level.txt
[0.360s] -- Up-to-date symlink: /home/host/onda/ros_ws/install/manipulator_msgs/local/lib/python3.10/dist-packages/manipulator_msgs/__init__.py
[0.360s] -- Up-to-date symlink: /home/host/onda/ros_ws/install/manipulator_msgs/local/lib/python3.10/dist-packages/manipulator_msgs/_manipulator_msgs_s.ep.rosidl_typesupport_c.c
[0.360s] -- Up-to-date symlink: /home/host/onda/ros_ws/install/manipulator_msgs/local/lib/python3.10/dist-packages/manipulator_msgs/_manipulator_msgs_s.ep.rosidl_typesupport_fastrtps_c.c
[0.360s] -- Up-to-date symlink: /home/host/onda/ros_ws/install/manipulator_msgs/local/lib/python3.10/dist-packages/manipulator_msgs/_manipulator_msgs_s.ep.rosidl_typesupport_introspection_c.c
[0.360s] -- Up-to-date symlink: /home/host/onda/ros_ws/install/manipulator_msgs/local/lib/python3.10/dist-packages/manipulator_msgs/libmanipulator_msgs__rosidl_generator_py.so
[0.360s] -- Up-to-date symlink: /home/host/onda/ros_ws/install/manipulator_msgs/local/lib/python3.10/dist-packages/manipulator_msgs/manipulator_msgs_s__rosidl_typesupport_c.cpython-310-x86_64-linux-gnu.so
[0.361s] -- Up-to-date symlink: /home/host/onda/ros_ws/install/manipulator_msgs/local/lib/python3.10/dist-packages/manipulator_msgs/manipulator_msgs_s__rosidl_typesupport_fastrtps_c.cpython-310-x86_64-linux-gnu.so
[0.361s] -- Up-to-date symlink: /home/host/onda/ros_ws/install/manipulator_msgs/local/lib/python3.10/dist-packages/manipulator_msgs/manipulator_msgs_s__rosidl_typesupport_introspection_c.cpython-310-x86_64-linux-gnu.so
[0.361s] -- Up-to-date symlink: /home/host/onda/ros_ws/install/manipulator_msgs/local/lib/python3.10/dist-packages/manipulator_msgs/srv/__init__.py
[0.361s] -- Up-to-date symlink: /home/host/onda/ros_ws/install/manipulator_msgs/local/lib/python3.10/dist-packages/manipulator_msgs/srv/_apply_disturbance.py
[0.361s] -- Up-to-date symlink: /home/host/onda/ros_ws/install/manipulator_msgs/local/lib/python3.10/dist-packages/manipulator_msgs/srv/_apply_disturbance_s.c
[0.362s] -- Up-to-date symlink: /home/host/onda/ros_ws/install/manipulator_msgs/local/lib/python3.10/dist-packages/manipulator_msgs/manipulator_msgs_s__rosidl_typesupport_fastrtps_c.cpython-310-x86_64-linux-gnu.so
[0.362s] -- Up-to-date symlink: /home/host/onda/ros_ws/install/manipulator_msgs/local/lib/python3.10/dist-packages/manipulator_msgs/manipulator_msgs_s__rosidl_typesupport_introspection_c.cpython-310-x86_64-linux-gnu.so
[0.363s] -- Up-to-date symlink: /home/host/onda/ros_ws/install/manipulator_msgs/local/lib/python3.10/dist-packages/manipulator_msgs/manipulator_msgs_s__rosidl_typesupport_c.cpython-310-x86_64-linux-gnu.so
[0.363s] -- Up-to-date symlink: /home/host/onda/ros_ws/install/manipulator_msgs/share/manipulator_msgs/srv/ApplyDisturbance.idl
[0.363s] -- Up-to-date symlink: /home/host/onda/ros_ws/install/manipulator_msgs/share/manipulator_msgs/srv/ApplyDisturbance.srv
[0.364s] -- Up-to-date symlink: /home/host/onda/ros_ws/install/manipulator_msgs/share/manipulator_msgs/srv/ApplyDisturbance_Request.msg
[0.364s] -- Up-to-date symlink: /home/host/onda/ros_ws/install/manipulator_msgs/share/manipulator_msgs/srv/ApplyDisturbance_Response.msg
[0.364s] -- Up-to-date symlink: /home/host/onda/ros_ws/install/manipulator_msgs/share/ament_index/resource_index/package_run_dependencies/manipulator_msgs
[0.364s] -- Up-to-date symlink: /home/host/onda/ros_ws/install/manipulator_msgs/share/ament_index/resource_index/parent_prefix_path/manipulator_msgs
[0.364s] -- Up-to-date symlink: /home/host/onda/ros_ws/install/manipulator_msgs/share/manipulator_msgs/environment/ament_prefix_path.sh
[0.364s] -- Up-to-date symlink: /home/host/onda/ros_ws/install/manipulator_msgs/share/manipulator_msgs/environment/ament_prefix_path.dsv
[0.364s] -- Up-to-date symlink: /home/host/onda/ros_ws/install/manipulator_msgs/share/manipulator_msgs/environment/path.sh
[0.364s] -- Up-to-date symlink: /home/host/onda/ros_ws/install/manipulator_msgs/share/manipulator_msgs/environment/path.dsv
[0.365s] -- Up-to-date symlink: /home/host/onda/ros_ws/install/manipulator_msgs/share/manipulator_msgs/local_setup.bash
[0.365s] -- Up-to-date symlink: /home/host/onda/ros_ws/install/manipulator_msgs/share/manipulator_msgs/local_setup.sh
[0.365s] -- Up-to-date symlink: /home/host/onda/ros_ws/install/manipulator_msgs/share/manipulator_msgs/local_setup.zsh
[0.365s] -- Up-to-date symlink: /home/host/onda/ros_ws/install/manipulator_msgs/share/manipulator_msgs/local_setup.dsv
[0.365s] -- Symlinking: /home/host/onda/ros_ws/install/manipulator_msgs/share/manipulator_msgs/package.dsv
[0.372s] -- Up-to-date symlink: /home/host/onda/ros_ws/install/manipulator_msgs/share/ament_index/resource_index/packages/manipulator_msgs
[0.372s] -- Up-to-date symlink: /home/host/onda/ros_ws/install/manipulator_msgs/share/manipulator_msgs/cmake/rosidl_cmake-extras.cmake
[0.372s] -- Up-to-date symlink: /home/host/onda/ros_ws/install/manipulator_msgs/share/manipulator_msgs/cmake/ament_cmake_export_dependencies-extras.cmake
[0.373s] -- Up-to-date symlink: /home/host/onda/ros_ws/install/manipulator_msgs/share/manipulator_msgs/cmake/ament_cmake_export_include_directories-extras.cmake
[0.373s] -- Up-to-date symlink: /home/host/onda/ros_ws/install/manipulator_msgs/share/manipulator_msgs/cmake/ament_cmake_export_libraries-extras.cmake
[0.373s] -- Up-to-date symlink: /home/host/onda/ros_ws/install/manipulator_msgs/share/manipulator_msgs/cmake/ament_cmake_export_targets-extras.cmake
[0.374s] -- Up-to-date symlink: /home/host/onda/ros_ws/install/manipulator_msgs/share/manipulator_msgs/cmake/rosidl_cmake_export_typesupport_targets-extras.cmake
[0.374s] -- Up-to-date symlink: /home/host/onda/ros_ws/install/manipulator_msgs/share/manipulator_msgs/cmake/rosidl_cmake_export_typesupport_libraries-extras.cmake
[0.374s] -- Up-to-date symlink: /home/host/onda/ros_ws/install/manipulator_msgs/share/manipulator_msgs/cmake/manipulator_msgsConfig.cmake
[0.374s] -- Up-to-date symlink: /home/host/onda/ros_ws/install/manipulator_msgs/share/manipulator_msgs/cmake/manipulator_msgsConfig-version.cmake
[0.375s] -- Up-to-date symlink: /home/host/onda/ros_ws/install/manipulator_msgs/share/manipulator_msgs/package.xml
[0.375s] -- Up-to-date: /home/host/onda/ros_ws/install/manipulator_msgs/lib/libmanipulator_msgs__rosidl_generator_c.so
[0.375s] -- Up-to-date: /home/host/onda/ros_ws/install/manipulator_msgs/lib/libmanipulator_msgs__rosidl_typesupport_fastrtps_c.so
[0.375s] -- Up-to-date: /home/host/onda/ros_ws/install/manipulator_msgs/lib/libmanipulator_msgs__rosidl_typesupport_introspection_c.so
[0.376s] -- Up-to-date: /home/host/onda/ros_ws/install/manipulator_msgs/lib/libmanipulator_msgs__rosidl_typesupport_c.so
[0.376s] -- Up-to-date: /home/host/onda/ros_ws/install/manipulator_msgs/lib/libmanipulator_msgs__rosidl_typesupport_fastrtps_cpp.so
[0.377s] -- Up-to-date: /home/host/onda/ros_ws/install/manipulator_msgs/lib/libmanipulator_msgs__rosidl_typesupport_introspection_cpp.so
[0.378s] -- Up-to-date: /home/host/onda/ros_ws/install/manipulator_msgs/lib/libmanipulator_msgs__rosidl_typesupport_cpp.so
[0.445s] Listing '/home/host/onda/ros_ws/install/manipulator_msgs/local/lib/python3.10/dist-packages/manipulator_msgs'...
[0.445s] Listing '/home/host/onda/ros_ws/install/manipulator_msgs/local/lib/python3.10/dist-packages/manipulator_msgs/srv'...
[0.448s] -- Up-to-date: /home/host/onda/ros_ws/install/manipulator_msgs/lib/libmanipulator_msgs__rosidl_generator_py.so
[0.448s] -- Up-to-date: /home/host/onda/ros_ws/install/manipulator_msgs/share/manipulator_msgs/cmake/export_manipulator_msgs__rosidl_generator_cExport.cmake
[0.448s] -- Up-to-date: /home/host/onda/ros_ws/install/manipulator_msgs/share/manipulator_msgs/cmake/export_manipulator_msgs__rosidl_generator_cExport-noconfig.cmake
[0.448s] -- Up-to-date: /home/host/onda/ros_ws/install/manipulator_msgs/share/manipulator_msgs/cmake/export_manipulator_msgs__rosidl_typesupport_fastrtps_cExport.cmake
[0.448s] -- Up-to-date: /home/host/onda/ros_ws/install/manipulator_msgs/share/manipulator_msgs/cmake/export_manipulator_msgs__rosidl_typesupport_fastrtps_cExport-noconfig.cmake
[0.448s] -- Up-to-date: /home/host/onda/ros_ws/install/manipulator_msgs/share/manipulator_msgs/cmake/manipulator_msgs__rosidl_typesupport_introspection_cExport.cmake
[0.448s] -- Up-to-date: /home/host/onda/ros_ws/install/manipulator_msgs/share/manipulator_msgs/cmake/manipulator_msgs__rosidl_typesupport_introspection_cExport-noconfig.cmake
[0.448s] -- Up-to-date: /home/host/onda/ros_ws/install/manipulator_msgs/share/manipulator_msgs/cmake/manipulator_msgs__rosidl_typesupport_cExport.cmake
[0.449s] -- Up-to-date: /home/host/onda/ros_ws/install/manipulator_msgs/share/manipulator_msgs/cmake/manipulator_msgs__rosidl_typesupport_cExport-noconfig.cmake
[0.449s] -- Up-to-date: /home/host/onda/ros_ws/install/manipulator_msgs/share/manipulator_msgs/cmake/export_manipulator_msgs__rosidl_generator_cppExport.cmake
[0.449s] -- Up-to-date: /home/host/onda/ros_ws/install/manipulator_msgs/share/manipulator_msgs/cmake/export_manipulator_msgs__rosidl_typesupport_fastrtps_cppExport.cmake
[0.449s] -- Up-to-date: /home/host/onda/ros_ws/install/manipulator_msgs/share/manipulator_msgs/cmake/export_manipulator_msgs__rosidl_typesupport_fastrtps_cppExport-noconfig.cmake
[0.449s] -- Up-to-date: /home/host/onda/ros_ws/install/manipulator_msgs/share/manipulator_msgs/cmake/manipulator_msgs__rosidl_typesupport_introspection_cppExport.cmake
[0.449s] -- Up-to-date: /home/host/onda/ros_ws/install/manipulator_msgs/share/manipulator_msgs/cmake/manipulator_msgs__rosidl_typesupport_introspection_cppExport-noconfig.cmake
[0.449s] -- Up-to-date: /home/host/onda/ros_ws/install/manipulator_msgs/share/manipulator_msgs/cmake/manipulator_msgs__rosidl_typesupport_cppExport.cmake
[0.449s] -- Up-to-date: /home/host/onda/ros_ws/install/manipulator_msgs/share/manipulator_msgs/cmake/manipulator_msgs__rosidl_typesupport_cppExport-noconfig.cmake
[0.449s] -- Up-to-date: /home/host/onda/ros_ws/install/manipulator_msgs/share/manipulator_msgs/cmake/export_manipulator_msgs__rosidl_generator_pyExport.cmake
[0.449s] -- Up-to-date: /home/host/onda/ros_ws/install/manipulator_msgs/share/manipulator_msgs/cmake/export_manipulator_msgs__rosidl_generator_pyExport-noconfig.cmake
[0.451s] Invoked command in '/home/host/onda/ros_ws/build/manipulator_msgs' returned '0': CMAKE_PREFIX_PATH=${CMAKE_PREFIX_PATH}:/opt/ros/humble /usr/bin/cmake --install /home/host/onda/ros_ws/build/manipulator_msgs
