[0.023s] Invoking command in '/home/host/ros_ws/build/braco_description': CMAKE_PREFIX_PATH=/opt/ros/humble:${CMAKE_PREFIX_PATH} /usr/bin/cmake --build /home/host/ros_ws/build/braco_description -- -j8 -l8
[0.056s] Invoked command in '/home/host/ros_ws/build/braco_description' returned '0': CMAKE_PREFIX_PATH=/opt/ros/humble:${CMAKE_PREFIX_PATH} /usr/bin/cmake --build /home/host/ros_ws/build/braco_description -- -j8 -l8
[0.065s] Invoking command in '/home/host/ros_ws/build/braco_description': CMAKE_PREFIX_PATH=/opt/ros/humble:${CMAKE_PREFIX_PATH} /usr/bin/cmake --install /home/host/ros_ws/build/braco_description
[0.071s] -- Install configuration: ""
[0.071s] -- Up-to-date: /home/host/ros_ws/install/braco_description/share/braco_description//urdf
[0.071s] -- Up-to-date: /home/host/ros_ws/install/braco_description/share/braco_description//urdf/braco.xacro
[0.071s] -- Up-to-date: /home/host/ros_ws/install/braco_description/share/braco_description//urdf/braco.gazebo
[0.071s] -- Up-to-date: /home/host/ros_ws/install/braco_description/share/braco_description//urdf/braco.trans
[0.072s] -- Up-to-date: /home/host/ros_ws/install/braco_description/share/braco_description//urdf/materials.xacro
[0.072s] -- Up-to-date: /home/host/ros_ws/install/braco_description/share/braco_description//meshes
[0.072s] -- Up-to-date: /home/host/ros_ws/install/braco_description/share/braco_description//meshes/rot3_1.stl
[0.072s] -- Up-to-date: /home/host/ros_ws/install/braco_description/share/braco_description//meshes/base_link.stl
[0.072s] -- Up-to-date: /home/host/ros_ws/install/braco_description/share/braco_description//meshes/rot2_1.stl
[0.072s] -- Up-to-date: /home/host/ros_ws/install/braco_description/share/braco_description//meshes/prism1_1.stl
[0.072s] -- Up-to-date: /home/host/ros_ws/install/braco_description/share/braco_description//meshes/rot4_1.stl
[0.072s] -- Up-to-date: /home/host/ros_ws/install/braco_description/share/braco_description//meshes/rot1_1.stl
[0.072s] -- Up-to-date: /home/host/ros_ws/install/braco_description/share/braco_description//launch
[0.072s] -- Installing: /home/host/ros_ws/install/braco_description/share/braco_description//launch/gazebo.launch.py
[0.072s] -- Up-to-date: /home/host/ros_ws/install/braco_description/share/braco_description//launch/display.launch
[0.072s] -- Up-to-date: /home/host/ros_ws/install/braco_description/share/braco_description//launch/urdf.rviz
[0.073s] -- Up-to-date: /home/host/ros_ws/install/braco_description/share/braco_description//launch/controller.launch
[0.073s] -- Up-to-date: /home/host/ros_ws/install/braco_description/share/braco_description//launch/controller.yaml
[0.073s] -- Up-to-date: /home/host/ros_ws/install/braco_description/share/braco_description//launch/gazebo.launch
[0.073s] -- Up-to-date: /home/host/ros_ws/install/braco_description/share/braco_description//launch/display.launch.py
[0.073s] -- Up-to-date: /home/host/ros_ws/install/braco_description/share/braco_description/launch/controller.yaml
[0.073s] -- Up-to-date: /home/host/ros_ws/install/braco_description/share/braco_description/launch/urdf.rviz
[0.073s] -- Up-to-date: /home/host/ros_ws/install/braco_description/share/ament_index/resource_index/package_run_dependencies/braco_description
[0.073s] -- Up-to-date: /home/host/ros_ws/install/braco_description/share/ament_index/resource_index/parent_prefix_path/braco_description
[0.073s] -- Up-to-date: /home/host/ros_ws/install/braco_description/share/braco_description/environment/ament_prefix_path.sh
[0.073s] -- Up-to-date: /home/host/ros_ws/install/braco_description/share/braco_description/environment/ament_prefix_path.dsv
[0.073s] -- Up-to-date: /home/host/ros_ws/install/braco_description/share/braco_description/environment/path.sh
[0.073s] -- Up-to-date: /home/host/ros_ws/install/braco_description/share/braco_description/environment/path.dsv
[0.073s] -- Up-to-date: /home/host/ros_ws/install/braco_description/share/braco_description/local_setup.bash
[0.074s] -- Up-to-date: /home/host/ros_ws/install/braco_description/share/braco_description/local_setup.sh
[0.074s] -- Up-to-date: /home/host/ros_ws/install/braco_description/share/braco_description/local_setup.zsh
[0.074s] -- Up-to-date: /home/host/ros_ws/install/braco_description/share/braco_description/local_setup.dsv
[0.074s] -- Up-to-date: /home/host/ros_ws/install/braco_description/share/braco_description/package.dsv
[0.074s] -- Up-to-date: /home/host/ros_ws/install/braco_description/share/ament_index/resource_index/packages/braco_description
[0.074s] -- Up-to-date: /home/host/ros_ws/install/braco_description/share/braco_description/cmake/braco_descriptionConfig.cmake
[0.074s] -- Up-to-date: /home/host/ros_ws/install/braco_description/share/braco_description/cmake/braco_descriptionConfig-version.cmake
[0.074s] -- Up-to-date: /home/host/ros_ws/install/braco_description/share/braco_description/package.xml
[0.075s] Invoked command in '/home/host/ros_ws/build/braco_description' returned '0': CMAKE_PREFIX_PATH=/opt/ros/humble:${CMAKE_PREFIX_PATH} /usr/bin/cmake --install /home/host/ros_ws/build/braco_description
