-- Found ament_cmake: 1.3.12 (/opt/ros/humble/share/ament_cmake/cmake)
-- Override CMake install command with custom implementation using symlinks instead of copying resources
-- Found rclcpp: 16.0.15 (/opt/ros/humble/share/rclcpp/cmake)
-- Found rosidl_generator_c: 3.1.7 (/opt/ros/humble/share/rosidl_generator_c/cmake)
-- Found rosidl_adapter: 3.1.7 (/opt/ros/humble/share/rosidl_adapter/cmake)
-- Found rosidl_generator_cpp: 3.1.7 (/opt/ros/humble/share/rosidl_generator_cpp/cmake)
-- Using all available rosidl_typesupport_c: rosidl_typesupport_fastrtps_c;rosidl_typesupport_introspection_c
-- Using all available rosidl_typesupport_cpp: rosidl_typesupport_fastrtps_cpp;rosidl_typesupport_introspection_cpp
-- Found rmw_implementation_cmake: 6.1.2 (/opt/ros/humble/share/rmw_implementation_cmake/cmake)
-- Found rmw_fastrtps_cpp: 6.2.9 (/opt/ros/humble/share/rmw_fastrtps_cpp/cmake)
-- Using RMW implementation 'rmw_fastrtps_cpp' as default
-- Found rclpy: 3.3.17 (/opt/ros/humble/share/rclpy/cmake)
-- Found geometry_msgs: 4.9.0 (/opt/ros/humble/share/geometry_msgs/cmake)
-- Found gazebo_msgs: 3.9.0 (/opt/ros/humble/share/gazebo_msgs/cmake)
-- Found visualization_msgs: 4.9.0 (/opt/ros/humble/share/visualization_msgs/cmake)
-- Found manipulator_msgs: 1.0.0 (/home/host/onda/ros_ws/install/manipulator_msgs/share/manipulator_msgs/cmake)
-- Found tf2_ros: 0.25.17 (/opt/ros/humble/share/tf2_ros/cmake)
-- Found tf2_geometry_msgs: 0.25.16 (/opt/ros/humble/share/tf2_geometry_msgs/cmake)
-- Found eigen3_cmake_module: 0.1.1 (/opt/ros/humble/share/eigen3_cmake_module/cmake)
-- Ensuring Eigen3 include directory is part of orocos-kdl CMake target
-- Found ament_lint_auto: 0.12.14 (/opt/ros/humble/share/ament_lint_auto/cmake)
-- Added test 'copyright' to check source files copyright and LICENSE
-- Added test 'cppcheck' to perform static code analysis on C / C++ code
-- Configured cppcheck include dirs: 
-- Configured cppcheck exclude dirs and/or files: 
-- Added test 'cpplint' to check C / C++ code against the Google style
-- Configured cpplint exclude dirs and/or files: 
-- Added test 'flake8' to check Python code syntax and style conventions
-- Added test 'lint_cmake' to check CMake code style
-- Added test 'pep257' to check Python code against some of the docstring style conventions in PEP 257
-- Added test 'uncrustify' to check C / C++ code style
-- Configured uncrustify additional arguments: 
-- Added test 'xmllint' to check XML markup files
-- Configuring done
-- Generating done
-- Build files have been written to: /home/host/ros_ws/build/manipulator_disturbance_control
[35m[1mConsolidate compiler generated dependencies of target test_disturbance_client[0m
[35m[1mConsolidate compiler generated dependencies of target disturbance_applier_node[0m
[ 25%] [32mBuilding CXX object CMakeFiles/test_disturbance_client.dir/src/test_disturbance_client.cpp.o[0m
[ 50%] [32mBuilding CXX object CMakeFiles/disturbance_applier_node.dir/src/disturbance_applier_node.cpp.o[0m
[ 75%] [32m[1mLinking CXX executable test_disturbance_client[0m
[ 75%] Built target test_disturbance_client
[100%] [32m[1mLinking CXX executable disturbance_applier_node[0m
[100%] Built target disturbance_applier_node
-- Install configuration: ""
-- Execute custom install script
-- Symlinking: /home/host/ros_ws/install/manipulator_disturbance_control/lib/manipulator_disturbance_control/disturbance_applier_node
-- Symlinking: /home/host/ros_ws/install/manipulator_disturbance_control/lib/manipulator_disturbance_control/test_disturbance_client
-- Symlinking: /home/host/ros_ws/install/manipulator_disturbance_control/lib/manipulator_disturbance_control/test_disturbance_client.py
-- Symlinking: /home/host/ros_ws/install/manipulator_disturbance_control/share/manipulator_disturbance_control/launch/disturbance_control.launch
-- Symlinking: /home/host/ros_ws/install/manipulator_disturbance_control/share/manipulator_disturbance_control/launch/trajectory_control.launch
-- Symlinking: /home/host/ros_ws/install/manipulator_disturbance_control/share/manipulator_disturbance_control/launch/trajectory_demo.launch
-- Symlinking: /home/host/ros_ws/install/manipulator_disturbance_control/share/manipulator_disturbance_control/launch/trajectory_disturbance_test.launch
[31mCMake Error at ament_cmake_symlink_install/ament_cmake_symlink_install.cmake:100 (message):
  ament_cmake_symlink_install_directory() can't find
  '/home/host/ros_ws/src/manipulator_disturbance_control/config/'
Call Stack (most recent call first):
  ament_cmake_symlink_install/ament_cmake_symlink_install.cmake:323 (ament_cmake_symlink_install_directory)
  cmake_install.cmake:46 (include)

[0m
