[0.034s] Invoking command in '/home/host/ros_ws/build/manipulator_msgs': CMAKE_PREFIX_PATH=${CMAKE_PREFIX_PATH}:/opt/ros/humble /usr/bin/cmake --build /home/host/ros_ws/build/manipulator_msgs -- -j8 -l8
[0.086s] [  3%] Built target manipulator_msgs__cpp
[0.091s] [ 12%] Built target manipulator_msgs__rosidl_generator_c
[0.100s] [ 12%] Built target ament_cmake_python_symlink_manipulator_msgs
[0.129s] [ 22%] Built target manipulator_msgs__rosidl_typesupport_introspection_cpp
[0.132s] [ 32%] Built target manipulator_msgs__rosidl_typesupport_fastrtps_cpp
[0.136s] [ 41%] Built target manipulator_msgs__rosidl_typesupport_introspection_c
[0.137s] [ 51%] Built target manipulator_msgs__rosidl_typesupport_c
[0.142s] [ 70%] Built target manipulator_msgs__rosidl_typesupport_cpp
[0.143s] [ 70%] Built target manipulator_msgs__rosidl_typesupport_fastrtps_c
[0.163s] [ 70%] Built target manipulator_msgs
[0.183s] [ 74%] Built target manipulator_msgs__py
[0.205s] [ 80%] Built target manipulator_msgs__rosidl_generator_py
[0.229s] [ 96%] Built target manipulator_msgs__rosidl_typesupport_introspection_c__pyext
[0.229s] [ 96%] Built target manipulator_msgs__rosidl_typesupport_fastrtps_c__pyext
[0.235s] [100%] Built target manipulator_msgs__rosidl_typesupport_c__pyext
[0.404s] running egg_info
[0.405s] writing manipulator_msgs.egg-info/PKG-INFO
[0.405s] writing dependency_links to manipulator_msgs.egg-info/dependency_links.txt
[0.406s] writing top-level names to manipulator_msgs.egg-info/top_level.txt
[0.408s] reading manifest file 'manipulator_msgs.egg-info/SOURCES.txt'
[0.408s] writing manifest file 'manipulator_msgs.egg-info/SOURCES.txt'
[0.441s] [100%] Built target ament_cmake_python_build_manipulator_msgs_egg
[0.453s] Invoked command in '/home/host/ros_ws/build/manipulator_msgs' returned '0': CMAKE_PREFIX_PATH=${CMAKE_PREFIX_PATH}:/opt/ros/humble /usr/bin/cmake --build /home/host/ros_ws/build/manipulator_msgs -- -j8 -l8
[0.454s] Invoking command in '/home/host/ros_ws/build/manipulator_msgs': CMAKE_PREFIX_PATH=${CMAKE_PREFIX_PATH}:/opt/ros/humble /usr/bin/cmake --install /home/host/ros_ws/build/manipulator_msgs
[0.462s] -- Install configuration: ""
[0.462s] -- Execute custom install script
[0.463s] -- Up-to-date symlink: /home/host/ros_ws/install/manipulator_msgs/share/ament_index/resource_index/rosidl_interfaces/manipulator_msgs
[0.463s] -- Up-to-date symlink: /home/host/ros_ws/install/manipulator_msgs/include/manipulator_msgs/manipulator_msgs/msg/rosidl_generator_c__visibility_control.h
[0.463s] -- Up-to-date symlink: /home/host/ros_ws/install/manipulator_msgs/include/manipulator_msgs/manipulator_msgs/srv/apply_disturbance.h
[0.463s] -- Up-to-date symlink: /home/host/ros_ws/install/manipulator_msgs/include/manipulator_msgs/manipulator_msgs/srv/detail/apply_disturbance__functions.h
[0.464s] -- Up-to-date symlink: /home/host/ros_ws/install/manipulator_msgs/include/manipulator_msgs/manipulator_msgs/srv/detail/apply_disturbance__struct.h
[0.464s] -- Up-to-date symlink: /home/host/ros_ws/install/manipulator_msgs/include/manipulator_msgs/manipulator_msgs/srv/detail/apply_disturbance__type_support.h
[0.464s] -- Up-to-date symlink: /home/host/ros_ws/install/manipulator_msgs/share/manipulator_msgs/environment/library_path.sh
[0.464s] -- Up-to-date symlink: /home/host/ros_ws/install/manipulator_msgs/share/manipulator_msgs/environment/library_path.dsv
[0.465s] -- Up-to-date symlink: /home/host/ros_ws/install/manipulator_msgs/include/manipulator_msgs/manipulator_msgs/msg/rosidl_typesupport_fastrtps_c__visibility_control.h
[0.465s] -- Up-to-date symlink: /home/host/ros_ws/install/manipulator_msgs/include/manipulator_msgs/manipulator_msgs/srv/detail/apply_disturbance__rosidl_typesupport_fastrtps_c.h
[0.465s] -- Up-to-date symlink: /home/host/ros_ws/install/manipulator_msgs/include/manipulator_msgs/manipulator_msgs/msg/rosidl_typesupport_introspection_c__visibility_control.h
[0.465s] -- Up-to-date symlink: /home/host/ros_ws/install/manipulator_msgs/include/manipulator_msgs/manipulator_msgs/srv/detail/apply_disturbance__rosidl_typesupport_introspection_c.h
[0.466s] -- Up-to-date symlink: /home/host/ros_ws/install/manipulator_msgs/include/manipulator_msgs/manipulator_msgs/msg/rosidl_generator_cpp__visibility_control.hpp
[0.467s] -- Up-to-date symlink: /home/host/ros_ws/install/manipulator_msgs/include/manipulator_msgs/manipulator_msgs/srv/apply_disturbance.hpp
[0.467s] -- Up-to-date symlink: /home/host/ros_ws/install/manipulator_msgs/include/manipulator_msgs/manipulator_msgs/srv/detail/apply_disturbance__builder.hpp
[0.467s] -- Up-to-date symlink: /home/host/ros_ws/install/manipulator_msgs/include/manipulator_msgs/manipulator_msgs/srv/detail/apply_disturbance__struct.hpp
[0.467s] -- Up-to-date symlink: /home/host/ros_ws/install/manipulator_msgs/include/manipulator_msgs/manipulator_msgs/srv/detail/apply_disturbance__traits.hpp
[0.467s] -- Up-to-date symlink: /home/host/ros_ws/install/manipulator_msgs/include/manipulator_msgs/manipulator_msgs/srv/detail/apply_disturbance__type_support.hpp
[0.467s] -- Up-to-date symlink: /home/host/ros_ws/install/manipulator_msgs/include/manipulator_msgs/manipulator_msgs/msg/rosidl_typesupport_fastrtps_cpp__visibility_control.h
[0.467s] -- Up-to-date symlink: /home/host/ros_ws/install/manipulator_msgs/include/manipulator_msgs/manipulator_msgs/srv/detail/apply_disturbance__rosidl_typesupport_fastrtps_cpp.hpp
[0.468s] -- Up-to-date symlink: /home/host/ros_ws/install/manipulator_msgs/include/manipulator_msgs/manipulator_msgs/srv/detail/apply_disturbance__rosidl_typesupport_introspection_cpp.hpp
[0.468s] -- Up-to-date symlink: /home/host/ros_ws/install/manipulator_msgs/share/manipulator_msgs/environment/pythonpath.sh
[0.468s] -- Up-to-date symlink: /home/host/ros_ws/install/manipulator_msgs/share/manipulator_msgs/environment/pythonpath.dsv
[0.468s] -- Up-to-date symlink: /home/host/ros_ws/install/manipulator_msgs/local/lib/python3.10/dist-packages/manipulator_msgs-1.0.0-py3.10.egg-info/PKG-INFO
[0.468s] -- Up-to-date symlink: /home/host/ros_ws/install/manipulator_msgs/local/lib/python3.10/dist-packages/manipulator_msgs-1.0.0-py3.10.egg-info/SOURCES.txt
[0.469s] -- Up-to-date symlink: /home/host/ros_ws/install/manipulator_msgs/local/lib/python3.10/dist-packages/manipulator_msgs-1.0.0-py3.10.egg-info/dependency_links.txt
[0.469s] -- Up-to-date symlink: /home/host/ros_ws/install/manipulator_msgs/local/lib/python3.10/dist-packages/manipulator_msgs-1.0.0-py3.10.egg-info/top_level.txt
[0.469s] -- Up-to-date symlink: /home/host/ros_ws/install/manipulator_msgs/local/lib/python3.10/dist-packages/manipulator_msgs/__init__.py
[0.470s] -- Up-to-date symlink: /home/host/ros_ws/install/manipulator_msgs/local/lib/python3.10/dist-packages/manipulator_msgs/_manipulator_msgs_s.ep.rosidl_typesupport_c.c
[0.470s] -- Up-to-date symlink: /home/host/ros_ws/install/manipulator_msgs/local/lib/python3.10/dist-packages/manipulator_msgs/_manipulator_msgs_s.ep.rosidl_typesupport_fastrtps_c.c
[0.470s] -- Up-to-date symlink: /home/host/ros_ws/install/manipulator_msgs/local/lib/python3.10/dist-packages/manipulator_msgs/_manipulator_msgs_s.ep.rosidl_typesupport_introspection_c.c
[0.470s] -- Up-to-date symlink: /home/host/ros_ws/install/manipulator_msgs/local/lib/python3.10/dist-packages/manipulator_msgs/libmanipulator_msgs__rosidl_generator_py.so
[0.470s] -- Up-to-date symlink: /home/host/ros_ws/install/manipulator_msgs/local/lib/python3.10/dist-packages/manipulator_msgs/manipulator_msgs_s__rosidl_typesupport_c.cpython-310-x86_64-linux-gnu.so
[0.470s] -- Up-to-date symlink: /home/host/ros_ws/install/manipulator_msgs/local/lib/python3.10/dist-packages/manipulator_msgs/manipulator_msgs_s__rosidl_typesupport_fastrtps_c.cpython-310-x86_64-linux-gnu.so
[0.470s] -- Up-to-date symlink: /home/host/ros_ws/install/manipulator_msgs/local/lib/python3.10/dist-packages/manipulator_msgs/manipulator_msgs_s__rosidl_typesupport_introspection_c.cpython-310-x86_64-linux-gnu.so
[0.470s] -- Up-to-date symlink: /home/host/ros_ws/install/manipulator_msgs/local/lib/python3.10/dist-packages/manipulator_msgs/srv/__init__.py
[0.471s] -- Up-to-date symlink: /home/host/ros_ws/install/manipulator_msgs/local/lib/python3.10/dist-packages/manipulator_msgs/srv/_apply_disturbance.py
[0.471s] -- Up-to-date symlink: /home/host/ros_ws/install/manipulator_msgs/local/lib/python3.10/dist-packages/manipulator_msgs/srv/_apply_disturbance_s.c
[0.471s] -- Up-to-date symlink: /home/host/ros_ws/install/manipulator_msgs/local/lib/python3.10/dist-packages/manipulator_msgs/manipulator_msgs_s__rosidl_typesupport_fastrtps_c.cpython-310-x86_64-linux-gnu.so
[0.472s] -- Up-to-date symlink: /home/host/ros_ws/install/manipulator_msgs/local/lib/python3.10/dist-packages/manipulator_msgs/manipulator_msgs_s__rosidl_typesupport_introspection_c.cpython-310-x86_64-linux-gnu.so
[0.472s] -- Up-to-date symlink: /home/host/ros_ws/install/manipulator_msgs/local/lib/python3.10/dist-packages/manipulator_msgs/manipulator_msgs_s__rosidl_typesupport_c.cpython-310-x86_64-linux-gnu.so
[0.472s] -- Up-to-date symlink: /home/host/ros_ws/install/manipulator_msgs/share/manipulator_msgs/srv/ApplyDisturbance.idl
[0.472s] -- Up-to-date symlink: /home/host/ros_ws/install/manipulator_msgs/share/manipulator_msgs/srv/ApplyDisturbance.srv
[0.472s] -- Up-to-date symlink: /home/host/ros_ws/install/manipulator_msgs/share/manipulator_msgs/srv/ApplyDisturbance_Request.msg
[0.473s] -- Up-to-date symlink: /home/host/ros_ws/install/manipulator_msgs/share/manipulator_msgs/srv/ApplyDisturbance_Response.msg
[0.473s] -- Up-to-date symlink: /home/host/ros_ws/install/manipulator_msgs/share/ament_index/resource_index/package_run_dependencies/manipulator_msgs
[0.473s] -- Up-to-date symlink: /home/host/ros_ws/install/manipulator_msgs/share/ament_index/resource_index/parent_prefix_path/manipulator_msgs
[0.473s] -- Up-to-date symlink: /home/host/ros_ws/install/manipulator_msgs/share/manipulator_msgs/environment/ament_prefix_path.sh
[0.473s] -- Up-to-date symlink: /home/host/ros_ws/install/manipulator_msgs/share/manipulator_msgs/environment/ament_prefix_path.dsv
[0.474s] -- Up-to-date symlink: /home/host/ros_ws/install/manipulator_msgs/share/manipulator_msgs/environment/path.sh
[0.474s] -- Up-to-date symlink: /home/host/ros_ws/install/manipulator_msgs/share/manipulator_msgs/environment/path.dsv
[0.474s] -- Up-to-date symlink: /home/host/ros_ws/install/manipulator_msgs/share/manipulator_msgs/local_setup.bash
[0.474s] -- Up-to-date symlink: /home/host/ros_ws/install/manipulator_msgs/share/manipulator_msgs/local_setup.sh
[0.475s] -- Up-to-date symlink: /home/host/ros_ws/install/manipulator_msgs/share/manipulator_msgs/local_setup.zsh
[0.475s] -- Up-to-date symlink: /home/host/ros_ws/install/manipulator_msgs/share/manipulator_msgs/local_setup.dsv
[0.475s] -- Symlinking: /home/host/ros_ws/install/manipulator_msgs/share/manipulator_msgs/package.dsv
[0.484s] -- Up-to-date symlink: /home/host/ros_ws/install/manipulator_msgs/share/ament_index/resource_index/packages/manipulator_msgs
[0.484s] -- Up-to-date symlink: /home/host/ros_ws/install/manipulator_msgs/share/manipulator_msgs/cmake/rosidl_cmake-extras.cmake
[0.484s] -- Up-to-date symlink: /home/host/ros_ws/install/manipulator_msgs/share/manipulator_msgs/cmake/ament_cmake_export_dependencies-extras.cmake
[0.484s] -- Up-to-date symlink: /home/host/ros_ws/install/manipulator_msgs/share/manipulator_msgs/cmake/ament_cmake_export_include_directories-extras.cmake
[0.484s] -- Up-to-date symlink: /home/host/ros_ws/install/manipulator_msgs/share/manipulator_msgs/cmake/ament_cmake_export_libraries-extras.cmake
[0.485s] -- Up-to-date symlink: /home/host/ros_ws/install/manipulator_msgs/share/manipulator_msgs/cmake/ament_cmake_export_targets-extras.cmake
[0.485s] -- Up-to-date symlink: /home/host/ros_ws/install/manipulator_msgs/share/manipulator_msgs/cmake/rosidl_cmake_export_typesupport_targets-extras.cmake
[0.485s] -- Up-to-date symlink: /home/host/ros_ws/install/manipulator_msgs/share/manipulator_msgs/cmake/rosidl_cmake_export_typesupport_libraries-extras.cmake
[0.485s] -- Up-to-date symlink: /home/host/ros_ws/install/manipulator_msgs/share/manipulator_msgs/cmake/manipulator_msgsConfig.cmake
[0.485s] -- Up-to-date symlink: /home/host/ros_ws/install/manipulator_msgs/share/manipulator_msgs/cmake/manipulator_msgsConfig-version.cmake
[0.485s] -- Up-to-date symlink: /home/host/ros_ws/install/manipulator_msgs/share/manipulator_msgs/package.xml
[0.486s] -- Up-to-date: /home/host/ros_ws/install/manipulator_msgs/lib/libmanipulator_msgs__rosidl_generator_c.so
[0.486s] -- Up-to-date: /home/host/ros_ws/install/manipulator_msgs/lib/libmanipulator_msgs__rosidl_typesupport_fastrtps_c.so
[0.486s] -- Up-to-date: /home/host/ros_ws/install/manipulator_msgs/lib/libmanipulator_msgs__rosidl_typesupport_introspection_c.so
[0.487s] -- Up-to-date: /home/host/ros_ws/install/manipulator_msgs/lib/libmanipulator_msgs__rosidl_typesupport_c.so
[0.487s] -- Up-to-date: /home/host/ros_ws/install/manipulator_msgs/lib/libmanipulator_msgs__rosidl_typesupport_fastrtps_cpp.so
[0.487s] -- Up-to-date: /home/host/ros_ws/install/manipulator_msgs/lib/libmanipulator_msgs__rosidl_typesupport_introspection_cpp.so
[0.487s] -- Up-to-date: /home/host/ros_ws/install/manipulator_msgs/lib/libmanipulator_msgs__rosidl_typesupport_cpp.so
[0.523s] Listing '/home/host/ros_ws/install/manipulator_msgs/local/lib/python3.10/dist-packages/manipulator_msgs'...
[0.524s] Listing '/home/host/ros_ws/install/manipulator_msgs/local/lib/python3.10/dist-packages/manipulator_msgs/srv'...
[0.528s] -- Up-to-date: /home/host/ros_ws/install/manipulator_msgs/lib/libmanipulator_msgs__rosidl_generator_py.so
[0.529s] -- Up-to-date: /home/host/ros_ws/install/manipulator_msgs/share/manipulator_msgs/cmake/export_manipulator_msgs__rosidl_generator_cExport.cmake
[0.529s] -- Up-to-date: /home/host/ros_ws/install/manipulator_msgs/share/manipulator_msgs/cmake/export_manipulator_msgs__rosidl_generator_cExport-noconfig.cmake
[0.529s] -- Up-to-date: /home/host/ros_ws/install/manipulator_msgs/share/manipulator_msgs/cmake/export_manipulator_msgs__rosidl_typesupport_fastrtps_cExport.cmake
[0.529s] -- Up-to-date: /home/host/ros_ws/install/manipulator_msgs/share/manipulator_msgs/cmake/export_manipulator_msgs__rosidl_typesupport_fastrtps_cExport-noconfig.cmake
[0.529s] -- Up-to-date: /home/host/ros_ws/install/manipulator_msgs/share/manipulator_msgs/cmake/manipulator_msgs__rosidl_typesupport_introspection_cExport.cmake
[0.529s] -- Up-to-date: /home/host/ros_ws/install/manipulator_msgs/share/manipulator_msgs/cmake/manipulator_msgs__rosidl_typesupport_introspection_cExport-noconfig.cmake
[0.529s] -- Up-to-date: /home/host/ros_ws/install/manipulator_msgs/share/manipulator_msgs/cmake/manipulator_msgs__rosidl_typesupport_cExport.cmake
[0.529s] -- Up-to-date: /home/host/ros_ws/install/manipulator_msgs/share/manipulator_msgs/cmake/manipulator_msgs__rosidl_typesupport_cExport-noconfig.cmake
[0.529s] -- Up-to-date: /home/host/ros_ws/install/manipulator_msgs/share/manipulator_msgs/cmake/export_manipulator_msgs__rosidl_generator_cppExport.cmake
[0.530s] -- Up-to-date: /home/host/ros_ws/install/manipulator_msgs/share/manipulator_msgs/cmake/export_manipulator_msgs__rosidl_typesupport_fastrtps_cppExport.cmake
[0.530s] -- Up-to-date: /home/host/ros_ws/install/manipulator_msgs/share/manipulator_msgs/cmake/export_manipulator_msgs__rosidl_typesupport_fastrtps_cppExport-noconfig.cmake
[0.530s] -- Up-to-date: /home/host/ros_ws/install/manipulator_msgs/share/manipulator_msgs/cmake/manipulator_msgs__rosidl_typesupport_introspection_cppExport.cmake
[0.530s] -- Up-to-date: /home/host/ros_ws/install/manipulator_msgs/share/manipulator_msgs/cmake/manipulator_msgs__rosidl_typesupport_introspection_cppExport-noconfig.cmake
[0.530s] -- Up-to-date: /home/host/ros_ws/install/manipulator_msgs/share/manipulator_msgs/cmake/manipulator_msgs__rosidl_typesupport_cppExport.cmake
[0.530s] -- Up-to-date: /home/host/ros_ws/install/manipulator_msgs/share/manipulator_msgs/cmake/manipulator_msgs__rosidl_typesupport_cppExport-noconfig.cmake
[0.530s] -- Up-to-date: /home/host/ros_ws/install/manipulator_msgs/share/manipulator_msgs/cmake/export_manipulator_msgs__rosidl_generator_pyExport.cmake
[0.530s] -- Up-to-date: /home/host/ros_ws/install/manipulator_msgs/share/manipulator_msgs/cmake/export_manipulator_msgs__rosidl_generator_pyExport-noconfig.cmake
[0.533s] Invoked command in '/home/host/ros_ws/build/manipulator_msgs' returned '0': CMAKE_PREFIX_PATH=${CMAKE_PREFIX_PATH}:/opt/ros/humble /usr/bin/cmake --install /home/host/ros_ws/build/manipulator_msgs
